[2023-10-29T01:00:47.961+0000] {logging_mixin.py:151} INFO - Changing /opt/***/logs/dag_id=col_api_etl/run_id=manual__2023-10-29T01:00:32.715825+00:00/task_id=extract_livingcost_prices_from_city permission to 509
[2023-10-29T01:00:47.962+0000] {logging_mixin.py:151} INFO - Failed to change /opt/***/logs/dag_id=col_api_etl/run_id=manual__2023-10-29T01:00:32.715825+00:00/task_id=extract_livingcost_prices_from_city permission to 509: [Errno 1] Operation not permitted: '/opt/***/logs/dag_id=col_api_etl/run_id=manual__2023-10-29T01:00:32.715825+00:00/task_id=extract_livingcost_prices_from_city'
[2023-10-29T01:00:47.995+0000] {logging_mixin.py:151} INFO - Changing /opt/***/logs/dag_id=col_api_etl/run_id=manual__2023-10-29T01:00:32.715825+00:00/task_id=extract_livingcost_prices_from_city permission to 509
[2023-10-29T01:00:47.996+0000] {logging_mixin.py:151} INFO - Failed to change /opt/***/logs/dag_id=col_api_etl/run_id=manual__2023-10-29T01:00:32.715825+00:00/task_id=extract_livingcost_prices_from_city permission to 509: [Errno 1] Operation not permitted: '/opt/***/logs/dag_id=col_api_etl/run_id=manual__2023-10-29T01:00:32.715825+00:00/task_id=extract_livingcost_prices_from_city'
[2023-10-29T01:00:48.034+0000] {taskinstance.py:1159} INFO - Dependencies all met for dep_context=non-requeueable deps ti=<TaskInstance: col_api_etl.extract_livingcost_prices_from_city manual__2023-10-29T01:00:32.715825+00:00 [queued]>
[2023-10-29T01:00:48.043+0000] {taskinstance.py:1159} INFO - Dependencies all met for dep_context=requeueable deps ti=<TaskInstance: col_api_etl.extract_livingcost_prices_from_city manual__2023-10-29T01:00:32.715825+00:00 [queued]>
[2023-10-29T01:00:48.044+0000] {taskinstance.py:1361} INFO - Starting attempt 1 of 2
[2023-10-29T01:00:48.063+0000] {taskinstance.py:1382} INFO - Executing <Task(PythonOperator): extract_livingcost_prices_from_city> on 2023-10-29 01:00:32.715825+00:00
[2023-10-29T01:00:48.070+0000] {standard_task_runner.py:57} INFO - Started process 1872 to run task
[2023-10-29T01:00:48.070+0000] {clientserver.py:543} INFO - Closing down clientserver connection
[2023-10-29T01:00:48.074+0000] {standard_task_runner.py:84} INFO - Running: ['***', 'tasks', 'run', 'col_api_etl', 'extract_livingcost_prices_from_city', 'manual__2023-10-29T01:00:32.715825+00:00', '--job-id', '1087', '--raw', '--subdir', 'DAGS_FOLDER/col_api_etl.py', '--cfg-path', '/tmp/tmph68xr3kt']
[2023-10-29T01:00:48.076+0000] {standard_task_runner.py:85} INFO - Job 1087: Subtask extract_livingcost_prices_from_city
[2023-10-29T01:00:48.121+0000] {logging_mixin.py:151} INFO - Changing /opt/***/logs/dag_id=col_api_etl/run_id=manual__2023-10-29T01:00:32.715825+00:00/task_id=extract_livingcost_prices_from_city permission to 509
[2023-10-29T01:00:48.122+0000] {logging_mixin.py:151} INFO - Failed to change /opt/***/logs/dag_id=col_api_etl/run_id=manual__2023-10-29T01:00:32.715825+00:00/task_id=extract_livingcost_prices_from_city permission to 509: [Errno 1] Operation not permitted: '/opt/***/logs/dag_id=col_api_etl/run_id=manual__2023-10-29T01:00:32.715825+00:00/task_id=extract_livingcost_prices_from_city'
[2023-10-29T01:00:48.124+0000] {task_command.py:415} INFO - Running <TaskInstance: col_api_etl.extract_livingcost_prices_from_city manual__2023-10-29T01:00:32.715825+00:00 [running]> on host ea85de3a6109
[2023-10-29T01:00:48.207+0000] {taskinstance.py:1660} INFO - Exporting env vars: AIRFLOW_CTX_DAG_OWNER='***' AIRFLOW_CTX_DAG_ID='col_api_etl' AIRFLOW_CTX_TASK_ID='extract_livingcost_prices_from_city' AIRFLOW_CTX_EXECUTION_DATE='2023-10-29T01:00:32.715825+00:00' AIRFLOW_CTX_TRY_NUMBER='1' AIRFLOW_CTX_DAG_RUN_ID='manual__2023-10-29T01:00:32.715825+00:00'
[2023-10-29T01:00:48.643+0000] {clientserver.py:505} INFO - Error while sending or receiving.
Traceback (most recent call last):
  File "/home/airflow/.local/lib/python3.8/site-packages/py4j/clientserver.py", line 503, in send_command
    self.socket.sendall(command.encode("utf-8"))
ConnectionResetError: [Errno 104] Connection reset by peer
[2023-10-29T01:00:48.645+0000] {clientserver.py:543} INFO - Closing down clientserver connection
[2023-10-29T01:00:48.646+0000] {java_gateway.py:1052} INFO - Exception while sending command.
Traceback (most recent call last):
  File "/home/airflow/.local/lib/python3.8/site-packages/py4j/clientserver.py", line 503, in send_command
    self.socket.sendall(command.encode("utf-8"))
ConnectionResetError: [Errno 104] Connection reset by peer

During handling of the above exception, another exception occurred:

Traceback (most recent call last):
  File "/home/airflow/.local/lib/python3.8/site-packages/py4j/java_gateway.py", line 1038, in send_command
    response = connection.send_command(command)
  File "/home/airflow/.local/lib/python3.8/site-packages/py4j/clientserver.py", line 506, in send_command
    raise Py4JNetworkError(
py4j.protocol.Py4JNetworkError: Error while sending
[2023-10-29T01:00:48.649+0000] {clientserver.py:543} INFO - Closing down clientserver connection
[2023-10-29T01:05:46.128+0000] {local_task_job_runner.py:294} WARNING - State of this instance has been externally set to failed. Terminating instance.
[2023-10-29T01:05:46.131+0000] {process_utils.py:131} INFO - Sending 15 to group 1872. PIDs of all processes in the group: [1872]
[2023-10-29T01:05:46.132+0000] {process_utils.py:86} INFO - Sending the signal 15 to group 1872
[2023-10-29T01:05:46.132+0000] {taskinstance.py:1632} ERROR - Received SIGTERM. Terminating subprocesses.
[2023-10-29T01:05:46.184+0000] {process_utils.py:79} INFO - Process psutil.Process(pid=1872, status='terminated', exitcode=0, started='01:00:47') (1872) terminated with exit code 0
