[2023-10-29T04:02:06.589+0000] {logging_mixin.py:151} INFO - Changing /opt/***/logs/dag_id=col_api_etl/run_id=manual__2023-10-29T04:01:55.609360+00:00/task_id=extract_numbeo_prices_from_city permission to 509
[2023-10-29T04:02:06.590+0000] {logging_mixin.py:151} INFO - Failed to change /opt/***/logs/dag_id=col_api_etl/run_id=manual__2023-10-29T04:01:55.609360+00:00/task_id=extract_numbeo_prices_from_city permission to 509: [Errno 1] Operation not permitted: '/opt/***/logs/dag_id=col_api_etl/run_id=manual__2023-10-29T04:01:55.609360+00:00/task_id=extract_numbeo_prices_from_city'
[2023-10-29T04:02:06.615+0000] {logging_mixin.py:151} INFO - Changing /opt/***/logs/dag_id=col_api_etl/run_id=manual__2023-10-29T04:01:55.609360+00:00/task_id=extract_numbeo_prices_from_city permission to 509
[2023-10-29T04:02:06.616+0000] {logging_mixin.py:151} INFO - Failed to change /opt/***/logs/dag_id=col_api_etl/run_id=manual__2023-10-29T04:01:55.609360+00:00/task_id=extract_numbeo_prices_from_city permission to 509: [Errno 1] Operation not permitted: '/opt/***/logs/dag_id=col_api_etl/run_id=manual__2023-10-29T04:01:55.609360+00:00/task_id=extract_numbeo_prices_from_city'
[2023-10-29T04:02:06.646+0000] {taskinstance.py:1159} INFO - Dependencies all met for dep_context=non-requeueable deps ti=<TaskInstance: col_api_etl.extract_numbeo_prices_from_city manual__2023-10-29T04:01:55.609360+00:00 [queued]>
[2023-10-29T04:02:06.654+0000] {taskinstance.py:1159} INFO - Dependencies all met for dep_context=requeueable deps ti=<TaskInstance: col_api_etl.extract_numbeo_prices_from_city manual__2023-10-29T04:01:55.609360+00:00 [queued]>
[2023-10-29T04:02:06.655+0000] {taskinstance.py:1361} INFO - Starting attempt 1 of 2
[2023-10-29T04:02:06.666+0000] {taskinstance.py:1382} INFO - Executing <Task(PythonOperator): extract_numbeo_prices_from_city> on 2023-10-29 04:01:55.609360+00:00
[2023-10-29T04:02:06.671+0000] {standard_task_runner.py:57} INFO - Started process 59294 to run task
[2023-10-29T04:02:06.671+0000] {clientserver.py:543} INFO - Closing down clientserver connection
[2023-10-29T04:02:06.675+0000] {standard_task_runner.py:84} INFO - Running: ['***', 'tasks', 'run', 'col_api_etl', 'extract_numbeo_prices_from_city', 'manual__2023-10-29T04:01:55.609360+00:00', '--job-id', '1120', '--raw', '--subdir', 'DAGS_FOLDER/col_api_etl.py', '--cfg-path', '/tmp/tmpbeyuf9pt']
[2023-10-29T04:02:06.676+0000] {standard_task_runner.py:85} INFO - Job 1120: Subtask extract_numbeo_prices_from_city
[2023-10-29T04:02:06.718+0000] {logging_mixin.py:151} INFO - Changing /opt/***/logs/dag_id=col_api_etl/run_id=manual__2023-10-29T04:01:55.609360+00:00/task_id=extract_numbeo_prices_from_city permission to 509
[2023-10-29T04:02:06.719+0000] {logging_mixin.py:151} INFO - Failed to change /opt/***/logs/dag_id=col_api_etl/run_id=manual__2023-10-29T04:01:55.609360+00:00/task_id=extract_numbeo_prices_from_city permission to 509: [Errno 1] Operation not permitted: '/opt/***/logs/dag_id=col_api_etl/run_id=manual__2023-10-29T04:01:55.609360+00:00/task_id=extract_numbeo_prices_from_city'
[2023-10-29T04:02:06.721+0000] {task_command.py:415} INFO - Running <TaskInstance: col_api_etl.extract_numbeo_prices_from_city manual__2023-10-29T04:01:55.609360+00:00 [running]> on host ea85de3a6109
[2023-10-29T04:02:06.787+0000] {taskinstance.py:1660} INFO - Exporting env vars: AIRFLOW_CTX_DAG_OWNER='***' AIRFLOW_CTX_DAG_ID='col_api_etl' AIRFLOW_CTX_TASK_ID='extract_numbeo_prices_from_city' AIRFLOW_CTX_EXECUTION_DATE='2023-10-29T04:01:55.609360+00:00' AIRFLOW_CTX_TRY_NUMBER='1' AIRFLOW_CTX_DAG_RUN_ID='manual__2023-10-29T04:01:55.609360+00:00'
[2023-10-29T04:02:08.538+0000] {logging_mixin.py:151} INFO - Dubai
[2023-10-29T04:02:14.527+0000] {logging_mixin.py:151} INFO - Abu-Dhabi
[2023-10-29T04:02:20.061+0000] {logging_mixin.py:151} INFO - Sharjah
[2023-10-29T04:02:25.426+0000] {logging_mixin.py:151} INFO - Perth
[2023-10-29T04:02:30.988+0000] {logging_mixin.py:151} INFO - Melbourne
[2023-10-29T04:02:36.563+0000] {logging_mixin.py:151} INFO - Sydney
[2023-10-29T04:02:42.294+0000] {logging_mixin.py:151} INFO - Brisbane
[2023-10-29T04:02:47.795+0000] {logging_mixin.py:151} INFO - Hobart
[2023-10-29T04:02:53.126+0000] {logging_mixin.py:151} INFO - Adelaide
[2023-10-29T04:02:58.706+0000] {logging_mixin.py:151} INFO - Canberra
[2023-10-29T04:03:04.097+0000] {logging_mixin.py:151} INFO - Darwin
[2023-10-29T04:03:09.380+0000] {logging_mixin.py:151} INFO - Sarajevo
[2023-10-29T04:03:14.898+0000] {logging_mixin.py:151} INFO - Manama
[2023-10-29T04:03:20.278+0000] {logging_mixin.py:151} INFO - Sofia
[2023-10-29T04:03:26.170+0000] {logging_mixin.py:151} INFO - Sao-Paulo
[2023-10-29T04:03:32.022+0000] {logging_mixin.py:151} INFO - Rio-De-Janeiro
[2023-10-29T04:03:37.614+0000] {logging_mixin.py:151} INFO - Brasilia
[2023-10-29T04:03:42.937+0000] {logging_mixin.py:151} INFO - Toronto
[2023-10-29T04:03:48.968+0000] {logging_mixin.py:151} INFO - Montreal
[2023-10-29T04:03:54.839+0000] {logging_mixin.py:151} INFO - Vancouver
[2023-10-29T04:04:00.454+0000] {logging_mixin.py:151} INFO - Ottawa
[2023-10-29T04:04:05.997+0000] {logging_mixin.py:151} INFO - Calgary
[2023-10-29T04:04:11.583+0000] {logging_mixin.py:151} INFO - Edmonton
[2023-10-29T04:04:17.321+0000] {logging_mixin.py:151} INFO - Halifax
[2023-10-29T04:04:22.850+0000] {logging_mixin.py:151} INFO - Quebec-City
[2023-10-29T04:04:28.488+0000] {logging_mixin.py:151} INFO - Zurich
[2023-10-29T04:04:34.009+0000] {logging_mixin.py:151} INFO - Geneva
[2023-10-29T04:04:39.247+0000] {logging_mixin.py:151} INFO - Zug
[2023-10-29T04:04:44.548+0000] {logging_mixin.py:151} INFO - Basel
[2023-10-29T04:04:50.216+0000] {logging_mixin.py:151} INFO - Bern
[2023-10-29T04:04:55.483+0000] {logging_mixin.py:151} INFO - Lausanne
[2023-10-29T04:05:01.046+0000] {logging_mixin.py:151} INFO - Lugano
[2023-10-29T04:05:06.844+0000] {logging_mixin.py:151} INFO - Vaduz
[2023-10-29T04:05:12.116+0000] {logging_mixin.py:151} INFO - Santiago
[2023-10-29T04:05:17.617+0000] {logging_mixin.py:151} INFO - Chongqing
[2023-10-29T04:05:22.921+0000] {logging_mixin.py:151} INFO - Shanghai
[2023-10-29T04:05:28.575+0000] {logging_mixin.py:151} INFO - Beijing
[2023-10-29T04:05:34.516+0000] {logging_mixin.py:151} INFO - Chengdu
[2023-10-29T04:05:40.118+0000] {logging_mixin.py:151} INFO - Guangzhou
[2023-10-29T04:05:45.787+0000] {logging_mixin.py:151} INFO - Shenzhen
[2023-10-29T04:05:51.451+0000] {logging_mixin.py:151} INFO - Bogota
[2023-10-29T04:05:57.137+0000] {logging_mixin.py:151} INFO - Medellin
[2023-10-29T04:06:02.752+0000] {logging_mixin.py:151} INFO - Cali
[2023-10-29T04:06:08.252+0000] {logging_mixin.py:151} INFO - Cartagena
[2023-10-29T04:06:13.516+0000] {logging_mixin.py:151} INFO - San-Jose
[2023-10-29T04:06:19.029+0000] {logging_mixin.py:151} INFO - Prague
[2023-10-29T04:06:24.882+0000] {logging_mixin.py:151} INFO - Brno
[2023-10-29T04:06:30.491+0000] {logging_mixin.py:151} INFO - Ostrava
[2023-10-29T04:06:36.035+0000] {logging_mixin.py:151} INFO - Copenhagen
[2023-10-29T04:06:41.569+0000] {logging_mixin.py:151} INFO - Aarhus
[2023-10-29T04:06:47.026+0000] {logging_mixin.py:151} INFO - Aalborg
[2023-10-29T04:06:52.291+0000] {logging_mixin.py:151} INFO - Andorra-La-Vella
[2023-10-29T04:06:57.682+0000] {logging_mixin.py:151} INFO - Vienna
[2023-10-29T04:07:03.293+0000] {logging_mixin.py:151} INFO - Salzburg
[2023-10-29T04:07:09.013+0000] {logging_mixin.py:151} INFO - Graz
[2023-10-29T04:07:14.231+0000] {logging_mixin.py:151} INFO - Linz
[2023-10-29T04:07:19.758+0000] {logging_mixin.py:151} INFO - Innsbruck
[2023-10-29T04:07:25.098+0000] {logging_mixin.py:151} INFO - Brussels
[2023-10-29T04:07:30.754+0000] {logging_mixin.py:151} INFO - Antwerp
[2023-10-29T04:07:36.431+0000] {logging_mixin.py:151} INFO - Gent
[2023-10-29T04:07:42.026+0000] {logging_mixin.py:151} INFO - Liege
[2023-10-29T04:07:47.367+0000] {logging_mixin.py:151} INFO - Brugge
[2023-10-29T04:07:52.655+0000] {logging_mixin.py:151} INFO - Zagreb
[2023-10-29T04:07:58.224+0000] {logging_mixin.py:151} INFO - Split
[2023-10-29T04:08:03.824+0000] {logging_mixin.py:151} INFO - Dubrovnik
[2023-10-29T04:08:09.501+0000] {logging_mixin.py:151} INFO - Nicosia
[2023-10-29T04:08:14.791+0000] {logging_mixin.py:151} INFO - Tallinn
[2023-10-29T04:08:20.370+0000] {logging_mixin.py:151} INFO - Tartu
[2023-10-29T04:08:26.091+0000] {logging_mixin.py:151} INFO - Helsinki
[2023-10-29T04:08:31.610+0000] {logging_mixin.py:151} INFO - Turku
[2023-10-29T04:08:37.171+0000] {logging_mixin.py:151} INFO - Tampere
[2023-10-29T04:08:42.773+0000] {logging_mixin.py:151} INFO - Oulu
[2023-10-29T04:08:48.091+0000] {logging_mixin.py:151} INFO - Paris
[2023-10-29T04:08:53.634+0000] {logging_mixin.py:151} INFO - Marseille
[2023-10-29T04:08:58.867+0000] {logging_mixin.py:151} INFO - Lyon
[2023-10-29T04:09:04.171+0000] {logging_mixin.py:151} INFO - Toulouse
[2023-10-29T04:09:09.465+0000] {logging_mixin.py:151} INFO - Nice
[2023-10-29T04:09:14.796+0000] {logging_mixin.py:151} INFO - Nantes
[2023-10-29T04:09:20.516+0000] {logging_mixin.py:151} INFO - Montpellier
[2023-10-29T04:09:25.783+0000] {logging_mixin.py:151} INFO - Berlin
[2023-10-29T04:09:31.365+0000] {logging_mixin.py:151} INFO - Hamburg
[2023-10-29T04:09:36.942+0000] {logging_mixin.py:151} INFO - Munich
[2023-10-29T04:09:42.640+0000] {logging_mixin.py:151} INFO - Stuttgart
[2023-10-29T04:09:48.307+0000] {logging_mixin.py:151} INFO - Frankfurt
[2023-10-29T04:09:53.939+0000] {logging_mixin.py:151} INFO - Cologne
[2023-10-29T04:09:59.468+0000] {logging_mixin.py:151} INFO - Dusseldorf
[2023-10-29T04:10:04.727+0000] {logging_mixin.py:151} INFO - Hanover
[2023-10-29T04:10:10.286+0000] {logging_mixin.py:151} INFO - Dresden
[2023-10-29T04:10:15.939+0000] {logging_mixin.py:151} INFO - Leipzig
[2023-10-29T04:10:21.554+0000] {logging_mixin.py:151} INFO - Athens
[2023-10-29T04:10:27.145+0000] {logging_mixin.py:151} INFO - Crete
[2023-10-29T04:10:32.377+0000] {logging_mixin.py:151} INFO - Thessaloniki
[2023-10-29T04:10:38.077+0000] {logging_mixin.py:151} INFO - Dublin
[2023-10-29T04:10:43.995+0000] {logging_mixin.py:151} INFO - Cork
[2023-10-29T04:10:49.302+0000] {logging_mixin.py:151} INFO - Galway
[2023-10-29T04:10:55.107+0000] {logging_mixin.py:151} INFO - Limerick
[2023-10-29T04:11:00.844+0000] {logging_mixin.py:151} INFO - Rome
[2023-10-29T04:11:06.484+0000] {logging_mixin.py:151} INFO - Milan
[2023-10-29T04:11:12.182+0000] {logging_mixin.py:151} INFO - Naples
[2023-10-29T04:11:17.806+0000] {logging_mixin.py:151} INFO - Turin
[2023-10-29T04:11:23.437+0000] {logging_mixin.py:151} INFO - Palermo
[2023-10-29T04:11:28.775+0000] {logging_mixin.py:151} INFO - Genoa
[2023-10-29T04:11:34.074+0000] {logging_mixin.py:151} INFO - Bologna
[2023-10-29T04:11:39.703+0000] {logging_mixin.py:151} INFO - Florence
[2023-10-29T04:11:45.118+0000] {logging_mixin.py:151} INFO - Venice
[2023-10-29T04:11:50.521+0000] {logging_mixin.py:151} INFO - Riga
[2023-10-29T04:11:56.117+0000] {logging_mixin.py:151} INFO - Vilnius
[2023-10-29T04:12:01.854+0000] {logging_mixin.py:151} INFO - Luxembourg
[2023-10-29T04:12:07.455+0000] {logging_mixin.py:151} INFO - Valletta
[2023-10-29T04:12:12.999+0000] {logging_mixin.py:151} INFO - Podgorica
[2023-10-29T04:12:18.633+0000] {logging_mixin.py:151} INFO - Monaco
[2023-10-29T04:12:23.955+0000] {logging_mixin.py:151} INFO - Amsterdam
[2023-10-29T04:12:29.551+0000] {logging_mixin.py:151} INFO - Rotterdam
[2023-10-29T04:12:35.298+0000] {logging_mixin.py:151} INFO - Eindhoven
[2023-10-29T04:12:40.812+0000] {logging_mixin.py:151} INFO - The-Hague
[2023-10-29T04:12:46.473+0000] {logging_mixin.py:151} INFO - Groningen
[2023-10-29T04:12:52.015+0000] {logging_mixin.py:151} INFO - Tilburg
[2023-10-29T04:12:57.340+0000] {logging_mixin.py:151} INFO - Lisbon
[2023-10-29T04:13:02.932+0000] {logging_mixin.py:151} INFO - Porto
[2023-10-29T04:13:08.604+0000] {logging_mixin.py:151} INFO - Braga
[2023-10-29T04:13:14.161+0000] {logging_mixin.py:151} INFO - Funchal
[2023-10-29T04:13:19.538+0000] {logging_mixin.py:151} INFO - San-Marino
[2023-10-29T04:13:24.852+0000] {taskinstance.py:1943} ERROR - Task failed with exception
Traceback (most recent call last):
  File "/home/airflow/.local/lib/python3.8/site-packages/airflow/operators/python.py", line 192, in execute
    return_value = self.execute_callable()
  File "/home/airflow/.local/lib/python3.8/site-packages/airflow/operators/python.py", line 209, in execute_callable
    return self.python_callable(*self.op_args, **self.op_kwargs)
  File "/opt/airflow/dags/scripts/extraction.py", line 144, in extract_numbeo_prices_from_city
    prices_table = numbeo_prices_city_html.find('table', {'class': 'data_wide_table new_bar_table'}).find_all('tr')
AttributeError: 'NoneType' object has no attribute 'find_all'
[2023-10-29T04:13:24.867+0000] {taskinstance.py:1400} INFO - Marking task as UP_FOR_RETRY. dag_id=col_api_etl, task_id=extract_numbeo_prices_from_city, execution_date=20231029T040155, start_date=20231029T040206, end_date=20231029T041324
[2023-10-29T04:13:24.887+0000] {standard_task_runner.py:104} ERROR - Failed to execute job 1120 for task extract_numbeo_prices_from_city ('NoneType' object has no attribute 'find_all'; 59294)
[2023-10-29T04:13:24.905+0000] {local_task_job_runner.py:228} INFO - Task exited with return code 1
