[2023-10-29T03:36:28.248+0000] {logging_mixin.py:151} INFO - Changing /opt/***/logs/dag_id=col_api_etl/run_id=manual__2023-10-29T03:36:17.470397+00:00/task_id=extract_numbeo_prices_from_city permission to 509
[2023-10-29T03:36:28.249+0000] {logging_mixin.py:151} INFO - Failed to change /opt/***/logs/dag_id=col_api_etl/run_id=manual__2023-10-29T03:36:17.470397+00:00/task_id=extract_numbeo_prices_from_city permission to 509: [Errno 1] Operation not permitted: '/opt/***/logs/dag_id=col_api_etl/run_id=manual__2023-10-29T03:36:17.470397+00:00/task_id=extract_numbeo_prices_from_city'
[2023-10-29T03:36:28.274+0000] {logging_mixin.py:151} INFO - Changing /opt/***/logs/dag_id=col_api_etl/run_id=manual__2023-10-29T03:36:17.470397+00:00/task_id=extract_numbeo_prices_from_city permission to 509
[2023-10-29T03:36:28.275+0000] {logging_mixin.py:151} INFO - Failed to change /opt/***/logs/dag_id=col_api_etl/run_id=manual__2023-10-29T03:36:17.470397+00:00/task_id=extract_numbeo_prices_from_city permission to 509: [Errno 1] Operation not permitted: '/opt/***/logs/dag_id=col_api_etl/run_id=manual__2023-10-29T03:36:17.470397+00:00/task_id=extract_numbeo_prices_from_city'
[2023-10-29T03:36:28.307+0000] {taskinstance.py:1159} INFO - Dependencies all met for dep_context=non-requeueable deps ti=<TaskInstance: col_api_etl.extract_numbeo_prices_from_city manual__2023-10-29T03:36:17.470397+00:00 [queued]>
[2023-10-29T03:36:28.314+0000] {taskinstance.py:1159} INFO - Dependencies all met for dep_context=requeueable deps ti=<TaskInstance: col_api_etl.extract_numbeo_prices_from_city manual__2023-10-29T03:36:17.470397+00:00 [queued]>
[2023-10-29T03:36:28.315+0000] {taskinstance.py:1361} INFO - Starting attempt 1 of 2
[2023-10-29T03:36:28.327+0000] {taskinstance.py:1382} INFO - Executing <Task(PythonOperator): extract_numbeo_prices_from_city> on 2023-10-29 03:36:17.470397+00:00
[2023-10-29T03:36:28.332+0000] {standard_task_runner.py:57} INFO - Started process 51238 to run task
[2023-10-29T03:36:28.332+0000] {clientserver.py:543} INFO - Closing down clientserver connection
[2023-10-29T03:36:28.336+0000] {standard_task_runner.py:84} INFO - Running: ['***', 'tasks', 'run', 'col_api_etl', 'extract_numbeo_prices_from_city', 'manual__2023-10-29T03:36:17.470397+00:00', '--job-id', '1115', '--raw', '--subdir', 'DAGS_FOLDER/col_api_etl.py', '--cfg-path', '/tmp/tmpgakimz3s']
[2023-10-29T03:36:28.337+0000] {standard_task_runner.py:85} INFO - Job 1115: Subtask extract_numbeo_prices_from_city
[2023-10-29T03:36:28.373+0000] {logging_mixin.py:151} INFO - Changing /opt/***/logs/dag_id=col_api_etl/run_id=manual__2023-10-29T03:36:17.470397+00:00/task_id=extract_numbeo_prices_from_city permission to 509
[2023-10-29T03:36:28.374+0000] {logging_mixin.py:151} INFO - Failed to change /opt/***/logs/dag_id=col_api_etl/run_id=manual__2023-10-29T03:36:17.470397+00:00/task_id=extract_numbeo_prices_from_city permission to 509: [Errno 1] Operation not permitted: '/opt/***/logs/dag_id=col_api_etl/run_id=manual__2023-10-29T03:36:17.470397+00:00/task_id=extract_numbeo_prices_from_city'
[2023-10-29T03:36:28.376+0000] {task_command.py:415} INFO - Running <TaskInstance: col_api_etl.extract_numbeo_prices_from_city manual__2023-10-29T03:36:17.470397+00:00 [running]> on host ea85de3a6109
[2023-10-29T03:36:28.446+0000] {taskinstance.py:1660} INFO - Exporting env vars: AIRFLOW_CTX_DAG_OWNER='***' AIRFLOW_CTX_DAG_ID='col_api_etl' AIRFLOW_CTX_TASK_ID='extract_numbeo_prices_from_city' AIRFLOW_CTX_EXECUTION_DATE='2023-10-29T03:36:17.470397+00:00' AIRFLOW_CTX_TRY_NUMBER='1' AIRFLOW_CTX_DAG_RUN_ID='manual__2023-10-29T03:36:17.470397+00:00'
[2023-10-29T03:36:29.977+0000] {logging_mixin.py:151} INFO - Dubai
[2023-10-29T03:36:35.860+0000] {logging_mixin.py:151} INFO - Abu-Dhabi
[2023-10-29T03:36:41.445+0000] {logging_mixin.py:151} INFO - Sharjah
[2023-10-29T03:36:46.827+0000] {logging_mixin.py:151} INFO - Perth
[2023-10-29T03:36:52.478+0000] {logging_mixin.py:151} INFO - Melbourne
[2023-10-29T03:36:58.175+0000] {logging_mixin.py:151} INFO - Sydney
[2023-10-29T03:37:03.908+0000] {logging_mixin.py:151} INFO - Brisbane
[2023-10-29T03:37:09.414+0000] {logging_mixin.py:151} INFO - Hobart
[2023-10-29T03:37:14.781+0000] {logging_mixin.py:151} INFO - Adelaide
[2023-10-29T03:37:20.323+0000] {logging_mixin.py:151} INFO - Canberra
[2023-10-29T03:37:25.825+0000] {logging_mixin.py:151} INFO - Darwin
[2023-10-29T03:37:31.098+0000] {logging_mixin.py:151} INFO - Sarajevo
[2023-10-29T03:37:36.606+0000] {logging_mixin.py:151} INFO - Manama
[2023-10-29T03:37:42.107+0000] {logging_mixin.py:151} INFO - Sofia
[2023-10-29T03:37:47.906+0000] {logging_mixin.py:151} INFO - Sao-Paulo
[2023-10-29T03:37:53.697+0000] {logging_mixin.py:151} INFO - Rio-De-Janeiro
[2023-10-29T03:37:59.208+0000] {logging_mixin.py:151} INFO - Brasilia
[2023-10-29T03:38:04.715+0000] {logging_mixin.py:151} INFO - Toronto
[2023-10-29T03:38:10.545+0000] {logging_mixin.py:151} INFO - Montreal
[2023-10-29T03:38:16.369+0000] {logging_mixin.py:151} INFO - Vancouver
[2023-10-29T03:38:19.515+0000] {local_task_job_runner.py:294} WARNING - State of this instance has been externally set to failed. Terminating instance.
[2023-10-29T03:38:19.519+0000] {process_utils.py:131} INFO - Sending 15 to group 51238. PIDs of all processes in the group: [51238]
[2023-10-29T03:38:19.519+0000] {process_utils.py:86} INFO - Sending the signal 15 to group 51238
[2023-10-29T03:38:19.520+0000] {taskinstance.py:1632} ERROR - Received SIGTERM. Terminating subprocesses.
[2023-10-29T03:38:19.572+0000] {process_utils.py:79} INFO - Process psutil.Process(pid=51238, status='terminated', exitcode=0, started='03:36:27') (51238) terminated with exit code 0
