[2023-10-29T02:35:00.385+0000] {logging_mixin.py:151} INFO - Changing /opt/***/logs/dag_id=col_api_etl/run_id=manual__2023-10-29T02:30:39.566914+00:00/task_id=extract_numbeo_prices_from_city permission to 509
[2023-10-29T02:35:00.386+0000] {logging_mixin.py:151} INFO - Failed to change /opt/***/logs/dag_id=col_api_etl/run_id=manual__2023-10-29T02:30:39.566914+00:00/task_id=extract_numbeo_prices_from_city permission to 509: [Errno 1] Operation not permitted: '/opt/***/logs/dag_id=col_api_etl/run_id=manual__2023-10-29T02:30:39.566914+00:00/task_id=extract_numbeo_prices_from_city'
[2023-10-29T02:35:00.412+0000] {logging_mixin.py:151} INFO - Changing /opt/***/logs/dag_id=col_api_etl/run_id=manual__2023-10-29T02:30:39.566914+00:00/task_id=extract_numbeo_prices_from_city permission to 509
[2023-10-29T02:35:00.413+0000] {logging_mixin.py:151} INFO - Failed to change /opt/***/logs/dag_id=col_api_etl/run_id=manual__2023-10-29T02:30:39.566914+00:00/task_id=extract_numbeo_prices_from_city permission to 509: [Errno 1] Operation not permitted: '/opt/***/logs/dag_id=col_api_etl/run_id=manual__2023-10-29T02:30:39.566914+00:00/task_id=extract_numbeo_prices_from_city'
[2023-10-29T02:35:00.443+0000] {taskinstance.py:1159} INFO - Dependencies all met for dep_context=non-requeueable deps ti=<TaskInstance: col_api_etl.extract_numbeo_prices_from_city manual__2023-10-29T02:30:39.566914+00:00 [queued]>
[2023-10-29T02:35:00.452+0000] {taskinstance.py:1159} INFO - Dependencies all met for dep_context=requeueable deps ti=<TaskInstance: col_api_etl.extract_numbeo_prices_from_city manual__2023-10-29T02:30:39.566914+00:00 [queued]>
[2023-10-29T02:35:00.453+0000] {taskinstance.py:1361} INFO - Starting attempt 2 of 2
[2023-10-29T02:35:00.466+0000] {taskinstance.py:1382} INFO - Executing <Task(PythonOperator): extract_numbeo_prices_from_city> on 2023-10-29 02:30:39.566914+00:00
[2023-10-29T02:35:00.471+0000] {standard_task_runner.py:57} INFO - Started process 31507 to run task
[2023-10-29T02:35:00.471+0000] {clientserver.py:543} INFO - Closing down clientserver connection
[2023-10-29T02:35:00.475+0000] {standard_task_runner.py:84} INFO - Running: ['***', 'tasks', 'run', 'col_api_etl', 'extract_numbeo_prices_from_city', 'manual__2023-10-29T02:30:39.566914+00:00', '--job-id', '1102', '--raw', '--subdir', 'DAGS_FOLDER/col_api_etl.py', '--cfg-path', '/tmp/tmpp0tthyly']
[2023-10-29T02:35:00.476+0000] {standard_task_runner.py:85} INFO - Job 1102: Subtask extract_numbeo_prices_from_city
[2023-10-29T02:35:00.520+0000] {logging_mixin.py:151} INFO - Changing /opt/***/logs/dag_id=col_api_etl/run_id=manual__2023-10-29T02:30:39.566914+00:00/task_id=extract_numbeo_prices_from_city permission to 509
[2023-10-29T02:35:00.521+0000] {logging_mixin.py:151} INFO - Failed to change /opt/***/logs/dag_id=col_api_etl/run_id=manual__2023-10-29T02:30:39.566914+00:00/task_id=extract_numbeo_prices_from_city permission to 509: [Errno 1] Operation not permitted: '/opt/***/logs/dag_id=col_api_etl/run_id=manual__2023-10-29T02:30:39.566914+00:00/task_id=extract_numbeo_prices_from_city'
[2023-10-29T02:35:00.523+0000] {task_command.py:415} INFO - Running <TaskInstance: col_api_etl.extract_numbeo_prices_from_city manual__2023-10-29T02:30:39.566914+00:00 [running]> on host ea85de3a6109
[2023-10-29T02:35:00.605+0000] {taskinstance.py:1660} INFO - Exporting env vars: AIRFLOW_CTX_DAG_OWNER='***' AIRFLOW_CTX_DAG_ID='col_api_etl' AIRFLOW_CTX_TASK_ID='extract_numbeo_prices_from_city' AIRFLOW_CTX_EXECUTION_DATE='2023-10-29T02:30:39.566914+00:00' AIRFLOW_CTX_TRY_NUMBER='2' AIRFLOW_CTX_DAG_RUN_ID='manual__2023-10-29T02:30:39.566914+00:00'
[2023-10-29T02:35:01.204+0000] {clientserver.py:505} INFO - Error while sending or receiving.
Traceback (most recent call last):
  File "/home/airflow/.local/lib/python3.8/site-packages/py4j/clientserver.py", line 503, in send_command
    self.socket.sendall(command.encode("utf-8"))
ConnectionResetError: [Errno 104] Connection reset by peer
[2023-10-29T02:35:01.206+0000] {clientserver.py:543} INFO - Closing down clientserver connection
[2023-10-29T02:35:01.207+0000] {java_gateway.py:1052} INFO - Exception while sending command.
Traceback (most recent call last):
  File "/home/airflow/.local/lib/python3.8/site-packages/py4j/clientserver.py", line 503, in send_command
    self.socket.sendall(command.encode("utf-8"))
ConnectionResetError: [Errno 104] Connection reset by peer

During handling of the above exception, another exception occurred:

Traceback (most recent call last):
  File "/home/airflow/.local/lib/python3.8/site-packages/py4j/java_gateway.py", line 1038, in send_command
    response = connection.send_command(command)
  File "/home/airflow/.local/lib/python3.8/site-packages/py4j/clientserver.py", line 506, in send_command
    raise Py4JNetworkError(
py4j.protocol.Py4JNetworkError: Error while sending
[2023-10-29T02:35:01.210+0000] {clientserver.py:543} INFO - Closing down clientserver connection
[2023-10-29T02:35:02.093+0000] {logging_mixin.py:151} INFO - Dubai
[2023-10-29T02:35:09.778+0000] {logging_mixin.py:151} INFO - Abu-Dhabi
[2023-10-29T02:35:15.288+0000] {logging_mixin.py:151} INFO - Sharjah
[2023-10-29T02:35:20.543+0000] {logging_mixin.py:151} INFO - Perth
[2023-10-29T02:35:26.103+0000] {logging_mixin.py:151} INFO - Melbourne
[2023-10-29T02:35:31.619+0000] {logging_mixin.py:151} INFO - Sydney
[2023-10-29T02:35:37.325+0000] {logging_mixin.py:151} INFO - Brisbane
[2023-10-29T02:35:42.833+0000] {logging_mixin.py:151} INFO - Hobart
[2023-10-29T02:35:48.062+0000] {logging_mixin.py:151} INFO - Adelaide
[2023-10-29T02:35:53.771+0000] {logging_mixin.py:151} INFO - Canberra
[2023-10-29T02:35:59.262+0000] {logging_mixin.py:151} INFO - Darwin
[2023-10-29T02:36:04.495+0000] {logging_mixin.py:151} INFO - Sarajevo
[2023-10-29T02:36:10.028+0000] {logging_mixin.py:151} INFO - Manama
[2023-10-29T02:36:15.516+0000] {logging_mixin.py:151} INFO - Sofia
[2023-10-29T02:36:21.400+0000] {logging_mixin.py:151} INFO - Sao-Paulo
[2023-10-29T02:36:27.077+0000] {logging_mixin.py:151} INFO - Rio-De-Janeiro
[2023-10-29T02:36:32.927+0000] {logging_mixin.py:151} INFO - Brasilia
[2023-10-29T02:36:38.172+0000] {logging_mixin.py:151} INFO - Toronto
[2023-10-29T02:36:44.031+0000] {logging_mixin.py:151} INFO - Montreal
[2023-10-29T02:36:49.920+0000] {logging_mixin.py:151} INFO - Vancouver
[2023-10-29T02:36:55.424+0000] {logging_mixin.py:151} INFO - Ottawa
[2023-10-29T02:37:00.947+0000] {logging_mixin.py:151} INFO - Calgary
[2023-10-29T02:37:06.452+0000] {logging_mixin.py:151} INFO - Edmonton
[2023-10-29T02:37:12.138+0000] {logging_mixin.py:151} INFO - Halifax
[2023-10-29T02:37:17.651+0000] {logging_mixin.py:151} INFO - Quebec-City
[2023-10-29T02:37:23.208+0000] {logging_mixin.py:151} INFO - Zurich
[2023-10-29T02:37:28.783+0000] {logging_mixin.py:151} INFO - Geneva
[2023-10-29T02:37:34.015+0000] {logging_mixin.py:151} INFO - Zug
[2023-10-29T02:37:39.558+0000] {logging_mixin.py:151} INFO - Basel
[2023-10-29T02:37:45.481+0000] {logging_mixin.py:151} INFO - Bern
[2023-10-29T02:37:50.737+0000] {logging_mixin.py:151} INFO - Lausanne
[2023-10-29T02:37:55.982+0000] {logging_mixin.py:151} INFO - Lugano
[2023-10-29T02:38:01.462+0000] {logging_mixin.py:151} INFO - Vaduz
[2023-10-29T02:38:06.702+0000] {logging_mixin.py:151} INFO - Santiago
[2023-10-29T02:38:12.218+0000] {logging_mixin.py:151} INFO - Chongqing
[2023-10-29T02:38:17.562+0000] {logging_mixin.py:151} INFO - Shanghai
[2023-10-29T02:38:24.589+0000] {logging_mixin.py:151} INFO - Beijing
[2023-10-29T02:38:30.411+0000] {logging_mixin.py:151} INFO - Chendgu
[2023-10-29T02:38:35.649+0000] {taskinstance.py:1943} ERROR - Task failed with exception
Traceback (most recent call last):
  File "/home/airflow/.local/lib/python3.8/site-packages/airflow/operators/python.py", line 192, in execute
    return_value = self.execute_callable()
  File "/home/airflow/.local/lib/python3.8/site-packages/airflow/operators/python.py", line 209, in execute_callable
    return self.python_callable(*self.op_args, **self.op_kwargs)
  File "/opt/airflow/dags/scripts/extraction.py", line 141, in extract_numbeo_prices_from_city
    prices_table = numbeo_prices_city_html.find('table', {'class': 'data_wide_table new_bar_table'}).find_all('tr')
AttributeError: 'NoneType' object has no attribute 'find_all'
[2023-10-29T02:38:35.665+0000] {taskinstance.py:1400} INFO - Marking task as FAILED. dag_id=col_api_etl, task_id=extract_numbeo_prices_from_city, execution_date=20231029T023039, start_date=20231029T023500, end_date=20231029T023835
[2023-10-29T02:38:35.678+0000] {standard_task_runner.py:104} ERROR - Failed to execute job 1102 for task extract_numbeo_prices_from_city ('NoneType' object has no attribute 'find_all'; 31507)
[2023-10-29T02:38:35.720+0000] {local_task_job_runner.py:228} INFO - Task exited with return code 1
