[2023-10-29T02:30:50.920+0000] {logging_mixin.py:151} INFO - Changing /opt/***/logs/dag_id=col_api_etl/run_id=manual__2023-10-29T02:30:39.566914+00:00/task_id=extract_numbeo_prices_from_city permission to 509
[2023-10-29T02:30:50.921+0000] {logging_mixin.py:151} INFO - Failed to change /opt/***/logs/dag_id=col_api_etl/run_id=manual__2023-10-29T02:30:39.566914+00:00/task_id=extract_numbeo_prices_from_city permission to 509: [Errno 1] Operation not permitted: '/opt/***/logs/dag_id=col_api_etl/run_id=manual__2023-10-29T02:30:39.566914+00:00/task_id=extract_numbeo_prices_from_city'
[2023-10-29T02:30:50.948+0000] {logging_mixin.py:151} INFO - Changing /opt/***/logs/dag_id=col_api_etl/run_id=manual__2023-10-29T02:30:39.566914+00:00/task_id=extract_numbeo_prices_from_city permission to 509
[2023-10-29T02:30:50.949+0000] {logging_mixin.py:151} INFO - Failed to change /opt/***/logs/dag_id=col_api_etl/run_id=manual__2023-10-29T02:30:39.566914+00:00/task_id=extract_numbeo_prices_from_city permission to 509: [Errno 1] Operation not permitted: '/opt/***/logs/dag_id=col_api_etl/run_id=manual__2023-10-29T02:30:39.566914+00:00/task_id=extract_numbeo_prices_from_city'
[2023-10-29T02:30:50.979+0000] {taskinstance.py:1159} INFO - Dependencies all met for dep_context=non-requeueable deps ti=<TaskInstance: col_api_etl.extract_numbeo_prices_from_city manual__2023-10-29T02:30:39.566914+00:00 [queued]>
[2023-10-29T02:30:50.988+0000] {taskinstance.py:1159} INFO - Dependencies all met for dep_context=requeueable deps ti=<TaskInstance: col_api_etl.extract_numbeo_prices_from_city manual__2023-10-29T02:30:39.566914+00:00 [queued]>
[2023-10-29T02:30:50.989+0000] {taskinstance.py:1361} INFO - Starting attempt 1 of 2
[2023-10-29T02:30:51.002+0000] {taskinstance.py:1382} INFO - Executing <Task(PythonOperator): extract_numbeo_prices_from_city> on 2023-10-29 02:30:39.566914+00:00
[2023-10-29T02:30:51.007+0000] {standard_task_runner.py:57} INFO - Started process 30190 to run task
[2023-10-29T02:30:51.007+0000] {clientserver.py:543} INFO - Closing down clientserver connection
[2023-10-29T02:30:51.011+0000] {standard_task_runner.py:84} INFO - Running: ['***', 'tasks', 'run', 'col_api_etl', 'extract_numbeo_prices_from_city', 'manual__2023-10-29T02:30:39.566914+00:00', '--job-id', '1101', '--raw', '--subdir', 'DAGS_FOLDER/col_api_etl.py', '--cfg-path', '/tmp/tmp5uv00pm2']
[2023-10-29T02:30:51.012+0000] {standard_task_runner.py:85} INFO - Job 1101: Subtask extract_numbeo_prices_from_city
[2023-10-29T02:30:51.051+0000] {logging_mixin.py:151} INFO - Changing /opt/***/logs/dag_id=col_api_etl/run_id=manual__2023-10-29T02:30:39.566914+00:00/task_id=extract_numbeo_prices_from_city permission to 509
[2023-10-29T02:30:51.052+0000] {logging_mixin.py:151} INFO - Failed to change /opt/***/logs/dag_id=col_api_etl/run_id=manual__2023-10-29T02:30:39.566914+00:00/task_id=extract_numbeo_prices_from_city permission to 509: [Errno 1] Operation not permitted: '/opt/***/logs/dag_id=col_api_etl/run_id=manual__2023-10-29T02:30:39.566914+00:00/task_id=extract_numbeo_prices_from_city'
[2023-10-29T02:30:51.054+0000] {task_command.py:415} INFO - Running <TaskInstance: col_api_etl.extract_numbeo_prices_from_city manual__2023-10-29T02:30:39.566914+00:00 [running]> on host ea85de3a6109
[2023-10-29T02:30:51.125+0000] {taskinstance.py:1660} INFO - Exporting env vars: AIRFLOW_CTX_DAG_OWNER='***' AIRFLOW_CTX_DAG_ID='col_api_etl' AIRFLOW_CTX_TASK_ID='extract_numbeo_prices_from_city' AIRFLOW_CTX_EXECUTION_DATE='2023-10-29T02:30:39.566914+00:00' AIRFLOW_CTX_TRY_NUMBER='1' AIRFLOW_CTX_DAG_RUN_ID='manual__2023-10-29T02:30:39.566914+00:00'
[2023-10-29T02:30:51.800+0000] {clientserver.py:505} INFO - Error while sending or receiving.
Traceback (most recent call last):
  File "/home/airflow/.local/lib/python3.8/site-packages/py4j/clientserver.py", line 503, in send_command
    self.socket.sendall(command.encode("utf-8"))
ConnectionResetError: [Errno 104] Connection reset by peer
[2023-10-29T02:30:51.801+0000] {clientserver.py:543} INFO - Closing down clientserver connection
[2023-10-29T02:30:51.802+0000] {java_gateway.py:1052} INFO - Exception while sending command.
Traceback (most recent call last):
  File "/home/airflow/.local/lib/python3.8/site-packages/py4j/clientserver.py", line 503, in send_command
    self.socket.sendall(command.encode("utf-8"))
ConnectionResetError: [Errno 104] Connection reset by peer

During handling of the above exception, another exception occurred:

Traceback (most recent call last):
  File "/home/airflow/.local/lib/python3.8/site-packages/py4j/java_gateway.py", line 1038, in send_command
    response = connection.send_command(command)
  File "/home/airflow/.local/lib/python3.8/site-packages/py4j/clientserver.py", line 506, in send_command
    raise Py4JNetworkError(
py4j.protocol.Py4JNetworkError: Error while sending
[2023-10-29T02:30:51.805+0000] {clientserver.py:543} INFO - Closing down clientserver connection
[2023-10-29T02:30:52.552+0000] {logging_mixin.py:151} INFO - Dubai
[2023-10-29T02:30:58.106+0000] {logging_mixin.py:151} INFO - Abu-Dhabi
[2023-10-29T02:31:03.624+0000] {logging_mixin.py:151} INFO - Sharjah
[2023-10-29T02:31:09.129+0000] {logging_mixin.py:151} INFO - Perth
[2023-10-29T02:31:14.661+0000] {logging_mixin.py:151} INFO - Melbourne
[2023-10-29T02:31:21.432+0000] {logging_mixin.py:151} INFO - Sydney
[2023-10-29T02:31:27.090+0000] {logging_mixin.py:151} INFO - Brisbane
[2023-10-29T02:31:32.654+0000] {logging_mixin.py:151} INFO - Hobart
[2023-10-29T02:31:37.913+0000] {logging_mixin.py:151} INFO - Adelaide
[2023-10-29T02:31:43.467+0000] {logging_mixin.py:151} INFO - Canberra
[2023-10-29T02:31:48.975+0000] {logging_mixin.py:151} INFO - Darwin
[2023-10-29T02:31:54.223+0000] {logging_mixin.py:151} INFO - Sarajevo
[2023-10-29T02:31:59.772+0000] {logging_mixin.py:151} INFO - Manama
[2023-10-29T02:32:05.005+0000] {logging_mixin.py:151} INFO - Sofia
[2023-10-29T02:32:10.921+0000] {logging_mixin.py:151} INFO - Sao-Paulo
[2023-10-29T02:32:16.628+0000] {logging_mixin.py:151} INFO - Rio-De-Janeiro
[2023-10-29T02:32:23.830+0000] {logging_mixin.py:151} INFO - Brasilia
[2023-10-29T02:32:29.075+0000] {logging_mixin.py:151} INFO - Toronto
[2023-10-29T02:32:34.907+0000] {logging_mixin.py:151} INFO - Montreal
[2023-10-29T02:32:40.712+0000] {logging_mixin.py:151} INFO - Vancouver
[2023-10-29T02:32:46.220+0000] {logging_mixin.py:151} INFO - Ottawa
[2023-10-29T02:32:51.741+0000] {logging_mixin.py:151} INFO - Calgary
[2023-10-29T02:32:57.267+0000] {logging_mixin.py:151} INFO - Edmonton
[2023-10-29T02:33:02.947+0000] {logging_mixin.py:151} INFO - Halifax
[2023-10-29T02:33:08.846+0000] {logging_mixin.py:151} INFO - Quebec-City
[2023-10-29T02:33:14.361+0000] {logging_mixin.py:151} INFO - Zurich
[2023-10-29T02:33:19.876+0000] {logging_mixin.py:151} INFO - Geneva
[2023-10-29T02:33:25.373+0000] {logging_mixin.py:151} INFO - Zug
[2023-10-29T02:33:30.609+0000] {logging_mixin.py:151} INFO - Basel
[2023-10-29T02:33:36.133+0000] {logging_mixin.py:151} INFO - Bern
[2023-10-29T02:33:41.625+0000] {logging_mixin.py:151} INFO - Lausanne
[2023-10-29T02:33:46.865+0000] {logging_mixin.py:151} INFO - Lugano
[2023-10-29T02:33:52.253+0000] {logging_mixin.py:151} INFO - Vaduz
[2023-10-29T02:33:59.356+0000] {logging_mixin.py:151} INFO - Santiago
[2023-10-29T02:34:04.859+0000] {logging_mixin.py:151} INFO - Chongqing
[2023-10-29T02:34:10.167+0000] {logging_mixin.py:151} INFO - Shanghai
[2023-10-29T02:34:15.715+0000] {logging_mixin.py:151} INFO - Beijing
[2023-10-29T02:34:21.595+0000] {logging_mixin.py:151} INFO - Chendgu
[2023-10-29T02:34:26.813+0000] {taskinstance.py:1943} ERROR - Task failed with exception
Traceback (most recent call last):
  File "/home/airflow/.local/lib/python3.8/site-packages/airflow/operators/python.py", line 192, in execute
    return_value = self.execute_callable()
  File "/home/airflow/.local/lib/python3.8/site-packages/airflow/operators/python.py", line 209, in execute_callable
    return self.python_callable(*self.op_args, **self.op_kwargs)
  File "/opt/airflow/dags/scripts/extraction.py", line 141, in extract_numbeo_prices_from_city
    prices_table = numbeo_prices_city_html.find('table', {'class': 'data_wide_table new_bar_table'}).find_all('tr')
AttributeError: 'NoneType' object has no attribute 'find_all'
[2023-10-29T02:34:26.829+0000] {taskinstance.py:1400} INFO - Marking task as UP_FOR_RETRY. dag_id=col_api_etl, task_id=extract_numbeo_prices_from_city, execution_date=20231029T023039, start_date=20231029T023050, end_date=20231029T023426
[2023-10-29T02:34:26.844+0000] {standard_task_runner.py:104} ERROR - Failed to execute job 1101 for task extract_numbeo_prices_from_city ('NoneType' object has no attribute 'find_all'; 30190)
[2023-10-29T02:34:26.889+0000] {local_task_job_runner.py:228} INFO - Task exited with return code 1
