[2023-10-28T12:28:57.176+0000] {logging_mixin.py:151} INFO - Changing /opt/***/logs/dag_id=col_api_etl/run_id=manual__2023-10-28T12:18:57.271435+00:00/task_id=extract_numbeo_prices_from_city permission to 509
[2023-10-28T12:28:57.176+0000] {logging_mixin.py:151} INFO - Failed to change /opt/***/logs/dag_id=col_api_etl/run_id=manual__2023-10-28T12:18:57.271435+00:00/task_id=extract_numbeo_prices_from_city permission to 509: [Errno 1] Operation not permitted: '/opt/***/logs/dag_id=col_api_etl/run_id=manual__2023-10-28T12:18:57.271435+00:00/task_id=extract_numbeo_prices_from_city'
[2023-10-28T12:28:57.205+0000] {logging_mixin.py:151} INFO - Changing /opt/***/logs/dag_id=col_api_etl/run_id=manual__2023-10-28T12:18:57.271435+00:00/task_id=extract_numbeo_prices_from_city permission to 509
[2023-10-28T12:28:57.207+0000] {logging_mixin.py:151} INFO - Failed to change /opt/***/logs/dag_id=col_api_etl/run_id=manual__2023-10-28T12:18:57.271435+00:00/task_id=extract_numbeo_prices_from_city permission to 509: [Errno 1] Operation not permitted: '/opt/***/logs/dag_id=col_api_etl/run_id=manual__2023-10-28T12:18:57.271435+00:00/task_id=extract_numbeo_prices_from_city'
[2023-10-28T12:28:57.242+0000] {taskinstance.py:1159} INFO - Dependencies all met for dep_context=non-requeueable deps ti=<TaskInstance: col_api_etl.extract_numbeo_prices_from_city manual__2023-10-28T12:18:57.271435+00:00 [queued]>
[2023-10-28T12:28:57.253+0000] {taskinstance.py:1159} INFO - Dependencies all met for dep_context=requeueable deps ti=<TaskInstance: col_api_etl.extract_numbeo_prices_from_city manual__2023-10-28T12:18:57.271435+00:00 [queued]>
[2023-10-28T12:28:57.254+0000] {taskinstance.py:1361} INFO - Starting attempt 2 of 2
[2023-10-28T12:28:57.267+0000] {taskinstance.py:1382} INFO - Executing <Task(PythonOperator): extract_numbeo_prices_from_city> on 2023-10-28 12:18:57.271435+00:00
[2023-10-28T12:28:57.273+0000] {clientserver.py:543} INFO - Closing down clientserver connection
[2023-10-28T12:28:57.273+0000] {standard_task_runner.py:57} INFO - Started process 11392 to run task
[2023-10-28T12:28:57.277+0000] {standard_task_runner.py:84} INFO - Running: ['***', 'tasks', 'run', 'col_api_etl', 'extract_numbeo_prices_from_city', 'manual__2023-10-28T12:18:57.271435+00:00', '--job-id', '1084', '--raw', '--subdir', 'DAGS_FOLDER/col_api_etl.py', '--cfg-path', '/tmp/tmp_swnox7u']
[2023-10-28T12:28:57.279+0000] {standard_task_runner.py:85} INFO - Job 1084: Subtask extract_numbeo_prices_from_city
[2023-10-28T12:28:57.322+0000] {logging_mixin.py:151} INFO - Changing /opt/***/logs/dag_id=col_api_etl/run_id=manual__2023-10-28T12:18:57.271435+00:00/task_id=extract_numbeo_prices_from_city permission to 509
[2023-10-28T12:28:57.322+0000] {logging_mixin.py:151} INFO - Failed to change /opt/***/logs/dag_id=col_api_etl/run_id=manual__2023-10-28T12:18:57.271435+00:00/task_id=extract_numbeo_prices_from_city permission to 509: [Errno 1] Operation not permitted: '/opt/***/logs/dag_id=col_api_etl/run_id=manual__2023-10-28T12:18:57.271435+00:00/task_id=extract_numbeo_prices_from_city'
[2023-10-28T12:28:57.325+0000] {task_command.py:415} INFO - Running <TaskInstance: col_api_etl.extract_numbeo_prices_from_city manual__2023-10-28T12:18:57.271435+00:00 [running]> on host ea85de3a6109
[2023-10-28T12:28:57.407+0000] {taskinstance.py:1660} INFO - Exporting env vars: AIRFLOW_CTX_DAG_OWNER='***' AIRFLOW_CTX_DAG_ID='col_api_etl' AIRFLOW_CTX_TASK_ID='extract_numbeo_prices_from_city' AIRFLOW_CTX_EXECUTION_DATE='2023-10-28T12:18:57.271435+00:00' AIRFLOW_CTX_TRY_NUMBER='2' AIRFLOW_CTX_DAG_RUN_ID='manual__2023-10-28T12:18:57.271435+00:00'
[2023-10-28T12:28:57.805+0000] {clientserver.py:505} INFO - Error while sending or receiving.
Traceback (most recent call last):
  File "/home/airflow/.local/lib/python3.8/site-packages/py4j/clientserver.py", line 503, in send_command
    self.socket.sendall(command.encode("utf-8"))
ConnectionResetError: [Errno 104] Connection reset by peer
[2023-10-28T12:28:57.807+0000] {clientserver.py:543} INFO - Closing down clientserver connection
[2023-10-28T12:28:57.808+0000] {java_gateway.py:1052} INFO - Exception while sending command.
Traceback (most recent call last):
  File "/home/airflow/.local/lib/python3.8/site-packages/py4j/clientserver.py", line 503, in send_command
    self.socket.sendall(command.encode("utf-8"))
ConnectionResetError: [Errno 104] Connection reset by peer

During handling of the above exception, another exception occurred:

Traceback (most recent call last):
  File "/home/airflow/.local/lib/python3.8/site-packages/py4j/java_gateway.py", line 1038, in send_command
    response = connection.send_command(command)
  File "/home/airflow/.local/lib/python3.8/site-packages/py4j/clientserver.py", line 506, in send_command
    raise Py4JNetworkError(
py4j.protocol.Py4JNetworkError: Error while sending
[2023-10-28T12:28:57.811+0000] {clientserver.py:543} INFO - Closing down clientserver connection
[2023-10-28T12:29:52.184+0000] {taskinstance.py:1943} ERROR - Task failed with exception
Traceback (most recent call last):
  File "/home/airflow/.local/lib/python3.8/site-packages/airflow/operators/python.py", line 192, in execute
    return_value = self.execute_callable()
  File "/home/airflow/.local/lib/python3.8/site-packages/airflow/operators/python.py", line 209, in execute_callable
    return self.python_callable(*self.op_args, **self.op_kwargs)
  File "/opt/airflow/dags/scripts/extraction.py", line 134, in extract_numbeo_prices_from_city
    prices_table = numbeo_prices_city_html.find('table', {'class': 'data_wide_table new_bar_table'}).find_all('tr')
AttributeError: 'NoneType' object has no attribute 'find_all'
[2023-10-28T12:29:52.202+0000] {taskinstance.py:1400} INFO - Marking task as FAILED. dag_id=col_api_etl, task_id=extract_numbeo_prices_from_city, execution_date=20231028T121857, start_date=20231028T122857, end_date=20231028T122952
[2023-10-28T12:29:52.217+0000] {standard_task_runner.py:104} ERROR - Failed to execute job 1084 for task extract_numbeo_prices_from_city ('NoneType' object has no attribute 'find_all'; 11392)
[2023-10-28T12:29:52.268+0000] {local_task_job_runner.py:228} INFO - Task exited with return code 1
