[2023-11-25T08:18:51.636+0000] {taskinstance.py:1159} INFO - Dependencies all met for dep_context=non-requeueable deps ti=<TaskInstance: col_api_etl.extract_numbeo_prices_from_city manual__2023-11-25T08:18:34.841040+00:00 [queued]>
[2023-11-25T08:18:51.669+0000] {taskinstance.py:1159} INFO - Dependencies all met for dep_context=requeueable deps ti=<TaskInstance: col_api_etl.extract_numbeo_prices_from_city manual__2023-11-25T08:18:34.841040+00:00 [queued]>
[2023-11-25T08:18:51.670+0000] {taskinstance.py:1361} INFO - Starting attempt 1 of 2
[2023-11-25T08:18:51.697+0000] {taskinstance.py:1382} INFO - Executing <Task(PythonOperator): extract_numbeo_prices_from_city> on 2023-11-25 08:18:34.841040+00:00
[2023-11-25T08:18:51.710+0000] {standard_task_runner.py:57} INFO - Started process 4628 to run task
[2023-11-25T08:18:51.723+0000] {clientserver.py:543} INFO - Closing down clientserver connection
[2023-11-25T08:18:51.729+0000] {standard_task_runner.py:84} INFO - Running: ['***', 'tasks', 'run', 'col_api_etl', 'extract_numbeo_prices_from_city', 'manual__2023-11-25T08:18:34.841040+00:00', '--job-id', '24', '--raw', '--subdir', 'DAGS_FOLDER/col_api_etl.py', '--cfg-path', '/tmp/tmpalkz8p80']
[2023-11-25T08:18:51.731+0000] {standard_task_runner.py:85} INFO - Job 24: Subtask extract_numbeo_prices_from_city
[2023-11-25T08:18:51.793+0000] {clientserver.py:505} INFO - Error while sending or receiving.
Traceback (most recent call last):
  File "/home/airflow/.local/lib/python3.8/site-packages/py4j/clientserver.py", line 503, in send_command
    self.socket.sendall(command.encode("utf-8"))
ConnectionResetError: [Errno 104] Connection reset by peer
[2023-11-25T08:18:51.795+0000] {clientserver.py:543} INFO - Closing down clientserver connection
[2023-11-25T08:18:51.795+0000] {java_gateway.py:1052} INFO - Exception while sending command.
Traceback (most recent call last):
  File "/home/airflow/.local/lib/python3.8/site-packages/py4j/clientserver.py", line 503, in send_command
    self.socket.sendall(command.encode("utf-8"))
ConnectionResetError: [Errno 104] Connection reset by peer

During handling of the above exception, another exception occurred:

Traceback (most recent call last):
  File "/home/airflow/.local/lib/python3.8/site-packages/py4j/java_gateway.py", line 1038, in send_command
    response = connection.send_command(command)
  File "/home/airflow/.local/lib/python3.8/site-packages/py4j/clientserver.py", line 506, in send_command
    raise Py4JNetworkError(
py4j.protocol.Py4JNetworkError: Error while sending
[2023-11-25T08:18:51.810+0000] {clientserver.py:543} INFO - Closing down clientserver connection
[2023-11-25T08:18:51.810+0000] {task_command.py:415} INFO - Running <TaskInstance: col_api_etl.extract_numbeo_prices_from_city manual__2023-11-25T08:18:34.841040+00:00 [running]> on host 9b6b24afef42
[2023-11-25T08:18:52.168+0000] {taskinstance.py:1660} INFO - Exporting env vars: AIRFLOW_CTX_DAG_OWNER='***' AIRFLOW_CTX_DAG_ID='col_api_etl' AIRFLOW_CTX_TASK_ID='extract_numbeo_prices_from_city' AIRFLOW_CTX_EXECUTION_DATE='2023-11-25T08:18:34.841040+00:00' AIRFLOW_CTX_TRY_NUMBER='1' AIRFLOW_CTX_DAG_RUN_ID='manual__2023-11-25T08:18:34.841040+00:00'
[2023-11-25T08:21:38.787+0000] {local_task_job_runner.py:294} WARNING - State of this instance has been externally set to failed. Terminating instance.
[2023-11-25T08:21:38.791+0000] {process_utils.py:131} INFO - Sending 15 to group 4628. PIDs of all processes in the group: [4628]
[2023-11-25T08:21:38.791+0000] {process_utils.py:86} INFO - Sending the signal 15 to group 4628
[2023-11-25T08:21:38.791+0000] {taskinstance.py:1632} ERROR - Received SIGTERM. Terminating subprocesses.
[2023-11-25T08:21:38.843+0000] {process_utils.py:79} INFO - Process psutil.Process(pid=4628, status='terminated', exitcode=0, started='08:18:51') (4628) terminated with exit code 0
