[2023-11-01T00:19:05.033+0000] {logging_mixin.py:151} INFO - Changing /opt/***/logs/dag_id=col_api_etl/run_id=manual__2023-11-01T00:02:51.880177+00:00/task_id=extract_numbeo_prices_from_city permission to 509
[2023-11-01T00:19:05.034+0000] {logging_mixin.py:151} INFO - Failed to change /opt/***/logs/dag_id=col_api_etl/run_id=manual__2023-11-01T00:02:51.880177+00:00/task_id=extract_numbeo_prices_from_city permission to 509: [Errno 1] Operation not permitted: '/opt/***/logs/dag_id=col_api_etl/run_id=manual__2023-11-01T00:02:51.880177+00:00/task_id=extract_numbeo_prices_from_city'
[2023-11-01T00:19:05.067+0000] {logging_mixin.py:151} INFO - Changing /opt/***/logs/dag_id=col_api_etl/run_id=manual__2023-11-01T00:02:51.880177+00:00/task_id=extract_numbeo_prices_from_city permission to 509
[2023-11-01T00:19:05.068+0000] {logging_mixin.py:151} INFO - Failed to change /opt/***/logs/dag_id=col_api_etl/run_id=manual__2023-11-01T00:02:51.880177+00:00/task_id=extract_numbeo_prices_from_city permission to 509: [Errno 1] Operation not permitted: '/opt/***/logs/dag_id=col_api_etl/run_id=manual__2023-11-01T00:02:51.880177+00:00/task_id=extract_numbeo_prices_from_city'
[2023-11-01T00:19:05.099+0000] {taskinstance.py:1159} INFO - Dependencies all met for dep_context=non-requeueable deps ti=<TaskInstance: col_api_etl.extract_numbeo_prices_from_city manual__2023-11-01T00:02:51.880177+00:00 [queued]>
[2023-11-01T00:19:05.106+0000] {taskinstance.py:1159} INFO - Dependencies all met for dep_context=requeueable deps ti=<TaskInstance: col_api_etl.extract_numbeo_prices_from_city manual__2023-11-01T00:02:51.880177+00:00 [queued]>
[2023-11-01T00:19:05.107+0000] {taskinstance.py:1361} INFO - Starting attempt 2 of 2
[2023-11-01T00:19:05.119+0000] {taskinstance.py:1382} INFO - Executing <Task(PythonOperator): extract_numbeo_prices_from_city> on 2023-11-01 00:02:51.880177+00:00
[2023-11-01T00:19:05.124+0000] {standard_task_runner.py:57} INFO - Started process 8477 to run task
[2023-11-01T00:19:05.124+0000] {clientserver.py:543} INFO - Closing down clientserver connection
[2023-11-01T00:19:05.128+0000] {standard_task_runner.py:84} INFO - Running: ['***', 'tasks', 'run', 'col_api_etl', 'extract_numbeo_prices_from_city', 'manual__2023-11-01T00:02:51.880177+00:00', '--job-id', '1145', '--raw', '--subdir', 'DAGS_FOLDER/col_api_etl.py', '--cfg-path', '/tmp/tmpmylznyrl']
[2023-11-01T00:19:05.130+0000] {standard_task_runner.py:85} INFO - Job 1145: Subtask extract_numbeo_prices_from_city
[2023-11-01T00:19:05.167+0000] {logging_mixin.py:151} INFO - Changing /opt/***/logs/dag_id=col_api_etl/run_id=manual__2023-11-01T00:02:51.880177+00:00/task_id=extract_numbeo_prices_from_city permission to 509
[2023-11-01T00:19:05.167+0000] {logging_mixin.py:151} INFO - Failed to change /opt/***/logs/dag_id=col_api_etl/run_id=manual__2023-11-01T00:02:51.880177+00:00/task_id=extract_numbeo_prices_from_city permission to 509: [Errno 1] Operation not permitted: '/opt/***/logs/dag_id=col_api_etl/run_id=manual__2023-11-01T00:02:51.880177+00:00/task_id=extract_numbeo_prices_from_city'
[2023-11-01T00:19:05.170+0000] {task_command.py:415} INFO - Running <TaskInstance: col_api_etl.extract_numbeo_prices_from_city manual__2023-11-01T00:02:51.880177+00:00 [running]> on host 65ec58942685
[2023-11-01T00:19:05.369+0000] {taskinstance.py:1660} INFO - Exporting env vars: AIRFLOW_CTX_DAG_OWNER='***' AIRFLOW_CTX_DAG_ID='col_api_etl' AIRFLOW_CTX_TASK_ID='extract_numbeo_prices_from_city' AIRFLOW_CTX_EXECUTION_DATE='2023-11-01T00:02:51.880177+00:00' AIRFLOW_CTX_TRY_NUMBER='2' AIRFLOW_CTX_DAG_RUN_ID='manual__2023-11-01T00:02:51.880177+00:00'
[2023-11-01T00:19:06.822+0000] {logging_mixin.py:151} INFO - Dubai
[2023-11-01T00:19:12.876+0000] {logging_mixin.py:151} INFO - Abu-Dhabi
[2023-11-01T00:19:18.488+0000] {logging_mixin.py:151} INFO - Sharjah
[2023-11-01T00:19:23.882+0000] {logging_mixin.py:151} INFO - Perth
[2023-11-01T00:19:29.611+0000] {logging_mixin.py:151} INFO - Melbourne
[2023-11-01T00:19:35.235+0000] {logging_mixin.py:151} INFO - Sydney
[2023-11-01T00:19:41.049+0000] {logging_mixin.py:151} INFO - Brisbane
[2023-11-01T00:19:46.724+0000] {logging_mixin.py:151} INFO - Hobart
[2023-11-01T00:19:50.617+0000] {local_task_job_runner.py:294} WARNING - State of this instance has been externally set to failed. Terminating instance.
[2023-11-01T00:19:50.620+0000] {process_utils.py:131} INFO - Sending 15 to group 8477. PIDs of all processes in the group: [8477]
[2023-11-01T00:19:50.620+0000] {process_utils.py:86} INFO - Sending the signal 15 to group 8477
[2023-11-01T00:19:50.621+0000] {taskinstance.py:1632} ERROR - Received SIGTERM. Terminating subprocesses.
[2023-11-01T00:19:50.673+0000] {process_utils.py:79} INFO - Process psutil.Process(pid=8477, status='terminated', exitcode=0, started='00:19:04') (8477) terminated with exit code 0
