[2023-10-29T03:38:57.593+0000] {logging_mixin.py:151} INFO - Changing /opt/***/logs/dag_id=col_api_etl/run_id=manual__2023-10-29T03:38:46.535463+00:00/task_id=extract_numbeo_prices_from_city permission to 509
[2023-10-29T03:38:57.593+0000] {logging_mixin.py:151} INFO - Failed to change /opt/***/logs/dag_id=col_api_etl/run_id=manual__2023-10-29T03:38:46.535463+00:00/task_id=extract_numbeo_prices_from_city permission to 509: [Errno 1] Operation not permitted: '/opt/***/logs/dag_id=col_api_etl/run_id=manual__2023-10-29T03:38:46.535463+00:00/task_id=extract_numbeo_prices_from_city'
[2023-10-29T03:38:57.619+0000] {logging_mixin.py:151} INFO - Changing /opt/***/logs/dag_id=col_api_etl/run_id=manual__2023-10-29T03:38:46.535463+00:00/task_id=extract_numbeo_prices_from_city permission to 509
[2023-10-29T03:38:57.620+0000] {logging_mixin.py:151} INFO - Failed to change /opt/***/logs/dag_id=col_api_etl/run_id=manual__2023-10-29T03:38:46.535463+00:00/task_id=extract_numbeo_prices_from_city permission to 509: [Errno 1] Operation not permitted: '/opt/***/logs/dag_id=col_api_etl/run_id=manual__2023-10-29T03:38:46.535463+00:00/task_id=extract_numbeo_prices_from_city'
[2023-10-29T03:38:57.652+0000] {taskinstance.py:1159} INFO - Dependencies all met for dep_context=non-requeueable deps ti=<TaskInstance: col_api_etl.extract_numbeo_prices_from_city manual__2023-10-29T03:38:46.535463+00:00 [queued]>
[2023-10-29T03:38:57.661+0000] {taskinstance.py:1159} INFO - Dependencies all met for dep_context=requeueable deps ti=<TaskInstance: col_api_etl.extract_numbeo_prices_from_city manual__2023-10-29T03:38:46.535463+00:00 [queued]>
[2023-10-29T03:38:57.661+0000] {taskinstance.py:1361} INFO - Starting attempt 1 of 2
[2023-10-29T03:38:57.674+0000] {taskinstance.py:1382} INFO - Executing <Task(PythonOperator): extract_numbeo_prices_from_city> on 2023-10-29 03:38:46.535463+00:00
[2023-10-29T03:38:57.678+0000] {standard_task_runner.py:57} INFO - Started process 52189 to run task
[2023-10-29T03:38:57.678+0000] {clientserver.py:543} INFO - Closing down clientserver connection
[2023-10-29T03:38:57.682+0000] {standard_task_runner.py:84} INFO - Running: ['***', 'tasks', 'run', 'col_api_etl', 'extract_numbeo_prices_from_city', 'manual__2023-10-29T03:38:46.535463+00:00', '--job-id', '1117', '--raw', '--subdir', 'DAGS_FOLDER/col_api_etl.py', '--cfg-path', '/tmp/tmp8y0vg3at']
[2023-10-29T03:38:57.683+0000] {standard_task_runner.py:85} INFO - Job 1117: Subtask extract_numbeo_prices_from_city
[2023-10-29T03:38:57.725+0000] {logging_mixin.py:151} INFO - Changing /opt/***/logs/dag_id=col_api_etl/run_id=manual__2023-10-29T03:38:46.535463+00:00/task_id=extract_numbeo_prices_from_city permission to 509
[2023-10-29T03:38:57.726+0000] {logging_mixin.py:151} INFO - Failed to change /opt/***/logs/dag_id=col_api_etl/run_id=manual__2023-10-29T03:38:46.535463+00:00/task_id=extract_numbeo_prices_from_city permission to 509: [Errno 1] Operation not permitted: '/opt/***/logs/dag_id=col_api_etl/run_id=manual__2023-10-29T03:38:46.535463+00:00/task_id=extract_numbeo_prices_from_city'
[2023-10-29T03:38:57.728+0000] {task_command.py:415} INFO - Running <TaskInstance: col_api_etl.extract_numbeo_prices_from_city manual__2023-10-29T03:38:46.535463+00:00 [running]> on host ea85de3a6109
[2023-10-29T03:38:57.800+0000] {taskinstance.py:1660} INFO - Exporting env vars: AIRFLOW_CTX_DAG_OWNER='***' AIRFLOW_CTX_DAG_ID='col_api_etl' AIRFLOW_CTX_TASK_ID='extract_numbeo_prices_from_city' AIRFLOW_CTX_EXECUTION_DATE='2023-10-29T03:38:46.535463+00:00' AIRFLOW_CTX_TRY_NUMBER='1' AIRFLOW_CTX_DAG_RUN_ID='manual__2023-10-29T03:38:46.535463+00:00'
[2023-10-29T03:38:58.510+0000] {clientserver.py:505} INFO - Error while sending or receiving.
Traceback (most recent call last):
  File "/home/airflow/.local/lib/python3.8/site-packages/py4j/clientserver.py", line 503, in send_command
    self.socket.sendall(command.encode("utf-8"))
ConnectionResetError: [Errno 104] Connection reset by peer
[2023-10-29T03:38:58.512+0000] {clientserver.py:543} INFO - Closing down clientserver connection
[2023-10-29T03:38:58.513+0000] {java_gateway.py:1052} INFO - Exception while sending command.
Traceback (most recent call last):
  File "/home/airflow/.local/lib/python3.8/site-packages/py4j/clientserver.py", line 503, in send_command
    self.socket.sendall(command.encode("utf-8"))
ConnectionResetError: [Errno 104] Connection reset by peer

During handling of the above exception, another exception occurred:

Traceback (most recent call last):
  File "/home/airflow/.local/lib/python3.8/site-packages/py4j/java_gateway.py", line 1038, in send_command
    response = connection.send_command(command)
  File "/home/airflow/.local/lib/python3.8/site-packages/py4j/clientserver.py", line 506, in send_command
    raise Py4JNetworkError(
py4j.protocol.Py4JNetworkError: Error while sending
[2023-10-29T03:38:58.515+0000] {clientserver.py:543} INFO - Closing down clientserver connection
[2023-10-29T03:38:59.180+0000] {logging_mixin.py:151} INFO - Dubai
[2023-10-29T03:39:05.071+0000] {logging_mixin.py:151} INFO - Abu-Dhabi
[2023-10-29T03:39:10.608+0000] {logging_mixin.py:151} INFO - Sharjah
[2023-10-29T03:39:15.947+0000] {logging_mixin.py:151} INFO - Perth
[2023-10-29T03:39:21.485+0000] {logging_mixin.py:151} INFO - Melbourne
[2023-10-29T03:39:27.245+0000] {logging_mixin.py:151} INFO - Sydney
[2023-10-29T03:39:32.927+0000] {logging_mixin.py:151} INFO - Brisbane
[2023-10-29T03:39:38.476+0000] {logging_mixin.py:151} INFO - Hobart
[2023-10-29T03:39:43.712+0000] {logging_mixin.py:151} INFO - Adelaide
[2023-10-29T03:39:49.243+0000] {logging_mixin.py:151} INFO - Canberra
[2023-10-29T03:39:54.484+0000] {logging_mixin.py:151} INFO - Darwin
[2023-10-29T03:39:59.708+0000] {logging_mixin.py:151} INFO - Sarajevo
[2023-10-29T03:40:05.285+0000] {logging_mixin.py:151} INFO - Manama
[2023-10-29T03:40:10.606+0000] {logging_mixin.py:151} INFO - Sofia
[2023-10-29T03:40:16.450+0000] {logging_mixin.py:151} INFO - Sao-Paulo
[2023-10-29T03:40:22.190+0000] {logging_mixin.py:151} INFO - Rio-De-Janeiro
[2023-10-29T03:40:27.809+0000] {logging_mixin.py:151} INFO - Brasilia
[2023-10-29T03:40:33.063+0000] {logging_mixin.py:151} INFO - Toronto
[2023-10-29T03:40:38.897+0000] {logging_mixin.py:151} INFO - Montreal
[2023-10-29T03:40:45.020+0000] {logging_mixin.py:151} INFO - Vancouver
[2023-10-29T03:40:50.647+0000] {logging_mixin.py:151} INFO - Ottawa
[2023-10-29T03:40:56.221+0000] {logging_mixin.py:151} INFO - Calgary
[2023-10-29T03:41:01.914+0000] {logging_mixin.py:151} INFO - Edmonton
[2023-10-29T03:41:07.568+0000] {logging_mixin.py:151} INFO - Halifax
[2023-10-29T03:41:13.087+0000] {logging_mixin.py:151} INFO - Quebec-City
[2023-10-29T03:41:18.618+0000] {logging_mixin.py:151} INFO - Zurich
[2023-10-29T03:41:24.241+0000] {logging_mixin.py:151} INFO - Geneva
[2023-10-29T03:41:29.764+0000] {logging_mixin.py:151} INFO - Zug
[2023-10-29T03:41:35.045+0000] {logging_mixin.py:151} INFO - Basel
[2023-10-29T03:41:40.583+0000] {logging_mixin.py:151} INFO - Bern
[2023-10-29T03:41:46.180+0000] {logging_mixin.py:151} INFO - Lausanne
[2023-10-29T03:41:51.512+0000] {logging_mixin.py:151} INFO - Lugano
[2023-10-29T03:41:57.005+0000] {logging_mixin.py:151} INFO - Vaduz
[2023-10-29T03:42:02.326+0000] {logging_mixin.py:151} INFO - Santiago
[2023-10-29T03:42:07.939+0000] {logging_mixin.py:151} INFO - Chongqing
[2023-10-29T03:42:13.214+0000] {logging_mixin.py:151} INFO - Shanghai
[2023-10-29T03:42:18.750+0000] {logging_mixin.py:151} INFO - Beijing
[2023-10-29T03:42:24.575+0000] {logging_mixin.py:151} INFO - Chengdu
[2023-10-29T03:42:30.280+0000] {logging_mixin.py:151} INFO - Guangzhou
[2023-10-29T03:42:35.813+0000] {logging_mixin.py:151} INFO - Shenzhen
[2023-10-29T03:42:41.379+0000] {logging_mixin.py:151} INFO - Bogota
[2023-10-29T03:42:47.090+0000] {logging_mixin.py:151} INFO - Medellin
[2023-10-29T03:42:52.635+0000] {logging_mixin.py:151} INFO - Cali
[2023-10-29T03:42:58.138+0000] {logging_mixin.py:151} INFO - Cartagena
[2023-10-29T03:43:03.387+0000] {logging_mixin.py:151} INFO - San-Jose
[2023-10-29T03:43:08.695+0000] {logging_mixin.py:151} INFO - Prague
[2023-10-29T03:43:14.678+0000] {logging_mixin.py:151} INFO - Brno
[2023-10-29T03:43:20.194+0000] {logging_mixin.py:151} INFO - Ostrava
[2023-10-29T03:43:25.729+0000] {logging_mixin.py:151} INFO - Copenhagen
[2023-10-29T03:43:31.643+0000] {logging_mixin.py:151} INFO - Aarhus
[2023-10-29T03:43:37.130+0000] {logging_mixin.py:151} INFO - Aalborg
[2023-10-29T03:43:42.487+0000] {logging_mixin.py:151} INFO - Andorra-La-Vella
[2023-10-29T03:43:48.012+0000] {logging_mixin.py:151} INFO - Vienna
[2023-10-29T03:43:53.705+0000] {logging_mixin.py:151} INFO - Salzburg
[2023-10-29T03:43:59.039+0000] {logging_mixin.py:151} INFO - Graz
[2023-10-29T03:44:04.641+0000] {logging_mixin.py:151} INFO - Linz
[2023-10-29T03:44:09.963+0000] {logging_mixin.py:151} INFO - Innsbruck
[2023-10-29T03:44:15.495+0000] {logging_mixin.py:151} INFO - Brussels
[2023-10-29T03:44:21.109+0000] {logging_mixin.py:151} INFO - Antwerp
[2023-10-29T03:44:26.868+0000] {logging_mixin.py:151} INFO - Gent
[2023-10-29T03:44:32.466+0000] {logging_mixin.py:151} INFO - Liege
[2023-10-29T03:44:37.857+0000] {logging_mixin.py:151} INFO - Brugge
[2023-10-29T03:44:43.374+0000] {logging_mixin.py:151} INFO - Zagreb
[2023-10-29T03:44:49.045+0000] {logging_mixin.py:151} INFO - Split
[2023-10-29T03:44:54.553+0000] {logging_mixin.py:151} INFO - Dubrovnik
[2023-10-29T03:44:59.881+0000] {logging_mixin.py:151} INFO - Nicosia
[2023-10-29T03:45:05.469+0000] {logging_mixin.py:151} INFO - Tallinn
[2023-10-29T03:45:10.981+0000] {logging_mixin.py:151} INFO - Tartu
[2023-10-29T03:45:16.812+0000] {logging_mixin.py:151} INFO - Helsinki
[2023-10-29T03:45:22.350+0000] {logging_mixin.py:151} INFO - Turku
[2023-10-29T03:45:27.749+0000] {logging_mixin.py:151} INFO - Tampere
[2023-10-29T03:45:33.237+0000] {logging_mixin.py:151} INFO - Oulu
[2023-10-29T03:45:38.619+0000] {logging_mixin.py:151} INFO - Paris
[2023-10-29T03:45:44.341+0000] {logging_mixin.py:151} INFO - Marseille
[2023-10-29T03:45:49.865+0000] {logging_mixin.py:151} INFO - Lyon
[2023-10-29T03:45:55.100+0000] {logging_mixin.py:151} INFO - Toulouse
[2023-10-29T03:46:00.395+0000] {logging_mixin.py:151} INFO - Nice
[2023-10-29T03:46:05.823+0000] {logging_mixin.py:151} INFO - Nantes
[2023-10-29T03:46:11.425+0000] {logging_mixin.py:151} INFO - Montpellier
[2023-10-29T03:46:16.936+0000] {logging_mixin.py:151} INFO - Berlin
[2023-10-29T03:46:22.557+0000] {logging_mixin.py:151} INFO - Hamburg
[2023-10-29T03:46:28.057+0000] {logging_mixin.py:151} INFO - Munich
[2023-10-29T03:46:33.565+0000] {logging_mixin.py:151} INFO - Stuttgart
[2023-10-29T03:46:38.895+0000] {logging_mixin.py:151} INFO - Frankfurt
[2023-10-29T03:46:44.547+0000] {logging_mixin.py:151} INFO - Cologne
[2023-10-29T03:46:50.039+0000] {logging_mixin.py:151} INFO - Dusseldorf
[2023-10-29T03:46:55.553+0000] {logging_mixin.py:151} INFO - Hanover
[2023-10-29T03:47:01.395+0000] {logging_mixin.py:151} INFO - Dresden
[2023-10-29T03:47:06.982+0000] {logging_mixin.py:151} INFO - Leipzig
[2023-10-29T03:47:12.523+0000] {logging_mixin.py:151} INFO - Athens
[2023-10-29T03:47:18.061+0000] {logging_mixin.py:151} INFO - Crete
[2023-10-29T03:47:23.312+0000] {taskinstance.py:1943} ERROR - Task failed with exception
Traceback (most recent call last):
  File "/home/airflow/.local/lib/python3.8/site-packages/airflow/operators/python.py", line 192, in execute
    return_value = self.execute_callable()
  File "/home/airflow/.local/lib/python3.8/site-packages/airflow/operators/python.py", line 209, in execute_callable
    return self.python_callable(*self.op_args, **self.op_kwargs)
  File "/opt/airflow/dags/scripts/extraction.py", line 144, in extract_numbeo_prices_from_city
    prices_table = numbeo_prices_city_html.find('table', {'class': 'data_wide_table new_bar_table'}).find_all('tr')
AttributeError: 'NoneType' object has no attribute 'find_all'
[2023-10-29T03:47:23.327+0000] {taskinstance.py:1400} INFO - Marking task as UP_FOR_RETRY. dag_id=col_api_etl, task_id=extract_numbeo_prices_from_city, execution_date=20231029T033846, start_date=20231029T033857, end_date=20231029T034723
[2023-10-29T03:47:23.342+0000] {standard_task_runner.py:104} ERROR - Failed to execute job 1117 for task extract_numbeo_prices_from_city ('NoneType' object has no attribute 'find_all'; 52189)
[2023-10-29T03:47:23.360+0000] {local_task_job_runner.py:228} INFO - Task exited with return code 1
