[2023-10-29T03:47:57.237+0000] {logging_mixin.py:151} INFO - Changing /opt/***/logs/dag_id=col_api_etl/run_id=manual__2023-10-29T03:38:46.535463+00:00/task_id=extract_numbeo_prices_from_city permission to 509
[2023-10-29T03:47:57.237+0000] {logging_mixin.py:151} INFO - Failed to change /opt/***/logs/dag_id=col_api_etl/run_id=manual__2023-10-29T03:38:46.535463+00:00/task_id=extract_numbeo_prices_from_city permission to 509: [Errno 1] Operation not permitted: '/opt/***/logs/dag_id=col_api_etl/run_id=manual__2023-10-29T03:38:46.535463+00:00/task_id=extract_numbeo_prices_from_city'
[2023-10-29T03:47:57.263+0000] {logging_mixin.py:151} INFO - Changing /opt/***/logs/dag_id=col_api_etl/run_id=manual__2023-10-29T03:38:46.535463+00:00/task_id=extract_numbeo_prices_from_city permission to 509
[2023-10-29T03:47:57.263+0000] {logging_mixin.py:151} INFO - Failed to change /opt/***/logs/dag_id=col_api_etl/run_id=manual__2023-10-29T03:38:46.535463+00:00/task_id=extract_numbeo_prices_from_city permission to 509: [Errno 1] Operation not permitted: '/opt/***/logs/dag_id=col_api_etl/run_id=manual__2023-10-29T03:38:46.535463+00:00/task_id=extract_numbeo_prices_from_city'
[2023-10-29T03:47:57.293+0000] {taskinstance.py:1159} INFO - Dependencies all met for dep_context=non-requeueable deps ti=<TaskInstance: col_api_etl.extract_numbeo_prices_from_city manual__2023-10-29T03:38:46.535463+00:00 [queued]>
[2023-10-29T03:47:57.301+0000] {taskinstance.py:1159} INFO - Dependencies all met for dep_context=requeueable deps ti=<TaskInstance: col_api_etl.extract_numbeo_prices_from_city manual__2023-10-29T03:38:46.535463+00:00 [queued]>
[2023-10-29T03:47:57.302+0000] {taskinstance.py:1361} INFO - Starting attempt 2 of 2
[2023-10-29T03:47:57.313+0000] {taskinstance.py:1382} INFO - Executing <Task(PythonOperator): extract_numbeo_prices_from_city> on 2023-10-29 03:38:46.535463+00:00
[2023-10-29T03:47:57.318+0000] {standard_task_runner.py:57} INFO - Started process 55023 to run task
[2023-10-29T03:47:57.318+0000] {clientserver.py:543} INFO - Closing down clientserver connection
[2023-10-29T03:47:57.322+0000] {standard_task_runner.py:84} INFO - Running: ['***', 'tasks', 'run', 'col_api_etl', 'extract_numbeo_prices_from_city', 'manual__2023-10-29T03:38:46.535463+00:00', '--job-id', '1118', '--raw', '--subdir', 'DAGS_FOLDER/col_api_etl.py', '--cfg-path', '/tmp/tmpr0w0oiq8']
[2023-10-29T03:47:57.324+0000] {standard_task_runner.py:85} INFO - Job 1118: Subtask extract_numbeo_prices_from_city
[2023-10-29T03:47:57.359+0000] {logging_mixin.py:151} INFO - Changing /opt/***/logs/dag_id=col_api_etl/run_id=manual__2023-10-29T03:38:46.535463+00:00/task_id=extract_numbeo_prices_from_city permission to 509
[2023-10-29T03:47:57.360+0000] {logging_mixin.py:151} INFO - Failed to change /opt/***/logs/dag_id=col_api_etl/run_id=manual__2023-10-29T03:38:46.535463+00:00/task_id=extract_numbeo_prices_from_city permission to 509: [Errno 1] Operation not permitted: '/opt/***/logs/dag_id=col_api_etl/run_id=manual__2023-10-29T03:38:46.535463+00:00/task_id=extract_numbeo_prices_from_city'
[2023-10-29T03:47:57.362+0000] {task_command.py:415} INFO - Running <TaskInstance: col_api_etl.extract_numbeo_prices_from_city manual__2023-10-29T03:38:46.535463+00:00 [running]> on host ea85de3a6109
[2023-10-29T03:47:57.429+0000] {taskinstance.py:1660} INFO - Exporting env vars: AIRFLOW_CTX_DAG_OWNER='***' AIRFLOW_CTX_DAG_ID='col_api_etl' AIRFLOW_CTX_TASK_ID='extract_numbeo_prices_from_city' AIRFLOW_CTX_EXECUTION_DATE='2023-10-29T03:38:46.535463+00:00' AIRFLOW_CTX_TRY_NUMBER='2' AIRFLOW_CTX_DAG_RUN_ID='manual__2023-10-29T03:38:46.535463+00:00'
[2023-10-29T03:47:58.026+0000] {clientserver.py:505} INFO - Error while sending or receiving.
Traceback (most recent call last):
  File "/home/airflow/.local/lib/python3.8/site-packages/py4j/clientserver.py", line 503, in send_command
    self.socket.sendall(command.encode("utf-8"))
ConnectionResetError: [Errno 104] Connection reset by peer
[2023-10-29T03:47:58.028+0000] {clientserver.py:543} INFO - Closing down clientserver connection
[2023-10-29T03:47:58.028+0000] {java_gateway.py:1052} INFO - Exception while sending command.
Traceback (most recent call last):
  File "/home/airflow/.local/lib/python3.8/site-packages/py4j/clientserver.py", line 503, in send_command
    self.socket.sendall(command.encode("utf-8"))
ConnectionResetError: [Errno 104] Connection reset by peer

During handling of the above exception, another exception occurred:

Traceback (most recent call last):
  File "/home/airflow/.local/lib/python3.8/site-packages/py4j/java_gateway.py", line 1038, in send_command
    response = connection.send_command(command)
  File "/home/airflow/.local/lib/python3.8/site-packages/py4j/clientserver.py", line 506, in send_command
    raise Py4JNetworkError(
py4j.protocol.Py4JNetworkError: Error while sending
[2023-10-29T03:47:58.031+0000] {clientserver.py:543} INFO - Closing down clientserver connection
[2023-10-29T03:47:59.185+0000] {logging_mixin.py:151} INFO - Dubai
[2023-10-29T03:48:05.038+0000] {logging_mixin.py:151} INFO - Abu-Dhabi
[2023-10-29T03:48:10.586+0000] {logging_mixin.py:151} INFO - Sharjah
[2023-10-29T03:48:15.988+0000] {logging_mixin.py:151} INFO - Perth
[2023-10-29T03:48:21.536+0000] {logging_mixin.py:151} INFO - Melbourne
[2023-10-29T03:48:27.041+0000] {logging_mixin.py:151} INFO - Sydney
[2023-10-29T03:48:32.720+0000] {logging_mixin.py:151} INFO - Brisbane
[2023-10-29T03:48:38.282+0000] {logging_mixin.py:151} INFO - Hobart
[2023-10-29T03:48:43.591+0000] {logging_mixin.py:151} INFO - Adelaide
[2023-10-29T03:48:49.202+0000] {logging_mixin.py:151} INFO - Canberra
[2023-10-29T03:48:54.695+0000] {logging_mixin.py:151} INFO - Darwin
[2023-10-29T03:49:00.026+0000] {logging_mixin.py:151} INFO - Sarajevo
[2023-10-29T03:49:05.628+0000] {logging_mixin.py:151} INFO - Manama
[2023-10-29T03:49:10.895+0000] {logging_mixin.py:151} INFO - Sofia
[2023-10-29T03:49:17.344+0000] {logging_mixin.py:151} INFO - Sao-Paulo
[2023-10-29T03:49:23.225+0000] {logging_mixin.py:151} INFO - Rio-De-Janeiro
[2023-10-29T03:49:28.752+0000] {logging_mixin.py:151} INFO - Brasilia
[2023-10-29T03:49:33.985+0000] {logging_mixin.py:151} INFO - Toronto
[2023-10-29T03:49:39.994+0000] {logging_mixin.py:151} INFO - Montreal
[2023-10-29T03:49:45.805+0000] {logging_mixin.py:151} INFO - Vancouver
[2023-10-29T03:49:51.359+0000] {logging_mixin.py:151} INFO - Ottawa
[2023-10-29T03:49:56.867+0000] {logging_mixin.py:151} INFO - Calgary
[2023-10-29T03:50:02.459+0000] {logging_mixin.py:151} INFO - Edmonton
[2023-10-29T03:50:08.247+0000] {logging_mixin.py:151} INFO - Halifax
[2023-10-29T03:50:13.960+0000] {logging_mixin.py:151} INFO - Quebec-City
[2023-10-29T03:50:19.659+0000] {logging_mixin.py:151} INFO - Zurich
[2023-10-29T03:50:25.211+0000] {logging_mixin.py:151} INFO - Geneva
[2023-10-29T03:50:30.437+0000] {logging_mixin.py:151} INFO - Zug
[2023-10-29T03:50:35.658+0000] {logging_mixin.py:151} INFO - Basel
[2023-10-29T03:50:41.241+0000] {logging_mixin.py:151} INFO - Bern
[2023-10-29T03:50:46.479+0000] {logging_mixin.py:151} INFO - Lausanne
[2023-10-29T03:50:51.726+0000] {logging_mixin.py:151} INFO - Lugano
[2023-10-29T03:50:57.521+0000] {logging_mixin.py:151} INFO - Vaduz
[2023-10-29T03:51:02.792+0000] {logging_mixin.py:151} INFO - Santiago
[2023-10-29T03:51:08.409+0000] {logging_mixin.py:151} INFO - Chongqing
[2023-10-29T03:51:13.755+0000] {logging_mixin.py:151} INFO - Shanghai
[2023-10-29T03:51:19.372+0000] {logging_mixin.py:151} INFO - Beijing
[2023-10-29T03:51:25.208+0000] {logging_mixin.py:151} INFO - Chengdu
[2023-10-29T03:51:30.560+0000] {logging_mixin.py:151} INFO - Guangzhou
[2023-10-29T03:51:35.836+0000] {logging_mixin.py:151} INFO - Shenzhen
[2023-10-29T03:51:41.352+0000] {logging_mixin.py:151} INFO - Bogota
[2023-10-29T03:51:47.083+0000] {logging_mixin.py:151} INFO - Medellin
[2023-10-29T03:51:52.635+0000] {logging_mixin.py:151} INFO - Cali
[2023-10-29T03:51:58.204+0000] {logging_mixin.py:151} INFO - Cartagena
[2023-10-29T03:52:03.462+0000] {logging_mixin.py:151} INFO - San-Jose
[2023-10-29T03:52:08.783+0000] {logging_mixin.py:151} INFO - Prague
[2023-10-29T03:52:14.697+0000] {logging_mixin.py:151} INFO - Brno
[2023-10-29T03:52:20.196+0000] {logging_mixin.py:151} INFO - Ostrava
[2023-10-29T03:52:25.711+0000] {logging_mixin.py:151} INFO - Copenhagen
[2023-10-29T03:52:31.336+0000] {logging_mixin.py:151} INFO - Aarhus
[2023-10-29T03:52:36.984+0000] {logging_mixin.py:151} INFO - Aalborg
[2023-10-29T03:52:42.277+0000] {logging_mixin.py:151} INFO - Andorra-La-Vella
[2023-10-29T03:52:47.531+0000] {logging_mixin.py:151} INFO - Vienna
[2023-10-29T03:52:53.170+0000] {logging_mixin.py:151} INFO - Salzburg
[2023-10-29T03:52:58.794+0000] {logging_mixin.py:151} INFO - Graz
[2023-10-29T03:53:04.352+0000] {logging_mixin.py:151} INFO - Linz
[2023-10-29T03:53:09.890+0000] {logging_mixin.py:151} INFO - Innsbruck
[2023-10-29T03:53:15.414+0000] {logging_mixin.py:151} INFO - Brussels
[2023-10-29T03:53:20.930+0000] {logging_mixin.py:151} INFO - Antwerp
[2023-10-29T03:53:26.364+0000] {logging_mixin.py:151} INFO - Gent
[2023-10-29T03:53:31.782+0000] {logging_mixin.py:151} INFO - Liege
[2023-10-29T03:53:37.124+0000] {logging_mixin.py:151} INFO - Brugge
[2023-10-29T03:53:42.727+0000] {logging_mixin.py:151} INFO - Zagreb
[2023-10-29T03:53:48.287+0000] {logging_mixin.py:151} INFO - Split
[2023-10-29T03:53:53.890+0000] {logging_mixin.py:151} INFO - Dubrovnik
[2023-10-29T03:53:59.180+0000] {logging_mixin.py:151} INFO - Nicosia
[2023-10-29T03:54:04.672+0000] {logging_mixin.py:151} INFO - Tallinn
[2023-10-29T03:54:10.252+0000] {logging_mixin.py:151} INFO - Tartu
[2023-10-29T03:54:16.008+0000] {logging_mixin.py:151} INFO - Helsinki
[2023-10-29T03:54:21.387+0000] {logging_mixin.py:151} INFO - Turku
[2023-10-29T03:54:26.619+0000] {logging_mixin.py:151} INFO - Tampere
[2023-10-29T03:54:32.149+0000] {logging_mixin.py:151} INFO - Oulu
[2023-10-29T03:54:37.372+0000] {logging_mixin.py:151} INFO - Paris
[2023-10-29T03:54:43.065+0000] {logging_mixin.py:151} INFO - Marseille
[2023-10-29T03:54:48.586+0000] {logging_mixin.py:151} INFO - Lyon
[2023-10-29T03:54:54.166+0000] {logging_mixin.py:151} INFO - Toulouse
[2023-10-29T03:54:59.521+0000] {logging_mixin.py:151} INFO - Nice
[2023-10-29T03:55:04.883+0000] {logging_mixin.py:151} INFO - Nantes
[2023-10-29T03:55:10.366+0000] {logging_mixin.py:151} INFO - Montpellier
[2023-10-29T03:55:15.871+0000] {logging_mixin.py:151} INFO - Berlin
[2023-10-29T03:55:21.478+0000] {logging_mixin.py:151} INFO - Hamburg
[2023-10-29T03:55:26.976+0000] {logging_mixin.py:151} INFO - Munich
[2023-10-29T03:55:32.485+0000] {logging_mixin.py:151} INFO - Stuttgart
[2023-10-29T03:55:38.081+0000] {logging_mixin.py:151} INFO - Frankfurt
[2023-10-29T03:55:43.698+0000] {logging_mixin.py:151} INFO - Cologne
[2023-10-29T03:55:49.287+0000] {logging_mixin.py:151} INFO - Dusseldorf
[2023-10-29T03:55:54.855+0000] {logging_mixin.py:151} INFO - Hanover
[2023-10-29T03:56:00.337+0000] {logging_mixin.py:151} INFO - Dresden
[2023-10-29T03:56:05.853+0000] {logging_mixin.py:151} INFO - Leipzig
[2023-10-29T03:56:11.377+0000] {logging_mixin.py:151} INFO - Athens
[2023-10-29T03:56:16.987+0000] {logging_mixin.py:151} INFO - Crete
[2023-10-29T03:56:22.170+0000] {taskinstance.py:1943} ERROR - Task failed with exception
Traceback (most recent call last):
  File "/home/airflow/.local/lib/python3.8/site-packages/airflow/operators/python.py", line 192, in execute
    return_value = self.execute_callable()
  File "/home/airflow/.local/lib/python3.8/site-packages/airflow/operators/python.py", line 209, in execute_callable
    return self.python_callable(*self.op_args, **self.op_kwargs)
  File "/opt/airflow/dags/scripts/extraction.py", line 144, in extract_numbeo_prices_from_city
    prices_table = numbeo_prices_city_html.find('table', {'class': 'data_wide_table new_bar_table'}).find_all('tr')
AttributeError: 'NoneType' object has no attribute 'find_all'
[2023-10-29T03:56:22.185+0000] {taskinstance.py:1400} INFO - Marking task as FAILED. dag_id=col_api_etl, task_id=extract_numbeo_prices_from_city, execution_date=20231029T033846, start_date=20231029T034757, end_date=20231029T035622
[2023-10-29T03:56:22.196+0000] {standard_task_runner.py:104} ERROR - Failed to execute job 1118 for task extract_numbeo_prices_from_city ('NoneType' object has no attribute 'find_all'; 55023)
[2023-10-29T03:56:22.240+0000] {local_task_job_runner.py:228} INFO - Task exited with return code 1
