[2023-11-01T23:08:58.530+0000] {logging_mixin.py:151} INFO - Changing /opt/***/logs/dag_id=col_api_etl/run_id=manual__2023-11-01T23:08:22.313287+00:00/task_id=extract_numbeo_prices_from_city permission to 509
[2023-11-01T23:08:58.531+0000] {logging_mixin.py:151} INFO - Failed to change /opt/***/logs/dag_id=col_api_etl/run_id=manual__2023-11-01T23:08:22.313287+00:00/task_id=extract_numbeo_prices_from_city permission to 509: [Errno 1] Operation not permitted: '/opt/***/logs/dag_id=col_api_etl/run_id=manual__2023-11-01T23:08:22.313287+00:00/task_id=extract_numbeo_prices_from_city'
[2023-11-01T23:08:58.560+0000] {logging_mixin.py:151} INFO - Changing /opt/***/logs/dag_id=col_api_etl/run_id=manual__2023-11-01T23:08:22.313287+00:00/task_id=extract_numbeo_prices_from_city permission to 509
[2023-11-01T23:08:58.561+0000] {logging_mixin.py:151} INFO - Failed to change /opt/***/logs/dag_id=col_api_etl/run_id=manual__2023-11-01T23:08:22.313287+00:00/task_id=extract_numbeo_prices_from_city permission to 509: [Errno 1] Operation not permitted: '/opt/***/logs/dag_id=col_api_etl/run_id=manual__2023-11-01T23:08:22.313287+00:00/task_id=extract_numbeo_prices_from_city'
[2023-11-01T23:08:58.604+0000] {taskinstance.py:1159} INFO - Dependencies all met for dep_context=non-requeueable deps ti=<TaskInstance: col_api_etl.extract_numbeo_prices_from_city manual__2023-11-01T23:08:22.313287+00:00 [queued]>
[2023-11-01T23:08:58.615+0000] {taskinstance.py:1159} INFO - Dependencies all met for dep_context=requeueable deps ti=<TaskInstance: col_api_etl.extract_numbeo_prices_from_city manual__2023-11-01T23:08:22.313287+00:00 [queued]>
[2023-11-01T23:08:58.616+0000] {taskinstance.py:1361} INFO - Starting attempt 1 of 1
[2023-11-01T23:08:58.631+0000] {taskinstance.py:1382} INFO - Executing <Task(PythonOperator): extract_numbeo_prices_from_city> on 2023-11-01 23:08:22.313287+00:00
[2023-11-01T23:08:58.637+0000] {standard_task_runner.py:57} INFO - Started process 2052 to run task
[2023-11-01T23:08:58.637+0000] {clientserver.py:543} INFO - Closing down clientserver connection
[2023-11-01T23:08:58.641+0000] {standard_task_runner.py:84} INFO - Running: ['***', 'tasks', 'run', 'col_api_etl', 'extract_numbeo_prices_from_city', 'manual__2023-11-01T23:08:22.313287+00:00', '--job-id', '1160', '--raw', '--subdir', 'DAGS_FOLDER/col_api_etl.py', '--cfg-path', '/tmp/tmpelinggpn']
[2023-11-01T23:08:58.642+0000] {standard_task_runner.py:85} INFO - Job 1160: Subtask extract_numbeo_prices_from_city
[2023-11-01T23:08:58.682+0000] {logging_mixin.py:151} INFO - Changing /opt/***/logs/dag_id=col_api_etl/run_id=manual__2023-11-01T23:08:22.313287+00:00/task_id=extract_numbeo_prices_from_city permission to 509
[2023-11-01T23:08:58.683+0000] {logging_mixin.py:151} INFO - Failed to change /opt/***/logs/dag_id=col_api_etl/run_id=manual__2023-11-01T23:08:22.313287+00:00/task_id=extract_numbeo_prices_from_city permission to 509: [Errno 1] Operation not permitted: '/opt/***/logs/dag_id=col_api_etl/run_id=manual__2023-11-01T23:08:22.313287+00:00/task_id=extract_numbeo_prices_from_city'
[2023-11-01T23:08:58.685+0000] {task_command.py:415} INFO - Running <TaskInstance: col_api_etl.extract_numbeo_prices_from_city manual__2023-11-01T23:08:22.313287+00:00 [running]> on host 65ec58942685
[2023-11-01T23:08:58.761+0000] {taskinstance.py:1660} INFO - Exporting env vars: AIRFLOW_CTX_DAG_OWNER='***' AIRFLOW_CTX_DAG_ID='col_api_etl' AIRFLOW_CTX_TASK_ID='extract_numbeo_prices_from_city' AIRFLOW_CTX_EXECUTION_DATE='2023-11-01T23:08:22.313287+00:00' AIRFLOW_CTX_TRY_NUMBER='1' AIRFLOW_CTX_DAG_RUN_ID='manual__2023-11-01T23:08:22.313287+00:00'
[2023-11-01T23:08:59.308+0000] {clientserver.py:505} INFO - Error while sending or receiving.
Traceback (most recent call last):
  File "/home/airflow/.local/lib/python3.8/site-packages/py4j/clientserver.py", line 503, in send_command
    self.socket.sendall(command.encode("utf-8"))
ConnectionResetError: [Errno 104] Connection reset by peer
[2023-11-01T23:08:59.311+0000] {clientserver.py:543} INFO - Closing down clientserver connection
[2023-11-01T23:08:59.311+0000] {java_gateway.py:1052} INFO - Exception while sending command.
Traceback (most recent call last):
  File "/home/airflow/.local/lib/python3.8/site-packages/py4j/clientserver.py", line 503, in send_command
    self.socket.sendall(command.encode("utf-8"))
ConnectionResetError: [Errno 104] Connection reset by peer

During handling of the above exception, another exception occurred:

Traceback (most recent call last):
  File "/home/airflow/.local/lib/python3.8/site-packages/py4j/java_gateway.py", line 1038, in send_command
    response = connection.send_command(command)
  File "/home/airflow/.local/lib/python3.8/site-packages/py4j/clientserver.py", line 506, in send_command
    raise Py4JNetworkError(
py4j.protocol.Py4JNetworkError: Error while sending
[2023-11-01T23:08:59.315+0000] {clientserver.py:543} INFO - Closing down clientserver connection
[2023-11-01T23:09:00.320+0000] {logging_mixin.py:151} INFO - Dubai
[2023-11-01T23:09:02.042+0000] {logging_mixin.py:151} INFO - Abu-Dhabi
[2023-11-01T23:09:03.738+0000] {logging_mixin.py:151} INFO - Sharjah
[2023-11-01T23:09:05.317+0000] {logging_mixin.py:151} INFO - Perth
[2023-11-01T23:09:06.985+0000] {logging_mixin.py:151} INFO - Melbourne
[2023-11-01T23:09:08.766+0000] {logging_mixin.py:151} INFO - Sydney
[2023-11-01T23:09:10.738+0000] {logging_mixin.py:151} INFO - Brisbane
[2023-11-01T23:09:12.757+0000] {logging_mixin.py:151} INFO - Hobart
[2023-11-01T23:09:14.084+0000] {logging_mixin.py:151} INFO - Adelaide
[2023-11-01T23:09:15.727+0000] {logging_mixin.py:151} INFO - Canberra
[2023-11-01T23:09:17.384+0000] {logging_mixin.py:151} INFO - Darwin
[2023-11-01T23:09:18.705+0000] {logging_mixin.py:151} INFO - Sarajevo
[2023-11-01T23:09:20.330+0000] {logging_mixin.py:151} INFO - Manama
[2023-11-01T23:09:21.634+0000] {logging_mixin.py:151} INFO - Sofia
[2023-11-01T23:09:23.320+0000] {logging_mixin.py:151} INFO - Sao-Paulo
[2023-11-01T23:09:25.091+0000] {logging_mixin.py:151} INFO - Rio-De-Janeiro
[2023-11-01T23:09:26.719+0000] {logging_mixin.py:151} INFO - Brasilia
[2023-11-01T23:09:28.063+0000] {logging_mixin.py:151} INFO - Toronto
[2023-11-01T23:09:29.731+0000] {logging_mixin.py:151} INFO - Montreal
[2023-11-01T23:09:31.524+0000] {logging_mixin.py:151} INFO - Vancouver
[2023-11-01T23:09:33.200+0000] {logging_mixin.py:151} INFO - Ottawa
[2023-11-01T23:09:34.964+0000] {logging_mixin.py:151} INFO - Calgary
[2023-11-01T23:09:36.710+0000] {logging_mixin.py:151} INFO - Edmonton
[2023-11-01T23:09:38.501+0000] {logging_mixin.py:151} INFO - Halifax
[2023-11-01T23:09:40.132+0000] {logging_mixin.py:151} INFO - Quebec-City
[2023-11-01T23:09:41.825+0000] {logging_mixin.py:151} INFO - Zurich
[2023-11-01T23:09:43.495+0000] {logging_mixin.py:151} INFO - Geneva
[2023-11-01T23:09:44.877+0000] {logging_mixin.py:151} INFO - Zug
[2023-11-01T23:09:46.479+0000] {logging_mixin.py:151} INFO - Basel
[2023-11-01T23:09:48.142+0000] {logging_mixin.py:151} INFO - Bern
[2023-11-01T23:09:49.514+0000] {logging_mixin.py:151} INFO - Lausanne
[2023-11-01T23:09:51.108+0000] {logging_mixin.py:151} INFO - Lugano
[2023-11-01T23:09:52.642+0000] {logging_mixin.py:151} INFO - Vaduz
[2023-11-01T23:09:53.972+0000] {logging_mixin.py:151} INFO - Santiago
[2023-11-01T23:09:55.672+0000] {logging_mixin.py:151} INFO - Chongqing
[2023-11-01T23:09:56.970+0000] {logging_mixin.py:151} INFO - Shanghai
[2023-11-01T23:09:58.621+0000] {logging_mixin.py:151} INFO - Beijing
[2023-11-01T23:10:00.423+0000] {logging_mixin.py:151} INFO - Chengdu
[2023-11-01T23:10:02.105+0000] {logging_mixin.py:151} INFO - Guangzhou
[2023-11-01T23:10:03.750+0000] {logging_mixin.py:151} INFO - Shenzhen
[2023-11-01T23:10:05.592+0000] {logging_mixin.py:151} INFO - Bogota
[2023-11-01T23:10:07.363+0000] {logging_mixin.py:151} INFO - Medellin
[2023-11-01T23:10:08.973+0000] {logging_mixin.py:151} INFO - Cali
[2023-11-01T23:10:10.717+0000] {logging_mixin.py:151} INFO - Cartagena
[2023-11-01T23:10:12.026+0000] {logging_mixin.py:151} INFO - San-Jose
[2023-11-01T23:10:13.622+0000] {logging_mixin.py:151} INFO - Prague
[2023-11-01T23:10:15.456+0000] {logging_mixin.py:151} INFO - Brno
[2023-11-01T23:10:17.062+0000] {logging_mixin.py:151} INFO - Ostrava
[2023-11-01T23:10:18.703+0000] {logging_mixin.py:151} INFO - Copenhagen
[2023-11-01T23:10:20.365+0000] {logging_mixin.py:151} INFO - Aarhus
[2023-11-01T23:10:21.828+0000] {logging_mixin.py:151} INFO - Aalborg
[2023-11-01T23:10:23.446+0000] {logging_mixin.py:151} INFO - Andorra-La-Vella
[2023-11-01T23:10:24.798+0000] {logging_mixin.py:151} INFO - Vienna
[2023-11-01T23:10:26.419+0000] {logging_mixin.py:151} INFO - Salzburg
[2023-11-01T23:10:27.844+0000] {logging_mixin.py:151} INFO - Graz
[2023-11-01T23:10:29.448+0000] {logging_mixin.py:151} INFO - Linz
[2023-11-01T23:10:31.082+0000] {logging_mixin.py:151} INFO - Innsbruck
[2023-11-01T23:10:32.728+0000] {logging_mixin.py:151} INFO - Brussels
[2023-11-01T23:10:34.366+0000] {logging_mixin.py:151} INFO - Antwerp
[2023-11-01T23:10:35.941+0000] {logging_mixin.py:151} INFO - Gent
[2023-11-01T23:10:37.550+0000] {logging_mixin.py:151} INFO - Liege
[2023-11-01T23:10:38.871+0000] {logging_mixin.py:151} INFO - Brugge
[2023-11-01T23:10:40.307+0000] {logging_mixin.py:151} INFO - Zagreb
[2023-11-01T23:10:41.945+0000] {logging_mixin.py:151} INFO - Split
[2023-11-01T23:10:43.562+0000] {logging_mixin.py:151} INFO - Dubrovnik
[2023-11-01T23:10:44.913+0000] {logging_mixin.py:151} INFO - Nicosia
[2023-11-01T23:10:46.239+0000] {logging_mixin.py:151} INFO - Tallinn
[2023-11-01T23:10:47.861+0000] {logging_mixin.py:151} INFO - Tartu
[2023-11-01T23:10:49.449+0000] {logging_mixin.py:151} INFO - Helsinki
[2023-11-01T23:10:50.819+0000] {logging_mixin.py:151} INFO - Turku
[2023-11-01T23:10:52.453+0000] {logging_mixin.py:151} INFO - Tampere
[2023-11-01T23:10:53.745+0000] {logging_mixin.py:151} INFO - Oulu
[2023-11-01T23:10:55.056+0000] {logging_mixin.py:151} INFO - Paris
[2023-11-01T23:10:56.748+0000] {logging_mixin.py:151} INFO - Marseille
[2023-11-01T23:10:58.099+0000] {logging_mixin.py:151} INFO - Lyon
[2023-11-01T23:10:59.767+0000] {logging_mixin.py:151} INFO - Toulouse
[2023-11-01T23:11:01.602+0000] {logging_mixin.py:151} INFO - Nice
[2023-11-01T23:11:02.934+0000] {logging_mixin.py:151} INFO - Nantes
[2023-11-01T23:11:04.385+0000] {logging_mixin.py:151} INFO - Montpellier
[2023-11-01T23:11:05.765+0000] {logging_mixin.py:151} INFO - Berlin
[2023-11-01T23:11:07.548+0000] {logging_mixin.py:151} INFO - Hamburg
[2023-11-01T23:11:09.286+0000] {logging_mixin.py:151} INFO - Munich
[2023-11-01T23:11:10.940+0000] {logging_mixin.py:151} INFO - Stuttgart
[2023-11-01T23:11:12.359+0000] {logging_mixin.py:151} INFO - Frankfurt
[2023-11-01T23:11:14.013+0000] {logging_mixin.py:151} INFO - Cologne
[2023-11-01T23:11:15.853+0000] {logging_mixin.py:151} INFO - Dusseldorf
[2023-11-01T23:11:17.573+0000] {logging_mixin.py:151} INFO - Hanover
[2023-11-01T23:11:19.088+0000] {logging_mixin.py:151} INFO - Dresden
[2023-11-01T23:11:20.753+0000] {logging_mixin.py:151} INFO - Leipzig
[2023-11-01T23:11:22.208+0000] {logging_mixin.py:151} INFO - Athens
[2023-11-01T23:11:23.964+0000] {logging_mixin.py:151} INFO - Crete
[2023-11-01T23:11:25.466+0000] {logging_mixin.py:151} INFO - Thessaloniki
[2023-11-01T23:11:27.182+0000] {logging_mixin.py:151} INFO - Dublin
[2023-11-01T23:11:29.059+0000] {logging_mixin.py:151} INFO - Cork
[2023-11-01T23:11:30.652+0000] {logging_mixin.py:151} INFO - Galway
[2023-11-01T23:11:32.183+0000] {logging_mixin.py:151} INFO - Limerick
[2023-11-01T23:11:33.807+0000] {logging_mixin.py:151} INFO - Rome
[2023-11-01T23:11:35.622+0000] {logging_mixin.py:151} INFO - Milan
[2023-11-01T23:11:37.395+0000] {logging_mixin.py:151} INFO - Naples
[2023-11-01T23:11:39.187+0000] {logging_mixin.py:151} INFO - Turin
[2023-11-01T23:11:40.537+0000] {logging_mixin.py:151} INFO - Palermo
[2023-11-01T23:11:41.890+0000] {logging_mixin.py:151} INFO - Genoa
[2023-11-01T23:11:43.543+0000] {logging_mixin.py:151} INFO - Bologna
[2023-11-01T23:11:45.086+0000] {logging_mixin.py:151} INFO - Florence
[2023-11-01T23:11:46.769+0000] {logging_mixin.py:151} INFO - Venice
[2023-11-01T23:11:48.329+0000] {logging_mixin.py:151} INFO - Riga
[2023-11-01T23:11:50.054+0000] {logging_mixin.py:151} INFO - Vilnius
[2023-11-01T23:11:51.744+0000] {logging_mixin.py:151} INFO - Luxembourg
[2023-11-01T23:11:53.530+0000] {logging_mixin.py:151} INFO - Valletta
[2023-11-01T23:11:55.020+0000] {logging_mixin.py:151} INFO - Podgorica
[2023-11-01T23:11:56.686+0000] {logging_mixin.py:151} INFO - Monaco
[2023-11-01T23:11:58.131+0000] {logging_mixin.py:151} INFO - Amsterdam
[2023-11-01T23:11:59.789+0000] {logging_mixin.py:151} INFO - Rotterdam
[2023-11-01T23:12:01.557+0000] {logging_mixin.py:151} INFO - Eindhoven
[2023-11-01T23:12:03.257+0000] {logging_mixin.py:151} INFO - The-Hague
[2023-11-01T23:12:04.851+0000] {logging_mixin.py:151} INFO - Groningen
[2023-11-01T23:12:06.676+0000] {logging_mixin.py:151} INFO - Tilburg
[2023-11-01T23:12:08.325+0000] {logging_mixin.py:151} INFO - Lisbon
[2023-11-01T23:12:10.141+0000] {logging_mixin.py:151} INFO - Porto
[2023-11-01T23:12:11.882+0000] {logging_mixin.py:151} INFO - Braga
[2023-11-01T23:12:13.543+0000] {logging_mixin.py:151} INFO - Funchal
[2023-11-01T23:12:14.891+0000] {logging_mixin.py:151} INFO - San-Marino
[2023-11-01T23:12:16.534+0000] {logging_mixin.py:151} INFO - Bratislava
[2023-11-01T23:12:18.314+0000] {logging_mixin.py:151} INFO - Ljubljana
[2023-11-01T23:12:19.977+0000] {logging_mixin.py:151} INFO - Madrid
[2023-11-01T23:12:21.631+0000] {logging_mixin.py:151} INFO - Barcelona
[2023-11-01T23:12:23.278+0000] {logging_mixin.py:151} INFO - Santa-Cruz-De-Tenerife
[2023-11-01T23:12:24.992+0000] {logging_mixin.py:151} INFO - Valencia
[2023-11-01T23:12:26.612+0000] {logging_mixin.py:151} INFO - Seville
[2023-11-01T23:12:28.356+0000] {logging_mixin.py:151} INFO - Zaragoza
[2023-11-01T23:12:30.080+0000] {logging_mixin.py:151} INFO - Malaga
[2023-11-01T23:12:31.552+0000] {logging_mixin.py:151} INFO - Bilbao
[2023-11-01T23:12:32.883+0000] {logging_mixin.py:151} INFO - Alicante
[2023-11-01T23:12:34.298+0000] {logging_mixin.py:151} INFO - Las-Palmas
[2023-11-01T23:12:35.614+0000] {logging_mixin.py:151} INFO - Tbilisi
[2023-11-01T23:12:37.663+0000] {logging_mixin.py:151} INFO - Hong-Kong
[2023-11-01T23:12:39.549+0000] {logging_mixin.py:151} INFO - Budapest
[2023-11-01T23:12:41.278+0000] {logging_mixin.py:151} INFO - Reykjavik
[2023-11-01T23:12:42.933+0000] {logging_mixin.py:151} INFO - Tel-Aviv
[2023-11-01T23:12:44.624+0000] {logging_mixin.py:151} INFO - Jerusalem
[2023-11-01T23:12:46.177+0000] {logging_mixin.py:151} INFO - Tokyo
[2023-11-01T23:12:47.788+0000] {logging_mixin.py:151} INFO - Osaka
[2023-11-01T23:12:49.426+0000] {logging_mixin.py:151} INFO - Sapporo
[2023-11-01T23:12:50.866+0000] {logging_mixin.py:151} INFO - Yokohama
[2023-11-01T23:12:52.220+0000] {logging_mixin.py:151} INFO - Nagoya
[2023-11-01T23:12:54.246+0000] {logging_mixin.py:151} INFO - Kobe
[2023-11-01T23:12:55.578+0000] {logging_mixin.py:151} INFO - Fukuoka
[2023-11-01T23:12:56.912+0000] {logging_mixin.py:151} INFO - Kawasaki
[2023-11-01T23:12:58.209+0000] {logging_mixin.py:151} INFO - Seoul
[2023-11-01T23:12:59.919+0000] {logging_mixin.py:151} INFO - Busan
[2023-11-01T23:13:01.705+0000] {logging_mixin.py:151} INFO - Incheon
[2023-11-01T23:13:02.997+0000] {logging_mixin.py:151} INFO - Daegu
[2023-11-01T23:13:04.328+0000] {logging_mixin.py:151} INFO - Kuwait-City
[2023-11-01T23:13:05.979+0000] {logging_mixin.py:151} INFO - Macau
[2023-11-01T23:13:07.388+0000] {logging_mixin.py:151} INFO - Kuala-Lumpur
[2023-11-01T23:13:09.094+0000] {logging_mixin.py:151} INFO - Johor-Bahru
[2023-11-01T23:13:10.414+0000] {logging_mixin.py:151} INFO - George-Town
[2023-11-01T23:13:11.963+0000] {logging_mixin.py:151} INFO - Malacca
[2023-11-01T23:13:13.297+0000] {logging_mixin.py:151} INFO - Kota-Kinabalu
[2023-11-01T23:13:14.824+0000] {logging_mixin.py:151} INFO - Ipoh
[2023-11-01T23:13:16.281+0000] {logging_mixin.py:151} INFO - Mexico-City
[2023-11-01T23:13:17.713+0000] {logging_mixin.py:151} INFO - Tijuana
[2023-11-01T23:13:19.334+0000] {logging_mixin.py:151} INFO - Guadalajara
[2023-11-01T23:13:20.972+0000] {logging_mixin.py:151} INFO - Cancun
[2023-11-01T23:13:22.715+0000] {logging_mixin.py:151} INFO - Playa-Del-Carmen
[2023-11-01T23:13:24.305+0000] {logging_mixin.py:151} INFO - Monterrey
[2023-11-01T23:13:26.056+0000] {logging_mixin.py:151} INFO - Auckland
[2023-11-01T23:13:27.779+0000] {logging_mixin.py:151} INFO - Wellington
[2023-11-01T23:13:29.521+0000] {logging_mixin.py:151} INFO - Christchurch
[2023-11-01T23:13:31.313+0000] {logging_mixin.py:151} INFO - Hamilton
[2023-11-01T23:13:33.151+0000] {logging_mixin.py:151} INFO - Oslo
[2023-11-01T23:13:34.804+0000] {logging_mixin.py:151} INFO - Bergen
[2023-11-01T23:13:36.280+0000] {logging_mixin.py:151} INFO - Trondheim
[2023-11-01T23:13:37.981+0000] {logging_mixin.py:151} INFO - Stavanger
[2023-11-01T23:13:39.604+0000] {logging_mixin.py:151} INFO - Tromso
[2023-11-01T23:13:40.950+0000] {logging_mixin.py:151} INFO - Muscat
[2023-11-01T23:13:42.622+0000] {logging_mixin.py:151} INFO - Warsaw
[2023-11-01T23:13:44.239+0000] {logging_mixin.py:151} INFO - Krakow
[2023-11-01T23:13:46.086+0000] {logging_mixin.py:151} INFO - Gdansk
[2023-11-01T23:13:47.854+0000] {logging_mixin.py:151} INFO - Lodz
[2023-11-01T23:13:49.167+0000] {logging_mixin.py:151} INFO - Katowice
[2023-11-01T23:13:50.841+0000] {logging_mixin.py:151} INFO - Wroclaw
[2023-11-01T23:13:52.518+0000] {logging_mixin.py:151} INFO - Poznan
[2023-11-01T23:13:54.130+0000] {logging_mixin.py:151} INFO - Szczecin
[2023-11-01T23:13:55.751+0000] {logging_mixin.py:151} INFO - Bydgoszcz
[2023-11-01T23:13:57.124+0000] {logging_mixin.py:151} INFO - Doha
[2023-11-01T23:13:58.772+0000] {logging_mixin.py:151} INFO - Bucharest
[2023-11-01T23:14:00.560+0000] {logging_mixin.py:151} INFO - Moscow
[2023-11-01T23:14:02.558+0000] {logging_mixin.py:151} INFO - Kazan
[2023-11-01T23:14:03.871+0000] {logging_mixin.py:151} INFO - Yekaterinburg
[2023-11-01T23:14:05.317+0000] {logging_mixin.py:151} INFO - Sochi
[2023-11-01T23:14:06.613+0000] {logging_mixin.py:151} INFO - Vladivostok
[2023-11-01T23:14:08.029+0000] {logging_mixin.py:151} INFO - Riyadh
[2023-11-01T23:14:09.854+0000] {logging_mixin.py:151} INFO - Jeddah
[2023-11-01T23:14:11.560+0000] {logging_mixin.py:151} INFO - Mecca
[2023-11-01T23:14:12.889+0000] {logging_mixin.py:151} INFO - Belgrade
[2023-11-01T23:14:14.774+0000] {logging_mixin.py:151} INFO - Novi-Sad
[2023-11-01T23:14:16.581+0000] {logging_mixin.py:151} INFO - Singapore
[2023-11-01T23:14:18.233+0000] {logging_mixin.py:151} INFO - Stockholm
[2023-11-01T23:14:19.861+0000] {logging_mixin.py:151} INFO - Malmo
[2023-11-01T23:14:21.257+0000] {logging_mixin.py:151} INFO - Gothenburg
[2023-11-01T23:14:22.929+0000] {logging_mixin.py:151} INFO - Uppsala
[2023-11-01T23:14:24.253+0000] {logging_mixin.py:151} INFO - Taipei
[2023-11-01T23:14:25.911+0000] {logging_mixin.py:151} INFO - Kaohsiung
[2023-11-01T23:14:27.404+0000] {logging_mixin.py:151} INFO - Tainan
[2023-11-01T23:14:28.725+0000] {logging_mixin.py:151} INFO - Taoyuan
[2023-11-01T23:14:30.195+0000] {logging_mixin.py:151} INFO - Bangkok
[2023-11-01T23:14:31.961+0000] {logging_mixin.py:151} INFO - Chiang-Mai
[2023-11-01T23:14:33.677+0000] {logging_mixin.py:151} INFO - Phuket
[2023-11-01T23:14:35.292+0000] {logging_mixin.py:151} INFO - Pattaya
[2023-11-01T23:14:36.895+0000] {logging_mixin.py:151} INFO - Istanbul
[2023-11-01T23:14:38.606+0000] {logging_mixin.py:151} INFO - Ankara
[2023-11-01T23:14:40.338+0000] {logging_mixin.py:151} INFO - Antalya
[2023-11-01T23:14:42.117+0000] {logging_mixin.py:151} INFO - Izmir
[2023-11-01T23:14:43.795+0000] {logging_mixin.py:151} INFO - Bursa
[2023-11-01T23:14:45.455+0000] {logging_mixin.py:151} INFO - Kyiv
[2023-11-01T23:14:47.224+0000] {logging_mixin.py:151} INFO - Kharkiv
[2023-11-01T23:14:48.843+0000] {logging_mixin.py:151} INFO - Lviv
[2023-11-01T23:14:50.281+0000] {logging_mixin.py:151} INFO - Donetsk
[2023-11-01T23:14:51.590+0000] {logging_mixin.py:151} INFO - London
[2023-11-01T23:14:53.228+0000] {logging_mixin.py:151} INFO - Birmingham
[2023-11-01T23:14:54.859+0000] {logging_mixin.py:151} INFO - Manchester
[2023-11-01T23:14:56.531+0000] {logging_mixin.py:151} INFO - Edinburgh
[2023-11-01T23:14:58.260+0000] {logging_mixin.py:151} INFO - Glasgow
[2023-11-01T23:14:59.895+0000] {logging_mixin.py:151} INFO - Liverpool
[2023-11-01T23:15:01.232+0000] {logging_mixin.py:151} INFO - Cardiff
[2023-11-01T23:15:03.169+0000] {logging_mixin.py:151} INFO - Sheffield
[2023-11-01T23:15:04.859+0000] {logging_mixin.py:151} INFO - Leeds
[2023-11-01T23:15:06.172+0000] {logging_mixin.py:151} INFO - Leicester
[2023-11-01T23:15:07.773+0000] {logging_mixin.py:151} INFO - Belfast
[2023-11-01T23:15:09.514+0000] {logging_mixin.py:151} INFO - Newcastle-Upon-Tyne
[2023-11-01T23:15:11.142+0000] {logging_mixin.py:151} INFO - Montevideo
[2023-11-01T23:15:12.753+0000] {logging_mixin.py:151} INFO - New-York-City
[2023-11-01T23:15:14.378+0000] {logging_mixin.py:151} INFO - Los-Angeles
[2023-11-01T23:15:16.184+0000] {logging_mixin.py:151} INFO - Chicago
[2023-11-01T23:15:17.561+0000] {logging_mixin.py:151} INFO - Houston
[2023-11-01T23:15:19.253+0000] {logging_mixin.py:151} INFO - Phoenix
[2023-11-01T23:15:20.847+0000] {logging_mixin.py:151} INFO - Dallas
[2023-11-01T23:15:22.344+0000] {logging_mixin.py:151} INFO - Philadelphia
[2023-11-01T23:15:24.024+0000] {logging_mixin.py:151} INFO - San-Antonio
[2023-11-01T23:15:25.819+0000] {logging_mixin.py:151} INFO - San-Diego
[2023-11-01T23:15:27.484+0000] {logging_mixin.py:151} INFO - Dallas
[2023-11-01T23:15:29.288+0000] {logging_mixin.py:151} INFO - San-Jose
[2023-11-01T23:15:30.594+0000] {logging_mixin.py:151} INFO - Austin
[2023-11-01T23:15:32.456+0000] {logging_mixin.py:151} INFO - Jacksonville
[2023-11-01T23:15:34.092+0000] {logging_mixin.py:151} INFO - Miami
[2023-11-01T23:15:35.429+0000] {logging_mixin.py:151} INFO - Columbus
[2023-11-01T23:15:37.034+0000] {logging_mixin.py:151} INFO - Indianapolis
[2023-11-01T23:15:38.337+0000] {logging_mixin.py:151} INFO - Charlotte
[2023-11-01T23:15:39.847+0000] {logging_mixin.py:151} INFO - San-Francisco
[2023-11-01T23:15:41.554+0000] {logging_mixin.py:151} INFO - Seattle
[2023-11-01T23:15:43.234+0000] {logging_mixin.py:151} INFO - Denver
[2023-11-01T23:15:45.036+0000] {logging_mixin.py:151} INFO - Washington
[2023-11-01T23:15:47.344+0000] {logging_mixin.py:151} INFO - Nashville
[2023-11-01T23:15:49.077+0000] {logging_mixin.py:151} INFO - Boston
[2023-11-01T23:15:50.380+0000] {logging_mixin.py:151} INFO - Portland
[2023-11-01T23:15:51.710+0000] {logging_mixin.py:151} INFO - Las-Vegas
[2023-11-01T23:15:53.454+0000] {logging_mixin.py:151} INFO - Detroit
[2023-11-01T23:15:54.991+0000] {logging_mixin.py:151} INFO - Memphis
[2023-11-01T23:15:56.530+0000] {logging_mixin.py:151} INFO - Louisville
[2023-11-01T23:15:57.967+0000] {logging_mixin.py:151} INFO - Baltimore
[2023-11-01T23:15:59.266+0000] {logging_mixin.py:151} INFO - Milwaukee
[2023-11-01T23:16:00.722+0000] {logging_mixin.py:151} INFO - Kansas
[2023-11-01T23:16:02.022+0000] {logging_mixin.py:151} INFO - Albuquerque
[2023-11-01T23:16:03.733+0000] {logging_mixin.py:151} INFO - Sacramento
[2023-11-01T23:16:05.447+0000] {logging_mixin.py:151} INFO - Atlanta
[2023-11-01T23:16:07.168+0000] {logging_mixin.py:151} INFO - Omaha
[2023-11-01T23:16:08.976+0000] {logging_mixin.py:151} INFO - Virginia-Beach
[2023-11-01T23:16:10.288+0000] {logging_mixin.py:151} INFO - Minneapolis
[2023-11-01T23:16:11.891+0000] {logging_mixin.py:151} INFO - Quito
[2023-11-01T23:16:13.417+0000] {logging_mixin.py:151} INFO - Guayaquil
[2023-11-01T23:16:15.054+0000] {logging_mixin.py:151} INFO - Asuncion
[2023-11-01T23:16:16.383+0000] {logging_mixin.py:151} INFO - Panama-City
[2023-11-01T23:16:17.747+0000] {logging_mixin.py:151} INFO - Buenos-Aires
[2023-11-01T23:16:19.366+0000] {logging_mixin.py:151} INFO - Corboda
[2023-11-01T23:16:20.659+0000] {taskinstance.py:1943} ERROR - Task failed with exception
Traceback (most recent call last):
  File "/home/airflow/.local/lib/python3.8/site-packages/airflow/operators/python.py", line 192, in execute
    return_value = self.execute_callable()
  File "/home/airflow/.local/lib/python3.8/site-packages/airflow/operators/python.py", line 209, in execute_callable
    return self.python_callable(*self.op_args, **self.op_kwargs)
  File "/opt/airflow/dags/scripts/extraction.py", line 162, in extract_numbeo_prices_from_city
    prices_table = numbeo_prices_city_html.find('table', {'class': 'data_wide_table new_bar_table'}).find_all('tr')
AttributeError: 'NoneType' object has no attribute 'find_all'
[2023-11-01T23:16:20.674+0000] {taskinstance.py:1400} INFO - Marking task as FAILED. dag_id=col_api_etl, task_id=extract_numbeo_prices_from_city, execution_date=20231101T230822, start_date=20231101T230858, end_date=20231101T231620
[2023-11-01T23:16:20.689+0000] {standard_task_runner.py:104} ERROR - Failed to execute job 1160 for task extract_numbeo_prices_from_city ('NoneType' object has no attribute 'find_all'; 2052)
[2023-11-01T23:16:20.740+0000] {local_task_job_runner.py:228} INFO - Task exited with return code 1
