[2023-10-29T01:05:16.107+0000] {logging_mixin.py:151} INFO - Changing /opt/***/logs/dag_id=col_api_etl/run_id=manual__2023-10-29T01:05:04.687775+00:00/task_id=extract_numbeo_prices_from_city permission to 509
[2023-10-29T01:05:16.107+0000] {logging_mixin.py:151} INFO - Failed to change /opt/***/logs/dag_id=col_api_etl/run_id=manual__2023-10-29T01:05:04.687775+00:00/task_id=extract_numbeo_prices_from_city permission to 509: [Errno 1] Operation not permitted: '/opt/***/logs/dag_id=col_api_etl/run_id=manual__2023-10-29T01:05:04.687775+00:00/task_id=extract_numbeo_prices_from_city'
[2023-10-29T01:05:16.133+0000] {logging_mixin.py:151} INFO - Changing /opt/***/logs/dag_id=col_api_etl/run_id=manual__2023-10-29T01:05:04.687775+00:00/task_id=extract_numbeo_prices_from_city permission to 509
[2023-10-29T01:05:16.134+0000] {logging_mixin.py:151} INFO - Failed to change /opt/***/logs/dag_id=col_api_etl/run_id=manual__2023-10-29T01:05:04.687775+00:00/task_id=extract_numbeo_prices_from_city permission to 509: [Errno 1] Operation not permitted: '/opt/***/logs/dag_id=col_api_etl/run_id=manual__2023-10-29T01:05:04.687775+00:00/task_id=extract_numbeo_prices_from_city'
[2023-10-29T01:05:16.165+0000] {taskinstance.py:1159} INFO - Dependencies all met for dep_context=non-requeueable deps ti=<TaskInstance: col_api_etl.extract_numbeo_prices_from_city manual__2023-10-29T01:05:04.687775+00:00 [queued]>
[2023-10-29T01:05:16.177+0000] {taskinstance.py:1159} INFO - Dependencies all met for dep_context=requeueable deps ti=<TaskInstance: col_api_etl.extract_numbeo_prices_from_city manual__2023-10-29T01:05:04.687775+00:00 [queued]>
[2023-10-29T01:05:16.178+0000] {taskinstance.py:1361} INFO - Starting attempt 1 of 2
[2023-10-29T01:05:16.195+0000] {taskinstance.py:1382} INFO - Executing <Task(PythonOperator): extract_numbeo_prices_from_city> on 2023-10-29 01:05:04.687775+00:00
[2023-10-29T01:05:16.203+0000] {standard_task_runner.py:57} INFO - Started process 3697 to run task
[2023-10-29T01:05:16.203+0000] {clientserver.py:543} INFO - Closing down clientserver connection
[2023-10-29T01:05:16.206+0000] {standard_task_runner.py:84} INFO - Running: ['***', 'tasks', 'run', 'col_api_etl', 'extract_numbeo_prices_from_city', 'manual__2023-10-29T01:05:04.687775+00:00', '--job-id', '1090', '--raw', '--subdir', 'DAGS_FOLDER/col_api_etl.py', '--cfg-path', '/tmp/tmpv3oygf40']
[2023-10-29T01:05:16.208+0000] {standard_task_runner.py:85} INFO - Job 1090: Subtask extract_numbeo_prices_from_city
[2023-10-29T01:05:16.250+0000] {logging_mixin.py:151} INFO - Changing /opt/***/logs/dag_id=col_api_etl/run_id=manual__2023-10-29T01:05:04.687775+00:00/task_id=extract_numbeo_prices_from_city permission to 509
[2023-10-29T01:05:16.250+0000] {logging_mixin.py:151} INFO - Failed to change /opt/***/logs/dag_id=col_api_etl/run_id=manual__2023-10-29T01:05:04.687775+00:00/task_id=extract_numbeo_prices_from_city permission to 509: [Errno 1] Operation not permitted: '/opt/***/logs/dag_id=col_api_etl/run_id=manual__2023-10-29T01:05:04.687775+00:00/task_id=extract_numbeo_prices_from_city'
[2023-10-29T01:05:16.252+0000] {task_command.py:415} INFO - Running <TaskInstance: col_api_etl.extract_numbeo_prices_from_city manual__2023-10-29T01:05:04.687775+00:00 [running]> on host ea85de3a6109
[2023-10-29T01:05:16.331+0000] {taskinstance.py:1660} INFO - Exporting env vars: AIRFLOW_CTX_DAG_OWNER='***' AIRFLOW_CTX_DAG_ID='col_api_etl' AIRFLOW_CTX_TASK_ID='extract_numbeo_prices_from_city' AIRFLOW_CTX_EXECUTION_DATE='2023-10-29T01:05:04.687775+00:00' AIRFLOW_CTX_TRY_NUMBER='1' AIRFLOW_CTX_DAG_RUN_ID='manual__2023-10-29T01:05:04.687775+00:00'
[2023-10-29T01:05:17.966+0000] {logging_mixin.py:151} INFO - Dubai
[2023-10-29T01:05:19.511+0000] {logging_mixin.py:151} INFO - Abu-Dhabi
[2023-10-29T01:05:21.199+0000] {logging_mixin.py:151} INFO - Sharjah
[2023-10-29T01:05:22.425+0000] {logging_mixin.py:151} INFO - Perth
[2023-10-29T01:05:23.952+0000] {logging_mixin.py:151} INFO - Melbourne
[2023-10-29T01:05:25.443+0000] {logging_mixin.py:151} INFO - Sydney
[2023-10-29T01:05:27.163+0000] {logging_mixin.py:151} INFO - Brisbane
[2023-10-29T01:05:28.674+0000] {logging_mixin.py:151} INFO - Hobart
[2023-10-29T01:05:29.923+0000] {logging_mixin.py:151} INFO - Adelaide
[2023-10-29T01:05:31.593+0000] {logging_mixin.py:151} INFO - Canberra
[2023-10-29T01:05:33.183+0000] {logging_mixin.py:151} INFO - Darwin
[2023-10-29T01:05:34.403+0000] {logging_mixin.py:151} INFO - Sarajevo
[2023-10-29T01:05:35.998+0000] {logging_mixin.py:151} INFO - Manama
[2023-10-29T01:05:37.647+0000] {logging_mixin.py:151} INFO - Sofia
[2023-10-29T01:05:39.203+0000] {logging_mixin.py:151} INFO - Sao-Paulo
[2023-10-29T01:05:41.224+0000] {logging_mixin.py:151} INFO - Rio-De-Janeiro
[2023-10-29T01:05:42.696+0000] {logging_mixin.py:151} INFO - Brasilia
[2023-10-29T01:05:43.906+0000] {logging_mixin.py:151} INFO - Toronto
[2023-10-29T01:05:45.452+0000] {logging_mixin.py:151} INFO - Montreal
[2023-10-29T01:05:46.490+0000] {local_task_job_runner.py:294} WARNING - State of this instance has been externally set to failed. Terminating instance.
[2023-10-29T01:05:46.492+0000] {process_utils.py:131} INFO - Sending 15 to group 3697. PIDs of all processes in the group: [3697]
[2023-10-29T01:05:46.493+0000] {process_utils.py:86} INFO - Sending the signal 15 to group 3697
[2023-10-29T01:05:46.494+0000] {taskinstance.py:1632} ERROR - Received SIGTERM. Terminating subprocesses.
[2023-10-29T01:05:46.545+0000] {process_utils.py:79} INFO - Process psutil.Process(pid=3697, status='terminated', exitcode=0, started='01:05:15') (3697) terminated with exit code 0
