[2023-11-25T09:46:59.899+0000] {taskinstance.py:1159} INFO - Dependencies all met for dep_context=non-requeueable deps ti=<TaskInstance: col_api_etl.extract_numbeo_prices_from_city manual__2023-11-25T09:46:42.161777+00:00 [queued]>
[2023-11-25T09:46:59.909+0000] {taskinstance.py:1159} INFO - Dependencies all met for dep_context=requeueable deps ti=<TaskInstance: col_api_etl.extract_numbeo_prices_from_city manual__2023-11-25T09:46:42.161777+00:00 [queued]>
[2023-11-25T09:46:59.910+0000] {taskinstance.py:1361} INFO - Starting attempt 1 of 2
[2023-11-25T09:46:59.928+0000] {taskinstance.py:1382} INFO - Executing <Task(PythonOperator): extract_numbeo_prices_from_city> on 2023-11-25 09:46:42.161777+00:00
[2023-11-25T09:46:59.935+0000] {standard_task_runner.py:57} INFO - Started process 1647 to run task
[2023-11-25T09:46:59.939+0000] {clientserver.py:543} INFO - Closing down clientserver connection
[2023-11-25T09:46:59.944+0000] {standard_task_runner.py:84} INFO - Running: ['***', 'tasks', 'run', 'col_api_etl', 'extract_numbeo_prices_from_city', 'manual__2023-11-25T09:46:42.161777+00:00', '--job-id', '61', '--raw', '--subdir', 'DAGS_FOLDER/col_api_etl.py', '--cfg-path', '/tmp/tmp0ulcng0y']
[2023-11-25T09:46:59.946+0000] {standard_task_runner.py:85} INFO - Job 61: Subtask extract_numbeo_prices_from_city
[2023-11-25T09:47:00.021+0000] {task_command.py:415} INFO - Running <TaskInstance: col_api_etl.extract_numbeo_prices_from_city manual__2023-11-25T09:46:42.161777+00:00 [running]> on host 9b6b24afef42
[2023-11-25T09:47:00.143+0000] {taskinstance.py:1660} INFO - Exporting env vars: AIRFLOW_CTX_DAG_OWNER='***' AIRFLOW_CTX_DAG_ID='col_api_etl' AIRFLOW_CTX_TASK_ID='extract_numbeo_prices_from_city' AIRFLOW_CTX_EXECUTION_DATE='2023-11-25T09:46:42.161777+00:00' AIRFLOW_CTX_TRY_NUMBER='1' AIRFLOW_CTX_DAG_RUN_ID='manual__2023-11-25T09:46:42.161777+00:00'
[2023-11-25T09:47:00.209+0000] {clientserver.py:505} INFO - Error while sending or receiving.
Traceback (most recent call last):
  File "/home/airflow/.local/lib/python3.8/site-packages/py4j/clientserver.py", line 503, in send_command
    self.socket.sendall(command.encode("utf-8"))
ConnectionResetError: [Errno 104] Connection reset by peer
[2023-11-25T09:47:00.210+0000] {clientserver.py:543} INFO - Closing down clientserver connection
[2023-11-25T09:47:00.211+0000] {java_gateway.py:1052} INFO - Exception while sending command.
Traceback (most recent call last):
  File "/home/airflow/.local/lib/python3.8/site-packages/py4j/clientserver.py", line 503, in send_command
    self.socket.sendall(command.encode("utf-8"))
ConnectionResetError: [Errno 104] Connection reset by peer

During handling of the above exception, another exception occurred:

Traceback (most recent call last):
  File "/home/airflow/.local/lib/python3.8/site-packages/py4j/java_gateway.py", line 1038, in send_command
    response = connection.send_command(command)
  File "/home/airflow/.local/lib/python3.8/site-packages/py4j/clientserver.py", line 506, in send_command
    raise Py4JNetworkError(
py4j.protocol.Py4JNetworkError: Error while sending
[2023-11-25T09:47:00.221+0000] {clientserver.py:543} INFO - Closing down clientserver connection
[2023-11-25T09:52:38.610+0000] {python.py:194} INFO - Done. Returned value was: None
[2023-11-25T09:52:38.643+0000] {taskinstance.py:1400} INFO - Marking task as SUCCESS. dag_id=col_api_etl, task_id=extract_numbeo_prices_from_city, execution_date=20231125T094642, start_date=20231125T094659, end_date=20231125T095238
[2023-11-25T09:52:38.695+0000] {local_task_job_runner.py:228} INFO - Task exited with return code 0
