[2023-11-25T08:46:59.775+0000] {taskinstance.py:1159} INFO - Dependencies all met for dep_context=non-requeueable deps ti=<TaskInstance: col_api_etl.merge_and_transform_rent manual__2023-11-25T08:39:52.868395+00:00 [queued]>
[2023-11-25T08:46:59.794+0000] {taskinstance.py:1159} INFO - Dependencies all met for dep_context=requeueable deps ti=<TaskInstance: col_api_etl.merge_and_transform_rent manual__2023-11-25T08:39:52.868395+00:00 [queued]>
[2023-11-25T08:46:59.795+0000] {taskinstance.py:1361} INFO - Starting attempt 1 of 2
[2023-11-25T08:46:59.822+0000] {taskinstance.py:1382} INFO - Executing <Task(PythonOperator): merge_and_transform_rent> on 2023-11-25 08:39:52.868395+00:00
[2023-11-25T08:46:59.829+0000] {standard_task_runner.py:57} INFO - Started process 11258 to run task
[2023-11-25T08:46:59.832+0000] {clientserver.py:543} INFO - Closing down clientserver connection
[2023-11-25T08:46:59.841+0000] {standard_task_runner.py:84} INFO - Running: ['***', 'tasks', 'run', 'col_api_etl', 'merge_and_transform_rent', 'manual__2023-11-25T08:39:52.868395+00:00', '--job-id', '37', '--raw', '--subdir', 'DAGS_FOLDER/col_api_etl.py', '--cfg-path', '/tmp/tmpkb8jtxic']
[2023-11-25T08:46:59.843+0000] {standard_task_runner.py:85} INFO - Job 37: Subtask merge_and_transform_rent
[2023-11-25T08:46:59.924+0000] {task_command.py:415} INFO - Running <TaskInstance: col_api_etl.merge_and_transform_rent manual__2023-11-25T08:39:52.868395+00:00 [running]> on host 9b6b24afef42
[2023-11-25T08:47:00.264+0000] {taskinstance.py:1660} INFO - Exporting env vars: AIRFLOW_CTX_DAG_OWNER='***' AIRFLOW_CTX_DAG_ID='col_api_etl' AIRFLOW_CTX_TASK_ID='merge_and_transform_rent' AIRFLOW_CTX_EXECUTION_DATE='2023-11-25T08:39:52.868395+00:00' AIRFLOW_CTX_TRY_NUMBER='1' AIRFLOW_CTX_DAG_RUN_ID='manual__2023-11-25T08:39:52.868395+00:00'
[2023-11-25T08:47:08.959+0000] {taskinstance.py:1943} ERROR - Task failed with exception
Traceback (most recent call last):
  File "/home/airflow/.local/lib/python3.8/site-packages/airflow/operators/python.py", line 192, in execute
    return_value = self.execute_callable()
  File "/home/airflow/.local/lib/python3.8/site-packages/airflow/operators/python.py", line 209, in execute_callable
    return self.python_callable(*self.op_args, **self.op_kwargs)
  File "/opt/airflow/dags/scripts/pyspark.py", line 133, in merge_and_transform_rent
    numbeo_price_info = [{**row.asDict(), 'Monthly Price': round(row['Monthly Price'], 2)} for row in numbeo_price_info_df_filtered.collect()]
  File "/opt/airflow/dags/scripts/pyspark.py", line 133, in <listcomp>
    numbeo_price_info = [{**row.asDict(), 'Monthly Price': round(row['Monthly Price'], 2)} for row in numbeo_price_info_df_filtered.collect()]
TypeError: type NoneType doesn't define __round__ method
[2023-11-25T08:47:08.982+0000] {taskinstance.py:1400} INFO - Marking task as UP_FOR_RETRY. dag_id=col_api_etl, task_id=merge_and_transform_rent, execution_date=20231125T083952, start_date=20231125T084659, end_date=20231125T084708
[2023-11-25T08:47:09.005+0000] {standard_task_runner.py:104} ERROR - Failed to execute job 37 for task merge_and_transform_rent (type NoneType doesn't define __round__ method; 11258)
[2023-11-25T08:47:09.033+0000] {local_task_job_runner.py:228} INFO - Task exited with return code 1
