[2023-10-29T02:40:22.435+0000] {logging_mixin.py:151} INFO - Changing /opt/***/logs/dag_id=col_api_etl/run_id=manual__2023-10-29T02:40:10.670472+00:00/task_id=extract_numbeo_prices_from_city permission to 509
[2023-10-29T02:40:22.436+0000] {logging_mixin.py:151} INFO - Failed to change /opt/***/logs/dag_id=col_api_etl/run_id=manual__2023-10-29T02:40:10.670472+00:00/task_id=extract_numbeo_prices_from_city permission to 509: [Errno 1] Operation not permitted: '/opt/***/logs/dag_id=col_api_etl/run_id=manual__2023-10-29T02:40:10.670472+00:00/task_id=extract_numbeo_prices_from_city'
[2023-10-29T02:40:22.461+0000] {logging_mixin.py:151} INFO - Changing /opt/***/logs/dag_id=col_api_etl/run_id=manual__2023-10-29T02:40:10.670472+00:00/task_id=extract_numbeo_prices_from_city permission to 509
[2023-10-29T02:40:22.462+0000] {logging_mixin.py:151} INFO - Failed to change /opt/***/logs/dag_id=col_api_etl/run_id=manual__2023-10-29T02:40:10.670472+00:00/task_id=extract_numbeo_prices_from_city permission to 509: [Errno 1] Operation not permitted: '/opt/***/logs/dag_id=col_api_etl/run_id=manual__2023-10-29T02:40:10.670472+00:00/task_id=extract_numbeo_prices_from_city'
[2023-10-29T02:40:22.492+0000] {taskinstance.py:1159} INFO - Dependencies all met for dep_context=non-requeueable deps ti=<TaskInstance: col_api_etl.extract_numbeo_prices_from_city manual__2023-10-29T02:40:10.670472+00:00 [queued]>
[2023-10-29T02:40:22.501+0000] {taskinstance.py:1159} INFO - Dependencies all met for dep_context=requeueable deps ti=<TaskInstance: col_api_etl.extract_numbeo_prices_from_city manual__2023-10-29T02:40:10.670472+00:00 [queued]>
[2023-10-29T02:40:22.502+0000] {taskinstance.py:1361} INFO - Starting attempt 1 of 2
[2023-10-29T02:40:22.513+0000] {taskinstance.py:1382} INFO - Executing <Task(PythonOperator): extract_numbeo_prices_from_city> on 2023-10-29 02:40:10.670472+00:00
[2023-10-29T02:40:22.519+0000] {standard_task_runner.py:57} INFO - Started process 33363 to run task
[2023-10-29T02:40:22.519+0000] {clientserver.py:543} INFO - Closing down clientserver connection
[2023-10-29T02:40:22.522+0000] {standard_task_runner.py:84} INFO - Running: ['***', 'tasks', 'run', 'col_api_etl', 'extract_numbeo_prices_from_city', 'manual__2023-10-29T02:40:10.670472+00:00', '--job-id', '1104', '--raw', '--subdir', 'DAGS_FOLDER/col_api_etl.py', '--cfg-path', '/tmp/tmpfsr_gljx']
[2023-10-29T02:40:22.524+0000] {standard_task_runner.py:85} INFO - Job 1104: Subtask extract_numbeo_prices_from_city
[2023-10-29T02:40:22.560+0000] {logging_mixin.py:151} INFO - Changing /opt/***/logs/dag_id=col_api_etl/run_id=manual__2023-10-29T02:40:10.670472+00:00/task_id=extract_numbeo_prices_from_city permission to 509
[2023-10-29T02:40:22.561+0000] {logging_mixin.py:151} INFO - Failed to change /opt/***/logs/dag_id=col_api_etl/run_id=manual__2023-10-29T02:40:10.670472+00:00/task_id=extract_numbeo_prices_from_city permission to 509: [Errno 1] Operation not permitted: '/opt/***/logs/dag_id=col_api_etl/run_id=manual__2023-10-29T02:40:10.670472+00:00/task_id=extract_numbeo_prices_from_city'
[2023-10-29T02:40:22.564+0000] {task_command.py:415} INFO - Running <TaskInstance: col_api_etl.extract_numbeo_prices_from_city manual__2023-10-29T02:40:10.670472+00:00 [running]> on host ea85de3a6109
[2023-10-29T02:40:22.633+0000] {taskinstance.py:1660} INFO - Exporting env vars: AIRFLOW_CTX_DAG_OWNER='***' AIRFLOW_CTX_DAG_ID='col_api_etl' AIRFLOW_CTX_TASK_ID='extract_numbeo_prices_from_city' AIRFLOW_CTX_EXECUTION_DATE='2023-10-29T02:40:10.670472+00:00' AIRFLOW_CTX_TRY_NUMBER='1' AIRFLOW_CTX_DAG_RUN_ID='manual__2023-10-29T02:40:10.670472+00:00'
[2023-10-29T02:40:24.087+0000] {logging_mixin.py:151} INFO - Dubai
[2023-10-29T02:40:29.634+0000] {logging_mixin.py:151} INFO - Abu-Dhabi
[2023-10-29T02:40:35.125+0000] {logging_mixin.py:151} INFO - Sharjah
[2023-10-29T02:40:40.368+0000] {logging_mixin.py:151} INFO - Perth
[2023-10-29T02:40:45.905+0000] {logging_mixin.py:151} INFO - Melbourne
[2023-10-29T02:40:51.490+0000] {logging_mixin.py:151} INFO - Sydney
[2023-10-29T02:40:57.202+0000] {logging_mixin.py:151} INFO - Brisbane
[2023-10-29T02:41:02.701+0000] {logging_mixin.py:151} INFO - Hobart
[2023-10-29T02:41:07.931+0000] {logging_mixin.py:151} INFO - Adelaide
[2023-10-29T02:41:13.450+0000] {logging_mixin.py:151} INFO - Canberra
[2023-10-29T02:41:18.686+0000] {logging_mixin.py:151} INFO - Darwin
[2023-10-29T02:41:23.932+0000] {logging_mixin.py:151} INFO - Sarajevo
[2023-10-29T02:41:29.430+0000] {logging_mixin.py:151} INFO - Manama
[2023-10-29T02:41:34.673+0000] {logging_mixin.py:151} INFO - Sofia
[2023-10-29T02:41:40.465+0000] {logging_mixin.py:151} INFO - Sao-Paulo
[2023-10-29T02:41:46.605+0000] {logging_mixin.py:151} INFO - Rio-De-Janeiro
[2023-10-29T02:41:52.140+0000] {logging_mixin.py:151} INFO - Brasilia
[2023-10-29T02:41:57.375+0000] {logging_mixin.py:151} INFO - Toronto
[2023-10-29T02:42:03.174+0000] {logging_mixin.py:151} INFO - Montreal
[2023-10-29T02:42:08.969+0000] {logging_mixin.py:151} INFO - Vancouver
[2023-10-29T02:42:14.485+0000] {logging_mixin.py:151} INFO - Ottawa
[2023-10-29T02:42:19.996+0000] {logging_mixin.py:151} INFO - Calgary
[2023-10-29T02:42:25.496+0000] {logging_mixin.py:151} INFO - Edmonton
[2023-10-29T02:42:31.168+0000] {logging_mixin.py:151} INFO - Halifax
[2023-10-29T02:42:36.692+0000] {logging_mixin.py:151} INFO - Quebec-City
[2023-10-29T02:42:42.188+0000] {logging_mixin.py:151} INFO - Zurich
[2023-10-29T02:42:47.755+0000] {logging_mixin.py:151} INFO - Geneva
[2023-10-29T02:42:53.253+0000] {logging_mixin.py:151} INFO - Zug
[2023-10-29T02:42:58.488+0000] {logging_mixin.py:151} INFO - Basel
[2023-10-29T02:43:04.006+0000] {logging_mixin.py:151} INFO - Bern
[2023-10-29T02:43:09.598+0000] {logging_mixin.py:151} INFO - Lausanne
[2023-10-29T02:43:15.099+0000] {logging_mixin.py:151} INFO - Lugano
[2023-10-29T02:43:20.542+0000] {logging_mixin.py:151} INFO - Vaduz
[2023-10-29T02:43:25.772+0000] {logging_mixin.py:151} INFO - Santiago
[2023-10-29T02:43:31.282+0000] {logging_mixin.py:151} INFO - Chongqing
[2023-10-29T02:43:36.501+0000] {logging_mixin.py:151} INFO - Shanghai
[2023-10-29T02:43:42.034+0000] {logging_mixin.py:151} INFO - Beijing
[2023-10-29T02:43:47.877+0000] {logging_mixin.py:151} INFO - Chengdu
[2023-10-29T02:43:53.140+0000] {logging_mixin.py:151} INFO - Guangzhou
[2023-10-29T02:43:58.378+0000] {logging_mixin.py:151} INFO - Shenzhen
[2023-10-29T02:44:03.876+0000] {logging_mixin.py:151} INFO - Bogota
[2023-10-29T02:44:09.556+0000] {logging_mixin.py:151} INFO - Medellin
[2023-10-29T02:44:15.075+0000] {logging_mixin.py:151} INFO - Cali
[2023-10-29T02:44:20.605+0000] {logging_mixin.py:151} INFO - Cartagena
[2023-10-29T02:44:26.108+0000] {logging_mixin.py:151} INFO - San-Jose
[2023-10-29T02:44:31.617+0000] {logging_mixin.py:151} INFO - Prague
[2023-10-29T02:44:37.181+0000] {logging_mixin.py:151} INFO - Brno
[2023-10-29T02:44:42.755+0000] {logging_mixin.py:151} INFO - Ostrava
[2023-10-29T02:44:48.251+0000] {logging_mixin.py:151} INFO - Copenhagen
[2023-10-29T02:44:53.762+0000] {logging_mixin.py:151} INFO - Aarhus
[2023-10-29T02:44:58.956+0000] {taskinstance.py:1943} ERROR - Task failed with exception
Traceback (most recent call last):
  File "/home/airflow/.local/lib/python3.8/site-packages/airflow/operators/python.py", line 192, in execute
    return_value = self.execute_callable()
  File "/home/airflow/.local/lib/python3.8/site-packages/airflow/operators/python.py", line 209, in execute_callable
    return self.python_callable(*self.op_args, **self.op_kwargs)
  File "/opt/airflow/dags/scripts/extraction.py", line 141, in extract_numbeo_prices_from_city
    prices_table = numbeo_prices_city_html.find('table', {'class': 'data_wide_table new_bar_table'}).find_all('tr')
AttributeError: 'NoneType' object has no attribute 'find_all'
[2023-10-29T02:44:58.973+0000] {taskinstance.py:1400} INFO - Marking task as UP_FOR_RETRY. dag_id=col_api_etl, task_id=extract_numbeo_prices_from_city, execution_date=20231029T024010, start_date=20231029T024022, end_date=20231029T024458
[2023-10-29T02:44:58.988+0000] {standard_task_runner.py:104} ERROR - Failed to execute job 1104 for task extract_numbeo_prices_from_city ('NoneType' object has no attribute 'find_all'; 33363)
[2023-10-29T02:44:59.040+0000] {local_task_job_runner.py:228} INFO - Task exited with return code 1
