[2023-11-25T06:57:39.511+0000] {taskinstance.py:1159} INFO - Dependencies all met for dep_context=non-requeueable deps ti=<TaskInstance: col_api_etl.extract_currency_conversion_rates manual__2023-11-25T06:56:53.604843+00:00 [queued]>
[2023-11-25T06:57:39.520+0000] {taskinstance.py:1159} INFO - Dependencies all met for dep_context=requeueable deps ti=<TaskInstance: col_api_etl.extract_currency_conversion_rates manual__2023-11-25T06:56:53.604843+00:00 [queued]>
[2023-11-25T06:57:39.520+0000] {taskinstance.py:1361} INFO - Starting attempt 2 of 2
[2023-11-25T06:57:39.534+0000] {taskinstance.py:1382} INFO - Executing <Task(PythonOperator): extract_currency_conversion_rates> on 2023-11-25 06:56:53.604843+00:00
[2023-11-25T06:57:39.541+0000] {standard_task_runner.py:57} INFO - Started process 30807 to run task
[2023-11-25T06:57:39.541+0000] {clientserver.py:543} INFO - Closing down clientserver connection
[2023-11-25T06:57:39.547+0000] {standard_task_runner.py:84} INFO - Running: ['***', 'tasks', 'run', 'col_api_etl', 'extract_currency_conversion_rates', 'manual__2023-11-25T06:56:53.604843+00:00', '--job-id', '3', '--raw', '--subdir', 'DAGS_FOLDER/col_api_etl.py', '--cfg-path', '/tmp/tmpslj9yf3g']
[2023-11-25T06:57:39.549+0000] {standard_task_runner.py:85} INFO - Job 3: Subtask extract_currency_conversion_rates
[2023-11-25T06:57:39.617+0000] {task_command.py:415} INFO - Running <TaskInstance: col_api_etl.extract_currency_conversion_rates manual__2023-11-25T06:56:53.604843+00:00 [running]> on host 0cdb7478d939
[2023-11-25T06:57:39.625+0000] {clientserver.py:505} INFO - Error while sending or receiving.
Traceback (most recent call last):
  File "/home/airflow/.local/lib/python3.8/site-packages/py4j/clientserver.py", line 503, in send_command
    self.socket.sendall(command.encode("utf-8"))
ConnectionResetError: [Errno 104] Connection reset by peer
[2023-11-25T06:57:39.628+0000] {clientserver.py:543} INFO - Closing down clientserver connection
[2023-11-25T06:57:39.629+0000] {java_gateway.py:1052} INFO - Exception while sending command.
Traceback (most recent call last):
  File "/home/airflow/.local/lib/python3.8/site-packages/py4j/clientserver.py", line 503, in send_command
    self.socket.sendall(command.encode("utf-8"))
ConnectionResetError: [Errno 104] Connection reset by peer

During handling of the above exception, another exception occurred:

Traceback (most recent call last):
  File "/home/airflow/.local/lib/python3.8/site-packages/py4j/java_gateway.py", line 1038, in send_command
    response = connection.send_command(command)
  File "/home/airflow/.local/lib/python3.8/site-packages/py4j/clientserver.py", line 506, in send_command
    raise Py4JNetworkError(
py4j.protocol.Py4JNetworkError: Error while sending
[2023-11-25T06:57:39.633+0000] {clientserver.py:543} INFO - Closing down clientserver connection
[2023-11-25T06:57:39.920+0000] {taskinstance.py:1660} INFO - Exporting env vars: AIRFLOW_CTX_DAG_OWNER='***' AIRFLOW_CTX_DAG_ID='col_api_etl' AIRFLOW_CTX_TASK_ID='extract_currency_conversion_rates' AIRFLOW_CTX_EXECUTION_DATE='2023-11-25T06:56:53.604843+00:00' AIRFLOW_CTX_TRY_NUMBER='2' AIRFLOW_CTX_DAG_RUN_ID='manual__2023-11-25T06:56:53.604843+00:00'
[2023-11-25T06:57:41.119+0000] {taskinstance.py:1943} ERROR - Task failed with exception
Traceback (most recent call last):
  File "/home/airflow/.local/lib/python3.8/site-packages/airflow/operators/python.py", line 192, in execute
    return_value = self.execute_callable()
  File "/home/airflow/.local/lib/python3.8/site-packages/airflow/operators/python.py", line 209, in execute_callable
    return self.python_callable(*self.op_args, **self.op_kwargs)
  File "/opt/airflow/dags/scripts/extraction.py", line 39, in extract_currency_conversion_rates
    put_data(file_prefix='currency_conversion_rates', data=currency_conversion_rates, bucket_type='raw')
  File "/opt/airflow/dags/utils/aws_utils.py", line 29, in put_data
    boto3_s3.put_object(Bucket=os.environ.get('S3_BUCKET_RAW'), Key=file_prefix + current_date, Body=data_json,
  File "/home/airflow/.local/lib/python3.8/site-packages/botocore/client.py", line 535, in _api_call
    return self._make_api_call(operation_name, kwargs)
  File "/home/airflow/.local/lib/python3.8/site-packages/botocore/client.py", line 928, in _make_api_call
    api_params = self._emit_api_params(
  File "/home/airflow/.local/lib/python3.8/site-packages/botocore/client.py", line 1043, in _emit_api_params
    self.meta.events.emit(
  File "/home/airflow/.local/lib/python3.8/site-packages/botocore/hooks.py", line 412, in emit
    return self._emitter.emit(aliased_event_name, **kwargs)
  File "/home/airflow/.local/lib/python3.8/site-packages/botocore/hooks.py", line 256, in emit
    return self._emit(event_name, kwargs)
  File "/home/airflow/.local/lib/python3.8/site-packages/botocore/hooks.py", line 239, in _emit
    response = handler(**kwargs)
  File "/home/airflow/.local/lib/python3.8/site-packages/botocore/handlers.py", line 278, in validate_bucket_name
    if not VALID_BUCKET.search(bucket) and not VALID_S3_ARN.search(bucket):
TypeError: expected string or bytes-like object
[2023-11-25T06:57:41.136+0000] {taskinstance.py:1400} INFO - Marking task as FAILED. dag_id=col_api_etl, task_id=extract_currency_conversion_rates, execution_date=20231125T065653, start_date=20231125T065739, end_date=20231125T065741
[2023-11-25T06:57:41.148+0000] {standard_task_runner.py:104} ERROR - Failed to execute job 3 for task extract_currency_conversion_rates (expected string or bytes-like object; 30807)
[2023-11-25T06:57:41.164+0000] {local_task_job_runner.py:228} INFO - Task exited with return code 1
