[2023-10-29T03:32:02.515+0000] {logging_mixin.py:151} INFO - Changing /opt/***/logs/dag_id=col_api_etl/run_id=manual__2023-10-29T03:31:50.433314+00:00/task_id=extract_numbeo_prices_from_city permission to 509
[2023-10-29T03:32:02.515+0000] {logging_mixin.py:151} INFO - Failed to change /opt/***/logs/dag_id=col_api_etl/run_id=manual__2023-10-29T03:31:50.433314+00:00/task_id=extract_numbeo_prices_from_city permission to 509: [Errno 1] Operation not permitted: '/opt/***/logs/dag_id=col_api_etl/run_id=manual__2023-10-29T03:31:50.433314+00:00/task_id=extract_numbeo_prices_from_city'
[2023-10-29T03:32:02.541+0000] {logging_mixin.py:151} INFO - Changing /opt/***/logs/dag_id=col_api_etl/run_id=manual__2023-10-29T03:31:50.433314+00:00/task_id=extract_numbeo_prices_from_city permission to 509
[2023-10-29T03:32:02.542+0000] {logging_mixin.py:151} INFO - Failed to change /opt/***/logs/dag_id=col_api_etl/run_id=manual__2023-10-29T03:31:50.433314+00:00/task_id=extract_numbeo_prices_from_city permission to 509: [Errno 1] Operation not permitted: '/opt/***/logs/dag_id=col_api_etl/run_id=manual__2023-10-29T03:31:50.433314+00:00/task_id=extract_numbeo_prices_from_city'
[2023-10-29T03:32:02.571+0000] {taskinstance.py:1159} INFO - Dependencies all met for dep_context=non-requeueable deps ti=<TaskInstance: col_api_etl.extract_numbeo_prices_from_city manual__2023-10-29T03:31:50.433314+00:00 [queued]>
[2023-10-29T03:32:02.580+0000] {taskinstance.py:1159} INFO - Dependencies all met for dep_context=requeueable deps ti=<TaskInstance: col_api_etl.extract_numbeo_prices_from_city manual__2023-10-29T03:31:50.433314+00:00 [queued]>
[2023-10-29T03:32:02.580+0000] {taskinstance.py:1361} INFO - Starting attempt 1 of 2
[2023-10-29T03:32:02.592+0000] {taskinstance.py:1382} INFO - Executing <Task(PythonOperator): extract_numbeo_prices_from_city> on 2023-10-29 03:31:50.433314+00:00
[2023-10-29T03:32:02.596+0000] {standard_task_runner.py:57} INFO - Started process 49659 to run task
[2023-10-29T03:32:02.597+0000] {clientserver.py:543} INFO - Closing down clientserver connection
[2023-10-29T03:32:02.600+0000] {standard_task_runner.py:84} INFO - Running: ['***', 'tasks', 'run', 'col_api_etl', 'extract_numbeo_prices_from_city', 'manual__2023-10-29T03:31:50.433314+00:00', '--job-id', '1113', '--raw', '--subdir', 'DAGS_FOLDER/col_api_etl.py', '--cfg-path', '/tmp/tmpcl1_8qrm']
[2023-10-29T03:32:02.601+0000] {standard_task_runner.py:85} INFO - Job 1113: Subtask extract_numbeo_prices_from_city
[2023-10-29T03:32:02.639+0000] {logging_mixin.py:151} INFO - Changing /opt/***/logs/dag_id=col_api_etl/run_id=manual__2023-10-29T03:31:50.433314+00:00/task_id=extract_numbeo_prices_from_city permission to 509
[2023-10-29T03:32:02.639+0000] {logging_mixin.py:151} INFO - Failed to change /opt/***/logs/dag_id=col_api_etl/run_id=manual__2023-10-29T03:31:50.433314+00:00/task_id=extract_numbeo_prices_from_city permission to 509: [Errno 1] Operation not permitted: '/opt/***/logs/dag_id=col_api_etl/run_id=manual__2023-10-29T03:31:50.433314+00:00/task_id=extract_numbeo_prices_from_city'
[2023-10-29T03:32:02.641+0000] {task_command.py:415} INFO - Running <TaskInstance: col_api_etl.extract_numbeo_prices_from_city manual__2023-10-29T03:31:50.433314+00:00 [running]> on host ea85de3a6109
[2023-10-29T03:32:02.708+0000] {taskinstance.py:1660} INFO - Exporting env vars: AIRFLOW_CTX_DAG_OWNER='***' AIRFLOW_CTX_DAG_ID='col_api_etl' AIRFLOW_CTX_TASK_ID='extract_numbeo_prices_from_city' AIRFLOW_CTX_EXECUTION_DATE='2023-10-29T03:31:50.433314+00:00' AIRFLOW_CTX_TRY_NUMBER='1' AIRFLOW_CTX_DAG_RUN_ID='manual__2023-10-29T03:31:50.433314+00:00'
[2023-10-29T03:32:04.156+0000] {logging_mixin.py:151} INFO - Dubai
[2023-10-29T03:32:09.997+0000] {logging_mixin.py:151} INFO - Abu-Dhabi
[2023-10-29T03:32:15.595+0000] {logging_mixin.py:151} INFO - Sharjah
[2023-10-29T03:32:21.195+0000] {logging_mixin.py:151} INFO - Perth
[2023-10-29T03:32:26.770+0000] {logging_mixin.py:151} INFO - Melbourne
[2023-10-29T03:32:32.311+0000] {logging_mixin.py:151} INFO - Sydney
[2023-10-29T03:32:38.097+0000] {logging_mixin.py:151} INFO - Brisbane
[2023-10-29T03:32:43.707+0000] {logging_mixin.py:151} INFO - Hobart
[2023-10-29T03:32:49.001+0000] {logging_mixin.py:151} INFO - Adelaide
[2023-10-29T03:32:54.511+0000] {logging_mixin.py:151} INFO - Canberra
[2023-10-29T03:33:00.140+0000] {logging_mixin.py:151} INFO - Darwin
[2023-10-29T03:33:05.379+0000] {logging_mixin.py:151} INFO - Sarajevo
[2023-10-29T03:33:10.977+0000] {logging_mixin.py:151} INFO - Manama
[2023-10-29T03:33:16.579+0000] {logging_mixin.py:151} INFO - Sofia
[2023-10-29T03:33:22.560+0000] {logging_mixin.py:151} INFO - Sao-Paulo
[2023-10-29T03:33:28.294+0000] {logging_mixin.py:151} INFO - Rio-De-Janeiro
[2023-10-29T03:33:33.846+0000] {logging_mixin.py:151} INFO - Brasilia
[2023-10-29T03:33:39.095+0000] {logging_mixin.py:151} INFO - Toronto
[2023-10-29T03:33:45.069+0000] {logging_mixin.py:151} INFO - Montreal
[2023-10-29T03:33:50.932+0000] {logging_mixin.py:151} INFO - Vancouver
[2023-10-29T03:33:56.536+0000] {logging_mixin.py:151} INFO - Ottawa
[2023-10-29T03:34:02.140+0000] {logging_mixin.py:151} INFO - Calgary
[2023-10-29T03:34:07.784+0000] {logging_mixin.py:151} INFO - Edmonton
[2023-10-29T03:34:13.511+0000] {logging_mixin.py:151} INFO - Halifax
[2023-10-29T03:34:19.248+0000] {logging_mixin.py:151} INFO - Quebec-City
[2023-10-29T03:34:24.799+0000] {logging_mixin.py:151} INFO - Zurich
[2023-10-29T03:34:30.398+0000] {logging_mixin.py:151} INFO - Geneva
[2023-10-29T03:34:35.671+0000] {logging_mixin.py:151} INFO - Zug
[2023-10-29T03:34:41.296+0000] {logging_mixin.py:151} INFO - Basel
[2023-10-29T03:34:46.972+0000] {logging_mixin.py:151} INFO - Bern
[2023-10-29T03:34:52.217+0000] {logging_mixin.py:151} INFO - Lausanne
[2023-10-29T03:34:57.757+0000] {logging_mixin.py:151} INFO - Lugano
[2023-10-29T03:35:03.254+0000] {logging_mixin.py:151} INFO - Vaduz
[2023-10-29T03:35:08.586+0000] {logging_mixin.py:151} INFO - Santiago
[2023-10-29T03:35:14.259+0000] {logging_mixin.py:151} INFO - Chongqing
[2023-10-29T03:35:19.577+0000] {logging_mixin.py:151} INFO - Shanghai
[2023-10-29T03:35:25.127+0000] {logging_mixin.py:151} INFO - Beijing
[2023-10-29T03:35:31.164+0000] {logging_mixin.py:151} INFO - Chengdu
[2023-10-29T03:35:36.478+0000] {logging_mixin.py:151} INFO - Guangzhou
[2023-10-29T03:35:42.007+0000] {logging_mixin.py:151} INFO - Shenzhen
[2023-10-29T03:35:45.081+0000] {local_task_job_runner.py:294} WARNING - State of this instance has been externally set to failed. Terminating instance.
[2023-10-29T03:35:45.085+0000] {process_utils.py:131} INFO - Sending 15 to group 49659. PIDs of all processes in the group: [49659]
[2023-10-29T03:35:45.085+0000] {process_utils.py:86} INFO - Sending the signal 15 to group 49659
[2023-10-29T03:35:45.086+0000] {taskinstance.py:1632} ERROR - Received SIGTERM. Terminating subprocesses.
[2023-10-29T03:35:45.138+0000] {process_utils.py:79} INFO - Process psutil.Process(pid=49659, status='terminated', exitcode=0, started='03:32:01') (49659) terminated with exit code 0
