[2023-10-29T06:47:19.293+0000] {logging_mixin.py:151} INFO - Changing /opt/***/logs/dag_id=col_api_etl/run_id=manual__2023-10-29T06:47:08.001727+00:00/task_id=extract_numbeo_prices_from_city permission to 509
[2023-10-29T06:47:19.295+0000] {logging_mixin.py:151} INFO - Failed to change /opt/***/logs/dag_id=col_api_etl/run_id=manual__2023-10-29T06:47:08.001727+00:00/task_id=extract_numbeo_prices_from_city permission to 509: [Errno 1] Operation not permitted: '/opt/***/logs/dag_id=col_api_etl/run_id=manual__2023-10-29T06:47:08.001727+00:00/task_id=extract_numbeo_prices_from_city'
[2023-10-29T06:47:19.328+0000] {logging_mixin.py:151} INFO - Changing /opt/***/logs/dag_id=col_api_etl/run_id=manual__2023-10-29T06:47:08.001727+00:00/task_id=extract_numbeo_prices_from_city permission to 509
[2023-10-29T06:47:19.328+0000] {logging_mixin.py:151} INFO - Failed to change /opt/***/logs/dag_id=col_api_etl/run_id=manual__2023-10-29T06:47:08.001727+00:00/task_id=extract_numbeo_prices_from_city permission to 509: [Errno 1] Operation not permitted: '/opt/***/logs/dag_id=col_api_etl/run_id=manual__2023-10-29T06:47:08.001727+00:00/task_id=extract_numbeo_prices_from_city'
[2023-10-29T06:47:19.362+0000] {taskinstance.py:1159} INFO - Dependencies all met for dep_context=non-requeueable deps ti=<TaskInstance: col_api_etl.extract_numbeo_prices_from_city manual__2023-10-29T06:47:08.001727+00:00 [queued]>
[2023-10-29T06:47:19.374+0000] {taskinstance.py:1159} INFO - Dependencies all met for dep_context=requeueable deps ti=<TaskInstance: col_api_etl.extract_numbeo_prices_from_city manual__2023-10-29T06:47:08.001727+00:00 [queued]>
[2023-10-29T06:47:19.374+0000] {taskinstance.py:1361} INFO - Starting attempt 1 of 2
[2023-10-29T06:47:19.389+0000] {taskinstance.py:1382} INFO - Executing <Task(PythonOperator): extract_numbeo_prices_from_city> on 2023-10-29 06:47:08.001727+00:00
[2023-10-29T06:47:19.395+0000] {standard_task_runner.py:57} INFO - Started process 107567 to run task
[2023-10-29T06:47:19.395+0000] {clientserver.py:543} INFO - Closing down clientserver connection
[2023-10-29T06:47:19.400+0000] {standard_task_runner.py:84} INFO - Running: ['***', 'tasks', 'run', 'col_api_etl', 'extract_numbeo_prices_from_city', 'manual__2023-10-29T06:47:08.001727+00:00', '--job-id', '1126', '--raw', '--subdir', 'DAGS_FOLDER/col_api_etl.py', '--cfg-path', '/tmp/tmpurklow8c']
[2023-10-29T06:47:19.402+0000] {standard_task_runner.py:85} INFO - Job 1126: Subtask extract_numbeo_prices_from_city
[2023-10-29T06:47:19.446+0000] {logging_mixin.py:151} INFO - Changing /opt/***/logs/dag_id=col_api_etl/run_id=manual__2023-10-29T06:47:08.001727+00:00/task_id=extract_numbeo_prices_from_city permission to 509
[2023-10-29T06:47:19.446+0000] {logging_mixin.py:151} INFO - Failed to change /opt/***/logs/dag_id=col_api_etl/run_id=manual__2023-10-29T06:47:08.001727+00:00/task_id=extract_numbeo_prices_from_city permission to 509: [Errno 1] Operation not permitted: '/opt/***/logs/dag_id=col_api_etl/run_id=manual__2023-10-29T06:47:08.001727+00:00/task_id=extract_numbeo_prices_from_city'
[2023-10-29T06:47:19.449+0000] {task_command.py:415} INFO - Running <TaskInstance: col_api_etl.extract_numbeo_prices_from_city manual__2023-10-29T06:47:08.001727+00:00 [running]> on host ea85de3a6109
[2023-10-29T06:47:19.533+0000] {taskinstance.py:1660} INFO - Exporting env vars: AIRFLOW_CTX_DAG_OWNER='***' AIRFLOW_CTX_DAG_ID='col_api_etl' AIRFLOW_CTX_TASK_ID='extract_numbeo_prices_from_city' AIRFLOW_CTX_EXECUTION_DATE='2023-10-29T06:47:08.001727+00:00' AIRFLOW_CTX_TRY_NUMBER='1' AIRFLOW_CTX_DAG_RUN_ID='manual__2023-10-29T06:47:08.001727+00:00'
[2023-10-29T06:47:19.932+0000] {clientserver.py:505} INFO - Error while sending or receiving.
Traceback (most recent call last):
  File "/home/airflow/.local/lib/python3.8/site-packages/py4j/clientserver.py", line 503, in send_command
    self.socket.sendall(command.encode("utf-8"))
ConnectionResetError: [Errno 104] Connection reset by peer
[2023-10-29T06:47:19.934+0000] {clientserver.py:543} INFO - Closing down clientserver connection
[2023-10-29T06:47:19.935+0000] {java_gateway.py:1052} INFO - Exception while sending command.
Traceback (most recent call last):
  File "/home/airflow/.local/lib/python3.8/site-packages/py4j/clientserver.py", line 503, in send_command
    self.socket.sendall(command.encode("utf-8"))
ConnectionResetError: [Errno 104] Connection reset by peer

During handling of the above exception, another exception occurred:

Traceback (most recent call last):
  File "/home/airflow/.local/lib/python3.8/site-packages/py4j/java_gateway.py", line 1038, in send_command
    response = connection.send_command(command)
  File "/home/airflow/.local/lib/python3.8/site-packages/py4j/clientserver.py", line 506, in send_command
    raise Py4JNetworkError(
py4j.protocol.Py4JNetworkError: Error while sending
[2023-10-29T06:47:19.937+0000] {clientserver.py:543} INFO - Closing down clientserver connection
[2023-10-29T06:47:21.053+0000] {logging_mixin.py:151} INFO - Dubai
[2023-10-29T06:47:27.038+0000] {logging_mixin.py:151} INFO - Abu-Dhabi
[2023-10-29T06:47:32.565+0000] {logging_mixin.py:151} INFO - Sharjah
[2023-10-29T06:47:38.166+0000] {logging_mixin.py:151} INFO - Perth
[2023-10-29T06:47:43.745+0000] {logging_mixin.py:151} INFO - Melbourne
[2023-10-29T06:47:49.354+0000] {logging_mixin.py:151} INFO - Sydney
[2023-10-29T06:47:55.167+0000] {logging_mixin.py:151} INFO - Brisbane
[2023-10-29T06:48:00.873+0000] {logging_mixin.py:151} INFO - Hobart
[2023-10-29T06:48:06.199+0000] {logging_mixin.py:151} INFO - Adelaide
[2023-10-29T06:48:11.706+0000] {logging_mixin.py:151} INFO - Canberra
[2023-10-29T06:48:16.990+0000] {logging_mixin.py:151} INFO - Darwin
[2023-10-29T06:48:22.384+0000] {logging_mixin.py:151} INFO - Sarajevo
[2023-10-29T06:48:28.020+0000] {logging_mixin.py:151} INFO - Manama
[2023-10-29T06:48:33.664+0000] {logging_mixin.py:151} INFO - Sofia
[2023-10-29T06:48:39.488+0000] {logging_mixin.py:151} INFO - Sao-Paulo
[2023-10-29T06:48:45.208+0000] {logging_mixin.py:151} INFO - Rio-De-Janeiro
[2023-10-29T06:48:50.800+0000] {logging_mixin.py:151} INFO - Brasilia
[2023-10-29T06:48:56.039+0000] {logging_mixin.py:151} INFO - Toronto
[2023-10-29T06:49:02.027+0000] {logging_mixin.py:151} INFO - Montreal
[2023-10-29T06:49:07.848+0000] {logging_mixin.py:151} INFO - Vancouver
[2023-10-29T06:49:13.406+0000] {logging_mixin.py:151} INFO - Ottawa
[2023-10-29T06:49:19.104+0000] {logging_mixin.py:151} INFO - Calgary
[2023-10-29T06:49:24.706+0000] {logging_mixin.py:151} INFO - Edmonton
[2023-10-29T06:49:30.526+0000] {logging_mixin.py:151} INFO - Halifax
[2023-10-29T06:49:36.179+0000] {logging_mixin.py:151} INFO - Quebec-City
[2023-10-29T06:49:41.839+0000] {logging_mixin.py:151} INFO - Zurich
[2023-10-29T06:49:47.476+0000] {logging_mixin.py:151} INFO - Geneva
[2023-10-29T06:49:52.702+0000] {logging_mixin.py:151} INFO - Zug
[2023-10-29T06:49:58.220+0000] {logging_mixin.py:151} INFO - Basel
[2023-10-29T06:50:03.803+0000] {logging_mixin.py:151} INFO - Bern
[2023-10-29T06:50:09.342+0000] {logging_mixin.py:151} INFO - Lausanne
[2023-10-29T06:50:14.649+0000] {logging_mixin.py:151} INFO - Lugano
[2023-10-29T06:50:20.137+0000] {logging_mixin.py:151} INFO - Vaduz
[2023-10-29T06:50:25.497+0000] {logging_mixin.py:151} INFO - Santiago
[2023-10-29T06:50:31.147+0000] {logging_mixin.py:151} INFO - Chongqing
[2023-10-29T06:50:36.437+0000] {logging_mixin.py:151} INFO - Shanghai
[2023-10-29T06:50:41.985+0000] {logging_mixin.py:151} INFO - Beijing
[2023-10-29T06:50:47.976+0000] {logging_mixin.py:151} INFO - Chengdu
[2023-10-29T06:50:53.553+0000] {logging_mixin.py:151} INFO - Guangzhou
[2023-10-29T06:50:58.808+0000] {logging_mixin.py:151} INFO - Shenzhen
[2023-10-29T06:51:04.356+0000] {logging_mixin.py:151} INFO - Bogota
[2023-10-29T06:51:10.129+0000] {logging_mixin.py:151} INFO - Medellin
[2023-10-29T06:51:15.702+0000] {logging_mixin.py:151} INFO - Cali
[2023-10-29T06:51:21.273+0000] {logging_mixin.py:151} INFO - Cartagena
[2023-10-29T06:51:26.824+0000] {logging_mixin.py:151} INFO - San-Jose
[2023-10-29T06:51:32.411+0000] {logging_mixin.py:151} INFO - Prague
[2023-10-29T06:51:38.019+0000] {logging_mixin.py:151} INFO - Brno
[2023-10-29T06:51:43.567+0000] {logging_mixin.py:151} INFO - Ostrava
[2023-10-29T06:51:48.848+0000] {logging_mixin.py:151} INFO - Copenhagen
[2023-10-29T06:51:54.479+0000] {logging_mixin.py:151} INFO - Aarhus
[2023-10-29T06:52:00.030+0000] {logging_mixin.py:151} INFO - Aalborg
[2023-10-29T06:52:05.380+0000] {logging_mixin.py:151} INFO - Andorra-La-Vella
[2023-10-29T06:52:10.704+0000] {logging_mixin.py:151} INFO - Vienna
[2023-10-29T06:52:16.244+0000] {logging_mixin.py:151} INFO - Salzburg
[2023-10-29T06:52:21.783+0000] {logging_mixin.py:151} INFO - Graz
[2023-10-29T06:52:27.073+0000] {logging_mixin.py:151} INFO - Linz
[2023-10-29T06:52:32.415+0000] {logging_mixin.py:151} INFO - Innsbruck
[2023-10-29T06:52:37.941+0000] {logging_mixin.py:151} INFO - Brussels
[2023-10-29T06:52:43.460+0000] {logging_mixin.py:151} INFO - Antwerp
[2023-10-29T06:52:49.219+0000] {logging_mixin.py:151} INFO - Gent
[2023-10-29T06:52:54.577+0000] {logging_mixin.py:151} INFO - Liege
[2023-10-29T06:52:59.867+0000] {logging_mixin.py:151} INFO - Brugge
[2023-10-29T06:53:05.304+0000] {logging_mixin.py:151} INFO - Zagreb
[2023-10-29T06:53:10.878+0000] {logging_mixin.py:151} INFO - Split
[2023-10-29T06:53:16.501+0000] {logging_mixin.py:151} INFO - Dubrovnik
[2023-10-29T06:53:21.798+0000] {logging_mixin.py:151} INFO - Nicosia
[2023-10-29T06:53:27.228+0000] {logging_mixin.py:151} INFO - Tallinn
[2023-10-29T06:53:32.769+0000] {logging_mixin.py:151} INFO - Tartu
[2023-10-29T06:53:38.524+0000] {logging_mixin.py:151} INFO - Helsinki
[2023-10-29T06:53:44.149+0000] {logging_mixin.py:151} INFO - Turku
[2023-10-29T06:53:49.494+0000] {logging_mixin.py:151} INFO - Tampere
[2023-10-29T06:53:55.062+0000] {logging_mixin.py:151} INFO - Oulu
[2023-10-29T06:54:00.389+0000] {logging_mixin.py:151} INFO - Paris
[2023-10-29T06:54:06.092+0000] {logging_mixin.py:151} INFO - Marseille
[2023-10-29T06:54:11.663+0000] {logging_mixin.py:151} INFO - Lyon
[2023-10-29T06:54:16.983+0000] {logging_mixin.py:151} INFO - Toulouse
[2023-10-29T06:54:22.540+0000] {logging_mixin.py:151} INFO - Nice
[2023-10-29T06:54:27.815+0000] {logging_mixin.py:151} INFO - Nantes
[2023-10-29T06:54:33.565+0000] {logging_mixin.py:151} INFO - Montpellier
[2023-10-29T06:54:38.818+0000] {logging_mixin.py:151} INFO - Berlin
[2023-10-29T06:54:44.341+0000] {logging_mixin.py:151} INFO - Hamburg
[2023-10-29T06:54:49.924+0000] {logging_mixin.py:151} INFO - Munich
[2023-10-29T06:54:55.504+0000] {logging_mixin.py:151} INFO - Stuttgart
[2023-10-29T06:55:00.828+0000] {logging_mixin.py:151} INFO - Frankfurt
[2023-10-29T06:55:06.404+0000] {logging_mixin.py:151} INFO - Cologne
[2023-10-29T06:55:12.225+0000] {logging_mixin.py:151} INFO - Dusseldorf
[2023-10-29T06:55:19.786+0000] {logging_mixin.py:151} INFO - Hanover
[2023-10-29T06:55:25.357+0000] {logging_mixin.py:151} INFO - Dresden
[2023-10-29T06:55:30.986+0000] {logging_mixin.py:151} INFO - Leipzig
[2023-10-29T06:55:36.529+0000] {logging_mixin.py:151} INFO - Athens
[2023-10-29T06:55:42.079+0000] {logging_mixin.py:151} INFO - Crete
[2023-10-29T06:55:47.357+0000] {logging_mixin.py:151} INFO - Thessaloniki
[2023-10-29T06:55:52.903+0000] {logging_mixin.py:151} INFO - Dublin
[2023-10-29T06:55:58.760+0000] {logging_mixin.py:151} INFO - Cork
[2023-10-29T06:56:04.041+0000] {logging_mixin.py:151} INFO - Galway
[2023-10-29T06:56:09.747+0000] {logging_mixin.py:151} INFO - Limerick
[2023-10-29T06:56:15.368+0000] {logging_mixin.py:151} INFO - Rome
[2023-10-29T06:56:20.986+0000] {logging_mixin.py:151} INFO - Milan
[2023-10-29T06:56:26.533+0000] {logging_mixin.py:151} INFO - Naples
[2023-10-29T06:56:32.114+0000] {logging_mixin.py:151} INFO - Turin
[2023-10-29T06:56:37.639+0000] {logging_mixin.py:151} INFO - Palermo
[2023-10-29T06:56:42.932+0000] {logging_mixin.py:151} INFO - Genoa
[2023-10-29T06:56:48.187+0000] {logging_mixin.py:151} INFO - Bologna
[2023-10-29T06:56:53.533+0000] {logging_mixin.py:151} INFO - Florence
[2023-10-29T06:56:58.854+0000] {logging_mixin.py:151} INFO - Venice
[2023-10-29T06:57:04.513+0000] {logging_mixin.py:151} INFO - Riga
[2023-10-29T06:57:10.148+0000] {logging_mixin.py:151} INFO - Vilnius
[2023-10-29T06:57:15.707+0000] {logging_mixin.py:151} INFO - Luxembourg
[2023-10-29T06:57:21.269+0000] {logging_mixin.py:151} INFO - Valletta
[2023-10-29T06:57:26.538+0000] {logging_mixin.py:151} INFO - Podgorica
[2023-10-29T06:57:31.833+0000] {logging_mixin.py:151} INFO - Monaco
[2023-10-29T06:57:37.105+0000] {logging_mixin.py:151} INFO - Amsterdam
[2023-10-29T06:57:42.696+0000] {logging_mixin.py:151} INFO - Rotterdam
[2023-10-29T06:57:48.460+0000] {logging_mixin.py:151} INFO - Eindhoven
[2023-10-29T06:57:54.011+0000] {logging_mixin.py:151} INFO - The-Hague
[2023-10-29T06:57:59.595+0000] {logging_mixin.py:151} INFO - Groningen
[2023-10-29T06:58:04.887+0000] {logging_mixin.py:151} INFO - Tilburg
[2023-10-29T06:58:10.511+0000] {logging_mixin.py:151} INFO - Lisbon
[2023-10-29T06:58:16.203+0000] {logging_mixin.py:151} INFO - Porto
[2023-10-29T06:58:21.450+0000] {logging_mixin.py:151} INFO - Braga
[2023-10-29T06:58:26.754+0000] {logging_mixin.py:151} INFO - Funchal
[2023-10-29T06:58:32.089+0000] {logging_mixin.py:151} INFO - San-Marino
[2023-10-29T06:58:37.547+0000] {logging_mixin.py:151} INFO - Bratislava
[2023-10-29T06:58:43.143+0000] {logging_mixin.py:151} INFO - Ljubljana
[2023-10-29T06:58:48.695+0000] {logging_mixin.py:151} INFO - Madrid
[2023-10-29T06:58:54.272+0000] {logging_mixin.py:151} INFO - Barcelona
[2023-10-29T06:58:59.863+0000] {logging_mixin.py:151} INFO - Santa-Cruz-De-Tenerife
[2023-10-29T06:59:05.458+0000] {logging_mixin.py:151} INFO - Valencia
[2023-10-29T06:59:11.104+0000] {logging_mixin.py:151} INFO - Seville
[2023-10-29T06:59:16.651+0000] {logging_mixin.py:151} INFO - Zaragoza
[2023-10-29T06:59:22.252+0000] {logging_mixin.py:151} INFO - Malaga
[2023-10-29T06:59:27.654+0000] {logging_mixin.py:151} INFO - Bilbao
[2023-10-29T06:59:33.266+0000] {logging_mixin.py:151} INFO - Alicante
[2023-10-29T06:59:38.870+0000] {logging_mixin.py:151} INFO - Las-Palmas
[2023-10-29T06:59:44.554+0000] {logging_mixin.py:151} INFO - Tbilisi
[2023-10-29T06:59:50.458+0000] {logging_mixin.py:151} INFO - Hong-Kong
[2023-10-29T06:59:56.105+0000] {logging_mixin.py:151} INFO - Budapest
[2023-10-29T07:00:01.769+0000] {logging_mixin.py:151} INFO - Reykjavik
[2023-10-29T07:00:07.096+0000] {logging_mixin.py:151} INFO - Tel-Aviv
[2023-10-29T07:00:12.846+0000] {taskinstance.py:1943} ERROR - Task failed with exception
Traceback (most recent call last):
  File "/home/airflow/.local/lib/python3.8/site-packages/airflow/operators/python.py", line 192, in execute
    return_value = self.execute_callable()
  File "/home/airflow/.local/lib/python3.8/site-packages/airflow/operators/python.py", line 209, in execute_callable
    return self.python_callable(*self.op_args, **self.op_kwargs)
  File "/opt/airflow/dags/scripts/extraction.py", line 156, in extract_numbeo_prices_from_city
    prices_table = numbeo_prices_city_html.find('table', {'class': 'data_wide_table new_bar_table'}).find_all('tr')
AttributeError: 'NoneType' object has no attribute 'find_all'
[2023-10-29T07:00:12.862+0000] {taskinstance.py:1400} INFO - Marking task as UP_FOR_RETRY. dag_id=col_api_etl, task_id=extract_numbeo_prices_from_city, execution_date=20231029T064708, start_date=20231029T064719, end_date=20231029T070012
[2023-10-29T07:00:12.874+0000] {standard_task_runner.py:104} ERROR - Failed to execute job 1126 for task extract_numbeo_prices_from_city ('NoneType' object has no attribute 'find_all'; 107567)
[2023-10-29T07:00:12.895+0000] {local_task_job_runner.py:228} INFO - Task exited with return code 1
