[2023-10-29T07:00:46.640+0000] {logging_mixin.py:151} INFO - Changing /opt/***/logs/dag_id=col_api_etl/run_id=manual__2023-10-29T06:47:08.001727+00:00/task_id=extract_numbeo_prices_from_city permission to 509
[2023-10-29T07:00:46.641+0000] {logging_mixin.py:151} INFO - Failed to change /opt/***/logs/dag_id=col_api_etl/run_id=manual__2023-10-29T06:47:08.001727+00:00/task_id=extract_numbeo_prices_from_city permission to 509: [Errno 1] Operation not permitted: '/opt/***/logs/dag_id=col_api_etl/run_id=manual__2023-10-29T06:47:08.001727+00:00/task_id=extract_numbeo_prices_from_city'
[2023-10-29T07:00:46.667+0000] {logging_mixin.py:151} INFO - Changing /opt/***/logs/dag_id=col_api_etl/run_id=manual__2023-10-29T06:47:08.001727+00:00/task_id=extract_numbeo_prices_from_city permission to 509
[2023-10-29T07:00:46.668+0000] {logging_mixin.py:151} INFO - Failed to change /opt/***/logs/dag_id=col_api_etl/run_id=manual__2023-10-29T06:47:08.001727+00:00/task_id=extract_numbeo_prices_from_city permission to 509: [Errno 1] Operation not permitted: '/opt/***/logs/dag_id=col_api_etl/run_id=manual__2023-10-29T06:47:08.001727+00:00/task_id=extract_numbeo_prices_from_city'
[2023-10-29T07:00:46.700+0000] {taskinstance.py:1159} INFO - Dependencies all met for dep_context=non-requeueable deps ti=<TaskInstance: col_api_etl.extract_numbeo_prices_from_city manual__2023-10-29T06:47:08.001727+00:00 [queued]>
[2023-10-29T07:00:46.711+0000] {taskinstance.py:1159} INFO - Dependencies all met for dep_context=requeueable deps ti=<TaskInstance: col_api_etl.extract_numbeo_prices_from_city manual__2023-10-29T06:47:08.001727+00:00 [queued]>
[2023-10-29T07:00:46.712+0000] {taskinstance.py:1361} INFO - Starting attempt 2 of 2
[2023-10-29T07:00:46.723+0000] {taskinstance.py:1382} INFO - Executing <Task(PythonOperator): extract_numbeo_prices_from_city> on 2023-10-29 06:47:08.001727+00:00
[2023-10-29T07:00:46.728+0000] {clientserver.py:543} INFO - Closing down clientserver connection
[2023-10-29T07:00:46.728+0000] {standard_task_runner.py:57} INFO - Started process 111532 to run task
[2023-10-29T07:00:46.731+0000] {standard_task_runner.py:84} INFO - Running: ['***', 'tasks', 'run', 'col_api_etl', 'extract_numbeo_prices_from_city', 'manual__2023-10-29T06:47:08.001727+00:00', '--job-id', '1127', '--raw', '--subdir', 'DAGS_FOLDER/col_api_etl.py', '--cfg-path', '/tmp/tmpaixckqm5']
[2023-10-29T07:00:46.733+0000] {standard_task_runner.py:85} INFO - Job 1127: Subtask extract_numbeo_prices_from_city
[2023-10-29T07:00:46.769+0000] {logging_mixin.py:151} INFO - Changing /opt/***/logs/dag_id=col_api_etl/run_id=manual__2023-10-29T06:47:08.001727+00:00/task_id=extract_numbeo_prices_from_city permission to 509
[2023-10-29T07:00:46.770+0000] {logging_mixin.py:151} INFO - Failed to change /opt/***/logs/dag_id=col_api_etl/run_id=manual__2023-10-29T06:47:08.001727+00:00/task_id=extract_numbeo_prices_from_city permission to 509: [Errno 1] Operation not permitted: '/opt/***/logs/dag_id=col_api_etl/run_id=manual__2023-10-29T06:47:08.001727+00:00/task_id=extract_numbeo_prices_from_city'
[2023-10-29T07:00:46.771+0000] {task_command.py:415} INFO - Running <TaskInstance: col_api_etl.extract_numbeo_prices_from_city manual__2023-10-29T06:47:08.001727+00:00 [running]> on host ea85de3a6109
[2023-10-29T07:00:46.846+0000] {taskinstance.py:1660} INFO - Exporting env vars: AIRFLOW_CTX_DAG_OWNER='***' AIRFLOW_CTX_DAG_ID='col_api_etl' AIRFLOW_CTX_TASK_ID='extract_numbeo_prices_from_city' AIRFLOW_CTX_EXECUTION_DATE='2023-10-29T06:47:08.001727+00:00' AIRFLOW_CTX_TRY_NUMBER='2' AIRFLOW_CTX_DAG_RUN_ID='manual__2023-10-29T06:47:08.001727+00:00'
[2023-10-29T07:00:47.538+0000] {clientserver.py:505} INFO - Error while sending or receiving.
Traceback (most recent call last):
  File "/home/airflow/.local/lib/python3.8/site-packages/py4j/clientserver.py", line 503, in send_command
    self.socket.sendall(command.encode("utf-8"))
ConnectionResetError: [Errno 104] Connection reset by peer
[2023-10-29T07:00:47.540+0000] {clientserver.py:543} INFO - Closing down clientserver connection
[2023-10-29T07:00:47.540+0000] {java_gateway.py:1052} INFO - Exception while sending command.
Traceback (most recent call last):
  File "/home/airflow/.local/lib/python3.8/site-packages/py4j/clientserver.py", line 503, in send_command
    self.socket.sendall(command.encode("utf-8"))
ConnectionResetError: [Errno 104] Connection reset by peer

During handling of the above exception, another exception occurred:

Traceback (most recent call last):
  File "/home/airflow/.local/lib/python3.8/site-packages/py4j/java_gateway.py", line 1038, in send_command
    response = connection.send_command(command)
  File "/home/airflow/.local/lib/python3.8/site-packages/py4j/clientserver.py", line 506, in send_command
    raise Py4JNetworkError(
py4j.protocol.Py4JNetworkError: Error while sending
[2023-10-29T07:00:47.543+0000] {clientserver.py:543} INFO - Closing down clientserver connection
[2023-10-29T07:00:48.914+0000] {logging_mixin.py:151} INFO - Dubai
[2023-10-29T07:00:54.772+0000] {logging_mixin.py:151} INFO - Abu-Dhabi
[2023-10-29T07:01:00.288+0000] {logging_mixin.py:151} INFO - Sharjah
[2023-10-29T07:01:05.801+0000] {logging_mixin.py:151} INFO - Perth
[2023-10-29T07:01:11.374+0000] {logging_mixin.py:151} INFO - Melbourne
[2023-10-29T07:01:16.975+0000] {logging_mixin.py:151} INFO - Sydney
[2023-10-29T07:01:22.746+0000] {logging_mixin.py:151} INFO - Brisbane
[2023-10-29T07:01:28.395+0000] {logging_mixin.py:151} INFO - Hobart
[2023-10-29T07:01:33.708+0000] {logging_mixin.py:151} INFO - Adelaide
[2023-10-29T07:01:39.337+0000] {logging_mixin.py:151} INFO - Canberra
[2023-10-29T07:01:44.864+0000] {logging_mixin.py:151} INFO - Darwin
[2023-10-29T07:01:50.106+0000] {logging_mixin.py:151} INFO - Sarajevo
[2023-10-29T07:01:55.634+0000] {logging_mixin.py:151} INFO - Manama
[2023-10-29T07:02:01.252+0000] {logging_mixin.py:151} INFO - Sofia
[2023-10-29T07:02:07.164+0000] {logging_mixin.py:151} INFO - Sao-Paulo
[2023-10-29T07:02:12.991+0000] {logging_mixin.py:151} INFO - Rio-De-Janeiro
[2023-10-29T07:02:18.564+0000] {logging_mixin.py:151} INFO - Brasilia
[2023-10-29T07:02:23.836+0000] {logging_mixin.py:151} INFO - Toronto
[2023-10-29T07:02:29.953+0000] {logging_mixin.py:151} INFO - Montreal
[2023-10-29T07:02:35.743+0000] {logging_mixin.py:151} INFO - Vancouver
[2023-10-29T07:02:41.414+0000] {logging_mixin.py:151} INFO - Ottawa
[2023-10-29T07:02:47.058+0000] {logging_mixin.py:151} INFO - Calgary
[2023-10-29T07:02:52.640+0000] {logging_mixin.py:151} INFO - Edmonton
[2023-10-29T07:02:58.420+0000] {logging_mixin.py:151} INFO - Halifax
[2023-10-29T07:03:04.115+0000] {logging_mixin.py:151} INFO - Quebec-City
[2023-10-29T07:03:09.713+0000] {logging_mixin.py:151} INFO - Zurich
[2023-10-29T07:03:15.239+0000] {logging_mixin.py:151} INFO - Geneva
[2023-10-29T07:03:20.641+0000] {logging_mixin.py:151} INFO - Zug
[2023-10-29T07:03:26.280+0000] {logging_mixin.py:151} INFO - Basel
[2023-10-29T07:03:31.859+0000] {logging_mixin.py:151} INFO - Bern
[2023-10-29T07:03:37.512+0000] {logging_mixin.py:151} INFO - Lausanne
[2023-10-29T07:03:42.773+0000] {logging_mixin.py:151} INFO - Lugano
[2023-10-29T07:03:48.219+0000] {logging_mixin.py:151} INFO - Vaduz
[2023-10-29T07:03:53.616+0000] {logging_mixin.py:151} INFO - Santiago
[2023-10-29T07:03:59.154+0000] {logging_mixin.py:151} INFO - Chongqing
[2023-10-29T07:04:04.386+0000] {logging_mixin.py:151} INFO - Shanghai
[2023-10-29T07:04:09.996+0000] {logging_mixin.py:151} INFO - Beijing
[2023-10-29T07:04:15.884+0000] {logging_mixin.py:151} INFO - Chengdu
[2023-10-29T07:04:21.504+0000] {logging_mixin.py:151} INFO - Guangzhou
[2023-10-29T07:04:26.823+0000] {logging_mixin.py:151} INFO - Shenzhen
[2023-10-29T07:04:32.539+0000] {logging_mixin.py:151} INFO - Bogota
[2023-10-29T07:04:38.258+0000] {logging_mixin.py:151} INFO - Medellin
[2023-10-29T07:04:43.801+0000] {logging_mixin.py:151} INFO - Cali
[2023-10-29T07:04:49.427+0000] {logging_mixin.py:151} INFO - Cartagena
[2023-10-29T07:04:54.726+0000] {logging_mixin.py:151} INFO - San-Jose
[2023-10-29T07:05:00.393+0000] {logging_mixin.py:151} INFO - Prague
[2023-10-29T07:05:05.979+0000] {logging_mixin.py:151} INFO - Brno
[2023-10-29T07:05:11.687+0000] {logging_mixin.py:151} INFO - Ostrava
[2023-10-29T07:05:16.961+0000] {logging_mixin.py:151} INFO - Copenhagen
[2023-10-29T07:05:22.518+0000] {logging_mixin.py:151} INFO - Aarhus
[2023-10-29T07:05:28.180+0000] {logging_mixin.py:151} INFO - Aalborg
[2023-10-29T07:05:33.777+0000] {logging_mixin.py:151} INFO - Andorra-La-Vella
[2023-10-29T07:05:39.398+0000] {logging_mixin.py:151} INFO - Vienna
[2023-10-29T07:05:44.956+0000] {logging_mixin.py:151} INFO - Salzburg
[2023-10-29T07:05:50.256+0000] {logging_mixin.py:151} INFO - Graz
[2023-10-29T07:05:55.546+0000] {logging_mixin.py:151} INFO - Linz
[2023-10-29T07:06:01.126+0000] {logging_mixin.py:151} INFO - Innsbruck
[2023-10-29T07:06:06.464+0000] {logging_mixin.py:151} INFO - Brussels
[2023-10-29T07:06:12.001+0000] {logging_mixin.py:151} INFO - Antwerp
[2023-10-29T07:06:17.534+0000] {logging_mixin.py:151} INFO - Gent
[2023-10-29T07:06:23.181+0000] {logging_mixin.py:151} INFO - Liege
[2023-10-29T07:06:28.459+0000] {logging_mixin.py:151} INFO - Brugge
[2023-10-29T07:06:33.979+0000] {logging_mixin.py:151} INFO - Zagreb
[2023-10-29T07:06:39.559+0000] {logging_mixin.py:151} INFO - Split
[2023-10-29T07:06:44.842+0000] {logging_mixin.py:151} INFO - Dubrovnik
[2023-10-29T07:06:50.437+0000] {logging_mixin.py:151} INFO - Nicosia
[2023-10-29T07:06:55.749+0000] {logging_mixin.py:151} INFO - Tallinn
[2023-10-29T07:07:01.281+0000] {logging_mixin.py:151} INFO - Tartu
[2023-10-29T07:07:06.690+0000] {logging_mixin.py:151} INFO - Helsinki
[2023-10-29T07:07:12.243+0000] {logging_mixin.py:151} INFO - Turku
[2023-10-29T07:07:17.780+0000] {logging_mixin.py:151} INFO - Tampere
[2023-10-29T07:07:23.437+0000] {logging_mixin.py:151} INFO - Oulu
[2023-10-29T07:07:28.684+0000] {logging_mixin.py:151} INFO - Paris
[2023-10-29T07:07:34.243+0000] {logging_mixin.py:151} INFO - Marseille
[2023-10-29T07:07:39.938+0000] {logging_mixin.py:151} INFO - Lyon
[2023-10-29T07:07:45.497+0000] {logging_mixin.py:151} INFO - Toulouse
[2023-10-29T07:07:50.859+0000] {logging_mixin.py:151} INFO - Nice
[2023-10-29T07:07:56.461+0000] {logging_mixin.py:151} INFO - Nantes
[2023-10-29T07:08:01.997+0000] {logging_mixin.py:151} INFO - Montpellier
[2023-10-29T07:08:07.626+0000] {logging_mixin.py:151} INFO - Berlin
[2023-10-29T07:08:13.182+0000] {logging_mixin.py:151} INFO - Hamburg
[2023-10-29T07:08:18.689+0000] {logging_mixin.py:151} INFO - Munich
[2023-10-29T07:08:24.226+0000] {logging_mixin.py:151} INFO - Stuttgart
[2023-10-29T07:08:29.893+0000] {logging_mixin.py:151} INFO - Frankfurt
[2023-10-29T07:08:35.435+0000] {logging_mixin.py:151} INFO - Cologne
[2023-10-29T07:08:41.075+0000] {logging_mixin.py:151} INFO - Dusseldorf
[2023-10-29T07:08:46.449+0000] {logging_mixin.py:151} INFO - Hanover
[2023-10-29T07:08:51.884+0000] {logging_mixin.py:151} INFO - Dresden
[2023-10-29T07:08:57.477+0000] {logging_mixin.py:151} INFO - Leipzig
[2023-10-29T07:09:03.096+0000] {logging_mixin.py:151} INFO - Athens
[2023-10-29T07:09:08.644+0000] {logging_mixin.py:151} INFO - Crete
[2023-10-29T07:09:14.015+0000] {logging_mixin.py:151} INFO - Thessaloniki
[2023-10-29T07:09:19.643+0000] {logging_mixin.py:151} INFO - Dublin
[2023-10-29T07:09:25.676+0000] {logging_mixin.py:151} INFO - Cork
[2023-10-29T07:09:30.961+0000] {logging_mixin.py:151} INFO - Galway
[2023-10-29T07:09:36.499+0000] {logging_mixin.py:151} INFO - Limerick
[2023-10-29T07:09:42.179+0000] {logging_mixin.py:151} INFO - Rome
[2023-10-29T07:09:47.725+0000] {logging_mixin.py:151} INFO - Milan
[2023-10-29T07:09:53.259+0000] {logging_mixin.py:151} INFO - Naples
[2023-10-29T07:09:58.504+0000] {logging_mixin.py:151} INFO - Turin
[2023-10-29T07:10:04.076+0000] {logging_mixin.py:151} INFO - Palermo
[2023-10-29T07:10:09.410+0000] {logging_mixin.py:151} INFO - Genoa
[2023-10-29T07:10:15.032+0000] {logging_mixin.py:151} INFO - Bologna
[2023-10-29T07:10:20.271+0000] {logging_mixin.py:151} INFO - Florence
[2023-10-29T07:10:26.216+0000] {logging_mixin.py:151} INFO - Venice
[2023-10-29T07:10:31.721+0000] {logging_mixin.py:151} INFO - Riga
[2023-10-29T07:10:37.406+0000] {logging_mixin.py:151} INFO - Vilnius
[2023-10-29T07:10:43.107+0000] {logging_mixin.py:151} INFO - Luxembourg
[2023-10-29T07:10:48.660+0000] {logging_mixin.py:151} INFO - Valletta
[2023-10-29T07:10:53.907+0000] {logging_mixin.py:151} INFO - Podgorica
[2023-10-29T07:10:59.415+0000] {logging_mixin.py:151} INFO - Monaco
[2023-10-29T07:11:04.731+0000] {logging_mixin.py:151} INFO - Amsterdam
[2023-10-29T07:11:10.300+0000] {logging_mixin.py:151} INFO - Rotterdam
[2023-10-29T07:11:15.710+0000] {logging_mixin.py:151} INFO - Eindhoven
[2023-10-29T07:11:21.232+0000] {logging_mixin.py:151} INFO - The-Hague
[2023-10-29T07:11:27.042+0000] {logging_mixin.py:151} INFO - Groningen
[2023-10-29T07:11:32.307+0000] {logging_mixin.py:151} INFO - Tilburg
[2023-10-29T07:11:37.603+0000] {logging_mixin.py:151} INFO - Lisbon
[2023-10-29T07:11:43.217+0000] {logging_mixin.py:151} INFO - Porto
[2023-10-29T07:11:48.472+0000] {logging_mixin.py:151} INFO - Braga
[2023-10-29T07:11:54.053+0000] {logging_mixin.py:151} INFO - Funchal
[2023-10-29T07:11:59.317+0000] {logging_mixin.py:151} INFO - San-Marino
[2023-10-29T07:12:04.710+0000] {logging_mixin.py:151} INFO - Bratislava
[2023-10-29T07:12:10.269+0000] {logging_mixin.py:151} INFO - Ljubljana
[2023-10-29T07:12:15.875+0000] {logging_mixin.py:151} INFO - Madrid
[2023-10-29T07:12:21.504+0000] {logging_mixin.py:151} INFO - Barcelona
[2023-10-29T07:12:27.197+0000] {logging_mixin.py:151} INFO - Santa-Cruz-De-Tenerife
[2023-10-29T07:12:32.486+0000] {logging_mixin.py:151} INFO - Valencia
[2023-10-29T07:12:38.073+0000] {logging_mixin.py:151} INFO - Seville
[2023-10-29T07:12:43.465+0000] {logging_mixin.py:151} INFO - Zaragoza
[2023-10-29T07:12:48.711+0000] {logging_mixin.py:151} INFO - Malaga
[2023-10-29T07:12:54.102+0000] {logging_mixin.py:151} INFO - Bilbao
[2023-10-29T07:12:59.637+0000] {logging_mixin.py:151} INFO - Alicante
[2023-10-29T07:13:04.892+0000] {logging_mixin.py:151} INFO - Las-Palmas
[2023-10-29T07:13:10.414+0000] {logging_mixin.py:151} INFO - Tbilisi
[2023-10-29T07:13:16.308+0000] {logging_mixin.py:151} INFO - Hong-Kong
[2023-10-29T07:13:21.864+0000] {logging_mixin.py:151} INFO - Budapest
[2023-10-29T07:13:27.753+0000] {logging_mixin.py:151} INFO - Reykjavik
[2023-10-29T07:13:33.010+0000] {logging_mixin.py:151} INFO - Tel-Aviv
[2023-10-29T07:13:38.414+0000] {taskinstance.py:1943} ERROR - Task failed with exception
Traceback (most recent call last):
  File "/home/airflow/.local/lib/python3.8/site-packages/airflow/operators/python.py", line 192, in execute
    return_value = self.execute_callable()
  File "/home/airflow/.local/lib/python3.8/site-packages/airflow/operators/python.py", line 209, in execute_callable
    return self.python_callable(*self.op_args, **self.op_kwargs)
  File "/opt/airflow/dags/scripts/extraction.py", line 156, in extract_numbeo_prices_from_city
    prices_table = numbeo_prices_city_html.find('table', {'class': 'data_wide_table new_bar_table'}).find_all('tr')
AttributeError: 'NoneType' object has no attribute 'find_all'
[2023-10-29T07:13:38.429+0000] {taskinstance.py:1400} INFO - Marking task as FAILED. dag_id=col_api_etl, task_id=extract_numbeo_prices_from_city, execution_date=20231029T064708, start_date=20231029T070046, end_date=20231029T071338
[2023-10-29T07:13:38.457+0000] {standard_task_runner.py:104} ERROR - Failed to execute job 1127 for task extract_numbeo_prices_from_city ('NoneType' object has no attribute 'find_all'; 111532)
[2023-10-29T07:13:38.473+0000] {local_task_job_runner.py:228} INFO - Task exited with return code 1
