[2023-10-29T04:13:58.807+0000] {logging_mixin.py:151} INFO - Changing /opt/***/logs/dag_id=col_api_etl/run_id=manual__2023-10-29T04:01:55.609360+00:00/task_id=extract_numbeo_prices_from_city permission to 509
[2023-10-29T04:13:58.808+0000] {logging_mixin.py:151} INFO - Failed to change /opt/***/logs/dag_id=col_api_etl/run_id=manual__2023-10-29T04:01:55.609360+00:00/task_id=extract_numbeo_prices_from_city permission to 509: [Errno 1] Operation not permitted: '/opt/***/logs/dag_id=col_api_etl/run_id=manual__2023-10-29T04:01:55.609360+00:00/task_id=extract_numbeo_prices_from_city'
[2023-10-29T04:13:58.842+0000] {logging_mixin.py:151} INFO - Changing /opt/***/logs/dag_id=col_api_etl/run_id=manual__2023-10-29T04:01:55.609360+00:00/task_id=extract_numbeo_prices_from_city permission to 509
[2023-10-29T04:13:58.843+0000] {logging_mixin.py:151} INFO - Failed to change /opt/***/logs/dag_id=col_api_etl/run_id=manual__2023-10-29T04:01:55.609360+00:00/task_id=extract_numbeo_prices_from_city permission to 509: [Errno 1] Operation not permitted: '/opt/***/logs/dag_id=col_api_etl/run_id=manual__2023-10-29T04:01:55.609360+00:00/task_id=extract_numbeo_prices_from_city'
[2023-10-29T04:13:58.873+0000] {taskinstance.py:1159} INFO - Dependencies all met for dep_context=non-requeueable deps ti=<TaskInstance: col_api_etl.extract_numbeo_prices_from_city manual__2023-10-29T04:01:55.609360+00:00 [queued]>
[2023-10-29T04:13:58.881+0000] {taskinstance.py:1159} INFO - Dependencies all met for dep_context=requeueable deps ti=<TaskInstance: col_api_etl.extract_numbeo_prices_from_city manual__2023-10-29T04:01:55.609360+00:00 [queued]>
[2023-10-29T04:13:58.882+0000] {taskinstance.py:1361} INFO - Starting attempt 2 of 2
[2023-10-29T04:13:58.893+0000] {taskinstance.py:1382} INFO - Executing <Task(PythonOperator): extract_numbeo_prices_from_city> on 2023-10-29 04:01:55.609360+00:00
[2023-10-29T04:13:58.898+0000] {standard_task_runner.py:57} INFO - Started process 62911 to run task
[2023-10-29T04:13:58.899+0000] {clientserver.py:543} INFO - Closing down clientserver connection
[2023-10-29T04:13:58.902+0000] {standard_task_runner.py:84} INFO - Running: ['***', 'tasks', 'run', 'col_api_etl', 'extract_numbeo_prices_from_city', 'manual__2023-10-29T04:01:55.609360+00:00', '--job-id', '1121', '--raw', '--subdir', 'DAGS_FOLDER/col_api_etl.py', '--cfg-path', '/tmp/tmpgvtrq0yy']
[2023-10-29T04:13:58.903+0000] {standard_task_runner.py:85} INFO - Job 1121: Subtask extract_numbeo_prices_from_city
[2023-10-29T04:13:58.939+0000] {logging_mixin.py:151} INFO - Changing /opt/***/logs/dag_id=col_api_etl/run_id=manual__2023-10-29T04:01:55.609360+00:00/task_id=extract_numbeo_prices_from_city permission to 509
[2023-10-29T04:13:58.940+0000] {logging_mixin.py:151} INFO - Failed to change /opt/***/logs/dag_id=col_api_etl/run_id=manual__2023-10-29T04:01:55.609360+00:00/task_id=extract_numbeo_prices_from_city permission to 509: [Errno 1] Operation not permitted: '/opt/***/logs/dag_id=col_api_etl/run_id=manual__2023-10-29T04:01:55.609360+00:00/task_id=extract_numbeo_prices_from_city'
[2023-10-29T04:13:58.942+0000] {task_command.py:415} INFO - Running <TaskInstance: col_api_etl.extract_numbeo_prices_from_city manual__2023-10-29T04:01:55.609360+00:00 [running]> on host ea85de3a6109
[2023-10-29T04:13:59.013+0000] {taskinstance.py:1660} INFO - Exporting env vars: AIRFLOW_CTX_DAG_OWNER='***' AIRFLOW_CTX_DAG_ID='col_api_etl' AIRFLOW_CTX_TASK_ID='extract_numbeo_prices_from_city' AIRFLOW_CTX_EXECUTION_DATE='2023-10-29T04:01:55.609360+00:00' AIRFLOW_CTX_TRY_NUMBER='2' AIRFLOW_CTX_DAG_RUN_ID='manual__2023-10-29T04:01:55.609360+00:00'
[2023-10-29T04:14:00.468+0000] {logging_mixin.py:151} INFO - Dubai
[2023-10-29T04:14:06.525+0000] {logging_mixin.py:151} INFO - Abu-Dhabi
[2023-10-29T04:14:12.049+0000] {logging_mixin.py:151} INFO - Sharjah
[2023-10-29T04:14:17.334+0000] {logging_mixin.py:151} INFO - Perth
[2023-10-29T04:14:22.972+0000] {logging_mixin.py:151} INFO - Melbourne
[2023-10-29T04:14:28.689+0000] {logging_mixin.py:151} INFO - Sydney
[2023-10-29T04:14:34.360+0000] {logging_mixin.py:151} INFO - Brisbane
[2023-10-29T04:14:39.917+0000] {logging_mixin.py:151} INFO - Hobart
[2023-10-29T04:14:45.217+0000] {logging_mixin.py:151} INFO - Adelaide
[2023-10-29T04:14:50.903+0000] {logging_mixin.py:151} INFO - Canberra
[2023-10-29T04:14:56.207+0000] {logging_mixin.py:151} INFO - Darwin
[2023-10-29T04:15:01.554+0000] {logging_mixin.py:151} INFO - Sarajevo
[2023-10-29T04:15:07.187+0000] {logging_mixin.py:151} INFO - Manama
[2023-10-29T04:15:12.785+0000] {logging_mixin.py:151} INFO - Sofia
[2023-10-29T04:15:18.685+0000] {logging_mixin.py:151} INFO - Sao-Paulo
[2023-10-29T04:15:24.518+0000] {logging_mixin.py:151} INFO - Rio-De-Janeiro
[2023-10-29T04:15:30.226+0000] {logging_mixin.py:151} INFO - Brasilia
[2023-10-29T04:15:35.507+0000] {logging_mixin.py:151} INFO - Toronto
[2023-10-29T04:15:41.405+0000] {logging_mixin.py:151} INFO - Montreal
[2023-10-29T04:15:47.321+0000] {logging_mixin.py:151} INFO - Vancouver
[2023-10-29T04:15:52.929+0000] {logging_mixin.py:151} INFO - Ottawa
[2023-10-29T04:15:58.531+0000] {logging_mixin.py:151} INFO - Calgary
[2023-10-29T04:16:04.057+0000] {logging_mixin.py:151} INFO - Edmonton
[2023-10-29T04:16:09.757+0000] {logging_mixin.py:151} INFO - Halifax
[2023-10-29T04:16:15.270+0000] {logging_mixin.py:151} INFO - Quebec-City
[2023-10-29T04:16:20.848+0000] {logging_mixin.py:151} INFO - Zurich
[2023-10-29T04:16:26.518+0000] {logging_mixin.py:151} INFO - Geneva
[2023-10-29T04:16:32.077+0000] {logging_mixin.py:151} INFO - Zug
[2023-10-29T04:16:37.319+0000] {logging_mixin.py:151} INFO - Basel
[2023-10-29T04:16:42.846+0000] {logging_mixin.py:151} INFO - Bern
[2023-10-29T04:16:48.158+0000] {logging_mixin.py:151} INFO - Lausanne
[2023-10-29T04:16:53.667+0000] {logging_mixin.py:151} INFO - Lugano
[2023-10-29T04:16:59.133+0000] {logging_mixin.py:151} INFO - Vaduz
[2023-10-29T04:17:04.406+0000] {logging_mixin.py:151} INFO - Santiago
[2023-10-29T04:17:09.927+0000] {logging_mixin.py:151} INFO - Chongqing
[2023-10-29T04:17:15.374+0000] {logging_mixin.py:151} INFO - Shanghai
[2023-10-29T04:17:20.896+0000] {logging_mixin.py:151} INFO - Beijing
[2023-10-29T04:17:26.779+0000] {logging_mixin.py:151} INFO - Chengdu
[2023-10-29T04:17:32.392+0000] {logging_mixin.py:151} INFO - Guangzhou
[2023-10-29T04:17:37.960+0000] {logging_mixin.py:151} INFO - Shenzhen
[2023-10-29T04:17:43.555+0000] {logging_mixin.py:151} INFO - Bogota
[2023-10-29T04:17:49.318+0000] {logging_mixin.py:151} INFO - Medellin
[2023-10-29T04:17:54.896+0000] {logging_mixin.py:151} INFO - Cali
[2023-10-29T04:18:00.555+0000] {logging_mixin.py:151} INFO - Cartagena
[2023-10-29T04:18:06.059+0000] {logging_mixin.py:151} INFO - San-Jose
[2023-10-29T04:18:11.667+0000] {logging_mixin.py:151} INFO - Prague
[2023-10-29T04:18:17.573+0000] {logging_mixin.py:151} INFO - Brno
[2023-10-29T04:18:23.132+0000] {logging_mixin.py:151} INFO - Ostrava
[2023-10-29T04:18:28.384+0000] {logging_mixin.py:151} INFO - Copenhagen
[2023-10-29T04:18:33.985+0000] {logging_mixin.py:151} INFO - Aarhus
[2023-10-29T04:18:39.516+0000] {logging_mixin.py:151} INFO - Aalborg
[2023-10-29T04:18:44.766+0000] {logging_mixin.py:151} INFO - Andorra-La-Vella
[2023-10-29T04:18:49.984+0000] {logging_mixin.py:151} INFO - Vienna
[2023-10-29T04:18:55.599+0000] {logging_mixin.py:151} INFO - Salzburg
[2023-10-29T04:19:00.969+0000] {logging_mixin.py:151} INFO - Graz
[2023-10-29T04:19:06.326+0000] {logging_mixin.py:151} INFO - Linz
[2023-10-29T04:19:11.974+0000] {logging_mixin.py:151} INFO - Innsbruck
[2023-10-29T04:19:17.296+0000] {logging_mixin.py:151} INFO - Brussels
[2023-10-29T04:19:22.937+0000] {logging_mixin.py:151} INFO - Antwerp
[2023-10-29T04:19:28.322+0000] {logging_mixin.py:151} INFO - Gent
[2023-10-29T04:19:33.586+0000] {logging_mixin.py:151} INFO - Liege
[2023-10-29T04:19:38.892+0000] {logging_mixin.py:151} INFO - Brugge
[2023-10-29T04:19:44.459+0000] {logging_mixin.py:151} INFO - Zagreb
[2023-10-29T04:19:50.019+0000] {logging_mixin.py:151} INFO - Split
[2023-10-29T04:19:55.263+0000] {logging_mixin.py:151} INFO - Dubrovnik
[2023-10-29T04:20:00.950+0000] {logging_mixin.py:151} INFO - Nicosia
[2023-10-29T04:20:06.267+0000] {logging_mixin.py:151} INFO - Tallinn
[2023-10-29T04:20:11.809+0000] {logging_mixin.py:151} INFO - Tartu
[2023-10-29T04:20:17.614+0000] {logging_mixin.py:151} INFO - Helsinki
[2023-10-29T04:20:23.269+0000] {logging_mixin.py:151} INFO - Turku
[2023-10-29T04:20:28.846+0000] {logging_mixin.py:151} INFO - Tampere
[2023-10-29T04:20:34.412+0000] {logging_mixin.py:151} INFO - Oulu
[2023-10-29T04:20:39.766+0000] {logging_mixin.py:151} INFO - Paris
[2023-10-29T04:20:45.383+0000] {logging_mixin.py:151} INFO - Marseille
[2023-10-29T04:20:50.614+0000] {logging_mixin.py:151} INFO - Lyon
[2023-10-29T04:20:56.174+0000] {logging_mixin.py:151} INFO - Toulouse
[2023-10-29T04:21:01.451+0000] {logging_mixin.py:151} INFO - Nice
[2023-10-29T04:21:06.693+0000] {logging_mixin.py:151} INFO - Nantes
[2023-10-29T04:21:12.149+0000] {logging_mixin.py:151} INFO - Montpellier
[2023-10-29T04:21:17.762+0000] {logging_mixin.py:151} INFO - Berlin
[2023-10-29T04:21:23.385+0000] {logging_mixin.py:151} INFO - Hamburg
[2023-10-29T04:21:28.924+0000] {logging_mixin.py:151} INFO - Munich
[2023-10-29T04:21:34.514+0000] {logging_mixin.py:151} INFO - Stuttgart
[2023-10-29T04:21:40.068+0000] {logging_mixin.py:151} INFO - Frankfurt
[2023-10-29T04:21:45.677+0000] {logging_mixin.py:151} INFO - Cologne
[2023-10-29T04:21:51.375+0000] {logging_mixin.py:151} INFO - Dusseldorf
[2023-10-29T04:21:56.946+0000] {logging_mixin.py:151} INFO - Hanover
[2023-10-29T04:22:02.691+0000] {logging_mixin.py:151} INFO - Dresden
[2023-10-29T04:22:08.364+0000] {logging_mixin.py:151} INFO - Leipzig
[2023-10-29T04:22:13.653+0000] {logging_mixin.py:151} INFO - Athens
[2023-10-29T04:22:19.266+0000] {logging_mixin.py:151} INFO - Crete
[2023-10-29T04:22:24.503+0000] {logging_mixin.py:151} INFO - Thessaloniki
[2023-10-29T04:22:30.096+0000] {logging_mixin.py:151} INFO - Dublin
[2023-10-29T04:22:36.055+0000] {logging_mixin.py:151} INFO - Cork
[2023-10-29T04:22:41.566+0000] {logging_mixin.py:151} INFO - Galway
[2023-10-29T04:22:47.083+0000] {logging_mixin.py:151} INFO - Limerick
[2023-10-29T04:22:52.647+0000] {logging_mixin.py:151} INFO - Rome
[2023-10-29T04:22:58.339+0000] {logging_mixin.py:151} INFO - Milan
[2023-10-29T04:23:03.950+0000] {logging_mixin.py:151} INFO - Naples
[2023-10-29T04:23:09.269+0000] {logging_mixin.py:151} INFO - Turin
[2023-10-29T04:23:14.548+0000] {logging_mixin.py:151} INFO - Palermo
[2023-10-29T04:23:19.904+0000] {logging_mixin.py:151} INFO - Genoa
[2023-10-29T04:23:25.490+0000] {logging_mixin.py:151} INFO - Bologna
[2023-10-29T04:23:30.745+0000] {logging_mixin.py:151} INFO - Florence
[2023-10-29T04:23:36.401+0000] {logging_mixin.py:151} INFO - Venice
[2023-10-29T04:23:42.195+0000] {logging_mixin.py:151} INFO - Riga
[2023-10-29T04:23:47.738+0000] {logging_mixin.py:151} INFO - Vilnius
[2023-10-29T04:23:53.260+0000] {logging_mixin.py:151} INFO - Luxembourg
[2023-10-29T04:23:58.885+0000] {logging_mixin.py:151} INFO - Valletta
[2023-10-29T04:24:04.427+0000] {logging_mixin.py:151} INFO - Podgorica
[2023-10-29T04:24:09.963+0000] {logging_mixin.py:151} INFO - Monaco
[2023-10-29T04:24:15.299+0000] {logging_mixin.py:151} INFO - Amsterdam
[2023-10-29T04:24:20.924+0000] {logging_mixin.py:151} INFO - Rotterdam
[2023-10-29T04:24:26.727+0000] {logging_mixin.py:151} INFO - Eindhoven
[2023-10-29T04:24:32.301+0000] {logging_mixin.py:151} INFO - The-Hague
[2023-10-29T04:24:38.352+0000] {logging_mixin.py:151} INFO - Groningen
[2023-10-29T04:24:43.608+0000] {logging_mixin.py:151} INFO - Tilburg
[2023-10-29T04:24:48.930+0000] {logging_mixin.py:151} INFO - Lisbon
[2023-10-29T04:24:54.475+0000] {logging_mixin.py:151} INFO - Porto
[2023-10-29T04:24:59.787+0000] {logging_mixin.py:151} INFO - Braga
[2023-10-29T04:25:05.411+0000] {logging_mixin.py:151} INFO - Funchal
[2023-10-29T04:25:10.677+0000] {logging_mixin.py:151} INFO - San-Marino
[2023-10-29T04:25:15.888+0000] {taskinstance.py:1943} ERROR - Task failed with exception
Traceback (most recent call last):
  File "/home/airflow/.local/lib/python3.8/site-packages/airflow/operators/python.py", line 192, in execute
    return_value = self.execute_callable()
  File "/home/airflow/.local/lib/python3.8/site-packages/airflow/operators/python.py", line 209, in execute_callable
    return self.python_callable(*self.op_args, **self.op_kwargs)
  File "/opt/airflow/dags/scripts/extraction.py", line 144, in extract_numbeo_prices_from_city
    prices_table = numbeo_prices_city_html.find('table', {'class': 'data_wide_table new_bar_table'}).find_all('tr')
AttributeError: 'NoneType' object has no attribute 'find_all'
[2023-10-29T04:25:15.902+0000] {taskinstance.py:1400} INFO - Marking task as FAILED. dag_id=col_api_etl, task_id=extract_numbeo_prices_from_city, execution_date=20231029T040155, start_date=20231029T041358, end_date=20231029T042515
[2023-10-29T04:25:15.913+0000] {standard_task_runner.py:104} ERROR - Failed to execute job 1121 for task extract_numbeo_prices_from_city ('NoneType' object has no attribute 'find_all'; 62911)
[2023-10-29T04:25:15.924+0000] {local_task_job_runner.py:228} INFO - Task exited with return code 1
