[2023-11-01T00:20:00.938+0000] {logging_mixin.py:151} INFO - Changing /opt/***/logs/dag_id=col_api_etl/run_id=manual__2023-11-01T00:19:49.664511+00:00/task_id=extract_numbeo_prices_from_city permission to 509
[2023-11-01T00:20:00.939+0000] {logging_mixin.py:151} INFO - Failed to change /opt/***/logs/dag_id=col_api_etl/run_id=manual__2023-11-01T00:19:49.664511+00:00/task_id=extract_numbeo_prices_from_city permission to 509: [Errno 1] Operation not permitted: '/opt/***/logs/dag_id=col_api_etl/run_id=manual__2023-11-01T00:19:49.664511+00:00/task_id=extract_numbeo_prices_from_city'
[2023-11-01T00:20:00.967+0000] {logging_mixin.py:151} INFO - Changing /opt/***/logs/dag_id=col_api_etl/run_id=manual__2023-11-01T00:19:49.664511+00:00/task_id=extract_numbeo_prices_from_city permission to 509
[2023-11-01T00:20:00.968+0000] {logging_mixin.py:151} INFO - Failed to change /opt/***/logs/dag_id=col_api_etl/run_id=manual__2023-11-01T00:19:49.664511+00:00/task_id=extract_numbeo_prices_from_city permission to 509: [Errno 1] Operation not permitted: '/opt/***/logs/dag_id=col_api_etl/run_id=manual__2023-11-01T00:19:49.664511+00:00/task_id=extract_numbeo_prices_from_city'
[2023-11-01T00:20:01.000+0000] {taskinstance.py:1159} INFO - Dependencies all met for dep_context=non-requeueable deps ti=<TaskInstance: col_api_etl.extract_numbeo_prices_from_city manual__2023-11-01T00:19:49.664511+00:00 [queued]>
[2023-11-01T00:20:01.007+0000] {taskinstance.py:1159} INFO - Dependencies all met for dep_context=requeueable deps ti=<TaskInstance: col_api_etl.extract_numbeo_prices_from_city manual__2023-11-01T00:19:49.664511+00:00 [queued]>
[2023-11-01T00:20:01.008+0000] {taskinstance.py:1361} INFO - Starting attempt 1 of 2
[2023-11-01T00:20:01.021+0000] {taskinstance.py:1382} INFO - Executing <Task(PythonOperator): extract_numbeo_prices_from_city> on 2023-11-01 00:19:49.664511+00:00
[2023-11-01T00:20:01.028+0000] {standard_task_runner.py:57} INFO - Started process 9107 to run task
[2023-11-01T00:20:01.028+0000] {clientserver.py:543} INFO - Closing down clientserver connection
[2023-11-01T00:20:01.031+0000] {standard_task_runner.py:84} INFO - Running: ['***', 'tasks', 'run', 'col_api_etl', 'extract_numbeo_prices_from_city', 'manual__2023-11-01T00:19:49.664511+00:00', '--job-id', '1147', '--raw', '--subdir', 'DAGS_FOLDER/col_api_etl.py', '--cfg-path', '/tmp/tmptkq4783c']
[2023-11-01T00:20:01.033+0000] {standard_task_runner.py:85} INFO - Job 1147: Subtask extract_numbeo_prices_from_city
[2023-11-01T00:20:01.071+0000] {logging_mixin.py:151} INFO - Changing /opt/***/logs/dag_id=col_api_etl/run_id=manual__2023-11-01T00:19:49.664511+00:00/task_id=extract_numbeo_prices_from_city permission to 509
[2023-11-01T00:20:01.071+0000] {logging_mixin.py:151} INFO - Failed to change /opt/***/logs/dag_id=col_api_etl/run_id=manual__2023-11-01T00:19:49.664511+00:00/task_id=extract_numbeo_prices_from_city permission to 509: [Errno 1] Operation not permitted: '/opt/***/logs/dag_id=col_api_etl/run_id=manual__2023-11-01T00:19:49.664511+00:00/task_id=extract_numbeo_prices_from_city'
[2023-11-01T00:20:01.073+0000] {task_command.py:415} INFO - Running <TaskInstance: col_api_etl.extract_numbeo_prices_from_city manual__2023-11-01T00:19:49.664511+00:00 [running]> on host 65ec58942685
[2023-11-01T00:20:01.272+0000] {taskinstance.py:1660} INFO - Exporting env vars: AIRFLOW_CTX_DAG_OWNER='***' AIRFLOW_CTX_DAG_ID='col_api_etl' AIRFLOW_CTX_TASK_ID='extract_numbeo_prices_from_city' AIRFLOW_CTX_EXECUTION_DATE='2023-11-01T00:19:49.664511+00:00' AIRFLOW_CTX_TRY_NUMBER='1' AIRFLOW_CTX_DAG_RUN_ID='manual__2023-11-01T00:19:49.664511+00:00'
[2023-11-01T00:20:02.668+0000] {logging_mixin.py:151} INFO - Dubai
[2023-11-01T00:20:08.391+0000] {logging_mixin.py:151} INFO - Abu-Dhabi
[2023-11-01T00:20:14.004+0000] {logging_mixin.py:151} INFO - Sharjah
[2023-11-01T00:20:19.306+0000] {logging_mixin.py:151} INFO - Perth
[2023-11-01T00:20:25.015+0000] {logging_mixin.py:151} INFO - Melbourne
[2023-11-01T00:20:31.126+0000] {logging_mixin.py:151} INFO - Sydney
[2023-11-01T00:20:37.203+0000] {logging_mixin.py:151} INFO - Brisbane
[2023-11-01T00:20:43.113+0000] {logging_mixin.py:151} INFO - Hobart
[2023-11-01T00:20:48.727+0000] {logging_mixin.py:151} INFO - Adelaide
[2023-11-01T00:20:54.656+0000] {logging_mixin.py:151} INFO - Canberra
[2023-11-01T00:21:00.611+0000] {logging_mixin.py:151} INFO - Darwin
[2023-11-01T00:21:06.140+0000] {logging_mixin.py:151} INFO - Sarajevo
[2023-11-01T00:21:11.978+0000] {logging_mixin.py:151} INFO - Manama
[2023-11-01T00:21:17.403+0000] {logging_mixin.py:151} INFO - Sofia
[2023-11-01T00:21:23.556+0000] {logging_mixin.py:151} INFO - Sao-Paulo
[2023-11-01T00:21:29.891+0000] {logging_mixin.py:151} INFO - Rio-De-Janeiro
[2023-11-01T00:21:35.762+0000] {logging_mixin.py:151} INFO - Brasilia
[2023-11-01T00:21:41.369+0000] {logging_mixin.py:151} INFO - Toronto
[2023-11-01T00:21:47.642+0000] {logging_mixin.py:151} INFO - Montreal
[2023-11-01T00:21:53.783+0000] {logging_mixin.py:151} INFO - Vancouver
[2023-11-01T00:21:59.594+0000] {logging_mixin.py:151} INFO - Ottawa
[2023-11-01T00:22:05.317+0000] {logging_mixin.py:151} INFO - Calgary
[2023-11-01T00:22:11.076+0000] {logging_mixin.py:151} INFO - Edmonton
[2023-11-01T00:22:17.200+0000] {logging_mixin.py:151} INFO - Halifax
[2023-11-01T00:22:23.156+0000] {logging_mixin.py:151} INFO - Quebec-City
[2023-11-01T00:22:29.200+0000] {logging_mixin.py:151} INFO - Zurich
[2023-11-01T00:22:35.031+0000] {logging_mixin.py:151} INFO - Geneva
[2023-11-01T00:22:40.563+0000] {logging_mixin.py:151} INFO - Zug
[2023-11-01T00:22:46.200+0000] {logging_mixin.py:151} INFO - Basel
[2023-11-01T00:22:52.113+0000] {logging_mixin.py:151} INFO - Bern
[2023-11-01T00:22:57.560+0000] {logging_mixin.py:151} INFO - Lausanne
[2023-11-01T00:23:04.122+0000] {logging_mixin.py:151} INFO - Lugano
[2023-11-01T00:23:10.646+0000] {logging_mixin.py:151} INFO - Vaduz
[2023-11-01T00:23:16.394+0000] {logging_mixin.py:151} INFO - Santiago
[2023-11-01T00:23:22.225+0000] {logging_mixin.py:151} INFO - Chongqing
[2023-11-01T00:23:27.767+0000] {logging_mixin.py:151} INFO - Shanghai
[2023-11-01T00:23:33.831+0000] {logging_mixin.py:151} INFO - Beijing
[2023-11-01T00:23:39.955+0000] {logging_mixin.py:151} INFO - Chengdu
[2023-11-01T00:23:45.888+0000] {logging_mixin.py:151} INFO - Guangzhou
[2023-11-01T00:23:51.544+0000] {logging_mixin.py:151} INFO - Shenzhen
[2023-11-01T00:23:57.521+0000] {logging_mixin.py:151} INFO - Bogota
[2023-11-01T00:24:03.786+0000] {logging_mixin.py:151} INFO - Medellin
[2023-11-01T00:24:09.619+0000] {logging_mixin.py:151} INFO - Cali
[2023-11-01T00:24:15.633+0000] {logging_mixin.py:151} INFO - Cartagena
[2023-11-01T00:24:21.507+0000] {logging_mixin.py:151} INFO - San-Jose
[2023-11-01T00:24:27.060+0000] {logging_mixin.py:151} INFO - Prague
[2023-11-01T00:24:32.970+0000] {logging_mixin.py:151} INFO - Brno
[2023-11-01T00:24:38.834+0000] {logging_mixin.py:151} INFO - Ostrava
[2023-11-01T00:24:44.351+0000] {logging_mixin.py:151} INFO - Copenhagen
[2023-11-01T00:24:50.305+0000] {logging_mixin.py:151} INFO - Aarhus
[2023-11-01T00:24:56.552+0000] {logging_mixin.py:151} INFO - Aalborg
[2023-11-01T00:25:02.376+0000] {logging_mixin.py:151} INFO - Andorra-La-Vella
[2023-11-01T00:25:07.926+0000] {logging_mixin.py:151} INFO - Vienna
[2023-11-01T00:25:13.716+0000] {logging_mixin.py:151} INFO - Salzburg
[2023-11-01T00:25:19.288+0000] {logging_mixin.py:151} INFO - Graz
[2023-11-01T00:25:24.729+0000] {logging_mixin.py:151} INFO - Linz
[2023-11-01T00:25:30.330+0000] {logging_mixin.py:151} INFO - Innsbruck
[2023-11-01T00:25:35.867+0000] {logging_mixin.py:151} INFO - Brussels
[2023-11-01T00:25:41.701+0000] {logging_mixin.py:151} INFO - Antwerp
[2023-11-01T00:25:47.993+0000] {logging_mixin.py:151} INFO - Gent
[2023-11-01T00:25:53.879+0000] {logging_mixin.py:151} INFO - Liege
[2023-11-01T00:25:59.619+0000] {logging_mixin.py:151} INFO - Brugge
[2023-11-01T00:26:05.471+0000] {logging_mixin.py:151} INFO - Zagreb
[2023-11-01T00:26:11.304+0000] {logging_mixin.py:151} INFO - Split
[2023-11-01T00:26:16.996+0000] {logging_mixin.py:151} INFO - Dubrovnik
[2023-11-01T00:26:22.974+0000] {logging_mixin.py:151} INFO - Nicosia
[2023-11-01T00:26:28.520+0000] {logging_mixin.py:151} INFO - Tallinn
[2023-11-01T00:26:34.656+0000] {logging_mixin.py:151} INFO - Tartu
[2023-11-01T00:26:40.488+0000] {logging_mixin.py:151} INFO - Helsinki
[2023-11-01T00:26:46.308+0000] {logging_mixin.py:151} INFO - Turku
[2023-11-01T00:26:52.485+0000] {logging_mixin.py:151} INFO - Tampere
[2023-11-01T00:26:58.390+0000] {logging_mixin.py:151} INFO - Oulu
[2023-11-01T00:27:04.229+0000] {logging_mixin.py:151} INFO - Paris
[2023-11-01T00:27:10.233+0000] {logging_mixin.py:151} INFO - Marseille
[2023-11-01T00:27:16.113+0000] {logging_mixin.py:151} INFO - Lyon
[2023-11-01T00:27:22.051+0000] {logging_mixin.py:151} INFO - Toulouse
[2023-11-01T00:27:27.509+0000] {logging_mixin.py:151} INFO - Nice
[2023-11-01T00:27:33.724+0000] {logging_mixin.py:151} INFO - Nantes
[2023-11-01T00:27:39.567+0000] {logging_mixin.py:151} INFO - Montpellier
[2023-11-01T00:27:45.116+0000] {logging_mixin.py:151} INFO - Berlin
[2023-11-01T00:27:51.045+0000] {logging_mixin.py:151} INFO - Hamburg
[2023-11-01T00:27:56.752+0000] {logging_mixin.py:151} INFO - Munich
[2023-11-01T00:28:02.621+0000] {logging_mixin.py:151} INFO - Stuttgart
[2023-11-01T00:28:08.015+0000] {logging_mixin.py:151} INFO - Frankfurt
[2023-11-01T00:28:13.916+0000] {logging_mixin.py:151} INFO - Cologne
[2023-11-01T00:28:20.182+0000] {logging_mixin.py:151} INFO - Dusseldorf
[2023-11-01T00:28:26.226+0000] {logging_mixin.py:151} INFO - Hanover
[2023-11-01T00:28:32.077+0000] {logging_mixin.py:151} INFO - Dresden
[2023-11-01T00:28:37.885+0000] {logging_mixin.py:151} INFO - Leipzig
[2023-11-01T00:28:43.664+0000] {logging_mixin.py:151} INFO - Athens
[2023-11-01T00:28:49.564+0000] {logging_mixin.py:151} INFO - Crete
[2023-11-01T00:28:55.146+0000] {logging_mixin.py:151} INFO - Thessaloniki
[2023-11-01T00:29:00.859+0000] {logging_mixin.py:151} INFO - Dublin
[2023-11-01T00:29:06.923+0000] {logging_mixin.py:151} INFO - Cork
[2023-11-01T00:29:12.505+0000] {logging_mixin.py:151} INFO - Galway
[2023-11-01T00:29:18.565+0000] {logging_mixin.py:151} INFO - Limerick
[2023-11-01T00:29:24.231+0000] {logging_mixin.py:151} INFO - Rome
[2023-11-01T00:29:30.077+0000] {logging_mixin.py:151} INFO - Milan
[2023-11-01T00:29:36.033+0000] {logging_mixin.py:151} INFO - Naples
[2023-11-01T00:29:41.920+0000] {logging_mixin.py:151} INFO - Turin
[2023-11-01T00:29:47.770+0000] {logging_mixin.py:151} INFO - Palermo
[2023-11-01T00:29:53.431+0000] {logging_mixin.py:151} INFO - Genoa
[2023-11-01T00:29:59.046+0000] {logging_mixin.py:151} INFO - Bologna
[2023-11-01T00:30:04.563+0000] {logging_mixin.py:151} INFO - Florence
[2023-11-01T00:30:10.719+0000] {logging_mixin.py:151} INFO - Venice
[2023-11-01T00:30:16.165+0000] {logging_mixin.py:151} INFO - Riga
[2023-11-01T00:30:22.118+0000] {logging_mixin.py:151} INFO - Vilnius
[2023-11-01T00:30:28.064+0000] {logging_mixin.py:151} INFO - Luxembourg
[2023-11-01T00:30:33.958+0000] {logging_mixin.py:151} INFO - Valletta
[2023-11-01T00:30:39.795+0000] {logging_mixin.py:151} INFO - Podgorica
[2023-11-01T00:30:45.437+0000] {logging_mixin.py:151} INFO - Monaco
[2023-11-01T00:30:51.159+0000] {logging_mixin.py:151} INFO - Amsterdam
[2023-11-01T00:30:57.123+0000] {logging_mixin.py:151} INFO - Rotterdam
[2023-11-01T00:31:02.833+0000] {logging_mixin.py:151} INFO - Eindhoven
[2023-11-01T00:31:08.671+0000] {logging_mixin.py:151} INFO - The-Hague
[2023-11-01T00:31:14.744+0000] {logging_mixin.py:151} INFO - Groningen
[2023-11-01T00:31:20.659+0000] {logging_mixin.py:151} INFO - Tilburg
[2023-11-01T00:31:26.482+0000] {logging_mixin.py:151} INFO - Lisbon
[2023-11-01T00:31:32.354+0000] {logging_mixin.py:151} INFO - Porto
[2023-11-01T00:31:38.273+0000] {logging_mixin.py:151} INFO - Braga
[2023-11-01T00:31:44.295+0000] {logging_mixin.py:151} INFO - Funchal
[2023-11-01T00:31:49.738+0000] {logging_mixin.py:151} INFO - San-Marino
[2023-11-01T00:31:55.579+0000] {logging_mixin.py:151} INFO - Bratislava
[2023-11-01T00:32:01.413+0000] {logging_mixin.py:151} INFO - Ljubljana
[2023-11-01T00:32:07.246+0000] {logging_mixin.py:151} INFO - Madrid
[2023-11-01T00:32:13.101+0000] {logging_mixin.py:151} INFO - Barcelona
[2023-11-01T00:32:18.920+0000] {logging_mixin.py:151} INFO - Santa-Cruz-De-Tenerife
[2023-11-01T00:32:24.987+0000] {logging_mixin.py:151} INFO - Valencia
[2023-11-01T00:32:30.891+0000] {logging_mixin.py:151} INFO - Seville
[2023-11-01T00:32:36.612+0000] {logging_mixin.py:151} INFO - Zaragoza
[2023-11-01T00:32:42.455+0000] {logging_mixin.py:151} INFO - Malaga
[2023-11-01T00:32:48.425+0000] {logging_mixin.py:151} INFO - Bilbao
[2023-11-01T00:32:54.441+0000] {logging_mixin.py:151} INFO - Alicante
[2023-11-01T00:32:59.890+0000] {logging_mixin.py:151} INFO - Las-Palmas
[2023-11-01T00:33:05.820+0000] {logging_mixin.py:151} INFO - Tbilisi
[2023-11-01T00:33:12.395+0000] {logging_mixin.py:151} INFO - Hong-Kong
[2023-11-01T00:33:18.527+0000] {logging_mixin.py:151} INFO - Budapest
[2023-11-01T00:33:24.775+0000] {logging_mixin.py:151} INFO - Reykjavik
[2023-11-01T00:33:30.302+0000] {logging_mixin.py:151} INFO - Tel-Aviv
[2023-11-01T00:33:36.332+0000] {logging_mixin.py:151} INFO - Jerusalem
[2023-11-01T00:33:42.168+0000] {logging_mixin.py:151} INFO - Tokyo
[2023-11-01T00:33:48.125+0000] {logging_mixin.py:151} INFO - Osaka
[2023-11-01T00:33:53.762+0000] {logging_mixin.py:151} INFO - Sapporo
[2023-11-01T00:33:59.135+0000] {logging_mixin.py:151} INFO - Yokohama
[2023-11-01T00:34:04.530+0000] {logging_mixin.py:151} INFO - Nagoya
[2023-11-01T00:34:10.043+0000] {logging_mixin.py:151} INFO - Kobe
[2023-11-01T00:34:15.558+0000] {logging_mixin.py:151} INFO - Fukuoka
[2023-11-01T00:34:21.101+0000] {logging_mixin.py:151} INFO - Kawasaki
[2023-11-01T00:34:26.619+0000] {logging_mixin.py:151} INFO - Seoul
[2023-11-01T00:34:32.705+0000] {logging_mixin.py:151} INFO - Busan
[2023-11-01T00:34:38.231+0000] {logging_mixin.py:151} INFO - Incheon
[2023-11-01T00:34:43.912+0000] {logging_mixin.py:151} INFO - Daegu
[2023-11-01T00:34:49.550+0000] {logging_mixin.py:151} INFO - Kuwait-City
[2023-11-01T00:34:55.393+0000] {logging_mixin.py:151} INFO - Macau
[2023-11-01T00:35:00.911+0000] {logging_mixin.py:151} INFO - Kuala-Lumpur
[2023-11-01T00:35:09.059+0000] {logging_mixin.py:151} INFO - Johor-Bahru
[2023-11-01T00:35:14.560+0000] {logging_mixin.py:151} INFO - George-Town
[2023-11-01T00:35:20.203+0000] {logging_mixin.py:151} INFO - Malacca
[2023-11-01T00:35:25.805+0000] {logging_mixin.py:151} INFO - Kota-Kinabalu
[2023-11-01T00:35:31.603+0000] {logging_mixin.py:151} INFO - Ipoh
[2023-11-01T00:35:37.193+0000] {logging_mixin.py:151} INFO - Mexico-City
[2023-11-01T00:35:43.127+0000] {logging_mixin.py:151} INFO - Tijuana
[2023-11-01T00:35:48.740+0000] {logging_mixin.py:151} INFO - Guadalajara
[2023-11-01T00:35:54.261+0000] {logging_mixin.py:151} INFO - Cancun
[2023-11-01T00:35:59.805+0000] {logging_mixin.py:151} INFO - Playa-Del-Carmen
[2023-11-01T00:36:05.226+0000] {logging_mixin.py:151} INFO - Monterrey
[2023-11-01T00:36:10.759+0000] {logging_mixin.py:151} INFO - Auckland
[2023-11-01T00:36:16.512+0000] {logging_mixin.py:151} INFO - Wellington
[2023-11-01T00:36:22.441+0000] {logging_mixin.py:151} INFO - Christchurch
[2023-11-01T00:36:28.150+0000] {logging_mixin.py:151} INFO - Hamilton
[2023-11-01T00:36:33.561+0000] {logging_mixin.py:151} INFO - Oslo
[2023-11-01T00:36:39.467+0000] {logging_mixin.py:151} INFO - Bergen
[2023-11-01T00:36:46.285+0000] {logging_mixin.py:151} INFO - Trondheim
[2023-11-01T00:36:51.833+0000] {logging_mixin.py:151} INFO - Stavanger
[2023-11-01T00:36:57.453+0000] {logging_mixin.py:151} INFO - Tromso
[2023-11-01T00:37:03.315+0000] {logging_mixin.py:151} INFO - Muscat
[2023-11-01T00:37:09.230+0000] {logging_mixin.py:151} INFO - Warsaw
[2023-11-01T00:37:15.406+0000] {logging_mixin.py:151} INFO - Krakow
[2023-11-01T00:37:21.027+0000] {taskinstance.py:1943} ERROR - Task failed with exception
Traceback (most recent call last):
  File "/home/airflow/.local/lib/python3.8/site-packages/airflow/operators/python.py", line 192, in execute
    return_value = self.execute_callable()
  File "/home/airflow/.local/lib/python3.8/site-packages/airflow/operators/python.py", line 209, in execute_callable
    return self.python_callable(*self.op_args, **self.op_kwargs)
  File "/opt/airflow/dags/scripts/extraction.py", line 160, in extract_numbeo_prices_from_city
    prices_table = numbeo_prices_city_html.find('table', {'class': 'data_wide_table new_bar_table'}).find_all('tr')
AttributeError: 'NoneType' object has no attribute 'find_all'
[2023-11-01T00:37:21.056+0000] {taskinstance.py:1400} INFO - Marking task as UP_FOR_RETRY. dag_id=col_api_etl, task_id=extract_numbeo_prices_from_city, execution_date=20231101T001949, start_date=20231101T002001, end_date=20231101T003721
[2023-11-01T00:37:21.088+0000] {standard_task_runner.py:104} ERROR - Failed to execute job 1147 for task extract_numbeo_prices_from_city ('NoneType' object has no attribute 'find_all'; 9107)
[2023-11-01T00:37:21.150+0000] {local_task_job_runner.py:228} INFO - Task exited with return code 1
