[2023-11-01T00:03:04.920+0000] {logging_mixin.py:151} INFO - Changing /opt/***/logs/dag_id=col_api_etl/run_id=manual__2023-11-01T00:02:51.880177+00:00/task_id=extract_numbeo_prices_from_city permission to 509
[2023-11-01T00:03:04.921+0000] {logging_mixin.py:151} INFO - Failed to change /opt/***/logs/dag_id=col_api_etl/run_id=manual__2023-11-01T00:02:51.880177+00:00/task_id=extract_numbeo_prices_from_city permission to 509: [Errno 1] Operation not permitted: '/opt/***/logs/dag_id=col_api_etl/run_id=manual__2023-11-01T00:02:51.880177+00:00/task_id=extract_numbeo_prices_from_city'
[2023-11-01T00:03:04.946+0000] {logging_mixin.py:151} INFO - Changing /opt/***/logs/dag_id=col_api_etl/run_id=manual__2023-11-01T00:02:51.880177+00:00/task_id=extract_numbeo_prices_from_city permission to 509
[2023-11-01T00:03:04.947+0000] {logging_mixin.py:151} INFO - Failed to change /opt/***/logs/dag_id=col_api_etl/run_id=manual__2023-11-01T00:02:51.880177+00:00/task_id=extract_numbeo_prices_from_city permission to 509: [Errno 1] Operation not permitted: '/opt/***/logs/dag_id=col_api_etl/run_id=manual__2023-11-01T00:02:51.880177+00:00/task_id=extract_numbeo_prices_from_city'
[2023-11-01T00:03:04.979+0000] {taskinstance.py:1159} INFO - Dependencies all met for dep_context=non-requeueable deps ti=<TaskInstance: col_api_etl.extract_numbeo_prices_from_city manual__2023-11-01T00:02:51.880177+00:00 [queued]>
[2023-11-01T00:03:04.987+0000] {taskinstance.py:1159} INFO - Dependencies all met for dep_context=requeueable deps ti=<TaskInstance: col_api_etl.extract_numbeo_prices_from_city manual__2023-11-01T00:02:51.880177+00:00 [queued]>
[2023-11-01T00:03:04.987+0000] {taskinstance.py:1361} INFO - Starting attempt 1 of 2
[2023-11-01T00:03:04.999+0000] {taskinstance.py:1382} INFO - Executing <Task(PythonOperator): extract_numbeo_prices_from_city> on 2023-11-01 00:02:51.880177+00:00
[2023-11-01T00:03:05.005+0000] {standard_task_runner.py:57} INFO - Started process 3738 to run task
[2023-11-01T00:03:05.005+0000] {clientserver.py:543} INFO - Closing down clientserver connection
[2023-11-01T00:03:05.009+0000] {standard_task_runner.py:84} INFO - Running: ['***', 'tasks', 'run', 'col_api_etl', 'extract_numbeo_prices_from_city', 'manual__2023-11-01T00:02:51.880177+00:00', '--job-id', '1144', '--raw', '--subdir', 'DAGS_FOLDER/col_api_etl.py', '--cfg-path', '/tmp/tmp1rp71854']
[2023-11-01T00:03:05.010+0000] {standard_task_runner.py:85} INFO - Job 1144: Subtask extract_numbeo_prices_from_city
[2023-11-01T00:03:05.050+0000] {logging_mixin.py:151} INFO - Changing /opt/***/logs/dag_id=col_api_etl/run_id=manual__2023-11-01T00:02:51.880177+00:00/task_id=extract_numbeo_prices_from_city permission to 509
[2023-11-01T00:03:05.050+0000] {logging_mixin.py:151} INFO - Failed to change /opt/***/logs/dag_id=col_api_etl/run_id=manual__2023-11-01T00:02:51.880177+00:00/task_id=extract_numbeo_prices_from_city permission to 509: [Errno 1] Operation not permitted: '/opt/***/logs/dag_id=col_api_etl/run_id=manual__2023-11-01T00:02:51.880177+00:00/task_id=extract_numbeo_prices_from_city'
[2023-11-01T00:03:05.052+0000] {task_command.py:415} INFO - Running <TaskInstance: col_api_etl.extract_numbeo_prices_from_city manual__2023-11-01T00:02:51.880177+00:00 [running]> on host 65ec58942685
[2023-11-01T00:03:05.261+0000] {taskinstance.py:1660} INFO - Exporting env vars: AIRFLOW_CTX_DAG_OWNER='***' AIRFLOW_CTX_DAG_ID='col_api_etl' AIRFLOW_CTX_TASK_ID='extract_numbeo_prices_from_city' AIRFLOW_CTX_EXECUTION_DATE='2023-11-01T00:02:51.880177+00:00' AIRFLOW_CTX_TRY_NUMBER='1' AIRFLOW_CTX_DAG_RUN_ID='manual__2023-11-01T00:02:51.880177+00:00'
[2023-11-01T00:03:05.817+0000] {clientserver.py:505} INFO - Error while sending or receiving.
Traceback (most recent call last):
  File "/home/airflow/.local/lib/python3.8/site-packages/py4j/clientserver.py", line 503, in send_command
    self.socket.sendall(command.encode("utf-8"))
ConnectionResetError: [Errno 104] Connection reset by peer
[2023-11-01T00:03:05.819+0000] {clientserver.py:543} INFO - Closing down clientserver connection
[2023-11-01T00:03:05.820+0000] {java_gateway.py:1052} INFO - Exception while sending command.
Traceback (most recent call last):
  File "/home/airflow/.local/lib/python3.8/site-packages/py4j/clientserver.py", line 503, in send_command
    self.socket.sendall(command.encode("utf-8"))
ConnectionResetError: [Errno 104] Connection reset by peer

During handling of the above exception, another exception occurred:

Traceback (most recent call last):
  File "/home/airflow/.local/lib/python3.8/site-packages/py4j/java_gateway.py", line 1038, in send_command
    response = connection.send_command(command)
  File "/home/airflow/.local/lib/python3.8/site-packages/py4j/clientserver.py", line 506, in send_command
    raise Py4JNetworkError(
py4j.protocol.Py4JNetworkError: Error while sending
[2023-11-01T00:03:05.822+0000] {clientserver.py:543} INFO - Closing down clientserver connection
[2023-11-01T00:03:06.724+0000] {logging_mixin.py:151} INFO - Dubai
[2023-11-01T00:03:12.522+0000] {logging_mixin.py:151} INFO - Abu-Dhabi
[2023-11-01T00:03:18.154+0000] {logging_mixin.py:151} INFO - Sharjah
[2023-11-01T00:03:24.002+0000] {logging_mixin.py:151} INFO - Perth
[2023-11-01T00:03:29.685+0000] {logging_mixin.py:151} INFO - Melbourne
[2023-11-01T00:03:35.335+0000] {logging_mixin.py:151} INFO - Sydney
[2023-11-01T00:03:41.199+0000] {logging_mixin.py:151} INFO - Brisbane
[2023-11-01T00:03:46.886+0000] {logging_mixin.py:151} INFO - Hobart
[2023-11-01T00:03:52.210+0000] {logging_mixin.py:151} INFO - Adelaide
[2023-11-01T00:03:57.849+0000] {logging_mixin.py:151} INFO - Canberra
[2023-11-01T00:04:03.490+0000] {logging_mixin.py:151} INFO - Darwin
[2023-11-01T00:04:08.919+0000] {logging_mixin.py:151} INFO - Sarajevo
[2023-11-01T00:04:14.671+0000] {logging_mixin.py:151} INFO - Manama
[2023-11-01T00:04:20.345+0000] {logging_mixin.py:151} INFO - Sofia
[2023-11-01T00:04:26.062+0000] {logging_mixin.py:151} INFO - Sao-Paulo
[2023-11-01T00:04:31.871+0000] {logging_mixin.py:151} INFO - Rio-De-Janeiro
[2023-11-01T00:04:37.514+0000] {logging_mixin.py:151} INFO - Brasilia
[2023-11-01T00:04:42.917+0000] {logging_mixin.py:151} INFO - Toronto
[2023-11-01T00:04:48.689+0000] {logging_mixin.py:151} INFO - Montreal
[2023-11-01T00:04:54.502+0000] {logging_mixin.py:151} INFO - Vancouver
[2023-11-01T00:05:00.227+0000] {logging_mixin.py:151} INFO - Ottawa
[2023-11-01T00:05:05.957+0000] {logging_mixin.py:151} INFO - Calgary
[2023-11-01T00:05:11.624+0000] {logging_mixin.py:151} INFO - Edmonton
[2023-11-01T00:05:17.492+0000] {logging_mixin.py:151} INFO - Halifax
[2023-11-01T00:05:23.112+0000] {logging_mixin.py:151} INFO - Quebec-City
[2023-11-01T00:05:28.786+0000] {logging_mixin.py:151} INFO - Zurich
[2023-11-01T00:05:34.431+0000] {logging_mixin.py:151} INFO - Geneva
[2023-11-01T00:05:39.874+0000] {logging_mixin.py:151} INFO - Zug
[2023-11-01T00:05:45.483+0000] {logging_mixin.py:151} INFO - Basel
[2023-11-01T00:05:51.279+0000] {logging_mixin.py:151} INFO - Bern
[2023-11-01T00:05:56.647+0000] {logging_mixin.py:151} INFO - Lausanne
[2023-11-01T00:06:02.285+0000] {logging_mixin.py:151} INFO - Lugano
[2023-11-01T00:06:08.166+0000] {logging_mixin.py:151} INFO - Vaduz
[2023-11-01T00:06:13.540+0000] {logging_mixin.py:151} INFO - Santiago
[2023-11-01T00:06:19.192+0000] {logging_mixin.py:151} INFO - Chongqing
[2023-11-01T00:06:24.804+0000] {logging_mixin.py:151} INFO - Shanghai
[2023-11-01T00:06:30.531+0000] {logging_mixin.py:151} INFO - Beijing
[2023-11-01T00:06:36.512+0000] {logging_mixin.py:151} INFO - Chengdu
[2023-11-01T00:06:41.902+0000] {logging_mixin.py:151} INFO - Guangzhou
[2023-11-01T00:06:47.230+0000] {logging_mixin.py:151} INFO - Shenzhen
[2023-11-01T00:06:53.058+0000] {logging_mixin.py:151} INFO - Bogota
[2023-11-01T00:06:58.867+0000] {logging_mixin.py:151} INFO - Medellin
[2023-11-01T00:07:04.641+0000] {logging_mixin.py:151} INFO - Cali
[2023-11-01T00:07:10.270+0000] {logging_mixin.py:151} INFO - Cartagena
[2023-11-01T00:07:15.805+0000] {logging_mixin.py:151} INFO - San-Jose
[2023-11-01T00:07:21.435+0000] {logging_mixin.py:151} INFO - Prague
[2023-11-01T00:07:27.203+0000] {logging_mixin.py:151} INFO - Brno
[2023-11-01T00:07:32.898+0000] {logging_mixin.py:151} INFO - Ostrava
[2023-11-01T00:07:38.620+0000] {logging_mixin.py:151} INFO - Copenhagen
[2023-11-01T00:07:44.236+0000] {logging_mixin.py:151} INFO - Aarhus
[2023-11-01T00:07:49.747+0000] {logging_mixin.py:151} INFO - Aalborg
[2023-11-01T00:07:55.421+0000] {logging_mixin.py:151} INFO - Andorra-La-Vella
[2023-11-01T00:08:01.062+0000] {logging_mixin.py:151} INFO - Vienna
[2023-11-01T00:08:06.703+0000] {logging_mixin.py:151} INFO - Salzburg
[2023-11-01T00:08:12.306+0000] {logging_mixin.py:151} INFO - Graz
[2023-11-01T00:08:17.634+0000] {logging_mixin.py:151} INFO - Linz
[2023-11-01T00:08:22.955+0000] {logging_mixin.py:151} INFO - Innsbruck
[2023-11-01T00:08:28.300+0000] {logging_mixin.py:151} INFO - Brussels
[2023-11-01T00:08:33.930+0000] {logging_mixin.py:151} INFO - Antwerp
[2023-11-01T00:08:39.727+0000] {logging_mixin.py:151} INFO - Gent
[2023-11-01T00:08:45.407+0000] {logging_mixin.py:151} INFO - Liege
[2023-11-01T00:08:50.838+0000] {logging_mixin.py:151} INFO - Brugge
[2023-11-01T00:08:56.542+0000] {logging_mixin.py:151} INFO - Zagreb
[2023-11-01T00:09:02.166+0000] {logging_mixin.py:151} INFO - Split
[2023-11-01T00:09:07.539+0000] {logging_mixin.py:151} INFO - Dubrovnik
[2023-11-01T00:09:12.950+0000] {logging_mixin.py:151} INFO - Nicosia
[2023-11-01T00:09:18.379+0000] {logging_mixin.py:151} INFO - Tallinn
[2023-11-01T00:09:24.049+0000] {logging_mixin.py:151} INFO - Tartu
[2023-11-01T00:09:29.605+0000] {logging_mixin.py:151} INFO - Helsinki
[2023-11-01T00:09:34.899+0000] {logging_mixin.py:151} INFO - Turku
[2023-11-01T00:09:40.582+0000] {logging_mixin.py:151} INFO - Tampere
[2023-11-01T00:09:46.184+0000] {logging_mixin.py:151} INFO - Oulu
[2023-11-01T00:09:51.537+0000] {logging_mixin.py:151} INFO - Paris
[2023-11-01T00:09:57.286+0000] {logging_mixin.py:151} INFO - Marseille
[2023-11-01T00:10:02.629+0000] {logging_mixin.py:151} INFO - Lyon
[2023-11-01T00:10:07.949+0000] {logging_mixin.py:151} INFO - Toulouse
[2023-11-01T00:10:13.269+0000] {logging_mixin.py:151} INFO - Nice
[2023-11-01T00:10:18.738+0000] {logging_mixin.py:151} INFO - Nantes
[2023-11-01T00:10:24.124+0000] {logging_mixin.py:151} INFO - Montpellier
[2023-11-01T00:10:29.564+0000] {logging_mixin.py:151} INFO - Berlin
[2023-11-01T00:10:35.380+0000] {logging_mixin.py:151} INFO - Hamburg
[2023-11-01T00:10:41.009+0000] {logging_mixin.py:151} INFO - Munich
[2023-11-01T00:10:46.646+0000] {logging_mixin.py:151} INFO - Stuttgart
[2023-11-01T00:10:51.968+0000] {logging_mixin.py:151} INFO - Frankfurt
[2023-11-01T00:10:57.620+0000] {logging_mixin.py:151} INFO - Cologne
[2023-11-01T00:11:03.318+0000] {logging_mixin.py:151} INFO - Dusseldorf
[2023-11-01T00:11:08.936+0000] {logging_mixin.py:151} INFO - Hanover
[2023-11-01T00:11:14.587+0000] {logging_mixin.py:151} INFO - Dresden
[2023-11-01T00:11:20.238+0000] {logging_mixin.py:151} INFO - Leipzig
[2023-11-01T00:11:25.851+0000] {logging_mixin.py:151} INFO - Athens
[2023-11-01T00:11:31.508+0000] {logging_mixin.py:151} INFO - Crete
[2023-11-01T00:11:36.808+0000] {logging_mixin.py:151} INFO - Thessaloniki
[2023-11-01T00:11:42.418+0000] {logging_mixin.py:151} INFO - Dublin
[2023-11-01T00:11:48.053+0000] {logging_mixin.py:151} INFO - Cork
[2023-11-01T00:11:53.723+0000] {logging_mixin.py:151} INFO - Galway
[2023-11-01T00:11:59.688+0000] {logging_mixin.py:151} INFO - Limerick
[2023-11-01T00:12:05.310+0000] {logging_mixin.py:151} INFO - Rome
[2023-11-01T00:12:10.920+0000] {logging_mixin.py:151} INFO - Milan
[2023-11-01T00:12:16.656+0000] {logging_mixin.py:151} INFO - Naples
[2023-11-01T00:12:22.287+0000] {logging_mixin.py:151} INFO - Turin
[2023-11-01T00:12:27.605+0000] {logging_mixin.py:151} INFO - Palermo
[2023-11-01T00:12:33.045+0000] {logging_mixin.py:151} INFO - Genoa
[2023-11-01T00:12:38.666+0000] {logging_mixin.py:151} INFO - Bologna
[2023-11-01T00:12:44.275+0000] {logging_mixin.py:151} INFO - Florence
[2023-11-01T00:12:50.304+0000] {logging_mixin.py:151} INFO - Venice
[2023-11-01T00:12:55.671+0000] {logging_mixin.py:151} INFO - Riga
[2023-11-01T00:13:01.371+0000] {logging_mixin.py:151} INFO - Vilnius
[2023-11-01T00:13:07.046+0000] {logging_mixin.py:151} INFO - Luxembourg
[2023-11-01T00:13:12.687+0000] {logging_mixin.py:151} INFO - Valletta
[2023-11-01T00:13:18.385+0000] {logging_mixin.py:151} INFO - Podgorica
[2023-11-01T00:13:23.738+0000] {logging_mixin.py:151} INFO - Monaco
[2023-11-01T00:13:29.045+0000] {logging_mixin.py:151} INFO - Amsterdam
[2023-11-01T00:13:34.696+0000] {logging_mixin.py:151} INFO - Rotterdam
[2023-11-01T00:13:40.520+0000] {logging_mixin.py:151} INFO - Eindhoven
[2023-11-01T00:13:46.159+0000] {logging_mixin.py:151} INFO - The-Hague
[2023-11-01T00:13:51.871+0000] {logging_mixin.py:151} INFO - Groningen
[2023-11-01T00:13:57.613+0000] {logging_mixin.py:151} INFO - Tilburg
[2023-11-01T00:14:02.979+0000] {logging_mixin.py:151} INFO - Lisbon
[2023-11-01T00:14:08.804+0000] {logging_mixin.py:151} INFO - Porto
[2023-11-01T00:14:14.551+0000] {logging_mixin.py:151} INFO - Braga
[2023-11-01T00:14:20.268+0000] {logging_mixin.py:151} INFO - Funchal
[2023-11-01T00:14:25.689+0000] {logging_mixin.py:151} INFO - San-Marino
[2023-11-01T00:14:31.280+0000] {logging_mixin.py:151} INFO - Bratislava
[2023-11-01T00:14:36.879+0000] {logging_mixin.py:151} INFO - Ljubljana
[2023-11-01T00:14:42.686+0000] {logging_mixin.py:151} INFO - Madrid
[2023-11-01T00:14:48.326+0000] {logging_mixin.py:151} INFO - Barcelona
[2023-11-01T00:14:54.066+0000] {logging_mixin.py:151} INFO - Santa-Cruz-De-Tenerife
[2023-11-01T00:14:59.458+0000] {logging_mixin.py:151} INFO - Valencia
[2023-11-01T00:15:05.105+0000] {logging_mixin.py:151} INFO - Seville
[2023-11-01T00:15:10.973+0000] {logging_mixin.py:151} INFO - Zaragoza
[2023-11-01T00:15:16.593+0000] {logging_mixin.py:151} INFO - Malaga
[2023-11-01T00:15:22.177+0000] {logging_mixin.py:151} INFO - Bilbao
[2023-11-01T00:15:27.505+0000] {logging_mixin.py:151} INFO - Alicante
[2023-11-01T00:15:33.156+0000] {logging_mixin.py:151} INFO - Las-Palmas
[2023-11-01T00:15:38.788+0000] {logging_mixin.py:151} INFO - Tbilisi
[2023-11-01T00:15:44.535+0000] {logging_mixin.py:151} INFO - Hong-Kong
[2023-11-01T00:15:50.301+0000] {logging_mixin.py:151} INFO - Budapest
[2023-11-01T00:15:55.951+0000] {logging_mixin.py:151} INFO - Reykjavik
[2023-11-01T00:16:01.258+0000] {logging_mixin.py:151} INFO - Tel-Aviv
[2023-11-01T00:16:06.949+0000] {logging_mixin.py:151} INFO - Jerusalem
[2023-11-01T00:16:12.755+0000] {logging_mixin.py:151} INFO - Tokyo
[2023-11-01T00:16:19.655+0000] {logging_mixin.py:151} INFO - Osaka
[2023-11-01T00:16:25.135+0000] {logging_mixin.py:151} INFO - Sapporo
[2023-11-01T00:16:30.548+0000] {logging_mixin.py:151} INFO - Yokohama
[2023-11-01T00:16:35.942+0000] {logging_mixin.py:151} INFO - Nagoya
[2023-11-01T00:16:41.373+0000] {logging_mixin.py:151} INFO - Kobe
[2023-11-01T00:16:46.901+0000] {logging_mixin.py:151} INFO - Fukuoka
[2023-11-01T00:16:52.302+0000] {logging_mixin.py:151} INFO - Kawasaki
[2023-11-01T00:16:57.679+0000] {logging_mixin.py:151} INFO - Seoul
[2023-11-01T00:17:03.498+0000] {logging_mixin.py:151} INFO - Busan
[2023-11-01T00:17:08.917+0000] {logging_mixin.py:151} INFO - Incheon
[2023-11-01T00:17:14.339+0000] {logging_mixin.py:151} INFO - Daegu
[2023-11-01T00:17:19.678+0000] {logging_mixin.py:151} INFO - Kuwait-City
[2023-11-01T00:17:25.506+0000] {logging_mixin.py:151} INFO - Macau
[2023-11-01T00:17:30.810+0000] {logging_mixin.py:151} INFO - Kuala-Lumpur
[2023-11-01T00:17:36.440+0000] {logging_mixin.py:151} INFO - Johor-Bahru
[2023-11-01T00:17:42.081+0000] {logging_mixin.py:151} INFO - George-Town
[2023-11-01T00:17:47.411+0000] {logging_mixin.py:151} INFO - Malacca
[2023-11-01T00:17:52.876+0000] {logging_mixin.py:151} INFO - Kota-Kinabalu
[2023-11-01T00:17:58.424+0000] {logging_mixin.py:151} INFO - Ipoh
[2023-11-01T00:18:03.750+0000] {logging_mixin.py:151} INFO - Mexico-City
[2023-11-01T00:18:09.444+0000] {logging_mixin.py:151} INFO - Tijuana
[2023-11-01T00:18:15.038+0000] {logging_mixin.py:151} INFO - Guadalajara
[2023-11-01T00:18:20.648+0000] {logging_mixin.py:151} INFO - Cancun
[2023-11-01T00:18:25.955+0000] {logging_mixin.py:151} INFO - Playa-Del-Carmen
[2023-11-01T00:18:31.247+0000] {taskinstance.py:1943} ERROR - Task failed with exception
Traceback (most recent call last):
  File "/home/airflow/.local/lib/python3.8/site-packages/airflow/operators/python.py", line 192, in execute
    return_value = self.execute_callable()
  File "/home/airflow/.local/lib/python3.8/site-packages/airflow/operators/python.py", line 209, in execute_callable
    return self.python_callable(*self.op_args, **self.op_kwargs)
  File "/opt/airflow/dags/scripts/extraction.py", line 160, in extract_numbeo_prices_from_city
    prices_table = numbeo_prices_city_html.find('table', {'class': 'data_wide_table new_bar_table'}).find_all('tr')
AttributeError: 'NoneType' object has no attribute 'find_all'
[2023-11-01T00:18:31.263+0000] {taskinstance.py:1400} INFO - Marking task as UP_FOR_RETRY. dag_id=col_api_etl, task_id=extract_numbeo_prices_from_city, execution_date=20231101T000251, start_date=20231101T000304, end_date=20231101T001831
[2023-11-01T00:18:31.276+0000] {standard_task_runner.py:104} ERROR - Failed to execute job 1144 for task extract_numbeo_prices_from_city ('NoneType' object has no attribute 'find_all'; 3738)
[2023-11-01T00:18:31.320+0000] {local_task_job_runner.py:228} INFO - Task exited with return code 1
