[2023-11-25T07:43:48.234+0000] {taskinstance.py:1159} INFO - Dependencies all met for dep_context=non-requeueable deps ti=<TaskInstance: col_api_etl.extract_livingcost_prices_from_city manual__2023-11-25T07:43:30.061798+00:00 [queued]>
[2023-11-25T07:43:48.258+0000] {taskinstance.py:1159} INFO - Dependencies all met for dep_context=requeueable deps ti=<TaskInstance: col_api_etl.extract_livingcost_prices_from_city manual__2023-11-25T07:43:30.061798+00:00 [queued]>
[2023-11-25T07:43:48.258+0000] {taskinstance.py:1361} INFO - Starting attempt 1 of 2
[2023-11-25T07:43:48.291+0000] {taskinstance.py:1382} INFO - Executing <Task(PythonOperator): extract_livingcost_prices_from_city> on 2023-11-25 07:43:30.061798+00:00
[2023-11-25T07:43:48.298+0000] {standard_task_runner.py:57} INFO - Started process 910 to run task
[2023-11-25T07:43:48.305+0000] {clientserver.py:543} INFO - Closing down clientserver connection
[2023-11-25T07:43:48.316+0000] {standard_task_runner.py:84} INFO - Running: ['***', 'tasks', 'run', 'col_api_etl', 'extract_livingcost_prices_from_city', 'manual__2023-11-25T07:43:30.061798+00:00', '--job-id', '11', '--raw', '--subdir', 'DAGS_FOLDER/col_api_etl.py', '--cfg-path', '/tmp/tmpzkskgbkl']
[2023-11-25T07:43:48.320+0000] {standard_task_runner.py:85} INFO - Job 11: Subtask extract_livingcost_prices_from_city
[2023-11-25T07:43:48.399+0000] {task_command.py:415} INFO - Running <TaskInstance: col_api_etl.extract_livingcost_prices_from_city manual__2023-11-25T07:43:30.061798+00:00 [running]> on host 7a58d25e4770
[2023-11-25T07:43:48.651+0000] {clientserver.py:505} INFO - Error while sending or receiving.
Traceback (most recent call last):
  File "/home/airflow/.local/lib/python3.8/site-packages/py4j/clientserver.py", line 503, in send_command
    self.socket.sendall(command.encode("utf-8"))
ConnectionResetError: [Errno 104] Connection reset by peer
[2023-11-25T07:43:48.652+0000] {clientserver.py:543} INFO - Closing down clientserver connection
[2023-11-25T07:43:48.653+0000] {java_gateway.py:1052} INFO - Exception while sending command.
Traceback (most recent call last):
  File "/home/airflow/.local/lib/python3.8/site-packages/py4j/clientserver.py", line 503, in send_command
    self.socket.sendall(command.encode("utf-8"))
ConnectionResetError: [Errno 104] Connection reset by peer

During handling of the above exception, another exception occurred:

Traceback (most recent call last):
  File "/home/airflow/.local/lib/python3.8/site-packages/py4j/java_gateway.py", line 1038, in send_command
    response = connection.send_command(command)
  File "/home/airflow/.local/lib/python3.8/site-packages/py4j/clientserver.py", line 506, in send_command
    raise Py4JNetworkError(
py4j.protocol.Py4JNetworkError: Error while sending
[2023-11-25T07:43:48.672+0000] {clientserver.py:543} INFO - Closing down clientserver connection
[2023-11-25T07:43:48.912+0000] {taskinstance.py:1660} INFO - Exporting env vars: AIRFLOW_CTX_DAG_OWNER='***' AIRFLOW_CTX_DAG_ID='col_api_etl' AIRFLOW_CTX_TASK_ID='extract_livingcost_prices_from_city' AIRFLOW_CTX_EXECUTION_DATE='2023-11-25T07:43:30.061798+00:00' AIRFLOW_CTX_TRY_NUMBER='1' AIRFLOW_CTX_DAG_RUN_ID='manual__2023-11-25T07:43:30.061798+00:00'
[2023-11-25T07:43:49.223+0000] {logging_mixin.py:151} INFO - Dubai
[2023-11-25T07:43:50.211+0000] {logging_mixin.py:151} INFO - Abu-Dhabi
[2023-11-25T07:43:51.135+0000] {logging_mixin.py:151} INFO - Sharjah
[2023-11-25T07:43:52.109+0000] {logging_mixin.py:151} INFO - Perth
[2023-11-25T07:43:52.875+0000] {logging_mixin.py:151} INFO - Melbourne
[2023-11-25T07:43:53.983+0000] {logging_mixin.py:151} INFO - Sydney
[2023-11-25T07:43:54.610+0000] {logging_mixin.py:151} INFO - Brisbane
[2023-11-25T07:43:55.894+0000] {logging_mixin.py:151} INFO - Adelaide
[2023-11-25T07:43:56.998+0000] {logging_mixin.py:151} INFO - Canberra
[2023-11-25T07:43:57.794+0000] {logging_mixin.py:151} INFO - Darwin
[2023-11-25T07:43:58.720+0000] {logging_mixin.py:151} INFO - Sarajevo
[2023-11-25T07:43:59.322+0000] {logging_mixin.py:151} INFO - Manama
[2023-11-25T07:44:00.156+0000] {logging_mixin.py:151} INFO - Sofia
[2023-11-25T07:44:00.825+0000] {logging_mixin.py:151} INFO - Sao-Paulo
[2023-11-25T07:44:01.673+0000] {logging_mixin.py:151} INFO - Rio-De-Janeiro
[2023-11-25T07:44:02.537+0000] {logging_mixin.py:151} INFO - Brasilia
[2023-11-25T07:44:03.232+0000] {logging_mixin.py:151} INFO - Toronto
[2023-11-25T07:44:04.151+0000] {logging_mixin.py:151} INFO - Montreal
[2023-11-25T07:44:04.774+0000] {logging_mixin.py:151} INFO - Vancouver
[2023-11-25T07:44:05.675+0000] {logging_mixin.py:151} INFO - Ottawa
[2023-11-25T07:44:06.284+0000] {logging_mixin.py:151} INFO - Calgary
[2023-11-25T07:44:07.116+0000] {logging_mixin.py:151} INFO - Edmonton
[2023-11-25T07:44:07.940+0000] {logging_mixin.py:151} INFO - Halifax
[2023-11-25T07:44:08.549+0000] {logging_mixin.py:151} INFO - Quebec-City
[2023-11-25T07:44:09.404+0000] {logging_mixin.py:151} INFO - Zurich
[2023-11-25T07:44:10.001+0000] {logging_mixin.py:151} INFO - Geneva
[2023-11-25T07:44:10.836+0000] {logging_mixin.py:151} INFO - Zug
[2023-11-25T07:44:11.648+0000] {logging_mixin.py:151} INFO - Basel
[2023-11-25T07:44:12.241+0000] {logging_mixin.py:151} INFO - Bern
[2023-11-25T07:44:13.055+0000] {logging_mixin.py:151} INFO - Lausanne
[2023-11-25T07:44:13.676+0000] {logging_mixin.py:151} INFO - Lugano
[2023-11-25T07:44:14.517+0000] {logging_mixin.py:151} INFO - Vaduz
[2023-11-25T07:44:15.138+0000] {logging_mixin.py:151} INFO - Santiago
[2023-11-25T07:44:15.997+0000] {logging_mixin.py:151} INFO - Chongqing
[2023-11-25T07:44:16.827+0000] {logging_mixin.py:151} INFO - Shanghai
[2023-11-25T07:44:17.417+0000] {logging_mixin.py:151} INFO - Beijing
[2023-11-25T07:44:18.230+0000] {logging_mixin.py:151} INFO - Chengdu
[2023-11-25T07:44:18.838+0000] {logging_mixin.py:151} INFO - Guangzhou
[2023-11-25T07:44:19.644+0000] {logging_mixin.py:151} INFO - Shenzhen
[2023-11-25T07:44:20.253+0000] {logging_mixin.py:151} INFO - Bogota
[2023-11-25T07:44:21.116+0000] {logging_mixin.py:151} INFO - Medellin
[2023-11-25T07:44:21.915+0000] {logging_mixin.py:151} INFO - Cali
[2023-11-25T07:44:22.519+0000] {logging_mixin.py:151} INFO - Cartagena
[2023-11-25T07:44:23.340+0000] {logging_mixin.py:151} INFO - San-Jose
[2023-11-25T07:44:23.939+0000] {logging_mixin.py:151} INFO - Prague
[2023-11-25T07:44:24.742+0000] {logging_mixin.py:151} INFO - Brno
[2023-11-25T07:44:25.361+0000] {logging_mixin.py:151} INFO - Ostrava
[2023-11-25T07:44:26.205+0000] {logging_mixin.py:151} INFO - Copenhagen
[2023-11-25T07:44:27.036+0000] {logging_mixin.py:151} INFO - Aarhus
[2023-11-25T07:44:27.629+0000] {logging_mixin.py:151} INFO - Aalborg
[2023-11-25T07:44:28.525+0000] {logging_mixin.py:151} INFO - Andorra-La-Vella
[2023-11-25T07:44:29.157+0000] {logging_mixin.py:151} INFO - Vienna
[2023-11-25T07:44:30.334+0000] {logging_mixin.py:151} INFO - Salzburg
[2023-11-25T07:44:31.152+0000] {logging_mixin.py:151} INFO - Graz
[2023-11-25T07:44:32.150+0000] {logging_mixin.py:151} INFO - Linz
[2023-11-25T07:44:33.289+0000] {logging_mixin.py:151} INFO - Innsbruck
[2023-11-25T07:44:34.236+0000] {logging_mixin.py:151} INFO - Brussels
[2023-11-25T07:44:35.633+0000] {logging_mixin.py:151} INFO - Antwerp
[2023-11-25T07:44:36.266+0000] {logging_mixin.py:151} INFO - Gent
[2023-11-25T07:44:37.123+0000] {logging_mixin.py:151} INFO - Liege
[2023-11-25T07:44:38.016+0000] {logging_mixin.py:151} INFO - Brugge
[2023-11-25T07:44:38.627+0000] {logging_mixin.py:151} INFO - Zagreb
[2023-11-25T07:44:39.489+0000] {logging_mixin.py:151} INFO - Split
[2023-11-25T07:44:40.098+0000] {logging_mixin.py:151} INFO - Dubrovnik
[2023-11-25T07:44:40.922+0000] {logging_mixin.py:151} INFO - Nicosia
[2023-11-25T07:44:41.561+0000] {logging_mixin.py:151} INFO - Tallinn
[2023-11-25T07:44:42.389+0000] {logging_mixin.py:151} INFO - Tartu
[2023-11-25T07:44:43.207+0000] {logging_mixin.py:151} INFO - Helsinki
[2023-11-25T07:44:43.820+0000] {logging_mixin.py:151} INFO - Turku
[2023-11-25T07:44:44.678+0000] {logging_mixin.py:151} INFO - Tampere
[2023-11-25T07:44:45.286+0000] {logging_mixin.py:151} INFO - Oulu
[2023-11-25T07:44:46.149+0000] {logging_mixin.py:151} INFO - Paris
[2023-11-25T07:44:46.739+0000] {logging_mixin.py:151} INFO - Marseille
[2023-11-25T07:44:47.569+0000] {logging_mixin.py:151} INFO - Lyon
[2023-11-25T07:44:48.380+0000] {logging_mixin.py:151} INFO - Toulouse
[2023-11-25T07:44:48.973+0000] {logging_mixin.py:151} INFO - Nice
[2023-11-25T07:44:49.778+0000] {logging_mixin.py:151} INFO - Nantes
[2023-11-25T07:44:50.384+0000] {logging_mixin.py:151} INFO - Montpellier
[2023-11-25T07:44:51.210+0000] {logging_mixin.py:151} INFO - Berlin
[2023-11-25T07:44:52.014+0000] {logging_mixin.py:151} INFO - Hamburg
[2023-11-25T07:44:52.615+0000] {logging_mixin.py:151} INFO - Munich
[2023-11-25T07:44:53.450+0000] {logging_mixin.py:151} INFO - Stuttgart
[2023-11-25T07:44:54.057+0000] {logging_mixin.py:151} INFO - Frankfurt
[2023-11-25T07:44:54.876+0000] {logging_mixin.py:151} INFO - Cologne
[2023-11-25T07:44:55.499+0000] {logging_mixin.py:151} INFO - Dusseldorf
[2023-11-25T07:44:56.330+0000] {logging_mixin.py:151} INFO - Hanover
[2023-11-25T07:44:57.152+0000] {logging_mixin.py:151} INFO - Dresden
[2023-11-25T07:44:57.742+0000] {logging_mixin.py:151} INFO - Leipzig
[2023-11-25T07:44:58.571+0000] {logging_mixin.py:151} INFO - Athens
[2023-11-25T07:44:59.184+0000] {logging_mixin.py:151} INFO - Crete
[2023-11-25T07:45:00.010+0000] {logging_mixin.py:151} INFO - Thessaloniki
[2023-11-25T07:45:00.619+0000] {logging_mixin.py:151} INFO - Dublin
[2023-11-25T07:45:01.462+0000] {logging_mixin.py:151} INFO - Cork
[2023-11-25T07:45:02.287+0000] {logging_mixin.py:151} INFO - Galway
[2023-11-25T07:45:02.916+0000] {logging_mixin.py:151} INFO - Rome
[2023-11-25T07:45:03.755+0000] {logging_mixin.py:151} INFO - Milan
[2023-11-25T07:45:04.403+0000] {logging_mixin.py:151} INFO - Naples
[2023-11-25T07:45:05.229+0000] {logging_mixin.py:151} INFO - Turin
[2023-11-25T07:45:05.829+0000] {logging_mixin.py:151} INFO - Palermo
[2023-11-25T07:45:06.791+0000] {logging_mixin.py:151} INFO - Genoa
[2023-11-25T07:45:08.003+0000] {logging_mixin.py:151} INFO - Bologna
[2023-11-25T07:45:08.797+0000] {logging_mixin.py:151} INFO - Florence
[2023-11-25T07:45:10.037+0000] {logging_mixin.py:151} INFO - Riga
[2023-11-25T07:45:10.891+0000] {logging_mixin.py:151} INFO - Vilnius
[2023-11-25T07:45:12.142+0000] {logging_mixin.py:151} INFO - Luxembourg
[2023-11-25T07:45:12.946+0000] {logging_mixin.py:151} INFO - Valletta
[2023-11-25T07:45:13.858+0000] {logging_mixin.py:151} INFO - Podgorica
[2023-11-25T07:45:14.722+0000] {logging_mixin.py:151} INFO - Monaco
[2023-11-25T07:45:15.328+0000] {logging_mixin.py:151} INFO - Amsterdam
[2023-11-25T07:45:16.196+0000] {logging_mixin.py:151} INFO - Rotterdam
[2023-11-25T07:45:16.802+0000] {logging_mixin.py:151} INFO - Eindhoven
[2023-11-25T07:45:17.622+0000] {logging_mixin.py:151} INFO - The-Hague
[2023-11-25T07:45:18.227+0000] {logging_mixin.py:151} INFO - Groningen
[2023-11-25T07:45:19.064+0000] {logging_mixin.py:151} INFO - Tilburg
[2023-11-25T07:45:19.894+0000] {logging_mixin.py:151} INFO - Lisbon
[2023-11-25T07:45:20.499+0000] {logging_mixin.py:151} INFO - Porto
[2023-11-25T07:45:21.340+0000] {logging_mixin.py:151} INFO - Braga
[2023-11-25T07:45:21.949+0000] {logging_mixin.py:151} INFO - Funchal
[2023-11-25T07:45:22.805+0000] {logging_mixin.py:151} INFO - San-Marino
[2023-11-25T07:45:23.619+0000] {logging_mixin.py:151} INFO - Bratislava
[2023-11-25T07:45:24.234+0000] {logging_mixin.py:151} INFO - Ljubljana
[2023-11-25T07:45:25.090+0000] {logging_mixin.py:151} INFO - Madrid
[2023-11-25T07:45:25.696+0000] {logging_mixin.py:151} INFO - Barcelona
[2023-11-25T07:45:26.553+0000] {logging_mixin.py:151} INFO - Santa-Cruz-De-Tenerife
[2023-11-25T07:45:27.167+0000] {logging_mixin.py:151} INFO - Valencia
[2023-11-25T07:45:28.002+0000] {logging_mixin.py:151} INFO - Seville
[2023-11-25T07:45:28.839+0000] {logging_mixin.py:151} INFO - Zaragoza
[2023-11-25T07:45:29.436+0000] {logging_mixin.py:151} INFO - Malaga
[2023-11-25T07:45:30.254+0000] {logging_mixin.py:151} INFO - Bilbao
[2023-11-25T07:45:30.859+0000] {logging_mixin.py:151} INFO - Alicante
[2023-11-25T07:45:31.674+0000] {logging_mixin.py:151} INFO - Las-Palmas
[2023-11-25T07:45:32.264+0000] {logging_mixin.py:151} INFO - Tbilisi
[2023-11-25T07:45:33.103+0000] {logging_mixin.py:151} INFO - Hong-Kong
[2023-11-25T07:45:33.400+0000] {taskinstance.py:1943} ERROR - Task failed with exception
Traceback (most recent call last):
  File "/home/airflow/.local/lib/python3.8/site-packages/airflow/operators/python.py", line 192, in execute
    return_value = self.execute_callable()
  File "/home/airflow/.local/lib/python3.8/site-packages/airflow/operators/python.py", line 209, in execute_callable
    return self.python_callable(*self.op_args, **self.op_kwargs)
  File "/opt/airflow/dags/scripts/extraction.py", line 88, in extract_livingcost_prices_from_city
    eating_out_table = livingcost_city_page_html.find_all('table', {'class': 'table table-sm table-striped table-hover'})[0].find('tbody').find_all('tr')
IndexError: list index out of range
[2023-11-25T07:45:33.418+0000] {taskinstance.py:1400} INFO - Marking task as UP_FOR_RETRY. dag_id=col_api_etl, task_id=extract_livingcost_prices_from_city, execution_date=20231125T074330, start_date=20231125T074348, end_date=20231125T074533
[2023-11-25T07:45:33.437+0000] {standard_task_runner.py:104} ERROR - Failed to execute job 11 for task extract_livingcost_prices_from_city (list index out of range; 910)
[2023-11-25T07:45:33.472+0000] {local_task_job_runner.py:228} INFO - Task exited with return code 1
