[2023-11-04T03:09:24.643+0000] {logging_mixin.py:151} INFO - Changing /opt/***/logs/dag_id=col_api_etl/run_id=manual__2023-11-04T03:01:26.758823+00:00/task_id=merge_and_transform_homepurchase permission to 509
[2023-11-04T03:09:24.644+0000] {logging_mixin.py:151} INFO - Failed to change /opt/***/logs/dag_id=col_api_etl/run_id=manual__2023-11-04T03:01:26.758823+00:00/task_id=merge_and_transform_homepurchase permission to 509: [Errno 1] Operation not permitted: '/opt/***/logs/dag_id=col_api_etl/run_id=manual__2023-11-04T03:01:26.758823+00:00/task_id=merge_and_transform_homepurchase'
[2023-11-04T03:09:24.674+0000] {logging_mixin.py:151} INFO - Changing /opt/***/logs/dag_id=col_api_etl/run_id=manual__2023-11-04T03:01:26.758823+00:00/task_id=merge_and_transform_homepurchase permission to 509
[2023-11-04T03:09:24.675+0000] {logging_mixin.py:151} INFO - Failed to change /opt/***/logs/dag_id=col_api_etl/run_id=manual__2023-11-04T03:01:26.758823+00:00/task_id=merge_and_transform_homepurchase permission to 509: [Errno 1] Operation not permitted: '/opt/***/logs/dag_id=col_api_etl/run_id=manual__2023-11-04T03:01:26.758823+00:00/task_id=merge_and_transform_homepurchase'
[2023-11-04T03:09:24.715+0000] {taskinstance.py:1159} INFO - Dependencies all met for dep_context=non-requeueable deps ti=<TaskInstance: col_api_etl.merge_and_transform_homepurchase manual__2023-11-04T03:01:26.758823+00:00 [queued]>
[2023-11-04T03:09:24.725+0000] {taskinstance.py:1159} INFO - Dependencies all met for dep_context=requeueable deps ti=<TaskInstance: col_api_etl.merge_and_transform_homepurchase manual__2023-11-04T03:01:26.758823+00:00 [queued]>
[2023-11-04T03:09:24.726+0000] {taskinstance.py:1361} INFO - Starting attempt 1 of 1
[2023-11-04T03:09:24.742+0000] {taskinstance.py:1382} INFO - Executing <Task(PythonOperator): merge_and_transform_homepurchase> on 2023-11-04 03:01:26.758823+00:00
[2023-11-04T03:09:24.748+0000] {standard_task_runner.py:57} INFO - Started process 31714 to run task
[2023-11-04T03:09:24.749+0000] {clientserver.py:543} INFO - Closing down clientserver connection
[2023-11-04T03:09:24.752+0000] {standard_task_runner.py:84} INFO - Running: ['***', 'tasks', 'run', 'col_api_etl', 'merge_and_transform_homepurchase', 'manual__2023-11-04T03:01:26.758823+00:00', '--job-id', '1298', '--raw', '--subdir', 'DAGS_FOLDER/col_api_etl.py', '--cfg-path', '/tmp/tmp8ubes7z3']
[2023-11-04T03:09:24.754+0000] {standard_task_runner.py:85} INFO - Job 1298: Subtask merge_and_transform_homepurchase
[2023-11-04T03:09:24.800+0000] {logging_mixin.py:151} INFO - Changing /opt/***/logs/dag_id=col_api_etl/run_id=manual__2023-11-04T03:01:26.758823+00:00/task_id=merge_and_transform_homepurchase permission to 509
[2023-11-04T03:09:24.801+0000] {logging_mixin.py:151} INFO - Failed to change /opt/***/logs/dag_id=col_api_etl/run_id=manual__2023-11-04T03:01:26.758823+00:00/task_id=merge_and_transform_homepurchase permission to 509: [Errno 1] Operation not permitted: '/opt/***/logs/dag_id=col_api_etl/run_id=manual__2023-11-04T03:01:26.758823+00:00/task_id=merge_and_transform_homepurchase'
[2023-11-04T03:09:24.803+0000] {task_command.py:415} INFO - Running <TaskInstance: col_api_etl.merge_and_transform_homepurchase manual__2023-11-04T03:01:26.758823+00:00 [running]> on host 0bcf85c4b011
[2023-11-04T03:09:25.030+0000] {clientserver.py:505} INFO - Error while sending or receiving.
Traceback (most recent call last):
  File "/home/airflow/.local/lib/python3.8/site-packages/py4j/clientserver.py", line 503, in send_command
    self.socket.sendall(command.encode("utf-8"))
ConnectionResetError: [Errno 104] Connection reset by peer
[2023-11-04T03:09:25.032+0000] {clientserver.py:543} INFO - Closing down clientserver connection
[2023-11-04T03:09:25.033+0000] {java_gateway.py:1052} INFO - Exception while sending command.
Traceback (most recent call last):
  File "/home/airflow/.local/lib/python3.8/site-packages/py4j/clientserver.py", line 503, in send_command
    self.socket.sendall(command.encode("utf-8"))
ConnectionResetError: [Errno 104] Connection reset by peer

During handling of the above exception, another exception occurred:

Traceback (most recent call last):
  File "/home/airflow/.local/lib/python3.8/site-packages/py4j/java_gateway.py", line 1038, in send_command
    response = connection.send_command(command)
  File "/home/airflow/.local/lib/python3.8/site-packages/py4j/clientserver.py", line 506, in send_command
    raise Py4JNetworkError(
py4j.protocol.Py4JNetworkError: Error while sending
[2023-11-04T03:09:25.036+0000] {clientserver.py:543} INFO - Closing down clientserver connection
[2023-11-04T03:09:25.036+0000] {taskinstance.py:1660} INFO - Exporting env vars: AIRFLOW_CTX_DAG_OWNER='***' AIRFLOW_CTX_DAG_ID='col_api_etl' AIRFLOW_CTX_TASK_ID='merge_and_transform_homepurchase' AIRFLOW_CTX_EXECUTION_DATE='2023-11-04T03:01:26.758823+00:00' AIRFLOW_CTX_TRY_NUMBER='1' AIRFLOW_CTX_DAG_RUN_ID='manual__2023-11-04T03:01:26.758823+00:00'
[2023-11-04T03:09:32.841+0000] {logging_mixin.py:151} INFO - +--------+-----------------+----------------------+-----------------+
|City    |Property Location|Price per Square Meter|Mortgage Interest|
+--------+-----------------+----------------------+-----------------+
|Kawasaki|City Centre      |NULL                  |1.5              |
|Kawasaki|Outside of Centre|NULL                  |1.5              |
|Malacca |City Centre      |NULL                  |4.14             |
|Malacca |Outside of Centre|NULL                  |4.14             |
+--------+-----------------+----------------------+-----------------+
[2023-11-04T03:09:33.326+0000] {taskinstance.py:1943} ERROR - Task failed with exception
Traceback (most recent call last):
  File "/home/airflow/.local/lib/python3.8/site-packages/airflow/operators/python.py", line 192, in execute
    return_value = self.execute_callable()
  File "/home/airflow/.local/lib/python3.8/site-packages/airflow/operators/python.py", line 209, in execute_callable
    return self.python_callable(*self.op_args, **self.op_kwargs)
  File "/opt/airflow/dags/scripts/pyspark.py", line 113, in merge_and_transform_homepurchase
    joined_dict = [{**row.asDict(), 'Price per Square Meter': round(row['Price per Square Meter'], 2),
  File "/opt/airflow/dags/scripts/pyspark.py", line 113, in <listcomp>
    joined_dict = [{**row.asDict(), 'Price per Square Meter': round(row['Price per Square Meter'], 2),
TypeError: type NoneType doesn't define __round__ method
[2023-11-04T03:09:33.337+0000] {taskinstance.py:1400} INFO - Marking task as FAILED. dag_id=col_api_etl, task_id=merge_and_transform_homepurchase, execution_date=20231104T030126, start_date=20231104T030924, end_date=20231104T030933
[2023-11-04T03:09:33.353+0000] {standard_task_runner.py:104} ERROR - Failed to execute job 1298 for task merge_and_transform_homepurchase (type NoneType doesn't define __round__ method; 31714)
[2023-11-04T03:09:33.400+0000] {local_task_job_runner.py:228} INFO - Task exited with return code 1
