[2023-11-25T09:20:22.514+0000] {taskinstance.py:1159} INFO - Dependencies all met for dep_context=non-requeueable deps ti=<TaskInstance: col_api_etl.merge_and_transform_rent manual__2023-11-25T09:13:13.055272+00:00 [queued]>
[2023-11-25T09:20:22.525+0000] {taskinstance.py:1159} INFO - Dependencies all met for dep_context=requeueable deps ti=<TaskInstance: col_api_etl.merge_and_transform_rent manual__2023-11-25T09:13:13.055272+00:00 [queued]>
[2023-11-25T09:20:22.525+0000] {taskinstance.py:1361} INFO - Starting attempt 1 of 2
[2023-11-25T09:20:22.543+0000] {taskinstance.py:1382} INFO - Executing <Task(PythonOperator): merge_and_transform_rent> on 2023-11-25 09:13:13.055272+00:00
[2023-11-25T09:20:22.550+0000] {standard_task_runner.py:57} INFO - Started process 18890 to run task
[2023-11-25T09:20:22.550+0000] {clientserver.py:543} INFO - Closing down clientserver connection
[2023-11-25T09:20:22.557+0000] {standard_task_runner.py:84} INFO - Running: ['***', 'tasks', 'run', 'col_api_etl', 'merge_and_transform_rent', 'manual__2023-11-25T09:13:13.055272+00:00', '--job-id', '46', '--raw', '--subdir', 'DAGS_FOLDER/col_api_etl.py', '--cfg-path', '/tmp/tmpzcu4yxaa']
[2023-11-25T09:20:22.559+0000] {standard_task_runner.py:85} INFO - Job 46: Subtask merge_and_transform_rent
[2023-11-25T09:20:22.628+0000] {task_command.py:415} INFO - Running <TaskInstance: col_api_etl.merge_and_transform_rent manual__2023-11-25T09:13:13.055272+00:00 [running]> on host 9b6b24afef42
[2023-11-25T09:20:22.975+0000] {taskinstance.py:1660} INFO - Exporting env vars: AIRFLOW_CTX_DAG_OWNER='***' AIRFLOW_CTX_DAG_ID='col_api_etl' AIRFLOW_CTX_TASK_ID='merge_and_transform_rent' AIRFLOW_CTX_EXECUTION_DATE='2023-11-25T09:13:13.055272+00:00' AIRFLOW_CTX_TRY_NUMBER='1' AIRFLOW_CTX_DAG_RUN_ID='manual__2023-11-25T09:13:13.055272+00:00'
[2023-11-25T09:20:28.569+0000] {taskinstance.py:1943} ERROR - Task failed with exception
Traceback (most recent call last):
  File "/home/airflow/.local/lib/python3.8/site-packages/airflow/operators/python.py", line 192, in execute
    return_value = self.execute_callable()
  File "/home/airflow/.local/lib/python3.8/site-packages/airflow/operators/python.py", line 209, in execute_callable
    return self.python_callable(*self.op_args, **self.op_kwargs)
  File "/opt/airflow/dags/scripts/pyspark.py", line 132, in merge_and_transform_rent
    numbeo_price_info_filtered.show(500)
NameError: name 'numbeo_price_info_filtered' is not defined
[2023-11-25T09:20:28.586+0000] {taskinstance.py:1400} INFO - Marking task as UP_FOR_RETRY. dag_id=col_api_etl, task_id=merge_and_transform_rent, execution_date=20231125T091313, start_date=20231125T092022, end_date=20231125T092028
[2023-11-25T09:20:28.601+0000] {standard_task_runner.py:104} ERROR - Failed to execute job 46 for task merge_and_transform_rent (name 'numbeo_price_info_filtered' is not defined; 18890)
[2023-11-25T09:20:28.657+0000] {local_task_job_runner.py:228} INFO - Task exited with return code 1
