[2023-11-25T08:02:55.942+0000] {taskinstance.py:1159} INFO - Dependencies all met for dep_context=non-requeueable deps ti=<TaskInstance: col_api_etl.extract_livingcost_prices_from_city manual__2023-11-25T08:02:36.629473+00:00 [queued]>
[2023-11-25T08:02:55.951+0000] {taskinstance.py:1159} INFO - Dependencies all met for dep_context=requeueable deps ti=<TaskInstance: col_api_etl.extract_livingcost_prices_from_city manual__2023-11-25T08:02:36.629473+00:00 [queued]>
[2023-11-25T08:02:55.951+0000] {taskinstance.py:1361} INFO - Starting attempt 1 of 2
[2023-11-25T08:02:55.972+0000] {taskinstance.py:1382} INFO - Executing <Task(PythonOperator): extract_livingcost_prices_from_city> on 2023-11-25 08:02:36.629473+00:00
[2023-11-25T08:02:55.977+0000] {standard_task_runner.py:57} INFO - Started process 685 to run task
[2023-11-25T08:02:55.980+0000] {clientserver.py:543} INFO - Closing down clientserver connection
[2023-11-25T08:02:55.985+0000] {standard_task_runner.py:84} INFO - Running: ['***', 'tasks', 'run', 'col_api_etl', 'extract_livingcost_prices_from_city', 'manual__2023-11-25T08:02:36.629473+00:00', '--job-id', '17', '--raw', '--subdir', 'DAGS_FOLDER/col_api_etl.py', '--cfg-path', '/tmp/tmpp8fe5fc0']
[2023-11-25T08:02:55.987+0000] {standard_task_runner.py:85} INFO - Job 17: Subtask extract_livingcost_prices_from_city
[2023-11-25T08:02:56.061+0000] {task_command.py:415} INFO - Running <TaskInstance: col_api_etl.extract_livingcost_prices_from_city manual__2023-11-25T08:02:36.629473+00:00 [running]> on host 9b6b24afef42
[2023-11-25T08:02:56.292+0000] {clientserver.py:505} INFO - Error while sending or receiving.
Traceback (most recent call last):
  File "/home/airflow/.local/lib/python3.8/site-packages/py4j/clientserver.py", line 503, in send_command
    self.socket.sendall(command.encode("utf-8"))
ConnectionResetError: [Errno 104] Connection reset by peer
[2023-11-25T08:02:56.293+0000] {clientserver.py:543} INFO - Closing down clientserver connection
[2023-11-25T08:02:56.294+0000] {java_gateway.py:1052} INFO - Exception while sending command.
Traceback (most recent call last):
  File "/home/airflow/.local/lib/python3.8/site-packages/py4j/clientserver.py", line 503, in send_command
    self.socket.sendall(command.encode("utf-8"))
ConnectionResetError: [Errno 104] Connection reset by peer

During handling of the above exception, another exception occurred:

Traceback (most recent call last):
  File "/home/airflow/.local/lib/python3.8/site-packages/py4j/java_gateway.py", line 1038, in send_command
    response = connection.send_command(command)
  File "/home/airflow/.local/lib/python3.8/site-packages/py4j/clientserver.py", line 506, in send_command
    raise Py4JNetworkError(
py4j.protocol.Py4JNetworkError: Error while sending
[2023-11-25T08:02:56.308+0000] {clientserver.py:543} INFO - Closing down clientserver connection
[2023-11-25T08:02:56.462+0000] {taskinstance.py:1660} INFO - Exporting env vars: AIRFLOW_CTX_DAG_OWNER='***' AIRFLOW_CTX_DAG_ID='col_api_etl' AIRFLOW_CTX_TASK_ID='extract_livingcost_prices_from_city' AIRFLOW_CTX_EXECUTION_DATE='2023-11-25T08:02:36.629473+00:00' AIRFLOW_CTX_TRY_NUMBER='1' AIRFLOW_CTX_DAG_RUN_ID='manual__2023-11-25T08:02:36.629473+00:00'
[2023-11-25T08:02:56.734+0000] {logging_mixin.py:151} INFO - United-Arab-Emirates
[2023-11-25T08:02:56.735+0000] {logging_mixin.py:151} INFO - United-Arab-Emirates
[2023-11-25T08:02:56.735+0000] {logging_mixin.py:151} INFO - United-Arab-Emirates
[2023-11-25T08:02:56.736+0000] {logging_mixin.py:151} INFO - Australia
[2023-11-25T08:02:56.736+0000] {logging_mixin.py:151} INFO - Australia
[2023-11-25T08:02:56.736+0000] {logging_mixin.py:151} INFO - Australia
[2023-11-25T08:02:56.736+0000] {logging_mixin.py:151} INFO - Australia
[2023-11-25T08:02:56.736+0000] {logging_mixin.py:151} INFO - Australia
[2023-11-25T08:02:56.736+0000] {logging_mixin.py:151} INFO - Australia
[2023-11-25T08:02:56.736+0000] {logging_mixin.py:151} INFO - Australia
[2023-11-25T08:02:56.737+0000] {logging_mixin.py:151} INFO - Bosnia-And-Herzegovina
[2023-11-25T08:02:56.737+0000] {logging_mixin.py:151} INFO - Bahrain
[2023-11-25T08:02:56.737+0000] {logging_mixin.py:151} INFO - Bulgaria
[2023-11-25T08:02:56.737+0000] {logging_mixin.py:151} INFO - Brazil
[2023-11-25T08:02:56.737+0000] {logging_mixin.py:151} INFO - Brazil
[2023-11-25T08:02:56.737+0000] {logging_mixin.py:151} INFO - Brazil
[2023-11-25T08:02:56.737+0000] {logging_mixin.py:151} INFO - Canada
[2023-11-25T08:02:56.738+0000] {logging_mixin.py:151} INFO - Canada
[2023-11-25T08:02:56.738+0000] {logging_mixin.py:151} INFO - Canada
[2023-11-25T08:02:56.738+0000] {logging_mixin.py:151} INFO - Canada
[2023-11-25T08:02:56.738+0000] {logging_mixin.py:151} INFO - Canada
[2023-11-25T08:02:56.738+0000] {logging_mixin.py:151} INFO - Canada
[2023-11-25T08:02:56.738+0000] {logging_mixin.py:151} INFO - Canada
[2023-11-25T08:02:56.739+0000] {logging_mixin.py:151} INFO - Canada
[2023-11-25T08:02:56.739+0000] {logging_mixin.py:151} INFO - Switzerland
[2023-11-25T08:02:56.739+0000] {logging_mixin.py:151} INFO - Switzerland
[2023-11-25T08:02:56.739+0000] {logging_mixin.py:151} INFO - Switzerland
[2023-11-25T08:02:56.739+0000] {logging_mixin.py:151} INFO - Switzerland
[2023-11-25T08:02:56.739+0000] {logging_mixin.py:151} INFO - Switzerland
[2023-11-25T08:02:56.739+0000] {logging_mixin.py:151} INFO - Switzerland
[2023-11-25T08:02:56.740+0000] {logging_mixin.py:151} INFO - Switzerland
[2023-11-25T08:02:56.740+0000] {logging_mixin.py:151} INFO - Liechtenstein
[2023-11-25T08:02:56.740+0000] {logging_mixin.py:151} INFO - Chile
[2023-11-25T08:02:56.740+0000] {logging_mixin.py:151} INFO - China
[2023-11-25T08:02:56.740+0000] {logging_mixin.py:151} INFO - China
[2023-11-25T08:02:56.740+0000] {logging_mixin.py:151} INFO - China
[2023-11-25T08:02:56.740+0000] {logging_mixin.py:151} INFO - China
[2023-11-25T08:02:56.741+0000] {logging_mixin.py:151} INFO - China
[2023-11-25T08:02:56.741+0000] {logging_mixin.py:151} INFO - China
[2023-11-25T08:02:56.741+0000] {logging_mixin.py:151} INFO - Colombia
[2023-11-25T08:02:56.741+0000] {logging_mixin.py:151} INFO - Colombia
[2023-11-25T08:02:56.741+0000] {logging_mixin.py:151} INFO - Colombia
[2023-11-25T08:02:56.741+0000] {logging_mixin.py:151} INFO - Colombia
[2023-11-25T08:02:56.741+0000] {logging_mixin.py:151} INFO - Costa-Rica
[2023-11-25T08:02:56.742+0000] {logging_mixin.py:151} INFO - Czech-Republic
[2023-11-25T08:02:56.742+0000] {logging_mixin.py:151} INFO - Czech-Republic
[2023-11-25T08:02:56.742+0000] {logging_mixin.py:151} INFO - Czech-Republic
[2023-11-25T08:02:56.742+0000] {logging_mixin.py:151} INFO - Denmark
[2023-11-25T08:02:56.742+0000] {logging_mixin.py:151} INFO - Denmark
[2023-11-25T08:02:56.742+0000] {logging_mixin.py:151} INFO - Denmark
[2023-11-25T08:02:56.742+0000] {logging_mixin.py:151} INFO - Andorra
[2023-11-25T08:02:56.743+0000] {logging_mixin.py:151} INFO - Austria
[2023-11-25T08:02:56.743+0000] {logging_mixin.py:151} INFO - Austria
[2023-11-25T08:02:56.743+0000] {logging_mixin.py:151} INFO - Austria
[2023-11-25T08:02:56.743+0000] {logging_mixin.py:151} INFO - Austria
[2023-11-25T08:02:56.743+0000] {logging_mixin.py:151} INFO - Austria
[2023-11-25T08:02:56.743+0000] {logging_mixin.py:151} INFO - Belgium
[2023-11-25T08:02:56.744+0000] {logging_mixin.py:151} INFO - Belgium
[2023-11-25T08:02:56.744+0000] {logging_mixin.py:151} INFO - Belgium
[2023-11-25T08:02:56.744+0000] {logging_mixin.py:151} INFO - Belgium
[2023-11-25T08:02:56.744+0000] {logging_mixin.py:151} INFO - Belgium
[2023-11-25T08:02:56.744+0000] {logging_mixin.py:151} INFO - Croatia
[2023-11-25T08:02:56.744+0000] {logging_mixin.py:151} INFO - Croatia
[2023-11-25T08:02:56.744+0000] {logging_mixin.py:151} INFO - Croatia
[2023-11-25T08:02:56.745+0000] {logging_mixin.py:151} INFO - Cyprus
[2023-11-25T08:02:56.745+0000] {logging_mixin.py:151} INFO - Estonia
[2023-11-25T08:02:56.745+0000] {logging_mixin.py:151} INFO - Estonia
[2023-11-25T08:02:56.745+0000] {logging_mixin.py:151} INFO - Finland
[2023-11-25T08:02:56.745+0000] {logging_mixin.py:151} INFO - Finland
[2023-11-25T08:02:56.745+0000] {logging_mixin.py:151} INFO - Finland
[2023-11-25T08:02:56.745+0000] {logging_mixin.py:151} INFO - Finland
[2023-11-25T08:02:56.746+0000] {logging_mixin.py:151} INFO - France
[2023-11-25T08:02:56.746+0000] {logging_mixin.py:151} INFO - France
[2023-11-25T08:02:56.746+0000] {logging_mixin.py:151} INFO - France
[2023-11-25T08:02:56.746+0000] {logging_mixin.py:151} INFO - France
[2023-11-25T08:02:56.746+0000] {logging_mixin.py:151} INFO - France
[2023-11-25T08:02:56.746+0000] {logging_mixin.py:151} INFO - France
[2023-11-25T08:02:56.746+0000] {logging_mixin.py:151} INFO - France
[2023-11-25T08:02:56.747+0000] {logging_mixin.py:151} INFO - Germany
[2023-11-25T08:02:56.747+0000] {logging_mixin.py:151} INFO - Germany
[2023-11-25T08:02:56.747+0000] {logging_mixin.py:151} INFO - Germany
[2023-11-25T08:02:56.747+0000] {logging_mixin.py:151} INFO - Germany
[2023-11-25T08:02:56.747+0000] {logging_mixin.py:151} INFO - Germany
[2023-11-25T08:02:56.747+0000] {logging_mixin.py:151} INFO - Germany
[2023-11-25T08:02:56.747+0000] {logging_mixin.py:151} INFO - Germany
[2023-11-25T08:02:56.748+0000] {logging_mixin.py:151} INFO - Germany
[2023-11-25T08:02:56.748+0000] {logging_mixin.py:151} INFO - Germany
[2023-11-25T08:02:56.748+0000] {logging_mixin.py:151} INFO - Germany
[2023-11-25T08:02:56.748+0000] {logging_mixin.py:151} INFO - Greece
[2023-11-25T08:02:56.748+0000] {logging_mixin.py:151} INFO - Greece
[2023-11-25T08:02:56.748+0000] {logging_mixin.py:151} INFO - Greece
[2023-11-25T08:02:56.748+0000] {logging_mixin.py:151} INFO - Ireland
[2023-11-25T08:02:56.749+0000] {logging_mixin.py:151} INFO - Ireland
[2023-11-25T08:02:56.749+0000] {logging_mixin.py:151} INFO - Ireland
[2023-11-25T08:02:56.749+0000] {logging_mixin.py:151} INFO - Italy
[2023-11-25T08:02:56.749+0000] {logging_mixin.py:151} INFO - Italy
[2023-11-25T08:02:56.749+0000] {logging_mixin.py:151} INFO - Italy
[2023-11-25T08:02:56.749+0000] {logging_mixin.py:151} INFO - Italy
[2023-11-25T08:02:56.749+0000] {logging_mixin.py:151} INFO - Italy
[2023-11-25T08:02:56.750+0000] {logging_mixin.py:151} INFO - Italy
[2023-11-25T08:02:56.750+0000] {logging_mixin.py:151} INFO - Italy
[2023-11-25T08:02:56.750+0000] {logging_mixin.py:151} INFO - Italy
[2023-11-25T08:02:56.750+0000] {logging_mixin.py:151} INFO - Latvia
[2023-11-25T08:02:56.750+0000] {logging_mixin.py:151} INFO - Lithuania
[2023-11-25T08:02:56.750+0000] {logging_mixin.py:151} INFO - Luxembourg
[2023-11-25T08:02:56.750+0000] {logging_mixin.py:151} INFO - Malta
[2023-11-25T08:02:56.751+0000] {logging_mixin.py:151} INFO - Montenegro
[2023-11-25T08:02:56.751+0000] {logging_mixin.py:151} INFO - Monaco
[2023-11-25T08:02:56.751+0000] {logging_mixin.py:151} INFO - Netherlands
[2023-11-25T08:02:56.751+0000] {logging_mixin.py:151} INFO - Netherlands
[2023-11-25T08:02:56.751+0000] {logging_mixin.py:151} INFO - Netherlands
[2023-11-25T08:02:56.751+0000] {logging_mixin.py:151} INFO - Netherlands
[2023-11-25T08:02:56.752+0000] {logging_mixin.py:151} INFO - Netherlands
[2023-11-25T08:02:56.752+0000] {logging_mixin.py:151} INFO - Netherlands
[2023-11-25T08:02:56.752+0000] {logging_mixin.py:151} INFO - Portugal
[2023-11-25T08:02:56.752+0000] {logging_mixin.py:151} INFO - Portugal
[2023-11-25T08:02:56.752+0000] {logging_mixin.py:151} INFO - Portugal
[2023-11-25T08:02:56.752+0000] {logging_mixin.py:151} INFO - Portugal
[2023-11-25T08:02:56.752+0000] {logging_mixin.py:151} INFO - San-Marino
[2023-11-25T08:02:56.753+0000] {logging_mixin.py:151} INFO - Slovakia
[2023-11-25T08:02:56.753+0000] {logging_mixin.py:151} INFO - Slovenia
[2023-11-25T08:02:56.753+0000] {logging_mixin.py:151} INFO - Spain
[2023-11-25T08:02:56.753+0000] {logging_mixin.py:151} INFO - Spain
[2023-11-25T08:02:56.753+0000] {logging_mixin.py:151} INFO - Spain
[2023-11-25T08:02:56.753+0000] {logging_mixin.py:151} INFO - Spain
[2023-11-25T08:02:56.753+0000] {logging_mixin.py:151} INFO - Spain
[2023-11-25T08:02:56.754+0000] {logging_mixin.py:151} INFO - Spain
[2023-11-25T08:02:56.754+0000] {logging_mixin.py:151} INFO - Spain
[2023-11-25T08:02:56.754+0000] {logging_mixin.py:151} INFO - Spain
[2023-11-25T08:02:56.754+0000] {logging_mixin.py:151} INFO - Spain
[2023-11-25T08:02:56.754+0000] {logging_mixin.py:151} INFO - Spain
[2023-11-25T08:02:56.754+0000] {logging_mixin.py:151} INFO - Georgia
[2023-11-25T08:02:56.754+0000] {logging_mixin.py:151} INFO - Hong-Kong
[2023-11-25T08:02:57.146+0000] {taskinstance.py:1943} ERROR - Task failed with exception
Traceback (most recent call last):
  File "/home/airflow/.local/lib/python3.8/site-packages/airflow/operators/python.py", line 192, in execute
    return_value = self.execute_callable()
  File "/home/airflow/.local/lib/python3.8/site-packages/airflow/operators/python.py", line 209, in execute_callable
    return self.python_callable(*self.op_args, **self.op_kwargs)
  File "/opt/airflow/dags/scripts/extraction.py", line 91, in extract_livingcost_prices_from_city
    eating_out_table = livingcost_city_page_html.find_all('table', {'class': 'table table-sm table-striped table-hover'})[0].find('tbody').find_all('tr')
IndexError: list index out of range
[2023-11-25T08:02:57.162+0000] {taskinstance.py:1400} INFO - Marking task as UP_FOR_RETRY. dag_id=col_api_etl, task_id=extract_livingcost_prices_from_city, execution_date=20231125T080236, start_date=20231125T080255, end_date=20231125T080257
[2023-11-25T08:02:57.175+0000] {standard_task_runner.py:104} ERROR - Failed to execute job 17 for task extract_livingcost_prices_from_city (list index out of range; 685)
[2023-11-25T08:02:57.209+0000] {local_task_job_runner.py:228} INFO - Task exited with return code 1
