[2023-11-25T08:03:32.327+0000] {taskinstance.py:1159} INFO - Dependencies all met for dep_context=non-requeueable deps ti=<TaskInstance: col_api_etl.extract_livingcost_prices_from_city manual__2023-11-25T08:02:36.629473+00:00 [queued]>
[2023-11-25T08:03:32.338+0000] {taskinstance.py:1159} INFO - Dependencies all met for dep_context=requeueable deps ti=<TaskInstance: col_api_etl.extract_livingcost_prices_from_city manual__2023-11-25T08:02:36.629473+00:00 [queued]>
[2023-11-25T08:03:32.338+0000] {taskinstance.py:1361} INFO - Starting attempt 2 of 2
[2023-11-25T08:03:32.356+0000] {taskinstance.py:1382} INFO - Executing <Task(PythonOperator): extract_livingcost_prices_from_city> on 2023-11-25 08:02:36.629473+00:00
[2023-11-25T08:03:32.362+0000] {standard_task_runner.py:57} INFO - Started process 913 to run task
[2023-11-25T08:03:32.363+0000] {clientserver.py:543} INFO - Closing down clientserver connection
[2023-11-25T08:03:32.369+0000] {standard_task_runner.py:84} INFO - Running: ['***', 'tasks', 'run', 'col_api_etl', 'extract_livingcost_prices_from_city', 'manual__2023-11-25T08:02:36.629473+00:00', '--job-id', '18', '--raw', '--subdir', 'DAGS_FOLDER/col_api_etl.py', '--cfg-path', '/tmp/tmpfzq_y1df']
[2023-11-25T08:03:32.371+0000] {standard_task_runner.py:85} INFO - Job 18: Subtask extract_livingcost_prices_from_city
[2023-11-25T08:03:32.449+0000] {task_command.py:415} INFO - Running <TaskInstance: col_api_etl.extract_livingcost_prices_from_city manual__2023-11-25T08:02:36.629473+00:00 [running]> on host 9b6b24afef42
[2023-11-25T08:03:32.745+0000] {taskinstance.py:1660} INFO - Exporting env vars: AIRFLOW_CTX_DAG_OWNER='***' AIRFLOW_CTX_DAG_ID='col_api_etl' AIRFLOW_CTX_TASK_ID='extract_livingcost_prices_from_city' AIRFLOW_CTX_EXECUTION_DATE='2023-11-25T08:02:36.629473+00:00' AIRFLOW_CTX_TRY_NUMBER='2' AIRFLOW_CTX_DAG_RUN_ID='manual__2023-11-25T08:02:36.629473+00:00'
[2023-11-25T08:03:32.943+0000] {logging_mixin.py:151} INFO - United-Arab-Emirates
[2023-11-25T08:03:32.944+0000] {logging_mixin.py:151} INFO - United-Arab-Emirates
[2023-11-25T08:03:32.944+0000] {logging_mixin.py:151} INFO - United-Arab-Emirates
[2023-11-25T08:03:32.945+0000] {logging_mixin.py:151} INFO - Australia
[2023-11-25T08:03:32.945+0000] {logging_mixin.py:151} INFO - Australia
[2023-11-25T08:03:32.945+0000] {logging_mixin.py:151} INFO - Australia
[2023-11-25T08:03:32.945+0000] {logging_mixin.py:151} INFO - Australia
[2023-11-25T08:03:32.945+0000] {logging_mixin.py:151} INFO - Australia
[2023-11-25T08:03:32.945+0000] {logging_mixin.py:151} INFO - Australia
[2023-11-25T08:03:32.945+0000] {logging_mixin.py:151} INFO - Australia
[2023-11-25T08:03:32.946+0000] {logging_mixin.py:151} INFO - Bosnia-And-Herzegovina
[2023-11-25T08:03:32.946+0000] {logging_mixin.py:151} INFO - Bahrain
[2023-11-25T08:03:32.946+0000] {logging_mixin.py:151} INFO - Bulgaria
[2023-11-25T08:03:32.946+0000] {logging_mixin.py:151} INFO - Brazil
[2023-11-25T08:03:32.946+0000] {logging_mixin.py:151} INFO - Brazil
[2023-11-25T08:03:32.946+0000] {logging_mixin.py:151} INFO - Brazil
[2023-11-25T08:03:32.946+0000] {logging_mixin.py:151} INFO - Canada
[2023-11-25T08:03:32.947+0000] {logging_mixin.py:151} INFO - Canada
[2023-11-25T08:03:32.947+0000] {logging_mixin.py:151} INFO - Canada
[2023-11-25T08:03:32.947+0000] {logging_mixin.py:151} INFO - Canada
[2023-11-25T08:03:32.947+0000] {logging_mixin.py:151} INFO - Canada
[2023-11-25T08:03:32.947+0000] {logging_mixin.py:151} INFO - Canada
[2023-11-25T08:03:32.947+0000] {logging_mixin.py:151} INFO - Canada
[2023-11-25T08:03:32.948+0000] {logging_mixin.py:151} INFO - Canada
[2023-11-25T08:03:32.948+0000] {logging_mixin.py:151} INFO - Switzerland
[2023-11-25T08:03:32.948+0000] {logging_mixin.py:151} INFO - Switzerland
[2023-11-25T08:03:32.948+0000] {logging_mixin.py:151} INFO - Switzerland
[2023-11-25T08:03:32.948+0000] {logging_mixin.py:151} INFO - Switzerland
[2023-11-25T08:03:32.948+0000] {logging_mixin.py:151} INFO - Switzerland
[2023-11-25T08:03:32.948+0000] {logging_mixin.py:151} INFO - Switzerland
[2023-11-25T08:03:32.949+0000] {logging_mixin.py:151} INFO - Switzerland
[2023-11-25T08:03:32.949+0000] {logging_mixin.py:151} INFO - Liechtenstein
[2023-11-25T08:03:32.949+0000] {logging_mixin.py:151} INFO - Chile
[2023-11-25T08:03:32.949+0000] {logging_mixin.py:151} INFO - China
[2023-11-25T08:03:32.949+0000] {logging_mixin.py:151} INFO - China
[2023-11-25T08:03:32.949+0000] {logging_mixin.py:151} INFO - China
[2023-11-25T08:03:32.949+0000] {logging_mixin.py:151} INFO - China
[2023-11-25T08:03:32.950+0000] {logging_mixin.py:151} INFO - China
[2023-11-25T08:03:32.950+0000] {logging_mixin.py:151} INFO - China
[2023-11-25T08:03:32.950+0000] {logging_mixin.py:151} INFO - Colombia
[2023-11-25T08:03:32.950+0000] {logging_mixin.py:151} INFO - Colombia
[2023-11-25T08:03:32.950+0000] {logging_mixin.py:151} INFO - Colombia
[2023-11-25T08:03:32.950+0000] {logging_mixin.py:151} INFO - Colombia
[2023-11-25T08:03:32.950+0000] {logging_mixin.py:151} INFO - Costa-Rica
[2023-11-25T08:03:32.951+0000] {logging_mixin.py:151} INFO - Czech-Republic
[2023-11-25T08:03:32.951+0000] {logging_mixin.py:151} INFO - Czech-Republic
[2023-11-25T08:03:32.951+0000] {logging_mixin.py:151} INFO - Czech-Republic
[2023-11-25T08:03:32.951+0000] {logging_mixin.py:151} INFO - Denmark
[2023-11-25T08:03:32.951+0000] {logging_mixin.py:151} INFO - Denmark
[2023-11-25T08:03:32.951+0000] {logging_mixin.py:151} INFO - Denmark
[2023-11-25T08:03:32.951+0000] {logging_mixin.py:151} INFO - Andorra
[2023-11-25T08:03:32.952+0000] {logging_mixin.py:151} INFO - Austria
[2023-11-25T08:03:32.952+0000] {logging_mixin.py:151} INFO - Austria
[2023-11-25T08:03:32.952+0000] {logging_mixin.py:151} INFO - Austria
[2023-11-25T08:03:32.952+0000] {logging_mixin.py:151} INFO - Austria
[2023-11-25T08:03:32.952+0000] {logging_mixin.py:151} INFO - Austria
[2023-11-25T08:03:32.952+0000] {logging_mixin.py:151} INFO - Belgium
[2023-11-25T08:03:32.952+0000] {logging_mixin.py:151} INFO - Belgium
[2023-11-25T08:03:32.953+0000] {logging_mixin.py:151} INFO - Belgium
[2023-11-25T08:03:32.953+0000] {logging_mixin.py:151} INFO - Belgium
[2023-11-25T08:03:32.953+0000] {logging_mixin.py:151} INFO - Belgium
[2023-11-25T08:03:32.953+0000] {logging_mixin.py:151} INFO - Croatia
[2023-11-25T08:03:32.953+0000] {logging_mixin.py:151} INFO - Croatia
[2023-11-25T08:03:32.953+0000] {logging_mixin.py:151} INFO - Croatia
[2023-11-25T08:03:32.953+0000] {logging_mixin.py:151} INFO - Cyprus
[2023-11-25T08:03:32.954+0000] {logging_mixin.py:151} INFO - Estonia
[2023-11-25T08:03:32.954+0000] {logging_mixin.py:151} INFO - Estonia
[2023-11-25T08:03:32.954+0000] {logging_mixin.py:151} INFO - Finland
[2023-11-25T08:03:32.954+0000] {logging_mixin.py:151} INFO - Finland
[2023-11-25T08:03:32.954+0000] {logging_mixin.py:151} INFO - Finland
[2023-11-25T08:03:32.954+0000] {logging_mixin.py:151} INFO - Finland
[2023-11-25T08:03:32.954+0000] {logging_mixin.py:151} INFO - France
[2023-11-25T08:03:32.955+0000] {logging_mixin.py:151} INFO - France
[2023-11-25T08:03:32.955+0000] {logging_mixin.py:151} INFO - France
[2023-11-25T08:03:32.955+0000] {logging_mixin.py:151} INFO - France
[2023-11-25T08:03:32.955+0000] {logging_mixin.py:151} INFO - France
[2023-11-25T08:03:32.955+0000] {logging_mixin.py:151} INFO - France
[2023-11-25T08:03:32.955+0000] {logging_mixin.py:151} INFO - France
[2023-11-25T08:03:32.956+0000] {logging_mixin.py:151} INFO - Germany
[2023-11-25T08:03:32.956+0000] {logging_mixin.py:151} INFO - Germany
[2023-11-25T08:03:32.956+0000] {logging_mixin.py:151} INFO - Germany
[2023-11-25T08:03:32.956+0000] {logging_mixin.py:151} INFO - Germany
[2023-11-25T08:03:32.956+0000] {logging_mixin.py:151} INFO - Germany
[2023-11-25T08:03:32.956+0000] {logging_mixin.py:151} INFO - Germany
[2023-11-25T08:03:32.956+0000] {logging_mixin.py:151} INFO - Germany
[2023-11-25T08:03:32.957+0000] {logging_mixin.py:151} INFO - Germany
[2023-11-25T08:03:32.957+0000] {logging_mixin.py:151} INFO - Germany
[2023-11-25T08:03:32.957+0000] {logging_mixin.py:151} INFO - Germany
[2023-11-25T08:03:32.957+0000] {logging_mixin.py:151} INFO - Greece
[2023-11-25T08:03:32.957+0000] {logging_mixin.py:151} INFO - Greece
[2023-11-25T08:03:32.957+0000] {logging_mixin.py:151} INFO - Greece
[2023-11-25T08:03:32.957+0000] {logging_mixin.py:151} INFO - Ireland
[2023-11-25T08:03:32.958+0000] {logging_mixin.py:151} INFO - Ireland
[2023-11-25T08:03:32.958+0000] {logging_mixin.py:151} INFO - Ireland
[2023-11-25T08:03:32.958+0000] {logging_mixin.py:151} INFO - Italy
[2023-11-25T08:03:32.958+0000] {logging_mixin.py:151} INFO - Italy
[2023-11-25T08:03:32.958+0000] {logging_mixin.py:151} INFO - Italy
[2023-11-25T08:03:32.958+0000] {logging_mixin.py:151} INFO - Italy
[2023-11-25T08:03:32.958+0000] {logging_mixin.py:151} INFO - Italy
[2023-11-25T08:03:32.959+0000] {logging_mixin.py:151} INFO - Italy
[2023-11-25T08:03:32.959+0000] {logging_mixin.py:151} INFO - Italy
[2023-11-25T08:03:32.959+0000] {logging_mixin.py:151} INFO - Italy
[2023-11-25T08:03:32.959+0000] {logging_mixin.py:151} INFO - Latvia
[2023-11-25T08:03:32.959+0000] {logging_mixin.py:151} INFO - Lithuania
[2023-11-25T08:03:32.959+0000] {logging_mixin.py:151} INFO - Luxembourg
[2023-11-25T08:03:32.959+0000] {logging_mixin.py:151} INFO - Malta
[2023-11-25T08:03:32.960+0000] {logging_mixin.py:151} INFO - Montenegro
[2023-11-25T08:03:32.960+0000] {logging_mixin.py:151} INFO - Monaco
[2023-11-25T08:03:32.960+0000] {logging_mixin.py:151} INFO - Netherlands
[2023-11-25T08:03:32.960+0000] {logging_mixin.py:151} INFO - Netherlands
[2023-11-25T08:03:32.960+0000] {logging_mixin.py:151} INFO - Netherlands
[2023-11-25T08:03:32.960+0000] {logging_mixin.py:151} INFO - Netherlands
[2023-11-25T08:03:32.960+0000] {logging_mixin.py:151} INFO - Netherlands
[2023-11-25T08:03:32.961+0000] {logging_mixin.py:151} INFO - Netherlands
[2023-11-25T08:03:32.961+0000] {logging_mixin.py:151} INFO - Portugal
[2023-11-25T08:03:32.961+0000] {logging_mixin.py:151} INFO - Portugal
[2023-11-25T08:03:32.961+0000] {logging_mixin.py:151} INFO - Portugal
[2023-11-25T08:03:32.961+0000] {logging_mixin.py:151} INFO - Portugal
[2023-11-25T08:03:32.961+0000] {logging_mixin.py:151} INFO - San-Marino
[2023-11-25T08:03:32.961+0000] {logging_mixin.py:151} INFO - Slovakia
[2023-11-25T08:03:32.962+0000] {logging_mixin.py:151} INFO - Slovenia
[2023-11-25T08:03:32.962+0000] {logging_mixin.py:151} INFO - Spain
[2023-11-25T08:03:32.962+0000] {logging_mixin.py:151} INFO - Spain
[2023-11-25T08:03:32.962+0000] {logging_mixin.py:151} INFO - Spain
[2023-11-25T08:03:32.962+0000] {logging_mixin.py:151} INFO - Spain
[2023-11-25T08:03:32.962+0000] {logging_mixin.py:151} INFO - Spain
[2023-11-25T08:03:32.962+0000] {logging_mixin.py:151} INFO - Spain
[2023-11-25T08:03:32.963+0000] {logging_mixin.py:151} INFO - Spain
[2023-11-25T08:03:32.963+0000] {logging_mixin.py:151} INFO - Spain
[2023-11-25T08:03:32.963+0000] {logging_mixin.py:151} INFO - Spain
[2023-11-25T08:03:32.963+0000] {logging_mixin.py:151} INFO - Spain
[2023-11-25T08:03:32.963+0000] {logging_mixin.py:151} INFO - Georgia
[2023-11-25T08:03:32.963+0000] {logging_mixin.py:151} INFO - Hong-Kong
[2023-11-25T08:03:33.264+0000] {taskinstance.py:1943} ERROR - Task failed with exception
Traceback (most recent call last):
  File "/home/airflow/.local/lib/python3.8/site-packages/airflow/operators/python.py", line 192, in execute
    return_value = self.execute_callable()
  File "/home/airflow/.local/lib/python3.8/site-packages/airflow/operators/python.py", line 209, in execute_callable
    return self.python_callable(*self.op_args, **self.op_kwargs)
  File "/opt/airflow/dags/scripts/extraction.py", line 91, in extract_livingcost_prices_from_city
    eating_out_table = livingcost_city_page_html.find_all('table', {'class': 'table table-sm table-striped table-hover'})[0].find('tbody').find_all('tr')
IndexError: list index out of range
[2023-11-25T08:03:33.279+0000] {taskinstance.py:1400} INFO - Marking task as FAILED. dag_id=col_api_etl, task_id=extract_livingcost_prices_from_city, execution_date=20231125T080236, start_date=20231125T080332, end_date=20231125T080333
[2023-11-25T08:03:33.291+0000] {standard_task_runner.py:104} ERROR - Failed to execute job 18 for task extract_livingcost_prices_from_city (list index out of range; 913)
[2023-11-25T08:03:33.306+0000] {local_task_job_runner.py:228} INFO - Task exited with return code 1
