[2023-11-25T08:09:08.007+0000] {taskinstance.py:1159} INFO - Dependencies all met for dep_context=non-requeueable deps ti=<TaskInstance: col_api_etl.extract_livingcost_prices_from_city manual__2023-11-25T08:08:09.703587+00:00 [queued]>
[2023-11-25T08:09:08.017+0000] {taskinstance.py:1159} INFO - Dependencies all met for dep_context=requeueable deps ti=<TaskInstance: col_api_etl.extract_livingcost_prices_from_city manual__2023-11-25T08:08:09.703587+00:00 [queued]>
[2023-11-25T08:09:08.017+0000] {taskinstance.py:1361} INFO - Starting attempt 2 of 2
[2023-11-25T08:09:08.034+0000] {taskinstance.py:1382} INFO - Executing <Task(PythonOperator): extract_livingcost_prices_from_city> on 2023-11-25 08:08:09.703587+00:00
[2023-11-25T08:09:08.051+0000] {standard_task_runner.py:57} INFO - Started process 2425 to run task
[2023-11-25T08:09:08.059+0000] {clientserver.py:543} INFO - Closing down clientserver connection
[2023-11-25T08:09:08.071+0000] {standard_task_runner.py:84} INFO - Running: ['***', 'tasks', 'run', 'col_api_etl', 'extract_livingcost_prices_from_city', 'manual__2023-11-25T08:08:09.703587+00:00', '--job-id', '22', '--raw', '--subdir', 'DAGS_FOLDER/col_api_etl.py', '--cfg-path', '/tmp/tmp2vl6z1oy']
[2023-11-25T08:09:08.078+0000] {standard_task_runner.py:85} INFO - Job 22: Subtask extract_livingcost_prices_from_city
[2023-11-25T08:09:08.199+0000] {task_command.py:415} INFO - Running <TaskInstance: col_api_etl.extract_livingcost_prices_from_city manual__2023-11-25T08:08:09.703587+00:00 [running]> on host 9b6b24afef42
[2023-11-25T08:09:08.748+0000] {taskinstance.py:1660} INFO - Exporting env vars: AIRFLOW_CTX_DAG_OWNER='***' AIRFLOW_CTX_DAG_ID='col_api_etl' AIRFLOW_CTX_TASK_ID='extract_livingcost_prices_from_city' AIRFLOW_CTX_EXECUTION_DATE='2023-11-25T08:08:09.703587+00:00' AIRFLOW_CTX_TRY_NUMBER='2' AIRFLOW_CTX_DAG_RUN_ID='manual__2023-11-25T08:08:09.703587+00:00'
[2023-11-25T08:09:08.952+0000] {logging_mixin.py:151} INFO - https://livingcost.org/cost/china/Hong-Kong
[2023-11-25T08:09:09.360+0000] {taskinstance.py:1943} ERROR - Task failed with exception
Traceback (most recent call last):
  File "/home/airflow/.local/lib/python3.8/site-packages/airflow/operators/python.py", line 192, in execute
    return_value = self.execute_callable()
  File "/home/airflow/.local/lib/python3.8/site-packages/airflow/operators/python.py", line 209, in execute_callable
    return self.python_callable(*self.op_args, **self.op_kwargs)
  File "/opt/airflow/dags/scripts/extraction.py", line 92, in extract_livingcost_prices_from_city
    eating_out_table = livingcost_city_page_html.find_all('table', {'class': 'table table-sm table-striped table-hover'})[0].find('tbody').find_all('tr')
IndexError: list index out of range
[2023-11-25T08:09:09.383+0000] {taskinstance.py:1400} INFO - Marking task as FAILED. dag_id=col_api_etl, task_id=extract_livingcost_prices_from_city, execution_date=20231125T080809, start_date=20231125T080908, end_date=20231125T080909
[2023-11-25T08:09:09.399+0000] {standard_task_runner.py:104} ERROR - Failed to execute job 22 for task extract_livingcost_prices_from_city (list index out of range; 2425)
[2023-11-25T08:09:09.437+0000] {local_task_job_runner.py:228} INFO - Task exited with return code 1
