[2023-10-29T06:22:58.274+0000] {logging_mixin.py:151} INFO - Changing /opt/***/logs/dag_id=col_api_etl/run_id=manual__2023-10-29T06:10:26.356560+00:00/task_id=extract_numbeo_prices_from_city permission to 509
[2023-10-29T06:22:58.275+0000] {logging_mixin.py:151} INFO - Failed to change /opt/***/logs/dag_id=col_api_etl/run_id=manual__2023-10-29T06:10:26.356560+00:00/task_id=extract_numbeo_prices_from_city permission to 509: [Errno 1] Operation not permitted: '/opt/***/logs/dag_id=col_api_etl/run_id=manual__2023-10-29T06:10:26.356560+00:00/task_id=extract_numbeo_prices_from_city'
[2023-10-29T06:22:58.302+0000] {logging_mixin.py:151} INFO - Changing /opt/***/logs/dag_id=col_api_etl/run_id=manual__2023-10-29T06:10:26.356560+00:00/task_id=extract_numbeo_prices_from_city permission to 509
[2023-10-29T06:22:58.303+0000] {logging_mixin.py:151} INFO - Failed to change /opt/***/logs/dag_id=col_api_etl/run_id=manual__2023-10-29T06:10:26.356560+00:00/task_id=extract_numbeo_prices_from_city permission to 509: [Errno 1] Operation not permitted: '/opt/***/logs/dag_id=col_api_etl/run_id=manual__2023-10-29T06:10:26.356560+00:00/task_id=extract_numbeo_prices_from_city'
[2023-10-29T06:22:58.334+0000] {taskinstance.py:1159} INFO - Dependencies all met for dep_context=non-requeueable deps ti=<TaskInstance: col_api_etl.extract_numbeo_prices_from_city manual__2023-10-29T06:10:26.356560+00:00 [queued]>
[2023-10-29T06:22:58.343+0000] {taskinstance.py:1159} INFO - Dependencies all met for dep_context=requeueable deps ti=<TaskInstance: col_api_etl.extract_numbeo_prices_from_city manual__2023-10-29T06:10:26.356560+00:00 [queued]>
[2023-10-29T06:22:58.344+0000] {taskinstance.py:1361} INFO - Starting attempt 2 of 2
[2023-10-29T06:22:58.357+0000] {taskinstance.py:1382} INFO - Executing <Task(PythonOperator): extract_numbeo_prices_from_city> on 2023-10-29 06:10:26.356560+00:00
[2023-10-29T06:22:58.361+0000] {standard_task_runner.py:57} INFO - Started process 100276 to run task
[2023-10-29T06:22:58.361+0000] {clientserver.py:543} INFO - Closing down clientserver connection
[2023-10-29T06:22:58.366+0000] {standard_task_runner.py:84} INFO - Running: ['***', 'tasks', 'run', 'col_api_etl', 'extract_numbeo_prices_from_city', 'manual__2023-10-29T06:10:26.356560+00:00', '--job-id', '1124', '--raw', '--subdir', 'DAGS_FOLDER/col_api_etl.py', '--cfg-path', '/tmp/tmp_wk2prfs']
[2023-10-29T06:22:58.368+0000] {standard_task_runner.py:85} INFO - Job 1124: Subtask extract_numbeo_prices_from_city
[2023-10-29T06:22:58.408+0000] {logging_mixin.py:151} INFO - Changing /opt/***/logs/dag_id=col_api_etl/run_id=manual__2023-10-29T06:10:26.356560+00:00/task_id=extract_numbeo_prices_from_city permission to 509
[2023-10-29T06:22:58.409+0000] {logging_mixin.py:151} INFO - Failed to change /opt/***/logs/dag_id=col_api_etl/run_id=manual__2023-10-29T06:10:26.356560+00:00/task_id=extract_numbeo_prices_from_city permission to 509: [Errno 1] Operation not permitted: '/opt/***/logs/dag_id=col_api_etl/run_id=manual__2023-10-29T06:10:26.356560+00:00/task_id=extract_numbeo_prices_from_city'
[2023-10-29T06:22:58.411+0000] {task_command.py:415} INFO - Running <TaskInstance: col_api_etl.extract_numbeo_prices_from_city manual__2023-10-29T06:10:26.356560+00:00 [running]> on host ea85de3a6109
[2023-10-29T06:22:58.482+0000] {taskinstance.py:1660} INFO - Exporting env vars: AIRFLOW_CTX_DAG_OWNER='***' AIRFLOW_CTX_DAG_ID='col_api_etl' AIRFLOW_CTX_TASK_ID='extract_numbeo_prices_from_city' AIRFLOW_CTX_EXECUTION_DATE='2023-10-29T06:10:26.356560+00:00' AIRFLOW_CTX_TRY_NUMBER='2' AIRFLOW_CTX_DAG_RUN_ID='manual__2023-10-29T06:10:26.356560+00:00'
[2023-10-29T06:22:59.182+0000] {clientserver.py:505} INFO - Error while sending or receiving.
Traceback (most recent call last):
  File "/home/airflow/.local/lib/python3.8/site-packages/py4j/clientserver.py", line 503, in send_command
    self.socket.sendall(command.encode("utf-8"))
ConnectionResetError: [Errno 104] Connection reset by peer
[2023-10-29T06:22:59.184+0000] {clientserver.py:543} INFO - Closing down clientserver connection
[2023-10-29T06:22:59.184+0000] {java_gateway.py:1052} INFO - Exception while sending command.
Traceback (most recent call last):
  File "/home/airflow/.local/lib/python3.8/site-packages/py4j/clientserver.py", line 503, in send_command
    self.socket.sendall(command.encode("utf-8"))
ConnectionResetError: [Errno 104] Connection reset by peer

During handling of the above exception, another exception occurred:

Traceback (most recent call last):
  File "/home/airflow/.local/lib/python3.8/site-packages/py4j/java_gateway.py", line 1038, in send_command
    response = connection.send_command(command)
  File "/home/airflow/.local/lib/python3.8/site-packages/py4j/clientserver.py", line 506, in send_command
    raise Py4JNetworkError(
py4j.protocol.Py4JNetworkError: Error while sending
[2023-10-29T06:22:59.187+0000] {clientserver.py:543} INFO - Closing down clientserver connection
[2023-10-29T06:22:59.984+0000] {logging_mixin.py:151} INFO - Dubai
[2023-10-29T06:23:05.730+0000] {logging_mixin.py:151} INFO - Abu-Dhabi
[2023-10-29T06:23:11.379+0000] {logging_mixin.py:151} INFO - Sharjah
[2023-10-29T06:23:17.065+0000] {logging_mixin.py:151} INFO - Perth
[2023-10-29T06:23:22.671+0000] {logging_mixin.py:151} INFO - Melbourne
[2023-10-29T06:23:28.303+0000] {logging_mixin.py:151} INFO - Sydney
[2023-10-29T06:23:34.059+0000] {logging_mixin.py:151} INFO - Brisbane
[2023-10-29T06:23:39.575+0000] {logging_mixin.py:151} INFO - Hobart
[2023-10-29T06:23:44.858+0000] {logging_mixin.py:151} INFO - Adelaide
[2023-10-29T06:23:50.448+0000] {logging_mixin.py:151} INFO - Canberra
[2023-10-29T06:23:55.736+0000] {logging_mixin.py:151} INFO - Darwin
[2023-10-29T06:24:01.037+0000] {logging_mixin.py:151} INFO - Sarajevo
[2023-10-29T06:24:06.639+0000] {logging_mixin.py:151} INFO - Manama
[2023-10-29T06:24:12.001+0000] {logging_mixin.py:151} INFO - Sofia
[2023-10-29T06:24:17.972+0000] {logging_mixin.py:151} INFO - Sao-Paulo
[2023-10-29T06:24:23.750+0000] {logging_mixin.py:151} INFO - Rio-De-Janeiro
[2023-10-29T06:24:29.480+0000] {logging_mixin.py:151} INFO - Brasilia
[2023-10-29T06:24:34.734+0000] {logging_mixin.py:151} INFO - Toronto
[2023-10-29T06:24:40.584+0000] {logging_mixin.py:151} INFO - Montreal
[2023-10-29T06:24:46.822+0000] {logging_mixin.py:151} INFO - Vancouver
[2023-10-29T06:24:52.441+0000] {logging_mixin.py:151} INFO - Ottawa
[2023-10-29T06:24:58.139+0000] {logging_mixin.py:151} INFO - Calgary
[2023-10-29T06:25:03.690+0000] {logging_mixin.py:151} INFO - Edmonton
[2023-10-29T06:25:09.479+0000] {logging_mixin.py:151} INFO - Halifax
[2023-10-29T06:25:15.237+0000] {logging_mixin.py:151} INFO - Quebec-City
[2023-10-29T06:25:20.828+0000] {logging_mixin.py:151} INFO - Zurich
[2023-10-29T06:25:26.482+0000] {logging_mixin.py:151} INFO - Geneva
[2023-10-29T06:25:31.810+0000] {logging_mixin.py:151} INFO - Zug
[2023-10-29T06:25:37.127+0000] {logging_mixin.py:151} INFO - Basel
[2023-10-29T06:25:42.682+0000] {logging_mixin.py:151} INFO - Bern
[2023-10-29T06:25:48.247+0000] {logging_mixin.py:151} INFO - Lausanne
[2023-10-29T06:25:53.503+0000] {logging_mixin.py:151} INFO - Lugano
[2023-10-29T06:25:59.167+0000] {logging_mixin.py:151} INFO - Vaduz
[2023-10-29T06:26:04.429+0000] {logging_mixin.py:151} INFO - Santiago
[2023-10-29T06:26:09.953+0000] {logging_mixin.py:151} INFO - Chongqing
[2023-10-29T06:26:15.227+0000] {logging_mixin.py:151} INFO - Shanghai
[2023-10-29T06:26:20.896+0000] {logging_mixin.py:151} INFO - Beijing
[2023-10-29T06:26:26.735+0000] {logging_mixin.py:151} INFO - Chengdu
[2023-10-29T06:26:32.264+0000] {logging_mixin.py:151} INFO - Guangzhou
[2023-10-29T06:26:37.925+0000] {logging_mixin.py:151} INFO - Shenzhen
[2023-10-29T06:26:43.509+0000] {logging_mixin.py:151} INFO - Bogota
[2023-10-29T06:26:49.418+0000] {logging_mixin.py:151} INFO - Medellin
[2023-10-29T06:26:56.262+0000] {logging_mixin.py:151} INFO - Cali
[2023-10-29T06:27:02.026+0000] {logging_mixin.py:151} INFO - Cartagena
[2023-10-29T06:27:07.393+0000] {logging_mixin.py:151} INFO - San-Jose
[2023-10-29T06:27:12.904+0000] {logging_mixin.py:151} INFO - Prague
[2023-10-29T06:27:18.533+0000] {logging_mixin.py:151} INFO - Brno
[2023-10-29T06:27:24.188+0000] {logging_mixin.py:151} INFO - Ostrava
[2023-10-29T06:27:29.724+0000] {logging_mixin.py:151} INFO - Copenhagen
[2023-10-29T06:27:35.416+0000] {logging_mixin.py:151} INFO - Aarhus
[2023-10-29T06:27:41.320+0000] {logging_mixin.py:151} INFO - Aalborg
[2023-10-29T06:27:46.593+0000] {logging_mixin.py:151} INFO - Andorra-La-Vella
[2023-10-29T06:27:51.864+0000] {logging_mixin.py:151} INFO - Vienna
[2023-10-29T06:27:57.400+0000] {logging_mixin.py:151} INFO - Salzburg
[2023-10-29T06:28:02.779+0000] {logging_mixin.py:151} INFO - Graz
[2023-10-29T06:28:08.091+0000] {logging_mixin.py:151} INFO - Linz
[2023-10-29T06:28:13.689+0000] {logging_mixin.py:151} INFO - Innsbruck
[2023-10-29T06:28:18.948+0000] {logging_mixin.py:151} INFO - Brussels
[2023-10-29T06:28:24.535+0000] {logging_mixin.py:151} INFO - Antwerp
[2023-10-29T06:28:30.019+0000] {logging_mixin.py:151} INFO - Gent
[2023-10-29T06:28:35.342+0000] {logging_mixin.py:151} INFO - Liege
[2023-10-29T06:28:40.726+0000] {logging_mixin.py:151} INFO - Brugge
[2023-10-29T06:28:46.366+0000] {logging_mixin.py:151} INFO - Zagreb
[2023-10-29T06:28:51.943+0000] {logging_mixin.py:151} INFO - Split
[2023-10-29T06:28:57.699+0000] {logging_mixin.py:151} INFO - Dubrovnik
[2023-10-29T06:29:03.291+0000] {logging_mixin.py:151} INFO - Nicosia
[2023-10-29T06:29:08.622+0000] {logging_mixin.py:151} INFO - Tallinn
[2023-10-29T06:29:14.234+0000] {logging_mixin.py:151} INFO - Tartu
[2023-10-29T06:29:19.992+0000] {logging_mixin.py:151} INFO - Helsinki
[2023-10-29T06:29:25.628+0000] {logging_mixin.py:151} INFO - Turku
[2023-10-29T06:29:31.114+0000] {logging_mixin.py:151} INFO - Tampere
[2023-10-29T06:29:36.986+0000] {logging_mixin.py:151} INFO - Oulu
[2023-10-29T06:29:42.470+0000] {logging_mixin.py:151} INFO - Paris
[2023-10-29T06:29:48.251+0000] {logging_mixin.py:151} INFO - Marseille
[2023-10-29T06:29:53.952+0000] {logging_mixin.py:151} INFO - Lyon
[2023-10-29T06:29:59.762+0000] {logging_mixin.py:151} INFO - Toulouse
[2023-10-29T06:30:05.380+0000] {logging_mixin.py:151} INFO - Nice
[2023-10-29T06:30:11.056+0000] {logging_mixin.py:151} INFO - Nantes
[2023-10-29T06:30:17.090+0000] {logging_mixin.py:151} INFO - Montpellier
[2023-10-29T06:30:22.454+0000] {logging_mixin.py:151} INFO - Berlin
[2023-10-29T06:30:28.141+0000] {logging_mixin.py:151} INFO - Hamburg
[2023-10-29T06:30:34.123+0000] {logging_mixin.py:151} INFO - Munich
[2023-10-29T06:30:39.703+0000] {logging_mixin.py:151} INFO - Stuttgart
[2023-10-29T06:30:45.282+0000] {logging_mixin.py:151} INFO - Frankfurt
[2023-10-29T06:30:50.852+0000] {logging_mixin.py:151} INFO - Cologne
[2023-10-29T06:30:56.477+0000] {logging_mixin.py:151} INFO - Dusseldorf
[2023-10-29T06:31:02.177+0000] {logging_mixin.py:151} INFO - Hanover
[2023-10-29T06:31:07.760+0000] {logging_mixin.py:151} INFO - Dresden
[2023-10-29T06:31:13.291+0000] {logging_mixin.py:151} INFO - Leipzig
[2023-10-29T06:31:18.839+0000] {logging_mixin.py:151} INFO - Athens
[2023-10-29T06:31:24.442+0000] {logging_mixin.py:151} INFO - Crete
[2023-10-29T06:31:30.125+0000] {logging_mixin.py:151} INFO - Thessaloniki
[2023-10-29T06:31:36.844+0000] {logging_mixin.py:151} INFO - Dublin
[2023-10-29T06:31:44.466+0000] {logging_mixin.py:151} INFO - Cork
[2023-10-29T06:31:49.731+0000] {logging_mixin.py:151} INFO - Galway
[2023-10-29T06:31:55.434+0000] {logging_mixin.py:151} INFO - Limerick
[2023-10-29T06:32:01.093+0000] {logging_mixin.py:151} INFO - Rome
[2023-10-29T06:32:06.726+0000] {logging_mixin.py:151} INFO - Milan
[2023-10-29T06:32:12.440+0000] {logging_mixin.py:151} INFO - Naples
[2023-10-29T06:32:17.709+0000] {logging_mixin.py:151} INFO - Turin
[2023-10-29T06:32:23.385+0000] {logging_mixin.py:151} INFO - Palermo
[2023-10-29T06:32:28.681+0000] {logging_mixin.py:151} INFO - Genoa
[2023-10-29T06:32:34.286+0000] {logging_mixin.py:151} INFO - Bologna
[2023-10-29T06:32:39.666+0000] {logging_mixin.py:151} INFO - Florence
[2023-10-29T06:32:45.250+0000] {logging_mixin.py:151} INFO - Venice
[2023-10-29T06:32:51.195+0000] {logging_mixin.py:151} INFO - Riga
[2023-10-29T06:32:57.087+0000] {logging_mixin.py:151} INFO - Vilnius
[2023-10-29T06:33:03.062+0000] {logging_mixin.py:151} INFO - Luxembourg
[2023-10-29T06:33:09.250+0000] {logging_mixin.py:151} INFO - Valletta
[2023-10-29T06:33:15.098+0000] {logging_mixin.py:151} INFO - Podgorica
[2023-10-29T06:33:20.711+0000] {logging_mixin.py:151} INFO - Monaco
[2023-10-29T06:33:26.327+0000] {logging_mixin.py:151} INFO - Amsterdam
[2023-10-29T06:33:32.386+0000] {logging_mixin.py:151} INFO - Rotterdam
[2023-10-29T06:33:38.323+0000] {logging_mixin.py:151} INFO - Eindhoven
[2023-10-29T06:33:44.293+0000] {logging_mixin.py:151} INFO - The-Hague
[2023-10-29T06:33:49.870+0000] {logging_mixin.py:151} INFO - Groningen
[2023-10-29T06:33:55.138+0000] {logging_mixin.py:151} INFO - Tilburg
[2023-10-29T06:34:00.762+0000] {logging_mixin.py:151} INFO - Lisbon
[2023-10-29T06:34:06.434+0000] {logging_mixin.py:151} INFO - Porto
[2023-10-29T06:34:11.932+0000] {logging_mixin.py:151} INFO - Braga
[2023-10-29T06:34:17.710+0000] {logging_mixin.py:151} INFO - Funchal
[2023-10-29T06:34:23.046+0000] {logging_mixin.py:151} INFO - San-Marino
[2023-10-29T06:34:28.568+0000] {logging_mixin.py:151} INFO - Bratislava
[2023-10-29T06:34:34.204+0000] {logging_mixin.py:151} INFO - Ljubljana
[2023-10-29T06:34:39.858+0000] {logging_mixin.py:151} INFO - Madrid
[2023-10-29T06:34:45.415+0000] {logging_mixin.py:151} INFO - Barcelona
[2023-10-29T06:34:51.088+0000] {logging_mixin.py:151} INFO - Tenerife
[2023-10-29T06:34:56.464+0000] {taskinstance.py:1943} ERROR - Task failed with exception
Traceback (most recent call last):
  File "/home/airflow/.local/lib/python3.8/site-packages/airflow/operators/python.py", line 192, in execute
    return_value = self.execute_callable()
  File "/home/airflow/.local/lib/python3.8/site-packages/airflow/operators/python.py", line 209, in execute_callable
    return self.python_callable(*self.op_args, **self.op_kwargs)
  File "/opt/airflow/dags/scripts/extraction.py", line 156, in extract_numbeo_prices_from_city
    prices_table = numbeo_prices_city_html.find('table', {'class': 'data_wide_table new_bar_table'}).find_all('tr')
AttributeError: 'NoneType' object has no attribute 'find_all'
[2023-10-29T06:34:56.481+0000] {taskinstance.py:1400} INFO - Marking task as FAILED. dag_id=col_api_etl, task_id=extract_numbeo_prices_from_city, execution_date=20231029T061026, start_date=20231029T062258, end_date=20231029T063456
[2023-10-29T06:34:56.501+0000] {standard_task_runner.py:104} ERROR - Failed to execute job 1124 for task extract_numbeo_prices_from_city ('NoneType' object has no attribute 'find_all'; 100276)
[2023-10-29T06:34:56.515+0000] {local_task_job_runner.py:228} INFO - Task exited with return code 1
