[2023-10-29T06:10:39.062+0000] {logging_mixin.py:151} INFO - Changing /opt/***/logs/dag_id=col_api_etl/run_id=manual__2023-10-29T06:10:26.356560+00:00/task_id=extract_numbeo_prices_from_city permission to 509
[2023-10-29T06:10:39.063+0000] {logging_mixin.py:151} INFO - Failed to change /opt/***/logs/dag_id=col_api_etl/run_id=manual__2023-10-29T06:10:26.356560+00:00/task_id=extract_numbeo_prices_from_city permission to 509: [Errno 1] Operation not permitted: '/opt/***/logs/dag_id=col_api_etl/run_id=manual__2023-10-29T06:10:26.356560+00:00/task_id=extract_numbeo_prices_from_city'
[2023-10-29T06:10:39.088+0000] {logging_mixin.py:151} INFO - Changing /opt/***/logs/dag_id=col_api_etl/run_id=manual__2023-10-29T06:10:26.356560+00:00/task_id=extract_numbeo_prices_from_city permission to 509
[2023-10-29T06:10:39.090+0000] {logging_mixin.py:151} INFO - Failed to change /opt/***/logs/dag_id=col_api_etl/run_id=manual__2023-10-29T06:10:26.356560+00:00/task_id=extract_numbeo_prices_from_city permission to 509: [Errno 1] Operation not permitted: '/opt/***/logs/dag_id=col_api_etl/run_id=manual__2023-10-29T06:10:26.356560+00:00/task_id=extract_numbeo_prices_from_city'
[2023-10-29T06:10:39.120+0000] {taskinstance.py:1159} INFO - Dependencies all met for dep_context=non-requeueable deps ti=<TaskInstance: col_api_etl.extract_numbeo_prices_from_city manual__2023-10-29T06:10:26.356560+00:00 [queued]>
[2023-10-29T06:10:39.127+0000] {taskinstance.py:1159} INFO - Dependencies all met for dep_context=requeueable deps ti=<TaskInstance: col_api_etl.extract_numbeo_prices_from_city manual__2023-10-29T06:10:26.356560+00:00 [queued]>
[2023-10-29T06:10:39.128+0000] {taskinstance.py:1361} INFO - Starting attempt 1 of 2
[2023-10-29T06:10:39.139+0000] {taskinstance.py:1382} INFO - Executing <Task(PythonOperator): extract_numbeo_prices_from_city> on 2023-10-29 06:10:26.356560+00:00
[2023-10-29T06:10:39.144+0000] {standard_task_runner.py:57} INFO - Started process 96651 to run task
[2023-10-29T06:10:39.144+0000] {clientserver.py:543} INFO - Closing down clientserver connection
[2023-10-29T06:10:39.147+0000] {standard_task_runner.py:84} INFO - Running: ['***', 'tasks', 'run', 'col_api_etl', 'extract_numbeo_prices_from_city', 'manual__2023-10-29T06:10:26.356560+00:00', '--job-id', '1123', '--raw', '--subdir', 'DAGS_FOLDER/col_api_etl.py', '--cfg-path', '/tmp/tmpdjftxepi']
[2023-10-29T06:10:39.149+0000] {standard_task_runner.py:85} INFO - Job 1123: Subtask extract_numbeo_prices_from_city
[2023-10-29T06:10:39.186+0000] {logging_mixin.py:151} INFO - Changing /opt/***/logs/dag_id=col_api_etl/run_id=manual__2023-10-29T06:10:26.356560+00:00/task_id=extract_numbeo_prices_from_city permission to 509
[2023-10-29T06:10:39.186+0000] {logging_mixin.py:151} INFO - Failed to change /opt/***/logs/dag_id=col_api_etl/run_id=manual__2023-10-29T06:10:26.356560+00:00/task_id=extract_numbeo_prices_from_city permission to 509: [Errno 1] Operation not permitted: '/opt/***/logs/dag_id=col_api_etl/run_id=manual__2023-10-29T06:10:26.356560+00:00/task_id=extract_numbeo_prices_from_city'
[2023-10-29T06:10:39.188+0000] {task_command.py:415} INFO - Running <TaskInstance: col_api_etl.extract_numbeo_prices_from_city manual__2023-10-29T06:10:26.356560+00:00 [running]> on host ea85de3a6109
[2023-10-29T06:10:39.257+0000] {taskinstance.py:1660} INFO - Exporting env vars: AIRFLOW_CTX_DAG_OWNER='***' AIRFLOW_CTX_DAG_ID='col_api_etl' AIRFLOW_CTX_TASK_ID='extract_numbeo_prices_from_city' AIRFLOW_CTX_EXECUTION_DATE='2023-10-29T06:10:26.356560+00:00' AIRFLOW_CTX_TRY_NUMBER='1' AIRFLOW_CTX_DAG_RUN_ID='manual__2023-10-29T06:10:26.356560+00:00'
[2023-10-29T06:10:39.944+0000] {clientserver.py:505} INFO - Error while sending or receiving.
Traceback (most recent call last):
  File "/home/airflow/.local/lib/python3.8/site-packages/py4j/clientserver.py", line 503, in send_command
    self.socket.sendall(command.encode("utf-8"))
ConnectionResetError: [Errno 104] Connection reset by peer
[2023-10-29T06:10:39.946+0000] {clientserver.py:543} INFO - Closing down clientserver connection
[2023-10-29T06:10:39.947+0000] {java_gateway.py:1052} INFO - Exception while sending command.
Traceback (most recent call last):
  File "/home/airflow/.local/lib/python3.8/site-packages/py4j/clientserver.py", line 503, in send_command
    self.socket.sendall(command.encode("utf-8"))
ConnectionResetError: [Errno 104] Connection reset by peer

During handling of the above exception, another exception occurred:

Traceback (most recent call last):
  File "/home/airflow/.local/lib/python3.8/site-packages/py4j/java_gateway.py", line 1038, in send_command
    response = connection.send_command(command)
  File "/home/airflow/.local/lib/python3.8/site-packages/py4j/clientserver.py", line 506, in send_command
    raise Py4JNetworkError(
py4j.protocol.Py4JNetworkError: Error while sending
[2023-10-29T06:10:39.950+0000] {clientserver.py:543} INFO - Closing down clientserver connection
[2023-10-29T06:10:40.838+0000] {logging_mixin.py:151} INFO - Dubai
[2023-10-29T06:10:46.646+0000] {logging_mixin.py:151} INFO - Abu-Dhabi
[2023-10-29T06:10:52.252+0000] {logging_mixin.py:151} INFO - Sharjah
[2023-10-29T06:10:57.925+0000] {logging_mixin.py:151} INFO - Perth
[2023-10-29T06:11:03.441+0000] {logging_mixin.py:151} INFO - Melbourne
[2023-10-29T06:11:08.995+0000] {logging_mixin.py:151} INFO - Sydney
[2023-10-29T06:11:14.666+0000] {logging_mixin.py:151} INFO - Brisbane
[2023-10-29T06:11:20.297+0000] {logging_mixin.py:151} INFO - Hobart
[2023-10-29T06:11:25.572+0000] {logging_mixin.py:151} INFO - Adelaide
[2023-10-29T06:11:31.317+0000] {logging_mixin.py:151} INFO - Canberra
[2023-10-29T06:11:37.023+0000] {logging_mixin.py:151} INFO - Darwin
[2023-10-29T06:11:42.364+0000] {logging_mixin.py:151} INFO - Sarajevo
[2023-10-29T06:11:47.973+0000] {logging_mixin.py:151} INFO - Manama
[2023-10-29T06:11:53.308+0000] {logging_mixin.py:151} INFO - Sofia
[2023-10-29T06:11:59.381+0000] {logging_mixin.py:151} INFO - Sao-Paulo
[2023-10-29T06:12:05.183+0000] {logging_mixin.py:151} INFO - Rio-De-Janeiro
[2023-10-29T06:12:10.723+0000] {logging_mixin.py:151} INFO - Brasilia
[2023-10-29T06:12:16.436+0000] {logging_mixin.py:151} INFO - Toronto
[2023-10-29T06:12:22.320+0000] {logging_mixin.py:151} INFO - Montreal
[2023-10-29T06:12:28.253+0000] {logging_mixin.py:151} INFO - Vancouver
[2023-10-29T06:12:33.882+0000] {logging_mixin.py:151} INFO - Ottawa
[2023-10-29T06:12:39.583+0000] {logging_mixin.py:151} INFO - Calgary
[2023-10-29T06:12:45.186+0000] {logging_mixin.py:151} INFO - Edmonton
[2023-10-29T06:12:50.842+0000] {logging_mixin.py:151} INFO - Halifax
[2023-10-29T06:12:56.381+0000] {logging_mixin.py:151} INFO - Quebec-City
[2023-10-29T06:13:02.005+0000] {logging_mixin.py:151} INFO - Zurich
[2023-10-29T06:13:07.600+0000] {logging_mixin.py:151} INFO - Geneva
[2023-10-29T06:13:13.161+0000] {logging_mixin.py:151} INFO - Zug
[2023-10-29T06:13:18.471+0000] {logging_mixin.py:151} INFO - Basel
[2023-10-29T06:13:24.037+0000] {logging_mixin.py:151} INFO - Bern
[2023-10-29T06:13:29.297+0000] {logging_mixin.py:151} INFO - Lausanne
[2023-10-29T06:13:34.883+0000] {logging_mixin.py:151} INFO - Lugano
[2023-10-29T06:13:40.534+0000] {logging_mixin.py:151} INFO - Vaduz
[2023-10-29T06:13:45.866+0000] {logging_mixin.py:151} INFO - Santiago
[2023-10-29T06:13:51.372+0000] {logging_mixin.py:151} INFO - Chongqing
[2023-10-29T06:13:56.594+0000] {logging_mixin.py:151} INFO - Shanghai
[2023-10-29T06:14:02.205+0000] {logging_mixin.py:151} INFO - Beijing
[2023-10-29T06:14:08.077+0000] {logging_mixin.py:151} INFO - Chengdu
[2023-10-29T06:14:13.366+0000] {logging_mixin.py:151} INFO - Guangzhou
[2023-10-29T06:14:18.644+0000] {logging_mixin.py:151} INFO - Shenzhen
[2023-10-29T06:14:24.214+0000] {logging_mixin.py:151} INFO - Bogota
[2023-10-29T06:14:29.976+0000] {logging_mixin.py:151} INFO - Medellin
[2023-10-29T06:14:35.485+0000] {logging_mixin.py:151} INFO - Cali
[2023-10-29T06:14:41.061+0000] {logging_mixin.py:151} INFO - Cartagena
[2023-10-29T06:14:46.362+0000] {logging_mixin.py:151} INFO - San-Jose
[2023-10-29T06:14:51.913+0000] {logging_mixin.py:151} INFO - Prague
[2023-10-29T06:14:57.464+0000] {logging_mixin.py:151} INFO - Brno
[2023-10-29T06:15:02.988+0000] {logging_mixin.py:151} INFO - Ostrava
[2023-10-29T06:15:08.254+0000] {logging_mixin.py:151} INFO - Copenhagen
[2023-10-29T06:15:13.936+0000] {logging_mixin.py:151} INFO - Aarhus
[2023-10-29T06:15:19.419+0000] {logging_mixin.py:151} INFO - Aalborg
[2023-10-29T06:15:25.058+0000] {logging_mixin.py:151} INFO - Andorra-La-Vella
[2023-10-29T06:15:30.620+0000] {logging_mixin.py:151} INFO - Vienna
[2023-10-29T06:15:36.177+0000] {logging_mixin.py:151} INFO - Salzburg
[2023-10-29T06:15:41.434+0000] {logging_mixin.py:151} INFO - Graz
[2023-10-29T06:15:46.663+0000] {logging_mixin.py:151} INFO - Linz
[2023-10-29T06:15:51.903+0000] {logging_mixin.py:151} INFO - Innsbruck
[2023-10-29T06:15:57.393+0000] {logging_mixin.py:151} INFO - Brussels
[2023-10-29T06:16:03.300+0000] {logging_mixin.py:151} INFO - Antwerp
[2023-10-29T06:16:08.973+0000] {logging_mixin.py:151} INFO - Gent
[2023-10-29T06:16:14.213+0000] {logging_mixin.py:151} INFO - Liege
[2023-10-29T06:16:19.468+0000] {logging_mixin.py:151} INFO - Brugge
[2023-10-29T06:16:24.785+0000] {logging_mixin.py:151} INFO - Zagreb
[2023-10-29T06:16:30.426+0000] {logging_mixin.py:151} INFO - Split
[2023-10-29T06:16:35.994+0000] {logging_mixin.py:151} INFO - Dubrovnik
[2023-10-29T06:16:41.613+0000] {logging_mixin.py:151} INFO - Nicosia
[2023-10-29T06:16:47.015+0000] {logging_mixin.py:151} INFO - Tallinn
[2023-10-29T06:16:52.555+0000] {logging_mixin.py:151} INFO - Tartu
[2023-10-29T06:16:58.026+0000] {logging_mixin.py:151} INFO - Helsinki
[2023-10-29T06:17:03.258+0000] {logging_mixin.py:151} INFO - Turku
[2023-10-29T06:17:08.893+0000] {logging_mixin.py:151} INFO - Tampere
[2023-10-29T06:17:14.214+0000] {logging_mixin.py:151} INFO - Oulu
[2023-10-29T06:17:19.737+0000] {logging_mixin.py:151} INFO - Paris
[2023-10-29T06:17:25.425+0000] {logging_mixin.py:151} INFO - Marseille
[2023-10-29T06:17:30.734+0000] {logging_mixin.py:151} INFO - Lyon
[2023-10-29T06:17:36.335+0000] {logging_mixin.py:151} INFO - Toulouse
[2023-10-29T06:17:41.580+0000] {logging_mixin.py:151} INFO - Nice
[2023-10-29T06:17:46.922+0000] {logging_mixin.py:151} INFO - Nantes
[2023-10-29T06:17:52.312+0000] {logging_mixin.py:151} INFO - Montpellier
[2023-10-29T06:17:58.082+0000] {logging_mixin.py:151} INFO - Berlin
[2023-10-29T06:18:03.892+0000] {logging_mixin.py:151} INFO - Hamburg
[2023-10-29T06:18:09.495+0000] {logging_mixin.py:151} INFO - Munich
[2023-10-29T06:18:15.107+0000] {logging_mixin.py:151} INFO - Stuttgart
[2023-10-29T06:18:20.690+0000] {logging_mixin.py:151} INFO - Frankfurt
[2023-10-29T06:18:26.315+0000] {logging_mixin.py:151} INFO - Cologne
[2023-10-29T06:18:31.915+0000] {logging_mixin.py:151} INFO - Dusseldorf
[2023-10-29T06:18:37.416+0000] {logging_mixin.py:151} INFO - Hanover
[2023-10-29T06:18:43.101+0000] {logging_mixin.py:151} INFO - Dresden
[2023-10-29T06:18:48.767+0000] {logging_mixin.py:151} INFO - Leipzig
[2023-10-29T06:18:54.059+0000] {logging_mixin.py:151} INFO - Athens
[2023-10-29T06:18:59.598+0000] {logging_mixin.py:151} INFO - Crete
[2023-10-29T06:19:04.835+0000] {logging_mixin.py:151} INFO - Thessaloniki
[2023-10-29T06:19:10.415+0000] {logging_mixin.py:151} INFO - Dublin
[2023-10-29T06:19:16.330+0000] {logging_mixin.py:151} INFO - Cork
[2023-10-29T06:19:21.856+0000] {logging_mixin.py:151} INFO - Galway
[2023-10-29T06:19:27.440+0000] {logging_mixin.py:151} INFO - Limerick
[2023-10-29T06:19:32.993+0000] {logging_mixin.py:151} INFO - Rome
[2023-10-29T06:19:38.508+0000] {logging_mixin.py:151} INFO - Milan
[2023-10-29T06:19:44.032+0000] {logging_mixin.py:151} INFO - Naples
[2023-10-29T06:19:49.339+0000] {logging_mixin.py:151} INFO - Turin
[2023-10-29T06:19:54.942+0000] {logging_mixin.py:151} INFO - Palermo
[2023-10-29T06:20:00.194+0000] {logging_mixin.py:151} INFO - Genoa
[2023-10-29T06:20:05.789+0000] {logging_mixin.py:151} INFO - Bologna
[2023-10-29T06:20:11.485+0000] {logging_mixin.py:151} INFO - Florence
[2023-10-29T06:20:16.736+0000] {logging_mixin.py:151} INFO - Venice
[2023-10-29T06:20:22.418+0000] {logging_mixin.py:151} INFO - Riga
[2023-10-29T06:20:28.228+0000] {logging_mixin.py:151} INFO - Vilnius
[2023-10-29T06:20:33.906+0000] {logging_mixin.py:151} INFO - Luxembourg
[2023-10-29T06:20:39.534+0000] {logging_mixin.py:151} INFO - Valletta
[2023-10-29T06:20:45.039+0000] {logging_mixin.py:151} INFO - Podgorica
[2023-10-29T06:20:50.547+0000] {logging_mixin.py:151} INFO - Monaco
[2023-10-29T06:20:55.932+0000] {logging_mixin.py:151} INFO - Amsterdam
[2023-10-29T06:21:01.550+0000] {logging_mixin.py:151} INFO - Rotterdam
[2023-10-29T06:21:07.064+0000] {logging_mixin.py:151} INFO - Eindhoven
[2023-10-29T06:21:12.597+0000] {logging_mixin.py:151} INFO - The-Hague
[2023-10-29T06:21:18.690+0000] {logging_mixin.py:151} INFO - Groningen
[2023-10-29T06:21:24.423+0000] {logging_mixin.py:151} INFO - Tilburg
[2023-10-29T06:21:30.270+0000] {logging_mixin.py:151} INFO - Lisbon
[2023-10-29T06:21:35.873+0000] {logging_mixin.py:151} INFO - Porto
[2023-10-29T06:21:41.408+0000] {logging_mixin.py:151} INFO - Braga
[2023-10-29T06:21:46.746+0000] {logging_mixin.py:151} INFO - Funchal
[2023-10-29T06:21:52.039+0000] {logging_mixin.py:151} INFO - San-Marino
[2023-10-29T06:21:57.436+0000] {logging_mixin.py:151} INFO - Bratislava
[2023-10-29T06:22:02.979+0000] {logging_mixin.py:151} INFO - Ljubljana
[2023-10-29T06:22:08.501+0000] {logging_mixin.py:151} INFO - Madrid
[2023-10-29T06:22:14.152+0000] {logging_mixin.py:151} INFO - Barcelona
[2023-10-29T06:22:19.728+0000] {logging_mixin.py:151} INFO - Tenerife
[2023-10-29T06:22:24.983+0000] {taskinstance.py:1943} ERROR - Task failed with exception
Traceback (most recent call last):
  File "/home/airflow/.local/lib/python3.8/site-packages/airflow/operators/python.py", line 192, in execute
    return_value = self.execute_callable()
  File "/home/airflow/.local/lib/python3.8/site-packages/airflow/operators/python.py", line 209, in execute_callable
    return self.python_callable(*self.op_args, **self.op_kwargs)
  File "/opt/airflow/dags/scripts/extraction.py", line 156, in extract_numbeo_prices_from_city
    prices_table = numbeo_prices_city_html.find('table', {'class': 'data_wide_table new_bar_table'}).find_all('tr')
AttributeError: 'NoneType' object has no attribute 'find_all'
[2023-10-29T06:22:24.998+0000] {taskinstance.py:1400} INFO - Marking task as UP_FOR_RETRY. dag_id=col_api_etl, task_id=extract_numbeo_prices_from_city, execution_date=20231029T061026, start_date=20231029T061039, end_date=20231029T062224
[2023-10-29T06:22:25.011+0000] {standard_task_runner.py:104} ERROR - Failed to execute job 1123 for task extract_numbeo_prices_from_city ('NoneType' object has no attribute 'find_all'; 96651)
[2023-10-29T06:22:25.062+0000] {local_task_job_runner.py:228} INFO - Task exited with return code 1
