[2023-10-29T03:21:15.491+0000] {logging_mixin.py:151} INFO - Changing /opt/***/logs/dag_id=col_api_etl/run_id=manual__2023-10-29T03:14:43.287733+00:00/task_id=extract_numbeo_prices_from_city permission to 509
[2023-10-29T03:21:15.492+0000] {logging_mixin.py:151} INFO - Failed to change /opt/***/logs/dag_id=col_api_etl/run_id=manual__2023-10-29T03:14:43.287733+00:00/task_id=extract_numbeo_prices_from_city permission to 509: [Errno 1] Operation not permitted: '/opt/***/logs/dag_id=col_api_etl/run_id=manual__2023-10-29T03:14:43.287733+00:00/task_id=extract_numbeo_prices_from_city'
[2023-10-29T03:21:15.521+0000] {logging_mixin.py:151} INFO - Changing /opt/***/logs/dag_id=col_api_etl/run_id=manual__2023-10-29T03:14:43.287733+00:00/task_id=extract_numbeo_prices_from_city permission to 509
[2023-10-29T03:21:15.522+0000] {logging_mixin.py:151} INFO - Failed to change /opt/***/logs/dag_id=col_api_etl/run_id=manual__2023-10-29T03:14:43.287733+00:00/task_id=extract_numbeo_prices_from_city permission to 509: [Errno 1] Operation not permitted: '/opt/***/logs/dag_id=col_api_etl/run_id=manual__2023-10-29T03:14:43.287733+00:00/task_id=extract_numbeo_prices_from_city'
[2023-10-29T03:21:15.554+0000] {taskinstance.py:1159} INFO - Dependencies all met for dep_context=non-requeueable deps ti=<TaskInstance: col_api_etl.extract_numbeo_prices_from_city manual__2023-10-29T03:14:43.287733+00:00 [queued]>
[2023-10-29T03:21:15.566+0000] {taskinstance.py:1159} INFO - Dependencies all met for dep_context=requeueable deps ti=<TaskInstance: col_api_etl.extract_numbeo_prices_from_city manual__2023-10-29T03:14:43.287733+00:00 [queued]>
[2023-10-29T03:21:15.567+0000] {taskinstance.py:1361} INFO - Starting attempt 2 of 2
[2023-10-29T03:21:15.583+0000] {taskinstance.py:1382} INFO - Executing <Task(PythonOperator): extract_numbeo_prices_from_city> on 2023-10-29 03:14:43.287733+00:00
[2023-10-29T03:21:15.590+0000] {standard_task_runner.py:57} INFO - Started process 46175 to run task
[2023-10-29T03:21:15.590+0000] {clientserver.py:543} INFO - Closing down clientserver connection
[2023-10-29T03:21:15.594+0000] {standard_task_runner.py:84} INFO - Running: ['***', 'tasks', 'run', 'col_api_etl', 'extract_numbeo_prices_from_city', 'manual__2023-10-29T03:14:43.287733+00:00', '--job-id', '1111', '--raw', '--subdir', 'DAGS_FOLDER/col_api_etl.py', '--cfg-path', '/tmp/tmpg8z9byz5']
[2023-10-29T03:21:15.596+0000] {standard_task_runner.py:85} INFO - Job 1111: Subtask extract_numbeo_prices_from_city
[2023-10-29T03:21:15.638+0000] {logging_mixin.py:151} INFO - Changing /opt/***/logs/dag_id=col_api_etl/run_id=manual__2023-10-29T03:14:43.287733+00:00/task_id=extract_numbeo_prices_from_city permission to 509
[2023-10-29T03:21:15.638+0000] {logging_mixin.py:151} INFO - Failed to change /opt/***/logs/dag_id=col_api_etl/run_id=manual__2023-10-29T03:14:43.287733+00:00/task_id=extract_numbeo_prices_from_city permission to 509: [Errno 1] Operation not permitted: '/opt/***/logs/dag_id=col_api_etl/run_id=manual__2023-10-29T03:14:43.287733+00:00/task_id=extract_numbeo_prices_from_city'
[2023-10-29T03:21:15.641+0000] {task_command.py:415} INFO - Running <TaskInstance: col_api_etl.extract_numbeo_prices_from_city manual__2023-10-29T03:14:43.287733+00:00 [running]> on host ea85de3a6109
[2023-10-29T03:21:15.718+0000] {taskinstance.py:1660} INFO - Exporting env vars: AIRFLOW_CTX_DAG_OWNER='***' AIRFLOW_CTX_DAG_ID='col_api_etl' AIRFLOW_CTX_TASK_ID='extract_numbeo_prices_from_city' AIRFLOW_CTX_EXECUTION_DATE='2023-10-29T03:14:43.287733+00:00' AIRFLOW_CTX_TRY_NUMBER='2' AIRFLOW_CTX_DAG_RUN_ID='manual__2023-10-29T03:14:43.287733+00:00'
[2023-10-29T03:21:17.281+0000] {logging_mixin.py:151} INFO - Dubai
[2023-10-29T03:21:23.250+0000] {logging_mixin.py:151} INFO - Abu-Dhabi
[2023-10-29T03:21:28.871+0000] {logging_mixin.py:151} INFO - Sharjah
[2023-10-29T03:21:34.187+0000] {logging_mixin.py:151} INFO - Perth
[2023-10-29T03:21:39.756+0000] {logging_mixin.py:151} INFO - Melbourne
[2023-10-29T03:21:45.358+0000] {logging_mixin.py:151} INFO - Sydney
[2023-10-29T03:21:51.132+0000] {logging_mixin.py:151} INFO - Brisbane
[2023-10-29T03:21:56.752+0000] {logging_mixin.py:151} INFO - Hobart
[2023-10-29T03:22:02.173+0000] {logging_mixin.py:151} INFO - Adelaide
[2023-10-29T03:22:07.681+0000] {logging_mixin.py:151} INFO - Canberra
[2023-10-29T03:22:13.262+0000] {logging_mixin.py:151} INFO - Darwin
[2023-10-29T03:22:18.499+0000] {logging_mixin.py:151} INFO - Sarajevo
[2023-10-29T03:22:24.149+0000] {logging_mixin.py:151} INFO - Manama
[2023-10-29T03:22:29.775+0000] {logging_mixin.py:151} INFO - Sofia
[2023-10-29T03:22:35.639+0000] {logging_mixin.py:151} INFO - Sao-Paulo
[2023-10-29T03:22:41.376+0000] {logging_mixin.py:151} INFO - Rio-De-Janeiro
[2023-10-29T03:22:46.943+0000] {logging_mixin.py:151} INFO - Brasilia
[2023-10-29T03:22:52.536+0000] {logging_mixin.py:151} INFO - Toronto
[2023-10-29T03:22:58.380+0000] {logging_mixin.py:151} INFO - Montreal
[2023-10-29T03:23:04.368+0000] {logging_mixin.py:151} INFO - Vancouver
[2023-10-29T03:23:09.932+0000] {logging_mixin.py:151} INFO - Ottawa
[2023-10-29T03:23:15.446+0000] {logging_mixin.py:151} INFO - Calgary
[2023-10-29T03:23:21.148+0000] {logging_mixin.py:151} INFO - Edmonton
[2023-10-29T03:23:26.835+0000] {logging_mixin.py:151} INFO - Halifax
[2023-10-29T03:23:32.374+0000] {logging_mixin.py:151} INFO - Quebec-City
[2023-10-29T03:23:37.994+0000] {logging_mixin.py:151} INFO - Zurich
[2023-10-29T03:23:43.557+0000] {logging_mixin.py:151} INFO - Geneva
[2023-10-29T03:23:48.818+0000] {logging_mixin.py:151} INFO - Zug
[2023-10-29T03:23:54.049+0000] {logging_mixin.py:151} INFO - Basel
[2023-10-29T03:23:59.683+0000] {logging_mixin.py:151} INFO - Bern
[2023-10-29T03:24:05.248+0000] {logging_mixin.py:151} INFO - Lausanne
[2023-10-29T03:24:10.893+0000] {logging_mixin.py:151} INFO - Lugano
[2023-10-29T03:24:16.396+0000] {logging_mixin.py:151} INFO - Vaduz
[2023-10-29T03:24:21.771+0000] {logging_mixin.py:151} INFO - Santiago
[2023-10-29T03:24:27.401+0000] {logging_mixin.py:151} INFO - Chongqing
[2023-10-29T03:24:32.701+0000] {logging_mixin.py:151} INFO - Shanghai
[2023-10-29T03:24:38.347+0000] {logging_mixin.py:151} INFO - Beijing
[2023-10-29T03:24:44.390+0000] {logging_mixin.py:151} INFO - Chengdu
[2023-10-29T03:24:49.977+0000] {logging_mixin.py:151} INFO - Guangzhou
[2023-10-29T03:24:55.222+0000] {logging_mixin.py:151} INFO - Shenzhen
[2023-10-29T03:25:01.125+0000] {logging_mixin.py:151} INFO - Bogota
[2023-10-29T03:25:06.803+0000] {logging_mixin.py:151} INFO - Medellin
[2023-10-29T03:25:12.334+0000] {logging_mixin.py:151} INFO - Cali
[2023-10-29T03:25:17.915+0000] {logging_mixin.py:151} INFO - Cartagena
[2023-10-29T03:25:23.160+0000] {logging_mixin.py:151} INFO - San-Jose
[2023-10-29T03:25:28.413+0000] {logging_mixin.py:151} INFO - Prague
[2023-10-29T03:25:34.042+0000] {logging_mixin.py:151} INFO - Brno
[2023-10-29T03:25:39.640+0000] {logging_mixin.py:151} INFO - Ostrava
[2023-10-29T03:25:45.208+0000] {logging_mixin.py:151} INFO - Copenhagen
[2023-10-29T03:25:50.756+0000] {logging_mixin.py:151} INFO - Aarhus
[2023-10-29T03:25:56.155+0000] {logging_mixin.py:151} INFO - Aalborg
[2023-10-29T03:26:01.782+0000] {logging_mixin.py:151} INFO - Andorra-La-Vella
[2023-10-29T03:26:07.092+0000] {logging_mixin.py:151} INFO - Vienna
[2023-10-29T03:26:12.796+0000] {logging_mixin.py:151} INFO - Salzburg
[2023-10-29T03:26:18.040+0000] {logging_mixin.py:151} INFO - Graz
[2023-10-29T03:26:23.635+0000] {logging_mixin.py:151} INFO - Linz
[2023-10-29T03:26:29.206+0000] {logging_mixin.py:151} INFO - Innsbruck
[2023-10-29T03:26:34.812+0000] {logging_mixin.py:151} INFO - Brussels
[2023-10-29T03:26:40.507+0000] {logging_mixin.py:151} INFO - Antwerp
[2023-10-29T03:26:46.359+0000] {logging_mixin.py:151} INFO - Gent
[2023-10-29T03:26:51.870+0000] {logging_mixin.py:151} INFO - Liege
[2023-10-29T03:26:57.176+0000] {logging_mixin.py:151} INFO - Bruges
[2023-10-29T03:27:02.553+0000] {taskinstance.py:1943} ERROR - Task failed with exception
Traceback (most recent call last):
  File "/home/airflow/.local/lib/python3.8/site-packages/airflow/operators/python.py", line 192, in execute
    return_value = self.execute_callable()
  File "/home/airflow/.local/lib/python3.8/site-packages/airflow/operators/python.py", line 209, in execute_callable
    return self.python_callable(*self.op_args, **self.op_kwargs)
  File "/opt/airflow/dags/scripts/extraction.py", line 144, in extract_numbeo_prices_from_city
    prices_table = numbeo_prices_city_html.find('table', {'class': 'data_wide_table new_bar_table'}).find_all('tr')
AttributeError: 'NoneType' object has no attribute 'find_all'
[2023-10-29T03:27:02.568+0000] {taskinstance.py:1400} INFO - Marking task as FAILED. dag_id=col_api_etl, task_id=extract_numbeo_prices_from_city, execution_date=20231029T031443, start_date=20231029T032115, end_date=20231029T032702
[2023-10-29T03:27:02.587+0000] {standard_task_runner.py:104} ERROR - Failed to execute job 1111 for task extract_numbeo_prices_from_city ('NoneType' object has no attribute 'find_all'; 46175)
[2023-10-29T03:27:02.601+0000] {local_task_job_runner.py:228} INFO - Task exited with return code 1
