[2023-10-29T01:05:09.297+0000] {logging_mixin.py:151} INFO - Changing /opt/***/logs/dag_id=col_api_etl/run_id=manual__2023-10-29T01:00:32.715825+00:00/task_id=extract_numbeo_prices_from_city permission to 509
[2023-10-29T01:05:09.298+0000] {logging_mixin.py:151} INFO - Failed to change /opt/***/logs/dag_id=col_api_etl/run_id=manual__2023-10-29T01:00:32.715825+00:00/task_id=extract_numbeo_prices_from_city permission to 509: [Errno 1] Operation not permitted: '/opt/***/logs/dag_id=col_api_etl/run_id=manual__2023-10-29T01:00:32.715825+00:00/task_id=extract_numbeo_prices_from_city'
[2023-10-29T01:05:09.332+0000] {logging_mixin.py:151} INFO - Changing /opt/***/logs/dag_id=col_api_etl/run_id=manual__2023-10-29T01:00:32.715825+00:00/task_id=extract_numbeo_prices_from_city permission to 509
[2023-10-29T01:05:09.333+0000] {logging_mixin.py:151} INFO - Failed to change /opt/***/logs/dag_id=col_api_etl/run_id=manual__2023-10-29T01:00:32.715825+00:00/task_id=extract_numbeo_prices_from_city permission to 509: [Errno 1] Operation not permitted: '/opt/***/logs/dag_id=col_api_etl/run_id=manual__2023-10-29T01:00:32.715825+00:00/task_id=extract_numbeo_prices_from_city'
[2023-10-29T01:05:09.369+0000] {taskinstance.py:1159} INFO - Dependencies all met for dep_context=non-requeueable deps ti=<TaskInstance: col_api_etl.extract_numbeo_prices_from_city manual__2023-10-29T01:00:32.715825+00:00 [queued]>
[2023-10-29T01:05:09.384+0000] {taskinstance.py:1159} INFO - Dependencies all met for dep_context=requeueable deps ti=<TaskInstance: col_api_etl.extract_numbeo_prices_from_city manual__2023-10-29T01:00:32.715825+00:00 [queued]>
[2023-10-29T01:05:09.385+0000] {taskinstance.py:1361} INFO - Starting attempt 1 of 2
[2023-10-29T01:05:09.402+0000] {taskinstance.py:1382} INFO - Executing <Task(PythonOperator): extract_numbeo_prices_from_city> on 2023-10-29 01:00:32.715825+00:00
[2023-10-29T01:05:09.407+0000] {standard_task_runner.py:57} INFO - Started process 3539 to run task
[2023-10-29T01:05:09.408+0000] {clientserver.py:543} INFO - Closing down clientserver connection
[2023-10-29T01:05:09.412+0000] {standard_task_runner.py:84} INFO - Running: ['***', 'tasks', 'run', 'col_api_etl', 'extract_numbeo_prices_from_city', 'manual__2023-10-29T01:00:32.715825+00:00', '--job-id', '1088', '--raw', '--subdir', 'DAGS_FOLDER/col_api_etl.py', '--cfg-path', '/tmp/tmp_ix297yi']
[2023-10-29T01:05:09.414+0000] {standard_task_runner.py:85} INFO - Job 1088: Subtask extract_numbeo_prices_from_city
[2023-10-29T01:05:09.456+0000] {logging_mixin.py:151} INFO - Changing /opt/***/logs/dag_id=col_api_etl/run_id=manual__2023-10-29T01:00:32.715825+00:00/task_id=extract_numbeo_prices_from_city permission to 509
[2023-10-29T01:05:09.456+0000] {logging_mixin.py:151} INFO - Failed to change /opt/***/logs/dag_id=col_api_etl/run_id=manual__2023-10-29T01:00:32.715825+00:00/task_id=extract_numbeo_prices_from_city permission to 509: [Errno 1] Operation not permitted: '/opt/***/logs/dag_id=col_api_etl/run_id=manual__2023-10-29T01:00:32.715825+00:00/task_id=extract_numbeo_prices_from_city'
[2023-10-29T01:05:09.459+0000] {task_command.py:415} INFO - Running <TaskInstance: col_api_etl.extract_numbeo_prices_from_city manual__2023-10-29T01:00:32.715825+00:00 [running]> on host ea85de3a6109
[2023-10-29T01:05:09.539+0000] {taskinstance.py:1660} INFO - Exporting env vars: AIRFLOW_CTX_DAG_OWNER='***' AIRFLOW_CTX_DAG_ID='col_api_etl' AIRFLOW_CTX_TASK_ID='extract_numbeo_prices_from_city' AIRFLOW_CTX_EXECUTION_DATE='2023-10-29T01:00:32.715825+00:00' AIRFLOW_CTX_TRY_NUMBER='1' AIRFLOW_CTX_DAG_RUN_ID='manual__2023-10-29T01:00:32.715825+00:00'
[2023-10-29T01:05:09.944+0000] {clientserver.py:505} INFO - Error while sending or receiving.
Traceback (most recent call last):
  File "/home/airflow/.local/lib/python3.8/site-packages/py4j/clientserver.py", line 503, in send_command
    self.socket.sendall(command.encode("utf-8"))
ConnectionResetError: [Errno 104] Connection reset by peer
[2023-10-29T01:05:09.946+0000] {clientserver.py:543} INFO - Closing down clientserver connection
[2023-10-29T01:05:09.946+0000] {java_gateway.py:1052} INFO - Exception while sending command.
Traceback (most recent call last):
  File "/home/airflow/.local/lib/python3.8/site-packages/py4j/clientserver.py", line 503, in send_command
    self.socket.sendall(command.encode("utf-8"))
ConnectionResetError: [Errno 104] Connection reset by peer

During handling of the above exception, another exception occurred:

Traceback (most recent call last):
  File "/home/airflow/.local/lib/python3.8/site-packages/py4j/java_gateway.py", line 1038, in send_command
    response = connection.send_command(command)
  File "/home/airflow/.local/lib/python3.8/site-packages/py4j/clientserver.py", line 506, in send_command
    raise Py4JNetworkError(
py4j.protocol.Py4JNetworkError: Error while sending
[2023-10-29T01:05:09.949+0000] {clientserver.py:543} INFO - Closing down clientserver connection
[2023-10-29T01:05:11.348+0000] {logging_mixin.py:151} INFO - Dubai
[2023-10-29T01:05:12.891+0000] {logging_mixin.py:151} INFO - Abu-Dhabi
[2023-10-29T01:05:14.441+0000] {logging_mixin.py:151} INFO - Sharjah
[2023-10-29T01:05:16.020+0000] {logging_mixin.py:151} INFO - Perth
[2023-10-29T01:05:17.620+0000] {logging_mixin.py:151} INFO - Melbourne
[2023-10-29T01:05:19.170+0000] {logging_mixin.py:151} INFO - Sydney
[2023-10-29T01:05:20.959+0000] {logging_mixin.py:151} INFO - Brisbane
[2023-10-29T01:05:22.492+0000] {logging_mixin.py:151} INFO - Hobart
[2023-10-29T01:05:23.692+0000] {logging_mixin.py:151} INFO - Adelaide
[2023-10-29T01:05:25.152+0000] {logging_mixin.py:151} INFO - Canberra
[2023-10-29T01:05:26.707+0000] {logging_mixin.py:151} INFO - Darwin
[2023-10-29T01:05:27.904+0000] {logging_mixin.py:151} INFO - Sarajevo
[2023-10-29T01:05:29.545+0000] {logging_mixin.py:151} INFO - Manama
[2023-10-29T01:05:31.097+0000] {logging_mixin.py:151} INFO - Sofia
[2023-10-29T01:05:32.661+0000] {logging_mixin.py:151} INFO - Sao-Paulo
[2023-10-29T01:05:34.324+0000] {logging_mixin.py:151} INFO - Rio-De-Janeiro
[2023-10-29T01:05:35.968+0000] {logging_mixin.py:151} INFO - Brasilia
[2023-10-29T01:05:37.636+0000] {logging_mixin.py:151} INFO - Toronto
[2023-10-29T01:05:39.216+0000] {logging_mixin.py:151} INFO - Montreal
[2023-10-29T01:05:40.949+0000] {logging_mixin.py:151} INFO - Vancouver
[2023-10-29T01:05:42.610+0000] {logging_mixin.py:151} INFO - Ottawa
[2023-10-29T01:05:44.105+0000] {logging_mixin.py:151} INFO - Calgary
[2023-10-29T01:05:45.684+0000] {logging_mixin.py:151} INFO - Edmonton
[2023-10-29T01:05:47.514+0000] {logging_mixin.py:151} INFO - Halifax
[2023-10-29T01:05:49.036+0000] {logging_mixin.py:151} INFO - Quebec-City
[2023-10-29T01:05:49.798+0000] {local_task_job_runner.py:294} WARNING - State of this instance has been externally set to failed. Terminating instance.
[2023-10-29T01:05:49.801+0000] {process_utils.py:131} INFO - Sending 15 to group 3539. PIDs of all processes in the group: [3539]
[2023-10-29T01:05:49.801+0000] {process_utils.py:86} INFO - Sending the signal 15 to group 3539
[2023-10-29T01:05:49.802+0000] {taskinstance.py:1632} ERROR - Received SIGTERM. Terminating subprocesses.
[2023-10-29T01:05:49.854+0000] {process_utils.py:79} INFO - Process psutil.Process(pid=3539, status='terminated', exitcode=0, started='01:05:08') (3539) terminated with exit code 0
