[2023-11-04T00:49:39.600+0000] {logging_mixin.py:151} INFO - Changing /opt/***/logs/dag_id=col_api_etl/run_id=scheduled__2023-11-03T00:00:00+00:00/task_id=extract_numbeo_prices_from_city permission to 509
[2023-11-04T00:49:39.601+0000] {logging_mixin.py:151} INFO - Failed to change /opt/***/logs/dag_id=col_api_etl/run_id=scheduled__2023-11-03T00:00:00+00:00/task_id=extract_numbeo_prices_from_city permission to 509: [Errno 1] Operation not permitted: '/opt/***/logs/dag_id=col_api_etl/run_id=scheduled__2023-11-03T00:00:00+00:00/task_id=extract_numbeo_prices_from_city'
[2023-11-04T00:49:39.629+0000] {logging_mixin.py:151} INFO - Changing /opt/***/logs/dag_id=col_api_etl/run_id=scheduled__2023-11-03T00:00:00+00:00/task_id=extract_numbeo_prices_from_city permission to 509
[2023-11-04T00:49:39.630+0000] {logging_mixin.py:151} INFO - Failed to change /opt/***/logs/dag_id=col_api_etl/run_id=scheduled__2023-11-03T00:00:00+00:00/task_id=extract_numbeo_prices_from_city permission to 509: [Errno 1] Operation not permitted: '/opt/***/logs/dag_id=col_api_etl/run_id=scheduled__2023-11-03T00:00:00+00:00/task_id=extract_numbeo_prices_from_city'
[2023-11-04T00:49:39.666+0000] {taskinstance.py:1159} INFO - Dependencies all met for dep_context=non-requeueable deps ti=<TaskInstance: col_api_etl.extract_numbeo_prices_from_city scheduled__2023-11-03T00:00:00+00:00 [queued]>
[2023-11-04T00:49:39.675+0000] {taskinstance.py:1159} INFO - Dependencies all met for dep_context=requeueable deps ti=<TaskInstance: col_api_etl.extract_numbeo_prices_from_city scheduled__2023-11-03T00:00:00+00:00 [queued]>
[2023-11-04T00:49:39.676+0000] {taskinstance.py:1361} INFO - Starting attempt 1 of 1
[2023-11-04T00:49:39.689+0000] {taskinstance.py:1382} INFO - Executing <Task(PythonOperator): extract_numbeo_prices_from_city> on 2023-11-03 00:00:00+00:00
[2023-11-04T00:49:39.696+0000] {standard_task_runner.py:57} INFO - Started process 603 to run task
[2023-11-04T00:49:39.696+0000] {clientserver.py:543} INFO - Closing down clientserver connection
[2023-11-04T00:49:39.700+0000] {standard_task_runner.py:84} INFO - Running: ['***', 'tasks', 'run', 'col_api_etl', 'extract_numbeo_prices_from_city', 'scheduled__2023-11-03T00:00:00+00:00', '--job-id', '1227', '--raw', '--subdir', 'DAGS_FOLDER/col_api_etl.py', '--cfg-path', '/tmp/tmprz8b_d66']
[2023-11-04T00:49:39.702+0000] {standard_task_runner.py:85} INFO - Job 1227: Subtask extract_numbeo_prices_from_city
[2023-11-04T00:49:39.745+0000] {logging_mixin.py:151} INFO - Changing /opt/***/logs/dag_id=col_api_etl/run_id=scheduled__2023-11-03T00:00:00+00:00/task_id=extract_numbeo_prices_from_city permission to 509
[2023-11-04T00:49:39.746+0000] {logging_mixin.py:151} INFO - Failed to change /opt/***/logs/dag_id=col_api_etl/run_id=scheduled__2023-11-03T00:00:00+00:00/task_id=extract_numbeo_prices_from_city permission to 509: [Errno 1] Operation not permitted: '/opt/***/logs/dag_id=col_api_etl/run_id=scheduled__2023-11-03T00:00:00+00:00/task_id=extract_numbeo_prices_from_city'
[2023-11-04T00:49:39.748+0000] {task_command.py:415} INFO - Running <TaskInstance: col_api_etl.extract_numbeo_prices_from_city scheduled__2023-11-03T00:00:00+00:00 [running]> on host 65ec58942685
[2023-11-04T00:49:39.829+0000] {taskinstance.py:1660} INFO - Exporting env vars: AIRFLOW_CTX_DAG_OWNER='***' AIRFLOW_CTX_DAG_ID='col_api_etl' AIRFLOW_CTX_TASK_ID='extract_numbeo_prices_from_city' AIRFLOW_CTX_EXECUTION_DATE='2023-11-03T00:00:00+00:00' AIRFLOW_CTX_TRY_NUMBER='1' AIRFLOW_CTX_DAG_RUN_ID='scheduled__2023-11-03T00:00:00+00:00'
[2023-11-04T00:49:40.340+0000] {clientserver.py:505} INFO - Error while sending or receiving.
Traceback (most recent call last):
  File "/home/airflow/.local/lib/python3.8/site-packages/py4j/clientserver.py", line 503, in send_command
    self.socket.sendall(command.encode("utf-8"))
ConnectionResetError: [Errno 104] Connection reset by peer
[2023-11-04T00:49:40.343+0000] {clientserver.py:543} INFO - Closing down clientserver connection
[2023-11-04T00:49:40.344+0000] {java_gateway.py:1052} INFO - Exception while sending command.
Traceback (most recent call last):
  File "/home/airflow/.local/lib/python3.8/site-packages/py4j/clientserver.py", line 503, in send_command
    self.socket.sendall(command.encode("utf-8"))
ConnectionResetError: [Errno 104] Connection reset by peer

During handling of the above exception, another exception occurred:

Traceback (most recent call last):
  File "/home/airflow/.local/lib/python3.8/site-packages/py4j/java_gateway.py", line 1038, in send_command
    response = connection.send_command(command)
  File "/home/airflow/.local/lib/python3.8/site-packages/py4j/clientserver.py", line 506, in send_command
    raise Py4JNetworkError(
py4j.protocol.Py4JNetworkError: Error while sending
[2023-11-04T00:49:40.347+0000] {clientserver.py:543} INFO - Closing down clientserver connection
[2023-11-04T00:49:41.277+0000] {logging_mixin.py:151} INFO - Dubai
[2023-11-04T00:49:42.864+0000] {logging_mixin.py:151} INFO - Abu-Dhabi
[2023-11-04T00:49:44.510+0000] {logging_mixin.py:151} INFO - Sharjah
[2023-11-04T00:49:46.141+0000] {logging_mixin.py:151} INFO - Perth
[2023-11-04T00:49:47.751+0000] {logging_mixin.py:151} INFO - Melbourne
[2023-11-04T00:49:49.356+0000] {logging_mixin.py:151} INFO - Sydney
[2023-11-04T00:49:51.003+0000] {logging_mixin.py:151} INFO - Brisbane
[2023-11-04T00:49:52.585+0000] {logging_mixin.py:151} INFO - Hobart
[2023-11-04T00:49:53.898+0000] {logging_mixin.py:151} INFO - Adelaide
[2023-11-04T00:49:55.446+0000] {logging_mixin.py:151} INFO - Canberra
[2023-11-04T00:49:56.741+0000] {logging_mixin.py:151} INFO - Darwin
[2023-11-04T00:49:58.024+0000] {logging_mixin.py:151} INFO - Sarajevo
[2023-11-04T00:49:59.537+0000] {logging_mixin.py:151} INFO - Manama
[2023-11-04T00:50:01.038+0000] {logging_mixin.py:151} INFO - Sofia
[2023-11-04T00:50:02.750+0000] {logging_mixin.py:151} INFO - Sao-Paulo
[2023-11-04T00:50:04.607+0000] {logging_mixin.py:151} INFO - Rio-De-Janeiro
[2023-11-04T00:50:06.395+0000] {logging_mixin.py:151} INFO - Brasilia
[2023-11-04T00:50:07.724+0000] {logging_mixin.py:151} INFO - Toronto
[2023-11-04T00:50:09.320+0000] {logging_mixin.py:151} INFO - Montreal
[2023-11-04T00:50:10.842+0000] {logging_mixin.py:151} INFO - Vancouver
[2023-11-04T00:50:12.503+0000] {logging_mixin.py:151} INFO - Ottawa
[2023-11-04T00:50:14.038+0000] {logging_mixin.py:151} INFO - Calgary
[2023-11-04T00:50:15.675+0000] {logging_mixin.py:151} INFO - Edmonton
[2023-11-04T00:50:17.575+0000] {logging_mixin.py:151} INFO - Halifax
[2023-11-04T00:50:19.119+0000] {logging_mixin.py:151} INFO - Quebec-City
[2023-11-04T00:50:20.726+0000] {logging_mixin.py:151} INFO - Zurich
[2023-11-04T00:50:22.439+0000] {logging_mixin.py:151} INFO - Geneva
[2023-11-04T00:50:23.758+0000] {logging_mixin.py:151} INFO - Zug
[2023-11-04T00:50:25.139+0000] {logging_mixin.py:151} INFO - Basel
[2023-11-04T00:50:26.737+0000] {logging_mixin.py:151} INFO - Bern
[2023-11-04T00:50:28.064+0000] {logging_mixin.py:151} INFO - Lausanne
[2023-11-04T00:50:29.716+0000] {logging_mixin.py:151} INFO - Lugano
[2023-11-04T00:50:31.791+0000] {logging_mixin.py:151} INFO - Vaduz
[2023-11-04T00:50:33.068+0000] {logging_mixin.py:151} INFO - Santiago
[2023-11-04T00:50:34.782+0000] {logging_mixin.py:151} INFO - Chongqing
[2023-11-04T00:50:36.111+0000] {logging_mixin.py:151} INFO - Shanghai
[2023-11-04T00:50:38.069+0000] {logging_mixin.py:151} INFO - Beijing
[2023-11-04T00:50:39.766+0000] {logging_mixin.py:151} INFO - Chengdu
[2023-11-04T00:50:41.102+0000] {logging_mixin.py:151} INFO - Guangzhou
[2023-11-04T00:50:42.663+0000] {logging_mixin.py:151} INFO - Shenzhen
[2023-11-04T00:50:44.515+0000] {logging_mixin.py:151} INFO - Bogota
[2023-11-04T00:50:46.532+0000] {logging_mixin.py:151} INFO - Medellin
[2023-11-04T00:50:48.102+0000] {logging_mixin.py:151} INFO - Cali
[2023-11-04T00:50:49.629+0000] {logging_mixin.py:151} INFO - Cartagena
[2023-11-04T00:50:51.357+0000] {logging_mixin.py:151} INFO - San-Jose
[2023-11-04T00:50:52.694+0000] {logging_mixin.py:151} INFO - Prague
[2023-11-04T00:50:55.728+0000] {logging_mixin.py:151} INFO - Brno
[2023-11-04T00:50:57.355+0000] {logging_mixin.py:151} INFO - Ostrava
[2023-11-04T00:50:58.769+0000] {logging_mixin.py:151} INFO - Copenhagen
[2023-11-04T00:51:00.389+0000] {logging_mixin.py:151} INFO - Aarhus
[2023-11-04T00:51:02.377+0000] {logging_mixin.py:151} INFO - Aalborg
[2023-11-04T00:51:03.649+0000] {logging_mixin.py:151} INFO - Andorra-La-Vella
[2023-11-04T00:51:04.908+0000] {logging_mixin.py:151} INFO - Vienna
[2023-11-04T00:51:06.584+0000] {logging_mixin.py:151} INFO - Salzburg
[2023-11-04T00:51:08.186+0000] {logging_mixin.py:151} INFO - Graz
[2023-11-04T00:51:09.426+0000] {logging_mixin.py:151} INFO - Linz
[2023-11-04T00:51:10.742+0000] {logging_mixin.py:151} INFO - Innsbruck
[2023-11-04T00:51:12.030+0000] {logging_mixin.py:151} INFO - Brussels
[2023-11-04T00:51:13.762+0000] {logging_mixin.py:151} INFO - Antwerp
[2023-11-04T00:51:16.636+0000] {logging_mixin.py:151} INFO - Gent
[2023-11-04T00:51:18.341+0000] {logging_mixin.py:151} INFO - Liege
[2023-11-04T00:51:19.953+0000] {logging_mixin.py:151} INFO - Brugge
[2023-11-04T00:51:21.436+0000] {logging_mixin.py:151} INFO - Zagreb
[2023-11-04T00:51:23.180+0000] {logging_mixin.py:151} INFO - Split
[2023-11-04T00:51:24.804+0000] {logging_mixin.py:151} INFO - Dubrovnik
[2023-11-04T00:51:26.474+0000] {logging_mixin.py:151} INFO - Nicosia
[2023-11-04T00:51:28.538+0000] {logging_mixin.py:151} INFO - Tallinn
[2023-11-04T00:51:31.342+0000] {logging_mixin.py:151} INFO - Tartu
[2023-11-04T00:51:32.950+0000] {logging_mixin.py:151} INFO - Helsinki
[2023-11-04T00:51:34.548+0000] {logging_mixin.py:151} INFO - Turku
[2023-11-04T00:51:36.074+0000] {logging_mixin.py:151} INFO - Tampere
[2023-11-04T00:51:37.357+0000] {logging_mixin.py:151} INFO - Oulu
[2023-11-04T00:51:38.679+0000] {logging_mixin.py:151} INFO - Paris
[2023-11-04T00:51:40.196+0000] {logging_mixin.py:151} INFO - Marseille
[2023-11-04T00:51:41.708+0000] {logging_mixin.py:151} INFO - Lyon
[2023-11-04T00:51:43.307+0000] {logging_mixin.py:151} INFO - Toulouse
[2023-11-04T00:51:45.081+0000] {logging_mixin.py:151} INFO - Nice
[2023-11-04T00:51:46.643+0000] {logging_mixin.py:151} INFO - Nantes
[2023-11-04T00:51:48.058+0000] {logging_mixin.py:151} INFO - Montpellier
[2023-11-04T00:51:49.654+0000] {logging_mixin.py:151} INFO - Berlin
[2023-11-04T00:51:51.484+0000] {logging_mixin.py:151} INFO - Hamburg
[2023-11-04T00:51:53.528+0000] {logging_mixin.py:151} INFO - Munich
[2023-11-04T00:51:55.204+0000] {logging_mixin.py:151} INFO - Stuttgart
[2023-11-04T00:51:56.818+0000] {logging_mixin.py:151} INFO - Frankfurt
[2023-11-04T00:51:58.516+0000] {logging_mixin.py:151} INFO - Cologne
[2023-11-04T00:52:00.038+0000] {logging_mixin.py:151} INFO - Dusseldorf
[2023-11-04T00:52:01.469+0000] {logging_mixin.py:151} INFO - Hanover
[2023-11-04T00:52:03.084+0000] {logging_mixin.py:151} INFO - Dresden
[2023-11-04T00:52:04.733+0000] {logging_mixin.py:151} INFO - Leipzig
[2023-11-04T00:52:06.010+0000] {logging_mixin.py:151} INFO - Athens
[2023-11-04T00:52:07.667+0000] {logging_mixin.py:151} INFO - Crete
[2023-11-04T00:52:09.498+0000] {logging_mixin.py:151} INFO - Thessaloniki
[2023-11-04T00:52:11.158+0000] {logging_mixin.py:151} INFO - Dublin
[2023-11-04T00:52:12.816+0000] {logging_mixin.py:151} INFO - Cork
[2023-11-04T00:52:14.334+0000] {logging_mixin.py:151} INFO - Galway
[2023-11-04T00:52:16.149+0000] {logging_mixin.py:151} INFO - Limerick
[2023-11-04T00:52:17.610+0000] {logging_mixin.py:151} INFO - Rome
[2023-11-04T00:52:19.253+0000] {logging_mixin.py:151} INFO - Milan
[2023-11-04T00:52:20.957+0000] {logging_mixin.py:151} INFO - Naples
[2023-11-04T00:52:22.479+0000] {logging_mixin.py:151} INFO - Turin
[2023-11-04T00:52:23.800+0000] {logging_mixin.py:151} INFO - Palermo
[2023-11-04T00:52:25.438+0000] {logging_mixin.py:151} INFO - Genoa
[2023-11-04T00:52:27.082+0000] {logging_mixin.py:151} INFO - Bologna
[2023-11-04T00:52:28.344+0000] {logging_mixin.py:151} INFO - Florence
[2023-11-04T00:52:30.134+0000] {logging_mixin.py:151} INFO - Venice
[2023-11-04T00:52:32.074+0000] {logging_mixin.py:151} INFO - Riga
[2023-11-04T00:52:33.728+0000] {logging_mixin.py:151} INFO - Vilnius
[2023-11-04T00:52:35.348+0000] {logging_mixin.py:151} INFO - Luxembourg
[2023-11-04T00:52:36.971+0000] {logging_mixin.py:151} INFO - Valletta
[2023-11-04T00:52:38.286+0000] {logging_mixin.py:151} INFO - Podgorica
[2023-11-04T00:52:39.636+0000] {logging_mixin.py:151} INFO - Monaco
[2023-11-04T00:52:40.897+0000] {logging_mixin.py:151} INFO - Amsterdam
[2023-11-04T00:52:42.558+0000] {logging_mixin.py:151} INFO - Rotterdam
[2023-11-04T00:52:44.314+0000] {logging_mixin.py:151} INFO - Eindhoven
[2023-11-04T00:52:45.990+0000] {logging_mixin.py:151} INFO - The-Hague
[2023-11-04T00:52:47.516+0000] {logging_mixin.py:151} INFO - Groningen
[2023-11-04T00:52:49.062+0000] {logging_mixin.py:151} INFO - Tilburg
[2023-11-04T00:52:50.336+0000] {logging_mixin.py:151} INFO - Lisbon
[2023-11-04T00:52:51.917+0000] {logging_mixin.py:151} INFO - Porto
[2023-11-04T00:52:53.251+0000] {logging_mixin.py:151} INFO - Braga
[2023-11-04T00:52:54.789+0000] {logging_mixin.py:151} INFO - Funchal
[2023-11-04T00:52:56.425+0000] {logging_mixin.py:151} INFO - San-Marino
[2023-11-04T00:52:57.974+0000] {logging_mixin.py:151} INFO - Bratislava
[2023-11-04T00:52:59.744+0000] {logging_mixin.py:151} INFO - Ljubljana
[2023-11-04T00:53:01.448+0000] {logging_mixin.py:151} INFO - Madrid
[2023-11-04T00:53:03.058+0000] {logging_mixin.py:151} INFO - Barcelona
[2023-11-04T00:53:04.611+0000] {logging_mixin.py:151} INFO - Santa-Cruz-De-Tenerife
[2023-11-04T00:53:05.885+0000] {logging_mixin.py:151} INFO - Valencia
[2023-11-04T00:53:07.436+0000] {logging_mixin.py:151} INFO - Seville
[2023-11-04T00:53:08.759+0000] {logging_mixin.py:151} INFO - Zaragoza
[2023-11-04T00:53:10.046+0000] {logging_mixin.py:151} INFO - Malaga
[2023-11-04T00:53:11.477+0000] {logging_mixin.py:151} INFO - Bilbao
[2023-11-04T00:53:13.002+0000] {logging_mixin.py:151} INFO - Alicante
[2023-11-04T00:53:14.558+0000] {logging_mixin.py:151} INFO - Las-Palmas
[2023-11-04T00:53:15.869+0000] {logging_mixin.py:151} INFO - Tbilisi
[2023-11-04T00:53:17.803+0000] {logging_mixin.py:151} INFO - Hong-Kong
[2023-11-04T00:53:19.592+0000] {logging_mixin.py:151} INFO - Budapest
[2023-11-04T00:53:21.239+0000] {logging_mixin.py:151} INFO - Reykjavik
[2023-11-04T00:53:22.566+0000] {logging_mixin.py:151} INFO - Tel-Aviv
[2023-11-04T00:53:24.222+0000] {logging_mixin.py:151} INFO - Jerusalem
[2023-11-04T00:53:25.867+0000] {logging_mixin.py:151} INFO - Tokyo
[2023-11-04T00:53:27.555+0000] {logging_mixin.py:151} INFO - Osaka
[2023-11-04T00:53:29.119+0000] {logging_mixin.py:151} INFO - Sapporo
[2023-11-04T00:53:30.521+0000] {logging_mixin.py:151} INFO - Yokohama
[2023-11-04T00:53:31.768+0000] {logging_mixin.py:151} INFO - Nagoya
[2023-11-04T00:53:33.306+0000] {logging_mixin.py:151} INFO - Kobe
[2023-11-04T00:53:34.690+0000] {logging_mixin.py:151} INFO - Fukuoka
[2023-11-04T00:53:36.331+0000] {logging_mixin.py:151} INFO - Kawasaki
[2023-11-04T00:53:38.223+0000] {logging_mixin.py:151} INFO - Seoul
[2023-11-04T00:53:40.011+0000] {logging_mixin.py:151} INFO - Busan
[2023-11-04T00:53:41.356+0000] {logging_mixin.py:151} INFO - Incheon
[2023-11-04T00:53:42.588+0000] {logging_mixin.py:151} INFO - Daegu
[2023-11-04T00:53:44.322+0000] {logging_mixin.py:151} INFO - Kuwait-City
[2023-11-04T00:53:45.875+0000] {logging_mixin.py:151} INFO - Macau
[2023-11-04T00:53:47.139+0000] {logging_mixin.py:151} INFO - Kuala-Lumpur
[2023-11-04T00:53:48.897+0000] {logging_mixin.py:151} INFO - Johor-Bahru
[2023-11-04T00:53:50.434+0000] {logging_mixin.py:151} INFO - George-Town
[2023-11-04T00:53:52.255+0000] {logging_mixin.py:151} INFO - Malacca
[2023-11-04T00:53:53.862+0000] {logging_mixin.py:151} INFO - Kota-Kinabalu
[2023-11-04T00:53:55.551+0000] {logging_mixin.py:151} INFO - Ipoh
[2023-11-04T00:53:56.877+0000] {logging_mixin.py:151} INFO - Mexico-City
[2023-11-04T00:53:58.498+0000] {logging_mixin.py:151} INFO - Tijuana
[2023-11-04T00:53:59.800+0000] {logging_mixin.py:151} INFO - Guadalajara
[2023-11-04T00:54:01.069+0000] {logging_mixin.py:151} INFO - Cancun
[2023-11-04T00:54:02.328+0000] {logging_mixin.py:151} INFO - Playa-Del-Carmen
[2023-11-04T00:54:03.836+0000] {logging_mixin.py:151} INFO - Monterrey
[2023-11-04T00:54:05.141+0000] {logging_mixin.py:151} INFO - Auckland
[2023-11-04T00:54:06.853+0000] {logging_mixin.py:151} INFO - Wellington
[2023-11-04T00:54:08.431+0000] {logging_mixin.py:151} INFO - Christchurch
[2023-11-04T00:54:10.013+0000] {logging_mixin.py:151} INFO - Hamilton
[2023-11-04T00:54:11.689+0000] {logging_mixin.py:151} INFO - Oslo
[2023-11-04T00:54:13.365+0000] {logging_mixin.py:151} INFO - Bergen
[2023-11-04T00:54:15.041+0000] {logging_mixin.py:151} INFO - Trondheim
[2023-11-04T00:54:16.646+0000] {logging_mixin.py:151} INFO - Stavanger
[2023-11-04T00:54:18.223+0000] {logging_mixin.py:151} INFO - Tromso
[2023-11-04T00:54:19.520+0000] {logging_mixin.py:151} INFO - Muscat
[2023-11-04T00:54:21.237+0000] {logging_mixin.py:151} INFO - Warsaw
[2023-11-04T00:54:23.104+0000] {logging_mixin.py:151} INFO - Krakow
[2023-11-04T00:54:24.788+0000] {logging_mixin.py:151} INFO - Gdansk
[2023-11-04T00:54:26.123+0000] {logging_mixin.py:151} INFO - Lodz
[2023-11-04T00:54:27.360+0000] {logging_mixin.py:151} INFO - Katowice
[2023-11-04T00:54:28.622+0000] {logging_mixin.py:151} INFO - Wroclaw
[2023-11-04T00:54:30.364+0000] {logging_mixin.py:151} INFO - Poznan
[2023-11-04T00:54:31.966+0000] {logging_mixin.py:151} INFO - Szczecin
[2023-11-04T00:54:33.860+0000] {logging_mixin.py:151} INFO - Bydgoszcz
[2023-11-04T00:54:35.241+0000] {logging_mixin.py:151} INFO - Doha
[2023-11-04T00:54:37.118+0000] {logging_mixin.py:151} INFO - Bucharest
[2023-11-04T00:54:38.850+0000] {logging_mixin.py:151} INFO - Moscow
[2023-11-04T00:54:40.760+0000] {logging_mixin.py:151} INFO - Kazan
[2023-11-04T00:54:42.079+0000] {logging_mixin.py:151} INFO - Yekaterinburg
[2023-11-04T00:54:43.444+0000] {logging_mixin.py:151} INFO - Sochi
[2023-11-04T00:54:44.752+0000] {logging_mixin.py:151} INFO - Vladivostok
[2023-11-04T00:54:46.384+0000] {logging_mixin.py:151} INFO - Riyadh
[2023-11-04T00:54:48.063+0000] {logging_mixin.py:151} INFO - Jeddah
[2023-11-04T00:54:49.680+0000] {logging_mixin.py:151} INFO - Mecca
[2023-11-04T00:54:51.298+0000] {logging_mixin.py:151} INFO - Belgrade
[2023-11-04T00:54:52.974+0000] {logging_mixin.py:151} INFO - Novi-Sad
[2023-11-04T00:54:54.577+0000] {logging_mixin.py:151} INFO - Singapore
[2023-11-04T00:54:56.242+0000] {logging_mixin.py:151} INFO - Stockholm
[2023-11-04T00:54:57.870+0000] {logging_mixin.py:151} INFO - Malmo
[2023-11-04T00:54:59.170+0000] {logging_mixin.py:151} INFO - Gothenburg
[2023-11-04T00:55:01.102+0000] {logging_mixin.py:151} INFO - Uppsala
[2023-11-04T00:55:02.421+0000] {logging_mixin.py:151} INFO - Taipei
[2023-11-04T00:55:04.035+0000] {logging_mixin.py:151} INFO - Kaohsiung
[2023-11-04T00:55:05.881+0000] {logging_mixin.py:151} INFO - Tainan
[2023-11-04T00:55:07.200+0000] {logging_mixin.py:151} INFO - Taoyuan
[2023-11-04T00:55:08.525+0000] {logging_mixin.py:151} INFO - Bangkok
[2023-11-04T00:55:10.347+0000] {logging_mixin.py:151} INFO - Chiang-Mai
[2023-11-04T00:55:11.997+0000] {logging_mixin.py:151} INFO - Phuket
[2023-11-04T00:55:13.315+0000] {logging_mixin.py:151} INFO - Pattaya
[2023-11-04T00:55:15.094+0000] {logging_mixin.py:151} INFO - Istanbul
[2023-11-04T00:55:16.997+0000] {logging_mixin.py:151} INFO - Ankara
[2023-11-04T00:55:18.837+0000] {logging_mixin.py:151} INFO - Antalya
[2023-11-04T00:55:20.514+0000] {logging_mixin.py:151} INFO - Izmir
[2023-11-04T00:55:22.137+0000] {logging_mixin.py:151} INFO - Bursa
[2023-11-04T00:55:23.895+0000] {logging_mixin.py:151} INFO - Kyiv
[2023-11-04T00:55:25.509+0000] {logging_mixin.py:151} INFO - Kharkiv
[2023-11-04T00:55:26.833+0000] {logging_mixin.py:151} INFO - Lviv
[2023-11-04T00:55:28.498+0000] {logging_mixin.py:151} INFO - Donetsk
[2023-11-04T00:55:29.889+0000] {logging_mixin.py:151} INFO - London
[2023-11-04T00:55:31.613+0000] {logging_mixin.py:151} INFO - Birmingham
[2023-11-04T00:55:33.372+0000] {logging_mixin.py:151} INFO - Manchester
[2023-11-04T00:55:35.066+0000] {logging_mixin.py:151} INFO - Edinburgh
[2023-11-04T00:55:36.705+0000] {logging_mixin.py:151} INFO - Glasgow
[2023-11-04T00:55:38.362+0000] {logging_mixin.py:151} INFO - Liverpool
[2023-11-04T00:55:39.860+0000] {logging_mixin.py:151} INFO - Cardiff
[2023-11-04T00:55:41.183+0000] {logging_mixin.py:151} INFO - Sheffield
[2023-11-04T00:55:42.539+0000] {logging_mixin.py:151} INFO - Leeds
[2023-11-04T00:55:44.169+0000] {logging_mixin.py:151} INFO - Leicester
[2023-11-04T00:55:45.837+0000] {logging_mixin.py:151} INFO - Belfast
[2023-11-04T00:55:47.523+0000] {logging_mixin.py:151} INFO - Newcastle-Upon-Tyne
[2023-11-04T00:55:48.904+0000] {logging_mixin.py:151} INFO - Montevideo
[2023-11-04T00:55:50.607+0000] {logging_mixin.py:151} INFO - New-York-City
[2023-11-04T00:55:52.573+0000] {logging_mixin.py:151} INFO - Los-Angeles
[2023-11-04T00:55:54.312+0000] {logging_mixin.py:151} INFO - Chicago
[2023-11-04T00:55:55.900+0000] {logging_mixin.py:151} INFO - Houston
[2023-11-04T00:55:57.456+0000] {logging_mixin.py:151} INFO - Phoenix
[2023-11-04T00:55:59.021+0000] {logging_mixin.py:151} INFO - Dallas
[2023-11-04T00:56:00.648+0000] {logging_mixin.py:151} INFO - Philadelphia
[2023-11-04T00:56:02.486+0000] {logging_mixin.py:151} INFO - San-Antonio
[2023-11-04T00:56:04.017+0000] {logging_mixin.py:151} INFO - San-Diego
[2023-11-04T00:56:05.784+0000] {logging_mixin.py:151} INFO - Dallas
[2023-11-04T00:56:07.078+0000] {logging_mixin.py:151} INFO - San-Jose
[2023-11-04T00:56:08.736+0000] {logging_mixin.py:151} INFO - Austin
[2023-11-04T00:56:10.385+0000] {logging_mixin.py:151} INFO - Jacksonville
[2023-11-04T00:56:11.950+0000] {logging_mixin.py:151} INFO - Miami
[2023-11-04T00:56:13.762+0000] {logging_mixin.py:151} INFO - Columbus
[2023-11-04T00:56:15.044+0000] {logging_mixin.py:151} INFO - Indianapolis
[2023-11-04T00:56:16.627+0000] {logging_mixin.py:151} INFO - Charlotte
[2023-11-04T00:56:18.482+0000] {logging_mixin.py:151} INFO - San-Francisco
[2023-11-04T00:56:20.104+0000] {logging_mixin.py:151} INFO - Seattle
[2023-11-04T00:56:21.720+0000] {logging_mixin.py:151} INFO - Denver
[2023-11-04T00:56:23.751+0000] {logging_mixin.py:151} INFO - Washington
[2023-11-04T00:56:26.306+0000] {logging_mixin.py:151} INFO - Nashville
[2023-11-04T00:56:27.928+0000] {logging_mixin.py:151} INFO - Boston
[2023-11-04T00:56:30.064+0000] {logging_mixin.py:151} INFO - Portland
[2023-11-04T00:56:31.377+0000] {logging_mixin.py:151} INFO - Las-Vegas
[2023-11-04T00:56:33.205+0000] {logging_mixin.py:151} INFO - Detroit
[2023-11-04T00:56:34.981+0000] {logging_mixin.py:151} INFO - Memphis
[2023-11-04T00:56:36.304+0000] {logging_mixin.py:151} INFO - Louisville
[2023-11-04T00:56:37.947+0000] {logging_mixin.py:151} INFO - Baltimore
[2023-11-04T00:56:39.266+0000] {logging_mixin.py:151} INFO - Milwaukee
[2023-11-04T00:56:40.659+0000] {logging_mixin.py:151} INFO - Kansas
[2023-11-04T00:56:42.260+0000] {logging_mixin.py:151} INFO - Albuquerque
[2023-11-04T00:56:43.571+0000] {logging_mixin.py:151} INFO - Sacramento
[2023-11-04T00:56:45.193+0000] {logging_mixin.py:151} INFO - Atlanta
[2023-11-04T00:56:46.989+0000] {logging_mixin.py:151} INFO - Omaha
[2023-11-04T00:56:48.591+0000] {logging_mixin.py:151} INFO - Virginia-Beach
[2023-11-04T00:56:49.873+0000] {logging_mixin.py:151} INFO - Minneapolis
[2023-11-04T00:56:51.624+0000] {logging_mixin.py:151} INFO - Quito
[2023-11-04T00:56:53.000+0000] {logging_mixin.py:151} INFO - Guayaquil
[2023-11-04T00:56:54.731+0000] {logging_mixin.py:151} INFO - Asuncion
[2023-11-04T00:56:56.576+0000] {logging_mixin.py:151} INFO - Panama-City
[2023-11-04T00:56:58.095+0000] {logging_mixin.py:151} INFO - Buenos-Aires
[2023-11-04T00:56:59.726+0000] {logging_mixin.py:151} INFO - Cordoba
[2023-11-04T00:57:01.263+0000] {logging_mixin.py:151} INFO - Mar-Del-Plata
[2023-11-04T00:57:02.569+0000] {logging_mixin.py:151} INFO - Rosario
[2023-11-04T00:57:07.244+0000] {python.py:194} INFO - Done. Returned value was: None
[2023-11-04T00:57:07.257+0000] {taskinstance.py:1400} INFO - Marking task as SUCCESS. dag_id=col_api_etl, task_id=extract_numbeo_prices_from_city, execution_date=20231103T000000, start_date=20231104T004939, end_date=20231104T005707
[2023-11-04T00:57:07.308+0000] {local_task_job_runner.py:228} INFO - Task exited with return code 0
