[2023-11-04T03:26:16.779+0000] {logging_mixin.py:151} INFO - Changing /opt/***/logs/dag_id=col_api_etl/run_id=manual__2023-11-04T03:16:58.704133+00:00/task_id=merge_and_transform_childcare permission to 509
[2023-11-04T03:26:16.779+0000] {logging_mixin.py:151} INFO - Failed to change /opt/***/logs/dag_id=col_api_etl/run_id=manual__2023-11-04T03:16:58.704133+00:00/task_id=merge_and_transform_childcare permission to 509: [Errno 1] Operation not permitted: '/opt/***/logs/dag_id=col_api_etl/run_id=manual__2023-11-04T03:16:58.704133+00:00/task_id=merge_and_transform_childcare'
[2023-11-04T03:26:16.804+0000] {logging_mixin.py:151} INFO - Changing /opt/***/logs/dag_id=col_api_etl/run_id=manual__2023-11-04T03:16:58.704133+00:00/task_id=merge_and_transform_childcare permission to 509
[2023-11-04T03:26:16.805+0000] {logging_mixin.py:151} INFO - Failed to change /opt/***/logs/dag_id=col_api_etl/run_id=manual__2023-11-04T03:16:58.704133+00:00/task_id=merge_and_transform_childcare permission to 509: [Errno 1] Operation not permitted: '/opt/***/logs/dag_id=col_api_etl/run_id=manual__2023-11-04T03:16:58.704133+00:00/task_id=merge_and_transform_childcare'
[2023-11-04T03:26:16.837+0000] {taskinstance.py:1159} INFO - Dependencies all met for dep_context=non-requeueable deps ti=<TaskInstance: col_api_etl.merge_and_transform_childcare manual__2023-11-04T03:16:58.704133+00:00 [queued]>
[2023-11-04T03:26:16.844+0000] {taskinstance.py:1159} INFO - Dependencies all met for dep_context=requeueable deps ti=<TaskInstance: col_api_etl.merge_and_transform_childcare manual__2023-11-04T03:16:58.704133+00:00 [queued]>
[2023-11-04T03:26:16.845+0000] {taskinstance.py:1361} INFO - Starting attempt 1 of 1
[2023-11-04T03:26:16.856+0000] {taskinstance.py:1382} INFO - Executing <Task(PythonOperator): merge_and_transform_childcare> on 2023-11-04 03:16:58.704133+00:00
[2023-11-04T03:26:16.861+0000] {standard_task_runner.py:57} INFO - Started process 39562 to run task
[2023-11-04T03:26:16.862+0000] {clientserver.py:543} INFO - Closing down clientserver connection
[2023-11-04T03:26:16.865+0000] {standard_task_runner.py:84} INFO - Running: ['***', 'tasks', 'run', 'col_api_etl', 'merge_and_transform_childcare', 'manual__2023-11-04T03:16:58.704133+00:00', '--job-id', '1309', '--raw', '--subdir', 'DAGS_FOLDER/col_api_etl.py', '--cfg-path', '/tmp/tmpkpfys5ts']
[2023-11-04T03:26:16.866+0000] {standard_task_runner.py:85} INFO - Job 1309: Subtask merge_and_transform_childcare
[2023-11-04T03:26:16.904+0000] {logging_mixin.py:151} INFO - Changing /opt/***/logs/dag_id=col_api_etl/run_id=manual__2023-11-04T03:16:58.704133+00:00/task_id=merge_and_transform_childcare permission to 509
[2023-11-04T03:26:16.905+0000] {logging_mixin.py:151} INFO - Failed to change /opt/***/logs/dag_id=col_api_etl/run_id=manual__2023-11-04T03:16:58.704133+00:00/task_id=merge_and_transform_childcare permission to 509: [Errno 1] Operation not permitted: '/opt/***/logs/dag_id=col_api_etl/run_id=manual__2023-11-04T03:16:58.704133+00:00/task_id=merge_and_transform_childcare'
[2023-11-04T03:26:16.907+0000] {task_command.py:415} INFO - Running <TaskInstance: col_api_etl.merge_and_transform_childcare manual__2023-11-04T03:16:58.704133+00:00 [running]> on host 0bcf85c4b011
[2023-11-04T03:26:17.107+0000] {taskinstance.py:1660} INFO - Exporting env vars: AIRFLOW_CTX_DAG_OWNER='***' AIRFLOW_CTX_DAG_ID='col_api_etl' AIRFLOW_CTX_TASK_ID='merge_and_transform_childcare' AIRFLOW_CTX_EXECUTION_DATE='2023-11-04T03:16:58.704133+00:00' AIRFLOW_CTX_TRY_NUMBER='1' AIRFLOW_CTX_DAG_RUN_ID='manual__2023-11-04T03:16:58.704133+00:00'
[2023-11-04T03:26:25.495+0000] {logging_mixin.py:151} INFO - +---------+-------------------------------------+------------+
|City     |Type                                 |Annual Price|
+---------+-------------------------------------+------------+
|Hobart   |Daycare / Preschool (1 Month)        |NULL        |
|Limerick |International Primary School (1 Year)|NULL        |
|Venice   |Daycare / Preschool (1 Month)        |NULL        |
|Venice   |International Primary School (1 Year)|NULL        |
|Leicester|International Primary School (1 Year)|NULL        |
+---------+-------------------------------------+------------+
[2023-11-04T03:26:25.732+0000] {taskinstance.py:1943} ERROR - Task failed with exception
Traceback (most recent call last):
  File "/home/airflow/.local/lib/python3.8/site-packages/airflow/operators/python.py", line 192, in execute
    return_value = self.execute_callable()
  File "/home/airflow/.local/lib/python3.8/site-packages/airflow/operators/python.py", line 209, in execute_callable
    return self.python_callable(*self.op_args, **self.op_kwargs)
  File "/opt/airflow/dags/scripts/pyspark.py", line 281, in merge_and_transform_childcare
    numbeo_price_info = [{**row.asDict(), 'Annual Price': round(row['Annual Price'], 2)} for row in numbeo_price_info_df_filtered.collect()]
  File "/opt/airflow/dags/scripts/pyspark.py", line 281, in <listcomp>
    numbeo_price_info = [{**row.asDict(), 'Annual Price': round(row['Annual Price'], 2)} for row in numbeo_price_info_df_filtered.collect()]
TypeError: type NoneType doesn't define __round__ method
[2023-11-04T03:26:25.746+0000] {taskinstance.py:1400} INFO - Marking task as FAILED. dag_id=col_api_etl, task_id=merge_and_transform_childcare, execution_date=20231104T031658, start_date=20231104T032616, end_date=20231104T032625
[2023-11-04T03:26:25.760+0000] {standard_task_runner.py:104} ERROR - Failed to execute job 1309 for task merge_and_transform_childcare (type NoneType doesn't define __round__ method; 39562)
[2023-11-04T03:26:25.783+0000] {local_task_job_runner.py:228} INFO - Task exited with return code 1
