[2023-12-01T11:49:07.629+0000] {processor.py:157} INFO - Started process (PID=172) to work on /opt/airflow/dags/col_api_etl.py
[2023-12-01T11:49:07.630+0000] {processor.py:829} INFO - Processing file /opt/airflow/dags/col_api_etl.py for tasks to queue
[2023-12-01T11:49:07.631+0000] {logging_mixin.py:151} INFO - [2023-12-01T11:49:07.631+0000] {dagbag.py:539} INFO - Filling up the DagBag from /opt/airflow/dags/col_api_etl.py
[2023-12-01T11:49:11.985+0000] {processor.py:839} INFO - DAG(s) dict_keys(['col_api_etl']) retrieved from /opt/airflow/dags/col_api_etl.py
[2023-12-01T11:49:12.211+0000] {logging_mixin.py:151} INFO - [2023-12-01T11:49:12.210+0000] {dag.py:2907} INFO - Sync 1 DAGs
[2023-12-01T11:49:12.232+0000] {logging_mixin.py:151} INFO - [2023-12-01T11:49:12.232+0000] {dag.py:3677} INFO - Setting next_dagrun for col_api_etl to 2023-12-01T00:00:00+00:00, run_after=2023-12-02T00:00:00+00:00
[2023-12-01T11:49:12.256+0000] {processor.py:179} INFO - Processing /opt/airflow/dags/col_api_etl.py took 4.630 seconds
[2023-12-01T11:49:42.468+0000] {processor.py:157} INFO - Started process (PID=329) to work on /opt/airflow/dags/col_api_etl.py
[2023-12-01T11:49:42.469+0000] {processor.py:829} INFO - Processing file /opt/airflow/dags/col_api_etl.py for tasks to queue
[2023-12-01T11:49:42.469+0000] {logging_mixin.py:151} INFO - [2023-12-01T11:49:42.469+0000] {dagbag.py:539} INFO - Filling up the DagBag from /opt/airflow/dags/col_api_etl.py
[2023-12-01T11:49:46.591+0000] {processor.py:839} INFO - DAG(s) dict_keys(['col_api_etl']) retrieved from /opt/airflow/dags/col_api_etl.py
[2023-12-01T11:49:46.724+0000] {logging_mixin.py:151} INFO - [2023-12-01T11:49:46.722+0000] {dag.py:2907} INFO - Sync 1 DAGs
[2023-12-01T11:49:46.749+0000] {logging_mixin.py:151} INFO - [2023-12-01T11:49:46.749+0000] {dag.py:3677} INFO - Setting next_dagrun for col_api_etl to 2023-12-01T00:00:00+00:00, run_after=2023-12-02T00:00:00+00:00
[2023-12-01T11:49:46.771+0000] {processor.py:179} INFO - Processing /opt/airflow/dags/col_api_etl.py took 4.308 seconds
[2023-12-01T11:50:16.989+0000] {processor.py:157} INFO - Started process (PID=486) to work on /opt/airflow/dags/col_api_etl.py
[2023-12-01T11:50:16.990+0000] {processor.py:829} INFO - Processing file /opt/airflow/dags/col_api_etl.py for tasks to queue
[2023-12-01T11:50:16.991+0000] {logging_mixin.py:151} INFO - [2023-12-01T11:50:16.991+0000] {dagbag.py:539} INFO - Filling up the DagBag from /opt/airflow/dags/col_api_etl.py
[2023-12-01T11:50:20.580+0000] {processor.py:839} INFO - DAG(s) dict_keys(['col_api_etl']) retrieved from /opt/airflow/dags/col_api_etl.py
[2023-12-01T11:50:20.718+0000] {logging_mixin.py:151} INFO - [2023-12-01T11:50:20.717+0000] {dag.py:2907} INFO - Sync 1 DAGs
[2023-12-01T11:50:20.737+0000] {logging_mixin.py:151} INFO - [2023-12-01T11:50:20.737+0000] {dag.py:3677} INFO - Setting next_dagrun for col_api_etl to 2023-12-01T00:00:00+00:00, run_after=2023-12-02T00:00:00+00:00
[2023-12-01T11:50:20.758+0000] {processor.py:179} INFO - Processing /opt/airflow/dags/col_api_etl.py took 3.771 seconds
[2023-12-01T11:50:50.907+0000] {processor.py:157} INFO - Started process (PID=643) to work on /opt/airflow/dags/col_api_etl.py
[2023-12-01T11:50:50.908+0000] {processor.py:829} INFO - Processing file /opt/airflow/dags/col_api_etl.py for tasks to queue
[2023-12-01T11:50:50.909+0000] {logging_mixin.py:151} INFO - [2023-12-01T11:50:50.908+0000] {dagbag.py:539} INFO - Filling up the DagBag from /opt/airflow/dags/col_api_etl.py
[2023-12-01T11:50:54.366+0000] {processor.py:839} INFO - DAG(s) dict_keys(['col_api_etl']) retrieved from /opt/airflow/dags/col_api_etl.py
[2023-12-01T11:50:54.496+0000] {logging_mixin.py:151} INFO - [2023-12-01T11:50:54.495+0000] {dag.py:2907} INFO - Sync 1 DAGs
[2023-12-01T11:50:54.517+0000] {logging_mixin.py:151} INFO - [2023-12-01T11:50:54.517+0000] {dag.py:3677} INFO - Setting next_dagrun for col_api_etl to 2023-12-01T00:00:00+00:00, run_after=2023-12-02T00:00:00+00:00
[2023-12-01T11:50:54.537+0000] {processor.py:179} INFO - Processing /opt/airflow/dags/col_api_etl.py took 3.633 seconds
[2023-12-01T11:51:24.753+0000] {processor.py:157} INFO - Started process (PID=800) to work on /opt/airflow/dags/col_api_etl.py
[2023-12-01T11:51:24.754+0000] {processor.py:829} INFO - Processing file /opt/airflow/dags/col_api_etl.py for tasks to queue
[2023-12-01T11:51:24.755+0000] {logging_mixin.py:151} INFO - [2023-12-01T11:51:24.755+0000] {dagbag.py:539} INFO - Filling up the DagBag from /opt/airflow/dags/col_api_etl.py
[2023-12-01T11:51:28.261+0000] {processor.py:839} INFO - DAG(s) dict_keys(['col_api_etl']) retrieved from /opt/airflow/dags/col_api_etl.py
[2023-12-01T11:51:28.406+0000] {logging_mixin.py:151} INFO - [2023-12-01T11:51:28.406+0000] {dag.py:2907} INFO - Sync 1 DAGs
[2023-12-01T11:51:28.429+0000] {logging_mixin.py:151} INFO - [2023-12-01T11:51:28.429+0000] {dag.py:3677} INFO - Setting next_dagrun for col_api_etl to 2023-12-01T00:00:00+00:00, run_after=2023-12-02T00:00:00+00:00
[2023-12-01T11:51:28.458+0000] {processor.py:179} INFO - Processing /opt/airflow/dags/col_api_etl.py took 3.707 seconds
[2023-12-01T11:51:58.701+0000] {processor.py:157} INFO - Started process (PID=957) to work on /opt/airflow/dags/col_api_etl.py
[2023-12-01T11:51:58.702+0000] {processor.py:829} INFO - Processing file /opt/airflow/dags/col_api_etl.py for tasks to queue
[2023-12-01T11:51:58.703+0000] {logging_mixin.py:151} INFO - [2023-12-01T11:51:58.703+0000] {dagbag.py:539} INFO - Filling up the DagBag from /opt/airflow/dags/col_api_etl.py
[2023-12-01T11:52:02.134+0000] {processor.py:839} INFO - DAG(s) dict_keys(['col_api_etl']) retrieved from /opt/airflow/dags/col_api_etl.py
[2023-12-01T11:52:02.261+0000] {logging_mixin.py:151} INFO - [2023-12-01T11:52:02.260+0000] {dag.py:2907} INFO - Sync 1 DAGs
[2023-12-01T11:52:02.280+0000] {logging_mixin.py:151} INFO - [2023-12-01T11:52:02.280+0000] {dag.py:3677} INFO - Setting next_dagrun for col_api_etl to 2023-12-01T00:00:00+00:00, run_after=2023-12-02T00:00:00+00:00
[2023-12-01T11:52:02.308+0000] {processor.py:179} INFO - Processing /opt/airflow/dags/col_api_etl.py took 3.609 seconds
[2023-12-01T11:52:32.535+0000] {processor.py:157} INFO - Started process (PID=1114) to work on /opt/airflow/dags/col_api_etl.py
[2023-12-01T11:52:32.536+0000] {processor.py:829} INFO - Processing file /opt/airflow/dags/col_api_etl.py for tasks to queue
[2023-12-01T11:52:32.537+0000] {logging_mixin.py:151} INFO - [2023-12-01T11:52:32.536+0000] {dagbag.py:539} INFO - Filling up the DagBag from /opt/airflow/dags/col_api_etl.py
[2023-12-01T11:52:35.848+0000] {processor.py:839} INFO - DAG(s) dict_keys(['col_api_etl']) retrieved from /opt/airflow/dags/col_api_etl.py
[2023-12-01T11:52:35.979+0000] {logging_mixin.py:151} INFO - [2023-12-01T11:52:35.978+0000] {dag.py:2907} INFO - Sync 1 DAGs
[2023-12-01T11:52:36.002+0000] {logging_mixin.py:151} INFO - [2023-12-01T11:52:36.002+0000] {dag.py:3677} INFO - Setting next_dagrun for col_api_etl to 2023-12-01T00:00:00+00:00, run_after=2023-12-02T00:00:00+00:00
[2023-12-01T11:52:36.033+0000] {processor.py:179} INFO - Processing /opt/airflow/dags/col_api_etl.py took 3.501 seconds
[2023-12-01T11:53:06.108+0000] {processor.py:157} INFO - Started process (PID=1271) to work on /opt/airflow/dags/col_api_etl.py
[2023-12-01T11:53:06.108+0000] {processor.py:829} INFO - Processing file /opt/airflow/dags/col_api_etl.py for tasks to queue
[2023-12-01T11:53:06.109+0000] {logging_mixin.py:151} INFO - [2023-12-01T11:53:06.109+0000] {dagbag.py:539} INFO - Filling up the DagBag from /opt/airflow/dags/col_api_etl.py
[2023-12-01T11:53:09.301+0000] {processor.py:839} INFO - DAG(s) dict_keys(['col_api_etl']) retrieved from /opt/airflow/dags/col_api_etl.py
[2023-12-01T11:53:09.420+0000] {logging_mixin.py:151} INFO - [2023-12-01T11:53:09.419+0000] {dag.py:2907} INFO - Sync 1 DAGs
[2023-12-01T11:53:09.440+0000] {logging_mixin.py:151} INFO - [2023-12-01T11:53:09.440+0000] {dag.py:3677} INFO - Setting next_dagrun for col_api_etl to 2023-12-01T00:00:00+00:00, run_after=2023-12-02T00:00:00+00:00
[2023-12-01T11:53:09.459+0000] {processor.py:179} INFO - Processing /opt/airflow/dags/col_api_etl.py took 3.354 seconds
[2023-12-01T11:53:39.686+0000] {processor.py:157} INFO - Started process (PID=1428) to work on /opt/airflow/dags/col_api_etl.py
[2023-12-01T11:53:39.687+0000] {processor.py:829} INFO - Processing file /opt/airflow/dags/col_api_etl.py for tasks to queue
[2023-12-01T11:53:39.688+0000] {logging_mixin.py:151} INFO - [2023-12-01T11:53:39.687+0000] {dagbag.py:539} INFO - Filling up the DagBag from /opt/airflow/dags/col_api_etl.py
[2023-12-01T11:53:43.184+0000] {processor.py:839} INFO - DAG(s) dict_keys(['col_api_etl']) retrieved from /opt/airflow/dags/col_api_etl.py
[2023-12-01T11:53:43.313+0000] {logging_mixin.py:151} INFO - [2023-12-01T11:53:43.313+0000] {dag.py:2907} INFO - Sync 1 DAGs
[2023-12-01T11:53:43.333+0000] {logging_mixin.py:151} INFO - [2023-12-01T11:53:43.333+0000] {dag.py:3677} INFO - Setting next_dagrun for col_api_etl to 2023-12-01T00:00:00+00:00, run_after=2023-12-02T00:00:00+00:00
[2023-12-01T11:53:43.360+0000] {processor.py:179} INFO - Processing /opt/airflow/dags/col_api_etl.py took 3.677 seconds
[2023-12-01T11:54:13.921+0000] {processor.py:157} INFO - Started process (PID=1585) to work on /opt/airflow/dags/col_api_etl.py
[2023-12-01T11:54:13.922+0000] {processor.py:829} INFO - Processing file /opt/airflow/dags/col_api_etl.py for tasks to queue
[2023-12-01T11:54:13.923+0000] {logging_mixin.py:151} INFO - [2023-12-01T11:54:13.923+0000] {dagbag.py:539} INFO - Filling up the DagBag from /opt/airflow/dags/col_api_etl.py
[2023-12-01T11:54:17.327+0000] {processor.py:839} INFO - DAG(s) dict_keys(['col_api_etl']) retrieved from /opt/airflow/dags/col_api_etl.py
[2023-12-01T11:54:17.450+0000] {logging_mixin.py:151} INFO - [2023-12-01T11:54:17.450+0000] {dag.py:2907} INFO - Sync 1 DAGs
[2023-12-01T11:54:17.471+0000] {logging_mixin.py:151} INFO - [2023-12-01T11:54:17.470+0000] {dag.py:3677} INFO - Setting next_dagrun for col_api_etl to 2023-12-01T00:00:00+00:00, run_after=2023-12-02T00:00:00+00:00
[2023-12-01T11:54:17.498+0000] {processor.py:179} INFO - Processing /opt/airflow/dags/col_api_etl.py took 3.579 seconds
[2023-12-01T11:54:47.725+0000] {processor.py:157} INFO - Started process (PID=1742) to work on /opt/airflow/dags/col_api_etl.py
[2023-12-01T11:54:47.726+0000] {processor.py:829} INFO - Processing file /opt/airflow/dags/col_api_etl.py for tasks to queue
[2023-12-01T11:54:47.727+0000] {logging_mixin.py:151} INFO - [2023-12-01T11:54:47.727+0000] {dagbag.py:539} INFO - Filling up the DagBag from /opt/airflow/dags/col_api_etl.py
[2023-12-01T11:54:50.954+0000] {processor.py:839} INFO - DAG(s) dict_keys(['col_api_etl']) retrieved from /opt/airflow/dags/col_api_etl.py
[2023-12-01T11:54:51.100+0000] {logging_mixin.py:151} INFO - [2023-12-01T11:54:51.099+0000] {dag.py:2907} INFO - Sync 1 DAGs
[2023-12-01T11:54:51.129+0000] {logging_mixin.py:151} INFO - [2023-12-01T11:54:51.129+0000] {dag.py:3677} INFO - Setting next_dagrun for col_api_etl to 2023-12-01T00:00:00+00:00, run_after=2023-12-02T00:00:00+00:00
[2023-12-01T11:54:51.158+0000] {processor.py:179} INFO - Processing /opt/airflow/dags/col_api_etl.py took 3.436 seconds
[2023-12-01T11:55:21.350+0000] {processor.py:157} INFO - Started process (PID=1899) to work on /opt/airflow/dags/col_api_etl.py
[2023-12-01T11:55:21.351+0000] {processor.py:829} INFO - Processing file /opt/airflow/dags/col_api_etl.py for tasks to queue
[2023-12-01T11:55:21.353+0000] {logging_mixin.py:151} INFO - [2023-12-01T11:55:21.352+0000] {dagbag.py:539} INFO - Filling up the DagBag from /opt/airflow/dags/col_api_etl.py
[2023-12-01T11:55:24.954+0000] {processor.py:839} INFO - DAG(s) dict_keys(['col_api_etl']) retrieved from /opt/airflow/dags/col_api_etl.py
[2023-12-01T11:55:25.076+0000] {logging_mixin.py:151} INFO - [2023-12-01T11:55:25.075+0000] {dag.py:2907} INFO - Sync 1 DAGs
[2023-12-01T11:55:25.097+0000] {logging_mixin.py:151} INFO - [2023-12-01T11:55:25.097+0000] {dag.py:3677} INFO - Setting next_dagrun for col_api_etl to 2023-12-01T00:00:00+00:00, run_after=2023-12-02T00:00:00+00:00
[2023-12-01T11:55:25.119+0000] {processor.py:179} INFO - Processing /opt/airflow/dags/col_api_etl.py took 3.772 seconds
[2023-12-01T11:55:55.355+0000] {processor.py:157} INFO - Started process (PID=2056) to work on /opt/airflow/dags/col_api_etl.py
[2023-12-01T11:55:55.356+0000] {processor.py:829} INFO - Processing file /opt/airflow/dags/col_api_etl.py for tasks to queue
[2023-12-01T11:55:55.357+0000] {logging_mixin.py:151} INFO - [2023-12-01T11:55:55.357+0000] {dagbag.py:539} INFO - Filling up the DagBag from /opt/airflow/dags/col_api_etl.py
[2023-12-01T11:55:58.713+0000] {processor.py:839} INFO - DAG(s) dict_keys(['col_api_etl']) retrieved from /opt/airflow/dags/col_api_etl.py
[2023-12-01T11:55:58.848+0000] {logging_mixin.py:151} INFO - [2023-12-01T11:55:58.847+0000] {dag.py:2907} INFO - Sync 1 DAGs
[2023-12-01T11:55:58.872+0000] {logging_mixin.py:151} INFO - [2023-12-01T11:55:58.872+0000] {dag.py:3677} INFO - Setting next_dagrun for col_api_etl to 2023-12-01T00:00:00+00:00, run_after=2023-12-02T00:00:00+00:00
[2023-12-01T11:55:58.901+0000] {processor.py:179} INFO - Processing /opt/airflow/dags/col_api_etl.py took 3.549 seconds
[2023-12-01T11:56:29.124+0000] {processor.py:157} INFO - Started process (PID=2213) to work on /opt/airflow/dags/col_api_etl.py
[2023-12-01T11:56:29.125+0000] {processor.py:829} INFO - Processing file /opt/airflow/dags/col_api_etl.py for tasks to queue
[2023-12-01T11:56:29.125+0000] {logging_mixin.py:151} INFO - [2023-12-01T11:56:29.125+0000] {dagbag.py:539} INFO - Filling up the DagBag from /opt/airflow/dags/col_api_etl.py
[2023-12-01T11:56:33.226+0000] {processor.py:839} INFO - DAG(s) dict_keys(['col_api_etl']) retrieved from /opt/airflow/dags/col_api_etl.py
[2023-12-01T11:56:33.354+0000] {logging_mixin.py:151} INFO - [2023-12-01T11:56:33.353+0000] {dag.py:2907} INFO - Sync 1 DAGs
[2023-12-01T11:56:33.375+0000] {logging_mixin.py:151} INFO - [2023-12-01T11:56:33.374+0000] {dag.py:3677} INFO - Setting next_dagrun for col_api_etl to 2023-12-01T00:00:00+00:00, run_after=2023-12-02T00:00:00+00:00
[2023-12-01T11:56:33.396+0000] {processor.py:179} INFO - Processing /opt/airflow/dags/col_api_etl.py took 4.275 seconds
[2023-12-01T11:57:03.611+0000] {processor.py:157} INFO - Started process (PID=2372) to work on /opt/airflow/dags/col_api_etl.py
[2023-12-01T11:57:03.611+0000] {processor.py:829} INFO - Processing file /opt/airflow/dags/col_api_etl.py for tasks to queue
[2023-12-01T11:57:03.612+0000] {logging_mixin.py:151} INFO - [2023-12-01T11:57:03.612+0000] {dagbag.py:539} INFO - Filling up the DagBag from /opt/airflow/dags/col_api_etl.py
[2023-12-01T11:57:07.026+0000] {processor.py:839} INFO - DAG(s) dict_keys(['col_api_etl']) retrieved from /opt/airflow/dags/col_api_etl.py
[2023-12-01T11:57:07.145+0000] {logging_mixin.py:151} INFO - [2023-12-01T11:57:07.144+0000] {dag.py:2907} INFO - Sync 1 DAGs
[2023-12-01T11:57:07.167+0000] {logging_mixin.py:151} INFO - [2023-12-01T11:57:07.166+0000] {dag.py:3677} INFO - Setting next_dagrun for col_api_etl to 2023-12-01T00:00:00+00:00, run_after=2023-12-02T00:00:00+00:00
[2023-12-01T11:57:07.186+0000] {processor.py:179} INFO - Processing /opt/airflow/dags/col_api_etl.py took 3.579 seconds
[2023-12-01T11:57:37.422+0000] {processor.py:157} INFO - Started process (PID=2532) to work on /opt/airflow/dags/col_api_etl.py
[2023-12-01T11:57:37.422+0000] {processor.py:829} INFO - Processing file /opt/airflow/dags/col_api_etl.py for tasks to queue
[2023-12-01T11:57:37.423+0000] {logging_mixin.py:151} INFO - [2023-12-01T11:57:37.423+0000] {dagbag.py:539} INFO - Filling up the DagBag from /opt/airflow/dags/col_api_etl.py
[2023-12-01T11:57:40.717+0000] {processor.py:839} INFO - DAG(s) dict_keys(['col_api_etl']) retrieved from /opt/airflow/dags/col_api_etl.py
[2023-12-01T11:57:40.837+0000] {logging_mixin.py:151} INFO - [2023-12-01T11:57:40.837+0000] {dag.py:2907} INFO - Sync 1 DAGs
[2023-12-01T11:57:40.859+0000] {logging_mixin.py:151} INFO - [2023-12-01T11:57:40.859+0000] {dag.py:3677} INFO - Setting next_dagrun for col_api_etl to 2023-12-01T00:00:00+00:00, run_after=2023-12-02T00:00:00+00:00
[2023-12-01T11:57:40.885+0000] {processor.py:179} INFO - Processing /opt/airflow/dags/col_api_etl.py took 3.466 seconds
[2023-12-01T11:58:11.065+0000] {processor.py:157} INFO - Started process (PID=2692) to work on /opt/airflow/dags/col_api_etl.py
[2023-12-01T11:58:11.066+0000] {processor.py:829} INFO - Processing file /opt/airflow/dags/col_api_etl.py for tasks to queue
[2023-12-01T11:58:11.067+0000] {logging_mixin.py:151} INFO - [2023-12-01T11:58:11.067+0000] {dagbag.py:539} INFO - Filling up the DagBag from /opt/airflow/dags/col_api_etl.py
[2023-12-01T11:58:14.363+0000] {processor.py:839} INFO - DAG(s) dict_keys(['col_api_etl']) retrieved from /opt/airflow/dags/col_api_etl.py
[2023-12-01T11:58:14.485+0000] {logging_mixin.py:151} INFO - [2023-12-01T11:58:14.484+0000] {dag.py:2907} INFO - Sync 1 DAGs
[2023-12-01T11:58:14.506+0000] {logging_mixin.py:151} INFO - [2023-12-01T11:58:14.506+0000] {dag.py:3677} INFO - Setting next_dagrun for col_api_etl to 2023-12-01T00:00:00+00:00, run_after=2023-12-02T00:00:00+00:00
[2023-12-01T11:58:14.525+0000] {processor.py:179} INFO - Processing /opt/airflow/dags/col_api_etl.py took 3.463 seconds
[2023-12-01T11:58:44.771+0000] {processor.py:157} INFO - Started process (PID=2852) to work on /opt/airflow/dags/col_api_etl.py
[2023-12-01T11:58:44.772+0000] {processor.py:829} INFO - Processing file /opt/airflow/dags/col_api_etl.py for tasks to queue
[2023-12-01T11:58:44.773+0000] {logging_mixin.py:151} INFO - [2023-12-01T11:58:44.772+0000] {dagbag.py:539} INFO - Filling up the DagBag from /opt/airflow/dags/col_api_etl.py
[2023-12-01T11:58:47.993+0000] {processor.py:839} INFO - DAG(s) dict_keys(['col_api_etl']) retrieved from /opt/airflow/dags/col_api_etl.py
[2023-12-01T11:58:48.115+0000] {logging_mixin.py:151} INFO - [2023-12-01T11:58:48.114+0000] {dag.py:2907} INFO - Sync 1 DAGs
[2023-12-01T11:58:48.136+0000] {logging_mixin.py:151} INFO - [2023-12-01T11:58:48.136+0000] {dag.py:3677} INFO - Setting next_dagrun for col_api_etl to 2023-12-01T00:00:00+00:00, run_after=2023-12-02T00:00:00+00:00
[2023-12-01T11:58:48.157+0000] {processor.py:179} INFO - Processing /opt/airflow/dags/col_api_etl.py took 3.388 seconds
[2023-12-01T11:59:18.282+0000] {processor.py:157} INFO - Started process (PID=3012) to work on /opt/airflow/dags/col_api_etl.py
[2023-12-01T11:59:18.283+0000] {processor.py:829} INFO - Processing file /opt/airflow/dags/col_api_etl.py for tasks to queue
[2023-12-01T11:59:18.284+0000] {logging_mixin.py:151} INFO - [2023-12-01T11:59:18.284+0000] {dagbag.py:539} INFO - Filling up the DagBag from /opt/airflow/dags/col_api_etl.py
[2023-12-01T11:59:21.555+0000] {processor.py:839} INFO - DAG(s) dict_keys(['col_api_etl']) retrieved from /opt/airflow/dags/col_api_etl.py
[2023-12-01T11:59:21.682+0000] {logging_mixin.py:151} INFO - [2023-12-01T11:59:21.681+0000] {dag.py:2907} INFO - Sync 1 DAGs
[2023-12-01T11:59:21.701+0000] {logging_mixin.py:151} INFO - [2023-12-01T11:59:21.701+0000] {dag.py:3677} INFO - Setting next_dagrun for col_api_etl to 2023-12-01T00:00:00+00:00, run_after=2023-12-02T00:00:00+00:00
[2023-12-01T11:59:21.729+0000] {processor.py:179} INFO - Processing /opt/airflow/dags/col_api_etl.py took 3.449 seconds
[2023-12-01T11:59:51.957+0000] {processor.py:157} INFO - Started process (PID=3172) to work on /opt/airflow/dags/col_api_etl.py
[2023-12-01T11:59:51.958+0000] {processor.py:829} INFO - Processing file /opt/airflow/dags/col_api_etl.py for tasks to queue
[2023-12-01T11:59:51.958+0000] {logging_mixin.py:151} INFO - [2023-12-01T11:59:51.958+0000] {dagbag.py:539} INFO - Filling up the DagBag from /opt/airflow/dags/col_api_etl.py
[2023-12-01T11:59:55.227+0000] {processor.py:839} INFO - DAG(s) dict_keys(['col_api_etl']) retrieved from /opt/airflow/dags/col_api_etl.py
[2023-12-01T11:59:55.345+0000] {logging_mixin.py:151} INFO - [2023-12-01T11:59:55.344+0000] {dag.py:2907} INFO - Sync 1 DAGs
[2023-12-01T11:59:55.364+0000] {logging_mixin.py:151} INFO - [2023-12-01T11:59:55.363+0000] {dag.py:3677} INFO - Setting next_dagrun for col_api_etl to 2023-12-01T00:00:00+00:00, run_after=2023-12-02T00:00:00+00:00
[2023-12-01T11:59:55.394+0000] {processor.py:179} INFO - Processing /opt/airflow/dags/col_api_etl.py took 3.440 seconds
[2023-12-01T12:00:25.623+0000] {processor.py:157} INFO - Started process (PID=3331) to work on /opt/airflow/dags/col_api_etl.py
[2023-12-01T12:00:25.623+0000] {processor.py:829} INFO - Processing file /opt/airflow/dags/col_api_etl.py for tasks to queue
[2023-12-01T12:00:25.624+0000] {logging_mixin.py:151} INFO - [2023-12-01T12:00:25.624+0000] {dagbag.py:539} INFO - Filling up the DagBag from /opt/airflow/dags/col_api_etl.py
[2023-12-01T12:00:28.924+0000] {processor.py:839} INFO - DAG(s) dict_keys(['col_api_etl']) retrieved from /opt/airflow/dags/col_api_etl.py
[2023-12-01T12:00:29.046+0000] {logging_mixin.py:151} INFO - [2023-12-01T12:00:29.046+0000] {dag.py:2907} INFO - Sync 1 DAGs
[2023-12-01T12:00:29.067+0000] {logging_mixin.py:151} INFO - [2023-12-01T12:00:29.067+0000] {dag.py:3677} INFO - Setting next_dagrun for col_api_etl to 2023-12-01T00:00:00+00:00, run_after=2023-12-02T00:00:00+00:00
[2023-12-01T12:00:29.095+0000] {processor.py:179} INFO - Processing /opt/airflow/dags/col_api_etl.py took 3.475 seconds
[2023-12-01T12:00:59.328+0000] {processor.py:157} INFO - Started process (PID=3492) to work on /opt/airflow/dags/col_api_etl.py
[2023-12-01T12:00:59.329+0000] {processor.py:829} INFO - Processing file /opt/airflow/dags/col_api_etl.py for tasks to queue
[2023-12-01T12:00:59.330+0000] {logging_mixin.py:151} INFO - [2023-12-01T12:00:59.330+0000] {dagbag.py:539} INFO - Filling up the DagBag from /opt/airflow/dags/col_api_etl.py
[2023-12-01T12:01:02.615+0000] {processor.py:839} INFO - DAG(s) dict_keys(['col_api_etl']) retrieved from /opt/airflow/dags/col_api_etl.py
[2023-12-01T12:01:02.738+0000] {logging_mixin.py:151} INFO - [2023-12-01T12:01:02.738+0000] {dag.py:2907} INFO - Sync 1 DAGs
[2023-12-01T12:01:02.759+0000] {logging_mixin.py:151} INFO - [2023-12-01T12:01:02.759+0000] {dag.py:3677} INFO - Setting next_dagrun for col_api_etl to 2023-12-01T00:00:00+00:00, run_after=2023-12-02T00:00:00+00:00
[2023-12-01T12:01:02.786+0000] {processor.py:179} INFO - Processing /opt/airflow/dags/col_api_etl.py took 3.460 seconds
[2023-12-01T12:01:33.018+0000] {processor.py:157} INFO - Started process (PID=3652) to work on /opt/airflow/dags/col_api_etl.py
[2023-12-01T12:01:33.018+0000] {processor.py:829} INFO - Processing file /opt/airflow/dags/col_api_etl.py for tasks to queue
[2023-12-01T12:01:33.019+0000] {logging_mixin.py:151} INFO - [2023-12-01T12:01:33.019+0000] {dagbag.py:539} INFO - Filling up the DagBag from /opt/airflow/dags/col_api_etl.py
[2023-12-01T12:01:36.299+0000] {processor.py:839} INFO - DAG(s) dict_keys(['col_api_etl']) retrieved from /opt/airflow/dags/col_api_etl.py
[2023-12-01T12:01:36.422+0000] {logging_mixin.py:151} INFO - [2023-12-01T12:01:36.421+0000] {dag.py:2907} INFO - Sync 1 DAGs
[2023-12-01T12:01:36.441+0000] {logging_mixin.py:151} INFO - [2023-12-01T12:01:36.441+0000] {dag.py:3677} INFO - Setting next_dagrun for col_api_etl to 2023-12-01T00:00:00+00:00, run_after=2023-12-02T00:00:00+00:00
[2023-12-01T12:01:36.468+0000] {processor.py:179} INFO - Processing /opt/airflow/dags/col_api_etl.py took 3.453 seconds
[2023-12-01T12:02:06.684+0000] {processor.py:157} INFO - Started process (PID=3812) to work on /opt/airflow/dags/col_api_etl.py
[2023-12-01T12:02:06.685+0000] {processor.py:829} INFO - Processing file /opt/airflow/dags/col_api_etl.py for tasks to queue
[2023-12-01T12:02:06.685+0000] {logging_mixin.py:151} INFO - [2023-12-01T12:02:06.685+0000] {dagbag.py:539} INFO - Filling up the DagBag from /opt/airflow/dags/col_api_etl.py
[2023-12-01T12:02:10.101+0000] {processor.py:839} INFO - DAG(s) dict_keys(['col_api_etl']) retrieved from /opt/airflow/dags/col_api_etl.py
[2023-12-01T12:02:10.221+0000] {logging_mixin.py:151} INFO - [2023-12-01T12:02:10.220+0000] {dag.py:2907} INFO - Sync 1 DAGs
[2023-12-01T12:02:10.241+0000] {logging_mixin.py:151} INFO - [2023-12-01T12:02:10.241+0000] {dag.py:3677} INFO - Setting next_dagrun for col_api_etl to 2023-12-01T00:00:00+00:00, run_after=2023-12-02T00:00:00+00:00
[2023-12-01T12:02:10.269+0000] {processor.py:179} INFO - Processing /opt/airflow/dags/col_api_etl.py took 3.588 seconds
[2023-12-01T12:02:40.437+0000] {processor.py:157} INFO - Started process (PID=3971) to work on /opt/airflow/dags/col_api_etl.py
[2023-12-01T12:02:40.439+0000] {processor.py:829} INFO - Processing file /opt/airflow/dags/col_api_etl.py for tasks to queue
[2023-12-01T12:02:40.440+0000] {logging_mixin.py:151} INFO - [2023-12-01T12:02:40.439+0000] {dagbag.py:539} INFO - Filling up the DagBag from /opt/airflow/dags/col_api_etl.py
[2023-12-01T12:02:43.817+0000] {processor.py:839} INFO - DAG(s) dict_keys(['col_api_etl']) retrieved from /opt/airflow/dags/col_api_etl.py
[2023-12-01T12:02:43.941+0000] {logging_mixin.py:151} INFO - [2023-12-01T12:02:43.940+0000] {dag.py:2907} INFO - Sync 1 DAGs
[2023-12-01T12:02:43.960+0000] {logging_mixin.py:151} INFO - [2023-12-01T12:02:43.960+0000] {dag.py:3677} INFO - Setting next_dagrun for col_api_etl to 2023-12-01T00:00:00+00:00, run_after=2023-12-02T00:00:00+00:00
[2023-12-01T12:02:43.983+0000] {processor.py:179} INFO - Processing /opt/airflow/dags/col_api_etl.py took 3.548 seconds
[2023-12-01T12:03:14.201+0000] {processor.py:157} INFO - Started process (PID=4131) to work on /opt/airflow/dags/col_api_etl.py
[2023-12-01T12:03:14.202+0000] {processor.py:829} INFO - Processing file /opt/airflow/dags/col_api_etl.py for tasks to queue
[2023-12-01T12:03:14.202+0000] {logging_mixin.py:151} INFO - [2023-12-01T12:03:14.202+0000] {dagbag.py:539} INFO - Filling up the DagBag from /opt/airflow/dags/col_api_etl.py
[2023-12-01T12:03:17.802+0000] {processor.py:839} INFO - DAG(s) dict_keys(['col_api_etl']) retrieved from /opt/airflow/dags/col_api_etl.py
[2023-12-01T12:03:17.930+0000] {logging_mixin.py:151} INFO - [2023-12-01T12:03:17.929+0000] {dag.py:2907} INFO - Sync 1 DAGs
[2023-12-01T12:03:17.953+0000] {logging_mixin.py:151} INFO - [2023-12-01T12:03:17.953+0000] {dag.py:3677} INFO - Setting next_dagrun for col_api_etl to 2023-12-01T00:00:00+00:00, run_after=2023-12-02T00:00:00+00:00
[2023-12-01T12:03:17.973+0000] {processor.py:179} INFO - Processing /opt/airflow/dags/col_api_etl.py took 3.775 seconds
[2023-12-01T12:03:48.189+0000] {processor.py:157} INFO - Started process (PID=4292) to work on /opt/airflow/dags/col_api_etl.py
[2023-12-01T12:03:48.190+0000] {processor.py:829} INFO - Processing file /opt/airflow/dags/col_api_etl.py for tasks to queue
[2023-12-01T12:03:48.191+0000] {logging_mixin.py:151} INFO - [2023-12-01T12:03:48.191+0000] {dagbag.py:539} INFO - Filling up the DagBag from /opt/airflow/dags/col_api_etl.py
[2023-12-01T12:03:51.733+0000] {processor.py:839} INFO - DAG(s) dict_keys(['col_api_etl']) retrieved from /opt/airflow/dags/col_api_etl.py
[2023-12-01T12:03:51.863+0000] {logging_mixin.py:151} INFO - [2023-12-01T12:03:51.862+0000] {dag.py:2907} INFO - Sync 1 DAGs
[2023-12-01T12:03:51.888+0000] {logging_mixin.py:151} INFO - [2023-12-01T12:03:51.888+0000] {dag.py:3677} INFO - Setting next_dagrun for col_api_etl to 2023-12-01T00:00:00+00:00, run_after=2023-12-02T00:00:00+00:00
[2023-12-01T12:03:51.918+0000] {processor.py:179} INFO - Processing /opt/airflow/dags/col_api_etl.py took 3.732 seconds
[2023-12-01T12:04:22.427+0000] {processor.py:157} INFO - Started process (PID=4453) to work on /opt/airflow/dags/col_api_etl.py
[2023-12-01T12:04:22.428+0000] {processor.py:829} INFO - Processing file /opt/airflow/dags/col_api_etl.py for tasks to queue
[2023-12-01T12:04:22.429+0000] {logging_mixin.py:151} INFO - [2023-12-01T12:04:22.429+0000] {dagbag.py:539} INFO - Filling up the DagBag from /opt/airflow/dags/col_api_etl.py
[2023-12-01T12:04:26.225+0000] {processor.py:839} INFO - DAG(s) dict_keys(['col_api_etl']) retrieved from /opt/airflow/dags/col_api_etl.py
[2023-12-01T12:04:26.352+0000] {logging_mixin.py:151} INFO - [2023-12-01T12:04:26.351+0000] {dag.py:2907} INFO - Sync 1 DAGs
[2023-12-01T12:04:26.374+0000] {logging_mixin.py:151} INFO - [2023-12-01T12:04:26.374+0000] {dag.py:3677} INFO - Setting next_dagrun for col_api_etl to 2023-12-01T00:00:00+00:00, run_after=2023-12-02T00:00:00+00:00
[2023-12-01T12:04:26.403+0000] {processor.py:179} INFO - Processing /opt/airflow/dags/col_api_etl.py took 3.978 seconds
[2023-12-01T12:04:56.646+0000] {processor.py:157} INFO - Started process (PID=4615) to work on /opt/airflow/dags/col_api_etl.py
[2023-12-01T12:04:56.646+0000] {processor.py:829} INFO - Processing file /opt/airflow/dags/col_api_etl.py for tasks to queue
[2023-12-01T12:04:56.647+0000] {logging_mixin.py:151} INFO - [2023-12-01T12:04:56.647+0000] {dagbag.py:539} INFO - Filling up the DagBag from /opt/airflow/dags/col_api_etl.py
[2023-12-01T12:05:00.341+0000] {processor.py:839} INFO - DAG(s) dict_keys(['col_api_etl']) retrieved from /opt/airflow/dags/col_api_etl.py
[2023-12-01T12:05:00.477+0000] {logging_mixin.py:151} INFO - [2023-12-01T12:05:00.476+0000] {dag.py:2907} INFO - Sync 1 DAGs
[2023-12-01T12:05:00.500+0000] {logging_mixin.py:151} INFO - [2023-12-01T12:05:00.500+0000] {dag.py:3677} INFO - Setting next_dagrun for col_api_etl to 2023-12-01T00:00:00+00:00, run_after=2023-12-02T00:00:00+00:00
[2023-12-01T12:05:00.527+0000] {processor.py:179} INFO - Processing /opt/airflow/dags/col_api_etl.py took 3.884 seconds
[2023-12-01T12:05:30.760+0000] {processor.py:157} INFO - Started process (PID=4776) to work on /opt/airflow/dags/col_api_etl.py
[2023-12-01T12:05:30.761+0000] {processor.py:829} INFO - Processing file /opt/airflow/dags/col_api_etl.py for tasks to queue
[2023-12-01T12:05:30.762+0000] {logging_mixin.py:151} INFO - [2023-12-01T12:05:30.761+0000] {dagbag.py:539} INFO - Filling up the DagBag from /opt/airflow/dags/col_api_etl.py
[2023-12-01T12:05:34.499+0000] {processor.py:839} INFO - DAG(s) dict_keys(['col_api_etl']) retrieved from /opt/airflow/dags/col_api_etl.py
[2023-12-01T12:05:34.618+0000] {logging_mixin.py:151} INFO - [2023-12-01T12:05:34.617+0000] {dag.py:2907} INFO - Sync 1 DAGs
[2023-12-01T12:05:34.639+0000] {logging_mixin.py:151} INFO - [2023-12-01T12:05:34.639+0000] {dag.py:3677} INFO - Setting next_dagrun for col_api_etl to 2023-12-01T00:00:00+00:00, run_after=2023-12-02T00:00:00+00:00
[2023-12-01T12:05:34.672+0000] {processor.py:179} INFO - Processing /opt/airflow/dags/col_api_etl.py took 3.915 seconds
[2023-12-01T12:06:04.902+0000] {processor.py:157} INFO - Started process (PID=4936) to work on /opt/airflow/dags/col_api_etl.py
[2023-12-01T12:06:04.903+0000] {processor.py:829} INFO - Processing file /opt/airflow/dags/col_api_etl.py for tasks to queue
[2023-12-01T12:06:04.904+0000] {logging_mixin.py:151} INFO - [2023-12-01T12:06:04.904+0000] {dagbag.py:539} INFO - Filling up the DagBag from /opt/airflow/dags/col_api_etl.py
[2023-12-01T12:06:08.269+0000] {processor.py:839} INFO - DAG(s) dict_keys(['col_api_etl']) retrieved from /opt/airflow/dags/col_api_etl.py
[2023-12-01T12:06:08.390+0000] {logging_mixin.py:151} INFO - [2023-12-01T12:06:08.390+0000] {dag.py:2907} INFO - Sync 1 DAGs
[2023-12-01T12:06:08.413+0000] {logging_mixin.py:151} INFO - [2023-12-01T12:06:08.413+0000] {dag.py:3677} INFO - Setting next_dagrun for col_api_etl to 2023-12-01T00:00:00+00:00, run_after=2023-12-02T00:00:00+00:00
[2023-12-01T12:06:08.441+0000] {processor.py:179} INFO - Processing /opt/airflow/dags/col_api_etl.py took 3.541 seconds
[2023-12-01T12:06:38.670+0000] {processor.py:157} INFO - Started process (PID=5096) to work on /opt/airflow/dags/col_api_etl.py
[2023-12-01T12:06:38.671+0000] {processor.py:829} INFO - Processing file /opt/airflow/dags/col_api_etl.py for tasks to queue
[2023-12-01T12:06:38.672+0000] {logging_mixin.py:151} INFO - [2023-12-01T12:06:38.672+0000] {dagbag.py:539} INFO - Filling up the DagBag from /opt/airflow/dags/col_api_etl.py
[2023-12-01T12:06:41.949+0000] {processor.py:839} INFO - DAG(s) dict_keys(['col_api_etl']) retrieved from /opt/airflow/dags/col_api_etl.py
[2023-12-01T12:06:42.069+0000] {logging_mixin.py:151} INFO - [2023-12-01T12:06:42.068+0000] {dag.py:2907} INFO - Sync 1 DAGs
[2023-12-01T12:06:42.091+0000] {logging_mixin.py:151} INFO - [2023-12-01T12:06:42.091+0000] {dag.py:3677} INFO - Setting next_dagrun for col_api_etl to 2023-12-01T00:00:00+00:00, run_after=2023-12-02T00:00:00+00:00
[2023-12-01T12:06:42.120+0000] {processor.py:179} INFO - Processing /opt/airflow/dags/col_api_etl.py took 3.452 seconds
[2023-12-01T12:07:12.334+0000] {processor.py:157} INFO - Started process (PID=5256) to work on /opt/airflow/dags/col_api_etl.py
[2023-12-01T12:07:12.335+0000] {processor.py:829} INFO - Processing file /opt/airflow/dags/col_api_etl.py for tasks to queue
[2023-12-01T12:07:12.336+0000] {logging_mixin.py:151} INFO - [2023-12-01T12:07:12.335+0000] {dagbag.py:539} INFO - Filling up the DagBag from /opt/airflow/dags/col_api_etl.py
[2023-12-01T12:07:15.789+0000] {processor.py:839} INFO - DAG(s) dict_keys(['col_api_etl']) retrieved from /opt/airflow/dags/col_api_etl.py
[2023-12-01T12:07:15.912+0000] {logging_mixin.py:151} INFO - [2023-12-01T12:07:15.911+0000] {dag.py:2907} INFO - Sync 1 DAGs
[2023-12-01T12:07:15.933+0000] {logging_mixin.py:151} INFO - [2023-12-01T12:07:15.933+0000] {dag.py:3677} INFO - Setting next_dagrun for col_api_etl to 2023-12-01T00:00:00+00:00, run_after=2023-12-02T00:00:00+00:00
[2023-12-01T12:07:15.954+0000] {processor.py:179} INFO - Processing /opt/airflow/dags/col_api_etl.py took 3.622 seconds
[2023-12-01T12:07:46.097+0000] {processor.py:157} INFO - Started process (PID=5415) to work on /opt/airflow/dags/col_api_etl.py
[2023-12-01T12:07:46.098+0000] {processor.py:829} INFO - Processing file /opt/airflow/dags/col_api_etl.py for tasks to queue
[2023-12-01T12:07:46.099+0000] {logging_mixin.py:151} INFO - [2023-12-01T12:07:46.099+0000] {dagbag.py:539} INFO - Filling up the DagBag from /opt/airflow/dags/col_api_etl.py
[2023-12-01T12:07:49.556+0000] {processor.py:839} INFO - DAG(s) dict_keys(['col_api_etl']) retrieved from /opt/airflow/dags/col_api_etl.py
[2023-12-01T12:07:49.680+0000] {logging_mixin.py:151} INFO - [2023-12-01T12:07:49.679+0000] {dag.py:2907} INFO - Sync 1 DAGs
[2023-12-01T12:07:49.701+0000] {logging_mixin.py:151} INFO - [2023-12-01T12:07:49.701+0000] {dag.py:3677} INFO - Setting next_dagrun for col_api_etl to 2023-12-01T00:00:00+00:00, run_after=2023-12-02T00:00:00+00:00
[2023-12-01T12:07:49.721+0000] {processor.py:179} INFO - Processing /opt/airflow/dags/col_api_etl.py took 3.626 seconds
[2023-12-01T12:08:19.934+0000] {processor.py:157} INFO - Started process (PID=5575) to work on /opt/airflow/dags/col_api_etl.py
[2023-12-01T12:08:19.934+0000] {processor.py:829} INFO - Processing file /opt/airflow/dags/col_api_etl.py for tasks to queue
[2023-12-01T12:08:19.936+0000] {logging_mixin.py:151} INFO - [2023-12-01T12:08:19.935+0000] {dagbag.py:539} INFO - Filling up the DagBag from /opt/airflow/dags/col_api_etl.py
[2023-12-01T12:08:23.543+0000] {processor.py:839} INFO - DAG(s) dict_keys(['col_api_etl']) retrieved from /opt/airflow/dags/col_api_etl.py
[2023-12-01T12:08:23.671+0000] {logging_mixin.py:151} INFO - [2023-12-01T12:08:23.670+0000] {dag.py:2907} INFO - Sync 1 DAGs
[2023-12-01T12:08:23.690+0000] {logging_mixin.py:151} INFO - [2023-12-01T12:08:23.690+0000] {dag.py:3677} INFO - Setting next_dagrun for col_api_etl to 2023-12-01T00:00:00+00:00, run_after=2023-12-02T00:00:00+00:00
[2023-12-01T12:08:23.712+0000] {processor.py:179} INFO - Processing /opt/airflow/dags/col_api_etl.py took 3.781 seconds
[2023-12-01T12:08:53.918+0000] {processor.py:157} INFO - Started process (PID=5736) to work on /opt/airflow/dags/col_api_etl.py
[2023-12-01T12:08:53.919+0000] {processor.py:829} INFO - Processing file /opt/airflow/dags/col_api_etl.py for tasks to queue
[2023-12-01T12:08:53.920+0000] {logging_mixin.py:151} INFO - [2023-12-01T12:08:53.920+0000] {dagbag.py:539} INFO - Filling up the DagBag from /opt/airflow/dags/col_api_etl.py
[2023-12-01T12:08:57.424+0000] {processor.py:839} INFO - DAG(s) dict_keys(['col_api_etl']) retrieved from /opt/airflow/dags/col_api_etl.py
[2023-12-01T12:08:57.549+0000] {logging_mixin.py:151} INFO - [2023-12-01T12:08:57.548+0000] {dag.py:2907} INFO - Sync 1 DAGs
[2023-12-01T12:08:57.570+0000] {logging_mixin.py:151} INFO - [2023-12-01T12:08:57.570+0000] {dag.py:3677} INFO - Setting next_dagrun for col_api_etl to 2023-12-01T00:00:00+00:00, run_after=2023-12-02T00:00:00+00:00
[2023-12-01T12:08:57.598+0000] {processor.py:179} INFO - Processing /opt/airflow/dags/col_api_etl.py took 3.682 seconds
[2023-12-01T12:09:28.086+0000] {processor.py:157} INFO - Started process (PID=5895) to work on /opt/airflow/dags/col_api_etl.py
[2023-12-01T12:09:28.087+0000] {processor.py:829} INFO - Processing file /opt/airflow/dags/col_api_etl.py for tasks to queue
[2023-12-01T12:09:28.088+0000] {logging_mixin.py:151} INFO - [2023-12-01T12:09:28.087+0000] {dagbag.py:539} INFO - Filling up the DagBag from /opt/airflow/dags/col_api_etl.py
[2023-12-01T12:09:31.456+0000] {processor.py:839} INFO - DAG(s) dict_keys(['col_api_etl']) retrieved from /opt/airflow/dags/col_api_etl.py
[2023-12-01T12:09:31.578+0000] {logging_mixin.py:151} INFO - [2023-12-01T12:09:31.578+0000] {dag.py:2907} INFO - Sync 1 DAGs
[2023-12-01T12:09:31.598+0000] {logging_mixin.py:151} INFO - [2023-12-01T12:09:31.598+0000] {dag.py:3677} INFO - Setting next_dagrun for col_api_etl to 2023-12-01T00:00:00+00:00, run_after=2023-12-02T00:00:00+00:00
[2023-12-01T12:09:31.617+0000] {processor.py:179} INFO - Processing /opt/airflow/dags/col_api_etl.py took 3.532 seconds
[2023-12-01T12:10:01.833+0000] {processor.py:157} INFO - Started process (PID=6056) to work on /opt/airflow/dags/col_api_etl.py
[2023-12-01T12:10:01.834+0000] {processor.py:829} INFO - Processing file /opt/airflow/dags/col_api_etl.py for tasks to queue
[2023-12-01T12:10:01.834+0000] {logging_mixin.py:151} INFO - [2023-12-01T12:10:01.834+0000] {dagbag.py:539} INFO - Filling up the DagBag from /opt/airflow/dags/col_api_etl.py
[2023-12-01T12:10:05.289+0000] {processor.py:839} INFO - DAG(s) dict_keys(['col_api_etl']) retrieved from /opt/airflow/dags/col_api_etl.py
[2023-12-01T12:10:05.408+0000] {logging_mixin.py:151} INFO - [2023-12-01T12:10:05.408+0000] {dag.py:2907} INFO - Sync 1 DAGs
[2023-12-01T12:10:05.430+0000] {logging_mixin.py:151} INFO - [2023-12-01T12:10:05.430+0000] {dag.py:3677} INFO - Setting next_dagrun for col_api_etl to 2023-12-01T00:00:00+00:00, run_after=2023-12-02T00:00:00+00:00
[2023-12-01T12:10:05.458+0000] {processor.py:179} INFO - Processing /opt/airflow/dags/col_api_etl.py took 3.628 seconds
[2023-12-01T12:10:35.542+0000] {processor.py:157} INFO - Started process (PID=6216) to work on /opt/airflow/dags/col_api_etl.py
[2023-12-01T12:10:35.543+0000] {processor.py:829} INFO - Processing file /opt/airflow/dags/col_api_etl.py for tasks to queue
[2023-12-01T12:10:35.544+0000] {logging_mixin.py:151} INFO - [2023-12-01T12:10:35.544+0000] {dagbag.py:539} INFO - Filling up the DagBag from /opt/airflow/dags/col_api_etl.py
[2023-12-01T12:10:38.923+0000] {processor.py:839} INFO - DAG(s) dict_keys(['col_api_etl']) retrieved from /opt/airflow/dags/col_api_etl.py
[2023-12-01T12:10:39.045+0000] {logging_mixin.py:151} INFO - [2023-12-01T12:10:39.044+0000] {dag.py:2907} INFO - Sync 1 DAGs
[2023-12-01T12:10:39.065+0000] {logging_mixin.py:151} INFO - [2023-12-01T12:10:39.065+0000] {dag.py:3677} INFO - Setting next_dagrun for col_api_etl to 2023-12-01T00:00:00+00:00, run_after=2023-12-02T00:00:00+00:00
[2023-12-01T12:10:39.085+0000] {processor.py:179} INFO - Processing /opt/airflow/dags/col_api_etl.py took 3.545 seconds
[2023-12-01T12:11:09.332+0000] {processor.py:157} INFO - Started process (PID=6377) to work on /opt/airflow/dags/col_api_etl.py
[2023-12-01T12:11:09.333+0000] {processor.py:829} INFO - Processing file /opt/airflow/dags/col_api_etl.py for tasks to queue
[2023-12-01T12:11:09.335+0000] {logging_mixin.py:151} INFO - [2023-12-01T12:11:09.334+0000] {dagbag.py:539} INFO - Filling up the DagBag from /opt/airflow/dags/col_api_etl.py
[2023-12-01T12:11:15.315+0000] {processor.py:839} INFO - DAG(s) dict_keys(['col_api_etl']) retrieved from /opt/airflow/dags/col_api_etl.py
[2023-12-01T12:11:15.559+0000] {logging_mixin.py:151} INFO - [2023-12-01T12:11:15.558+0000] {dag.py:2907} INFO - Sync 1 DAGs
[2023-12-01T12:11:15.600+0000] {logging_mixin.py:151} INFO - [2023-12-01T12:11:15.600+0000] {dag.py:3677} INFO - Setting next_dagrun for col_api_etl to 2023-12-01T00:00:00+00:00, run_after=2023-12-02T00:00:00+00:00
[2023-12-01T12:11:15.642+0000] {processor.py:179} INFO - Processing /opt/airflow/dags/col_api_etl.py took 6.313 seconds
[2023-12-01T12:11:45.996+0000] {processor.py:157} INFO - Started process (PID=6539) to work on /opt/airflow/dags/col_api_etl.py
[2023-12-01T12:11:45.997+0000] {processor.py:829} INFO - Processing file /opt/airflow/dags/col_api_etl.py for tasks to queue
[2023-12-01T12:11:45.999+0000] {logging_mixin.py:151} INFO - [2023-12-01T12:11:45.998+0000] {dagbag.py:539} INFO - Filling up the DagBag from /opt/airflow/dags/col_api_etl.py
[2023-12-01T12:11:51.543+0000] {processor.py:839} INFO - DAG(s) dict_keys(['col_api_etl']) retrieved from /opt/airflow/dags/col_api_etl.py
[2023-12-01T12:11:51.751+0000] {logging_mixin.py:151} INFO - [2023-12-01T12:11:51.750+0000] {dag.py:2907} INFO - Sync 1 DAGs
[2023-12-01T12:11:51.788+0000] {logging_mixin.py:151} INFO - [2023-12-01T12:11:51.787+0000] {dag.py:3677} INFO - Setting next_dagrun for col_api_etl to 2023-12-01T00:00:00+00:00, run_after=2023-12-02T00:00:00+00:00
[2023-12-01T12:11:51.828+0000] {processor.py:179} INFO - Processing /opt/airflow/dags/col_api_etl.py took 5.848 seconds
[2023-12-01T12:12:21.901+0000] {processor.py:157} INFO - Started process (PID=6701) to work on /opt/airflow/dags/col_api_etl.py
[2023-12-01T12:12:21.902+0000] {processor.py:829} INFO - Processing file /opt/airflow/dags/col_api_etl.py for tasks to queue
[2023-12-01T12:12:21.903+0000] {logging_mixin.py:151} INFO - [2023-12-01T12:12:21.903+0000] {dagbag.py:539} INFO - Filling up the DagBag from /opt/airflow/dags/col_api_etl.py
[2023-12-01T12:12:27.634+0000] {processor.py:839} INFO - DAG(s) dict_keys(['col_api_etl']) retrieved from /opt/airflow/dags/col_api_etl.py
[2023-12-01T12:12:27.851+0000] {logging_mixin.py:151} INFO - [2023-12-01T12:12:27.850+0000] {dag.py:2907} INFO - Sync 1 DAGs
[2023-12-01T12:12:27.887+0000] {logging_mixin.py:151} INFO - [2023-12-01T12:12:27.887+0000] {dag.py:3677} INFO - Setting next_dagrun for col_api_etl to 2023-12-01T00:00:00+00:00, run_after=2023-12-02T00:00:00+00:00
[2023-12-01T12:12:27.928+0000] {processor.py:179} INFO - Processing /opt/airflow/dags/col_api_etl.py took 6.031 seconds
[2023-12-01T12:12:58.209+0000] {processor.py:157} INFO - Started process (PID=6862) to work on /opt/airflow/dags/col_api_etl.py
[2023-12-01T12:12:58.211+0000] {processor.py:829} INFO - Processing file /opt/airflow/dags/col_api_etl.py for tasks to queue
[2023-12-01T12:12:58.213+0000] {logging_mixin.py:151} INFO - [2023-12-01T12:12:58.212+0000] {dagbag.py:539} INFO - Filling up the DagBag from /opt/airflow/dags/col_api_etl.py
[2023-12-01T12:13:05.355+0000] {processor.py:839} INFO - DAG(s) dict_keys(['col_api_etl']) retrieved from /opt/airflow/dags/col_api_etl.py
[2023-12-01T12:13:05.571+0000] {logging_mixin.py:151} INFO - [2023-12-01T12:13:05.570+0000] {dag.py:2907} INFO - Sync 1 DAGs
[2023-12-01T12:13:05.610+0000] {logging_mixin.py:151} INFO - [2023-12-01T12:13:05.610+0000] {dag.py:3677} INFO - Setting next_dagrun for col_api_etl to 2023-12-01T00:00:00+00:00, run_after=2023-12-02T00:00:00+00:00
[2023-12-01T12:13:05.646+0000] {processor.py:179} INFO - Processing /opt/airflow/dags/col_api_etl.py took 7.442 seconds
[2023-12-01T12:13:35.936+0000] {processor.py:157} INFO - Started process (PID=7021) to work on /opt/airflow/dags/col_api_etl.py
[2023-12-01T12:13:35.937+0000] {processor.py:829} INFO - Processing file /opt/airflow/dags/col_api_etl.py for tasks to queue
[2023-12-01T12:13:35.939+0000] {logging_mixin.py:151} INFO - [2023-12-01T12:13:35.938+0000] {dagbag.py:539} INFO - Filling up the DagBag from /opt/airflow/dags/col_api_etl.py
[2023-12-01T12:13:41.778+0000] {processor.py:839} INFO - DAG(s) dict_keys(['col_api_etl']) retrieved from /opt/airflow/dags/col_api_etl.py
[2023-12-01T12:13:41.999+0000] {logging_mixin.py:151} INFO - [2023-12-01T12:13:41.998+0000] {dag.py:2907} INFO - Sync 1 DAGs
[2023-12-01T12:13:42.035+0000] {logging_mixin.py:151} INFO - [2023-12-01T12:13:42.034+0000] {dag.py:3677} INFO - Setting next_dagrun for col_api_etl to 2023-12-01T00:00:00+00:00, run_after=2023-12-02T00:00:00+00:00
[2023-12-01T12:13:42.077+0000] {processor.py:179} INFO - Processing /opt/airflow/dags/col_api_etl.py took 6.146 seconds
[2023-12-01T12:14:12.825+0000] {processor.py:157} INFO - Started process (PID=7183) to work on /opt/airflow/dags/col_api_etl.py
[2023-12-01T12:14:12.826+0000] {processor.py:829} INFO - Processing file /opt/airflow/dags/col_api_etl.py for tasks to queue
[2023-12-01T12:14:12.828+0000] {logging_mixin.py:151} INFO - [2023-12-01T12:14:12.827+0000] {dagbag.py:539} INFO - Filling up the DagBag from /opt/airflow/dags/col_api_etl.py
[2023-12-01T12:14:18.647+0000] {processor.py:839} INFO - DAG(s) dict_keys(['col_api_etl']) retrieved from /opt/airflow/dags/col_api_etl.py
[2023-12-01T12:14:18.861+0000] {logging_mixin.py:151} INFO - [2023-12-01T12:14:18.860+0000] {dag.py:2907} INFO - Sync 1 DAGs
[2023-12-01T12:14:18.895+0000] {logging_mixin.py:151} INFO - [2023-12-01T12:14:18.895+0000] {dag.py:3677} INFO - Setting next_dagrun for col_api_etl to 2023-12-01T00:00:00+00:00, run_after=2023-12-02T00:00:00+00:00
[2023-12-01T12:14:18.930+0000] {processor.py:179} INFO - Processing /opt/airflow/dags/col_api_etl.py took 6.108 seconds
[2023-12-01T12:14:49.141+0000] {processor.py:157} INFO - Started process (PID=7344) to work on /opt/airflow/dags/col_api_etl.py
[2023-12-01T12:14:49.142+0000] {processor.py:829} INFO - Processing file /opt/airflow/dags/col_api_etl.py for tasks to queue
[2023-12-01T12:14:49.145+0000] {logging_mixin.py:151} INFO - [2023-12-01T12:14:49.144+0000] {dagbag.py:539} INFO - Filling up the DagBag from /opt/airflow/dags/col_api_etl.py
[2023-12-01T12:14:55.499+0000] {processor.py:839} INFO - DAG(s) dict_keys(['col_api_etl']) retrieved from /opt/airflow/dags/col_api_etl.py
[2023-12-01T12:14:55.739+0000] {logging_mixin.py:151} INFO - [2023-12-01T12:14:55.737+0000] {dag.py:2907} INFO - Sync 1 DAGs
[2023-12-01T12:14:55.788+0000] {logging_mixin.py:151} INFO - [2023-12-01T12:14:55.788+0000] {dag.py:3677} INFO - Setting next_dagrun for col_api_etl to 2023-12-01T00:00:00+00:00, run_after=2023-12-02T00:00:00+00:00
[2023-12-01T12:14:55.831+0000] {processor.py:179} INFO - Processing /opt/airflow/dags/col_api_etl.py took 6.695 seconds
[2023-12-01T12:15:26.140+0000] {processor.py:157} INFO - Started process (PID=7507) to work on /opt/airflow/dags/col_api_etl.py
[2023-12-01T12:15:26.141+0000] {processor.py:829} INFO - Processing file /opt/airflow/dags/col_api_etl.py for tasks to queue
[2023-12-01T12:15:26.143+0000] {logging_mixin.py:151} INFO - [2023-12-01T12:15:26.143+0000] {dagbag.py:539} INFO - Filling up the DagBag from /opt/airflow/dags/col_api_etl.py
[2023-12-01T12:15:32.642+0000] {processor.py:839} INFO - DAG(s) dict_keys(['col_api_etl']) retrieved from /opt/airflow/dags/col_api_etl.py
[2023-12-01T12:15:32.696+0000] {logging_mixin.py:151} INFO - [2023-12-01T12:15:32.695+0000] {dag.py:2907} INFO - Sync 1 DAGs
[2023-12-01T12:15:32.738+0000] {logging_mixin.py:151} INFO - [2023-12-01T12:15:32.738+0000] {dag.py:3677} INFO - Setting next_dagrun for col_api_etl to 2023-12-01T00:00:00+00:00, run_after=2023-12-02T00:00:00+00:00
[2023-12-01T12:15:32.772+0000] {processor.py:179} INFO - Processing /opt/airflow/dags/col_api_etl.py took 6.636 seconds
[2023-12-01T12:16:03.052+0000] {processor.py:157} INFO - Started process (PID=7670) to work on /opt/airflow/dags/col_api_etl.py
[2023-12-01T12:16:03.054+0000] {processor.py:829} INFO - Processing file /opt/airflow/dags/col_api_etl.py for tasks to queue
[2023-12-01T12:16:03.056+0000] {logging_mixin.py:151} INFO - [2023-12-01T12:16:03.055+0000] {dagbag.py:539} INFO - Filling up the DagBag from /opt/airflow/dags/col_api_etl.py
[2023-12-01T12:16:09.867+0000] {processor.py:839} INFO - DAG(s) dict_keys(['col_api_etl']) retrieved from /opt/airflow/dags/col_api_etl.py
[2023-12-01T12:16:10.075+0000] {logging_mixin.py:151} INFO - [2023-12-01T12:16:10.074+0000] {dag.py:2907} INFO - Sync 1 DAGs
[2023-12-01T12:16:10.111+0000] {logging_mixin.py:151} INFO - [2023-12-01T12:16:10.110+0000] {dag.py:3677} INFO - Setting next_dagrun for col_api_etl to 2023-12-01T00:00:00+00:00, run_after=2023-12-02T00:00:00+00:00
[2023-12-01T12:16:10.146+0000] {processor.py:179} INFO - Processing /opt/airflow/dags/col_api_etl.py took 7.100 seconds
[2023-12-01T12:16:40.374+0000] {processor.py:157} INFO - Started process (PID=7831) to work on /opt/airflow/dags/col_api_etl.py
[2023-12-01T12:16:40.375+0000] {processor.py:829} INFO - Processing file /opt/airflow/dags/col_api_etl.py for tasks to queue
[2023-12-01T12:16:40.377+0000] {logging_mixin.py:151} INFO - [2023-12-01T12:16:40.376+0000] {dagbag.py:539} INFO - Filling up the DagBag from /opt/airflow/dags/col_api_etl.py
[2023-12-01T12:16:46.851+0000] {processor.py:839} INFO - DAG(s) dict_keys(['col_api_etl']) retrieved from /opt/airflow/dags/col_api_etl.py
[2023-12-01T12:16:47.187+0000] {logging_mixin.py:151} INFO - [2023-12-01T12:16:47.186+0000] {dag.py:2907} INFO - Sync 1 DAGs
[2023-12-01T12:16:47.245+0000] {logging_mixin.py:151} INFO - [2023-12-01T12:16:47.244+0000] {dag.py:3677} INFO - Setting next_dagrun for col_api_etl to 2023-12-01T00:00:00+00:00, run_after=2023-12-02T00:00:00+00:00
[2023-12-01T12:16:47.297+0000] {processor.py:179} INFO - Processing /opt/airflow/dags/col_api_etl.py took 6.928 seconds
[2023-12-01T12:17:17.600+0000] {processor.py:157} INFO - Started process (PID=7995) to work on /opt/airflow/dags/col_api_etl.py
[2023-12-01T12:17:17.601+0000] {processor.py:829} INFO - Processing file /opt/airflow/dags/col_api_etl.py for tasks to queue
[2023-12-01T12:17:17.602+0000] {logging_mixin.py:151} INFO - [2023-12-01T12:17:17.602+0000] {dagbag.py:539} INFO - Filling up the DagBag from /opt/airflow/dags/col_api_etl.py
[2023-12-01T12:17:23.528+0000] {processor.py:839} INFO - DAG(s) dict_keys(['col_api_etl']) retrieved from /opt/airflow/dags/col_api_etl.py
[2023-12-01T12:17:23.793+0000] {logging_mixin.py:151} INFO - [2023-12-01T12:17:23.792+0000] {dag.py:2907} INFO - Sync 1 DAGs
[2023-12-01T12:17:23.871+0000] {logging_mixin.py:151} INFO - [2023-12-01T12:17:23.870+0000] {dag.py:3677} INFO - Setting next_dagrun for col_api_etl to 2023-12-01T00:00:00+00:00, run_after=2023-12-02T00:00:00+00:00
[2023-12-01T12:17:23.922+0000] {processor.py:179} INFO - Processing /opt/airflow/dags/col_api_etl.py took 6.326 seconds
[2023-12-01T12:17:54.210+0000] {processor.py:157} INFO - Started process (PID=8156) to work on /opt/airflow/dags/col_api_etl.py
[2023-12-01T12:17:54.211+0000] {processor.py:829} INFO - Processing file /opt/airflow/dags/col_api_etl.py for tasks to queue
[2023-12-01T12:17:54.212+0000] {logging_mixin.py:151} INFO - [2023-12-01T12:17:54.212+0000] {dagbag.py:539} INFO - Filling up the DagBag from /opt/airflow/dags/col_api_etl.py
[2023-12-01T12:17:59.909+0000] {processor.py:839} INFO - DAG(s) dict_keys(['col_api_etl']) retrieved from /opt/airflow/dags/col_api_etl.py
[2023-12-01T12:18:00.129+0000] {logging_mixin.py:151} INFO - [2023-12-01T12:18:00.129+0000] {dag.py:2907} INFO - Sync 1 DAGs
[2023-12-01T12:18:00.166+0000] {logging_mixin.py:151} INFO - [2023-12-01T12:18:00.165+0000] {dag.py:3677} INFO - Setting next_dagrun for col_api_etl to 2023-12-01T00:00:00+00:00, run_after=2023-12-02T00:00:00+00:00
[2023-12-01T12:18:00.206+0000] {processor.py:179} INFO - Processing /opt/airflow/dags/col_api_etl.py took 6.001 seconds
[2023-12-01T12:18:30.485+0000] {processor.py:157} INFO - Started process (PID=8319) to work on /opt/airflow/dags/col_api_etl.py
[2023-12-01T12:18:30.486+0000] {processor.py:829} INFO - Processing file /opt/airflow/dags/col_api_etl.py for tasks to queue
[2023-12-01T12:18:30.488+0000] {logging_mixin.py:151} INFO - [2023-12-01T12:18:30.487+0000] {dagbag.py:539} INFO - Filling up the DagBag from /opt/airflow/dags/col_api_etl.py
[2023-12-01T12:18:36.783+0000] {processor.py:839} INFO - DAG(s) dict_keys(['col_api_etl']) retrieved from /opt/airflow/dags/col_api_etl.py
[2023-12-01T12:18:37.011+0000] {logging_mixin.py:151} INFO - [2023-12-01T12:18:37.010+0000] {dag.py:2907} INFO - Sync 1 DAGs
[2023-12-01T12:18:37.045+0000] {logging_mixin.py:151} INFO - [2023-12-01T12:18:37.045+0000] {dag.py:3677} INFO - Setting next_dagrun for col_api_etl to 2023-12-01T00:00:00+00:00, run_after=2023-12-02T00:00:00+00:00
[2023-12-01T12:18:37.089+0000] {processor.py:179} INFO - Processing /opt/airflow/dags/col_api_etl.py took 6.608 seconds
[2023-12-01T12:19:07.380+0000] {processor.py:157} INFO - Started process (PID=8481) to work on /opt/airflow/dags/col_api_etl.py
[2023-12-01T12:19:07.381+0000] {processor.py:829} INFO - Processing file /opt/airflow/dags/col_api_etl.py for tasks to queue
[2023-12-01T12:19:07.383+0000] {logging_mixin.py:151} INFO - [2023-12-01T12:19:07.382+0000] {dagbag.py:539} INFO - Filling up the DagBag from /opt/airflow/dags/col_api_etl.py
[2023-12-01T12:19:14.096+0000] {processor.py:839} INFO - DAG(s) dict_keys(['col_api_etl']) retrieved from /opt/airflow/dags/col_api_etl.py
[2023-12-01T12:19:14.322+0000] {logging_mixin.py:151} INFO - [2023-12-01T12:19:14.321+0000] {dag.py:2907} INFO - Sync 1 DAGs
[2023-12-01T12:19:14.362+0000] {logging_mixin.py:151} INFO - [2023-12-01T12:19:14.361+0000] {dag.py:3677} INFO - Setting next_dagrun for col_api_etl to 2023-12-01T00:00:00+00:00, run_after=2023-12-02T00:00:00+00:00
[2023-12-01T12:19:14.411+0000] {processor.py:179} INFO - Processing /opt/airflow/dags/col_api_etl.py took 7.036 seconds
[2023-12-01T12:19:44.693+0000] {processor.py:157} INFO - Started process (PID=8644) to work on /opt/airflow/dags/col_api_etl.py
[2023-12-01T12:19:44.694+0000] {processor.py:829} INFO - Processing file /opt/airflow/dags/col_api_etl.py for tasks to queue
[2023-12-01T12:19:44.697+0000] {logging_mixin.py:151} INFO - [2023-12-01T12:19:44.696+0000] {dagbag.py:539} INFO - Filling up the DagBag from /opt/airflow/dags/col_api_etl.py
[2023-12-01T12:19:50.651+0000] {processor.py:839} INFO - DAG(s) dict_keys(['col_api_etl']) retrieved from /opt/airflow/dags/col_api_etl.py
[2023-12-01T12:19:50.857+0000] {logging_mixin.py:151} INFO - [2023-12-01T12:19:50.856+0000] {dag.py:2907} INFO - Sync 1 DAGs
[2023-12-01T12:19:50.890+0000] {logging_mixin.py:151} INFO - [2023-12-01T12:19:50.890+0000] {dag.py:3677} INFO - Setting next_dagrun for col_api_etl to 2023-12-01T00:00:00+00:00, run_after=2023-12-02T00:00:00+00:00
[2023-12-01T12:19:50.933+0000] {processor.py:179} INFO - Processing /opt/airflow/dags/col_api_etl.py took 6.241 seconds
[2023-12-01T12:20:20.999+0000] {processor.py:157} INFO - Started process (PID=8805) to work on /opt/airflow/dags/col_api_etl.py
[2023-12-01T12:20:21.000+0000] {processor.py:829} INFO - Processing file /opt/airflow/dags/col_api_etl.py for tasks to queue
[2023-12-01T12:20:21.002+0000] {logging_mixin.py:151} INFO - [2023-12-01T12:20:21.001+0000] {dagbag.py:539} INFO - Filling up the DagBag from /opt/airflow/dags/col_api_etl.py
[2023-12-01T12:20:27.020+0000] {processor.py:839} INFO - DAG(s) dict_keys(['col_api_etl']) retrieved from /opt/airflow/dags/col_api_etl.py
[2023-12-01T12:20:27.230+0000] {logging_mixin.py:151} INFO - [2023-12-01T12:20:27.229+0000] {dag.py:2907} INFO - Sync 1 DAGs
[2023-12-01T12:20:27.266+0000] {logging_mixin.py:151} INFO - [2023-12-01T12:20:27.265+0000] {dag.py:3677} INFO - Setting next_dagrun for col_api_etl to 2023-12-01T00:00:00+00:00, run_after=2023-12-02T00:00:00+00:00
[2023-12-01T12:20:27.308+0000] {processor.py:179} INFO - Processing /opt/airflow/dags/col_api_etl.py took 6.314 seconds
[2023-12-01T12:20:57.502+0000] {processor.py:157} INFO - Started process (PID=8967) to work on /opt/airflow/dags/col_api_etl.py
[2023-12-01T12:20:57.503+0000] {processor.py:829} INFO - Processing file /opt/airflow/dags/col_api_etl.py for tasks to queue
[2023-12-01T12:20:57.505+0000] {logging_mixin.py:151} INFO - [2023-12-01T12:20:57.504+0000] {dagbag.py:539} INFO - Filling up the DagBag from /opt/airflow/dags/col_api_etl.py
[2023-12-01T12:21:03.313+0000] {processor.py:839} INFO - DAG(s) dict_keys(['col_api_etl']) retrieved from /opt/airflow/dags/col_api_etl.py
[2023-12-01T12:21:03.576+0000] {logging_mixin.py:151} INFO - [2023-12-01T12:21:03.575+0000] {dag.py:2907} INFO - Sync 1 DAGs
[2023-12-01T12:21:03.639+0000] {logging_mixin.py:151} INFO - [2023-12-01T12:21:03.638+0000] {dag.py:3677} INFO - Setting next_dagrun for col_api_etl to 2023-12-01T00:00:00+00:00, run_after=2023-12-02T00:00:00+00:00
[2023-12-01T12:21:03.688+0000] {processor.py:179} INFO - Processing /opt/airflow/dags/col_api_etl.py took 6.190 seconds
[2023-12-01T12:21:33.866+0000] {processor.py:157} INFO - Started process (PID=9129) to work on /opt/airflow/dags/col_api_etl.py
[2023-12-01T12:21:33.867+0000] {processor.py:829} INFO - Processing file /opt/airflow/dags/col_api_etl.py for tasks to queue
[2023-12-01T12:21:33.869+0000] {logging_mixin.py:151} INFO - [2023-12-01T12:21:33.868+0000] {dagbag.py:539} INFO - Filling up the DagBag from /opt/airflow/dags/col_api_etl.py
[2023-12-01T12:21:39.777+0000] {processor.py:839} INFO - DAG(s) dict_keys(['col_api_etl']) retrieved from /opt/airflow/dags/col_api_etl.py
[2023-12-01T12:21:40.005+0000] {logging_mixin.py:151} INFO - [2023-12-01T12:21:40.004+0000] {dag.py:2907} INFO - Sync 1 DAGs
[2023-12-01T12:21:40.041+0000] {logging_mixin.py:151} INFO - [2023-12-01T12:21:40.040+0000] {dag.py:3677} INFO - Setting next_dagrun for col_api_etl to 2023-12-01T00:00:00+00:00, run_after=2023-12-02T00:00:00+00:00
[2023-12-01T12:21:40.079+0000] {processor.py:179} INFO - Processing /opt/airflow/dags/col_api_etl.py took 6.217 seconds
[2023-12-01T12:22:10.254+0000] {processor.py:157} INFO - Started process (PID=9292) to work on /opt/airflow/dags/col_api_etl.py
[2023-12-01T12:22:10.255+0000] {processor.py:829} INFO - Processing file /opt/airflow/dags/col_api_etl.py for tasks to queue
[2023-12-01T12:22:10.259+0000] {logging_mixin.py:151} INFO - [2023-12-01T12:22:10.258+0000] {dagbag.py:539} INFO - Filling up the DagBag from /opt/airflow/dags/col_api_etl.py
[2023-12-01T12:22:15.876+0000] {processor.py:839} INFO - DAG(s) dict_keys(['col_api_etl']) retrieved from /opt/airflow/dags/col_api_etl.py
[2023-12-01T12:22:16.099+0000] {logging_mixin.py:151} INFO - [2023-12-01T12:22:16.098+0000] {dag.py:2907} INFO - Sync 1 DAGs
[2023-12-01T12:22:16.132+0000] {logging_mixin.py:151} INFO - [2023-12-01T12:22:16.132+0000] {dag.py:3677} INFO - Setting next_dagrun for col_api_etl to 2023-12-01T00:00:00+00:00, run_after=2023-12-02T00:00:00+00:00
[2023-12-01T12:22:16.172+0000] {processor.py:179} INFO - Processing /opt/airflow/dags/col_api_etl.py took 5.922 seconds
[2023-12-01T12:22:46.512+0000] {processor.py:157} INFO - Started process (PID=9453) to work on /opt/airflow/dags/col_api_etl.py
[2023-12-01T12:22:46.513+0000] {processor.py:829} INFO - Processing file /opt/airflow/dags/col_api_etl.py for tasks to queue
[2023-12-01T12:22:46.516+0000] {logging_mixin.py:151} INFO - [2023-12-01T12:22:46.515+0000] {dagbag.py:539} INFO - Filling up the DagBag from /opt/airflow/dags/col_api_etl.py
[2023-12-01T12:22:52.325+0000] {processor.py:839} INFO - DAG(s) dict_keys(['col_api_etl']) retrieved from /opt/airflow/dags/col_api_etl.py
[2023-12-01T12:22:52.377+0000] {logging_mixin.py:151} INFO - [2023-12-01T12:22:52.376+0000] {dag.py:2907} INFO - Sync 1 DAGs
[2023-12-01T12:22:52.414+0000] {logging_mixin.py:151} INFO - [2023-12-01T12:22:52.414+0000] {dag.py:3677} INFO - Setting next_dagrun for col_api_etl to 2023-12-01T00:00:00+00:00, run_after=2023-12-02T00:00:00+00:00
[2023-12-01T12:22:52.445+0000] {processor.py:179} INFO - Processing /opt/airflow/dags/col_api_etl.py took 5.936 seconds
[2023-12-01T12:23:22.756+0000] {processor.py:157} INFO - Started process (PID=9617) to work on /opt/airflow/dags/col_api_etl.py
[2023-12-01T12:23:22.757+0000] {processor.py:829} INFO - Processing file /opt/airflow/dags/col_api_etl.py for tasks to queue
[2023-12-01T12:23:22.758+0000] {logging_mixin.py:151} INFO - [2023-12-01T12:23:22.758+0000] {dagbag.py:539} INFO - Filling up the DagBag from /opt/airflow/dags/col_api_etl.py
