[2023-11-01T23:53:33.612+0000] {logging_mixin.py:151} INFO - Changing /opt/***/logs/dag_id=col_api_etl/run_id=manual__2023-11-01T23:53:20.755582+00:00/task_id=extract_numbeo_prices_from_city permission to 509
[2023-11-01T23:53:33.613+0000] {logging_mixin.py:151} INFO - Failed to change /opt/***/logs/dag_id=col_api_etl/run_id=manual__2023-11-01T23:53:20.755582+00:00/task_id=extract_numbeo_prices_from_city permission to 509: [Errno 1] Operation not permitted: '/opt/***/logs/dag_id=col_api_etl/run_id=manual__2023-11-01T23:53:20.755582+00:00/task_id=extract_numbeo_prices_from_city'
[2023-11-01T23:53:33.646+0000] {logging_mixin.py:151} INFO - Changing /opt/***/logs/dag_id=col_api_etl/run_id=manual__2023-11-01T23:53:20.755582+00:00/task_id=extract_numbeo_prices_from_city permission to 509
[2023-11-01T23:53:33.647+0000] {logging_mixin.py:151} INFO - Failed to change /opt/***/logs/dag_id=col_api_etl/run_id=manual__2023-11-01T23:53:20.755582+00:00/task_id=extract_numbeo_prices_from_city permission to 509: [Errno 1] Operation not permitted: '/opt/***/logs/dag_id=col_api_etl/run_id=manual__2023-11-01T23:53:20.755582+00:00/task_id=extract_numbeo_prices_from_city'
[2023-11-01T23:53:33.689+0000] {taskinstance.py:1159} INFO - Dependencies all met for dep_context=non-requeueable deps ti=<TaskInstance: col_api_etl.extract_numbeo_prices_from_city manual__2023-11-01T23:53:20.755582+00:00 [queued]>
[2023-11-01T23:53:33.700+0000] {taskinstance.py:1159} INFO - Dependencies all met for dep_context=requeueable deps ti=<TaskInstance: col_api_etl.extract_numbeo_prices_from_city manual__2023-11-01T23:53:20.755582+00:00 [queued]>
[2023-11-01T23:53:33.701+0000] {taskinstance.py:1361} INFO - Starting attempt 1 of 1
[2023-11-01T23:53:33.718+0000] {taskinstance.py:1382} INFO - Executing <Task(PythonOperator): extract_numbeo_prices_from_city> on 2023-11-01 23:53:20.755582+00:00
[2023-11-01T23:53:33.724+0000] {standard_task_runner.py:57} INFO - Started process 15160 to run task
[2023-11-01T23:53:33.724+0000] {clientserver.py:543} INFO - Closing down clientserver connection
[2023-11-01T23:53:33.729+0000] {standard_task_runner.py:84} INFO - Running: ['***', 'tasks', 'run', 'col_api_etl', 'extract_numbeo_prices_from_city', 'manual__2023-11-01T23:53:20.755582+00:00', '--job-id', '1162', '--raw', '--subdir', 'DAGS_FOLDER/col_api_etl.py', '--cfg-path', '/tmp/tmphs1v9yc5']
[2023-11-01T23:53:33.734+0000] {standard_task_runner.py:85} INFO - Job 1162: Subtask extract_numbeo_prices_from_city
[2023-11-01T23:53:33.793+0000] {logging_mixin.py:151} INFO - Changing /opt/***/logs/dag_id=col_api_etl/run_id=manual__2023-11-01T23:53:20.755582+00:00/task_id=extract_numbeo_prices_from_city permission to 509
[2023-11-01T23:53:33.794+0000] {logging_mixin.py:151} INFO - Failed to change /opt/***/logs/dag_id=col_api_etl/run_id=manual__2023-11-01T23:53:20.755582+00:00/task_id=extract_numbeo_prices_from_city permission to 509: [Errno 1] Operation not permitted: '/opt/***/logs/dag_id=col_api_etl/run_id=manual__2023-11-01T23:53:20.755582+00:00/task_id=extract_numbeo_prices_from_city'
[2023-11-01T23:53:33.797+0000] {task_command.py:415} INFO - Running <TaskInstance: col_api_etl.extract_numbeo_prices_from_city manual__2023-11-01T23:53:20.755582+00:00 [running]> on host 65ec58942685
[2023-11-01T23:53:33.893+0000] {taskinstance.py:1660} INFO - Exporting env vars: AIRFLOW_CTX_DAG_OWNER='***' AIRFLOW_CTX_DAG_ID='col_api_etl' AIRFLOW_CTX_TASK_ID='extract_numbeo_prices_from_city' AIRFLOW_CTX_EXECUTION_DATE='2023-11-01T23:53:20.755582+00:00' AIRFLOW_CTX_TRY_NUMBER='1' AIRFLOW_CTX_DAG_RUN_ID='manual__2023-11-01T23:53:20.755582+00:00'
[2023-11-01T23:53:34.127+0000] {clientserver.py:505} INFO - Error while sending or receiving.
Traceback (most recent call last):
  File "/home/airflow/.local/lib/python3.8/site-packages/py4j/clientserver.py", line 503, in send_command
    self.socket.sendall(command.encode("utf-8"))
ConnectionResetError: [Errno 104] Connection reset by peer
[2023-11-01T23:53:34.128+0000] {clientserver.py:543} INFO - Closing down clientserver connection
[2023-11-01T23:53:34.129+0000] {java_gateway.py:1052} INFO - Exception while sending command.
Traceback (most recent call last):
  File "/home/airflow/.local/lib/python3.8/site-packages/py4j/clientserver.py", line 503, in send_command
    self.socket.sendall(command.encode("utf-8"))
ConnectionResetError: [Errno 104] Connection reset by peer

During handling of the above exception, another exception occurred:

Traceback (most recent call last):
  File "/home/airflow/.local/lib/python3.8/site-packages/py4j/java_gateway.py", line 1038, in send_command
    response = connection.send_command(command)
  File "/home/airflow/.local/lib/python3.8/site-packages/py4j/clientserver.py", line 506, in send_command
    raise Py4JNetworkError(
py4j.protocol.Py4JNetworkError: Error while sending
[2023-11-01T23:53:34.133+0000] {clientserver.py:543} INFO - Closing down clientserver connection
[2023-11-01T23:53:35.425+0000] {logging_mixin.py:151} INFO - Dubai
[2023-11-01T23:53:37.115+0000] {logging_mixin.py:151} INFO - Abu-Dhabi
[2023-11-01T23:53:38.781+0000] {logging_mixin.py:151} INFO - Sharjah
[2023-11-01T23:53:40.382+0000] {logging_mixin.py:151} INFO - Perth
[2023-11-01T23:53:42.011+0000] {logging_mixin.py:151} INFO - Melbourne
[2023-11-01T23:53:43.676+0000] {logging_mixin.py:151} INFO - Sydney
[2023-11-01T23:53:45.481+0000] {logging_mixin.py:151} INFO - Brisbane
[2023-11-01T23:53:47.175+0000] {logging_mixin.py:151} INFO - Hobart
[2023-11-01T23:53:48.517+0000] {logging_mixin.py:151} INFO - Adelaide
[2023-11-01T23:53:50.252+0000] {logging_mixin.py:151} INFO - Canberra
[2023-11-01T23:53:51.895+0000] {logging_mixin.py:151} INFO - Darwin
[2023-11-01T23:53:53.205+0000] {logging_mixin.py:151} INFO - Sarajevo
[2023-11-01T23:53:54.901+0000] {logging_mixin.py:151} INFO - Manama
[2023-11-01T23:53:56.537+0000] {logging_mixin.py:151} INFO - Sofia
[2023-11-01T23:53:58.204+0000] {logging_mixin.py:151} INFO - Sao-Paulo
[2023-11-01T23:54:00.070+0000] {logging_mixin.py:151} INFO - Rio-De-Janeiro
[2023-11-01T23:54:01.864+0000] {logging_mixin.py:151} INFO - Brasilia
[2023-11-01T23:54:03.509+0000] {logging_mixin.py:151} INFO - Toronto
[2023-11-01T23:54:05.252+0000] {logging_mixin.py:151} INFO - Montreal
[2023-11-01T23:54:06.858+0000] {logging_mixin.py:151} INFO - Vancouver
[2023-11-01T23:54:08.488+0000] {logging_mixin.py:151} INFO - Ottawa
[2023-11-01T23:54:10.161+0000] {logging_mixin.py:151} INFO - Calgary
[2023-11-01T23:54:11.859+0000] {logging_mixin.py:151} INFO - Edmonton
[2023-11-01T23:54:13.603+0000] {logging_mixin.py:151} INFO - Halifax
[2023-11-01T23:54:15.271+0000] {logging_mixin.py:151} INFO - Quebec-City
[2023-11-01T23:54:16.982+0000] {logging_mixin.py:151} INFO - Zurich
[2023-11-01T23:54:18.737+0000] {logging_mixin.py:151} INFO - Geneva
[2023-11-01T23:54:20.037+0000] {logging_mixin.py:151} INFO - Zug
[2023-11-01T23:54:21.387+0000] {logging_mixin.py:151} INFO - Basel
[2023-11-01T23:54:23.024+0000] {logging_mixin.py:151} INFO - Bern
[2023-11-01T23:54:24.357+0000] {logging_mixin.py:151} INFO - Lausanne
[2023-11-01T23:54:25.983+0000] {logging_mixin.py:151} INFO - Lugano
[2023-11-01T23:54:27.440+0000] {logging_mixin.py:151} INFO - Vaduz
[2023-11-01T23:54:28.805+0000] {logging_mixin.py:151} INFO - Santiago
[2023-11-01T23:54:30.525+0000] {logging_mixin.py:151} INFO - Chongqing
[2023-11-01T23:54:32.034+0000] {logging_mixin.py:151} INFO - Shanghai
[2023-11-01T23:54:33.653+0000] {logging_mixin.py:151} INFO - Beijing
[2023-11-01T23:54:35.288+0000] {logging_mixin.py:151} INFO - Chengdu
[2023-11-01T23:54:36.746+0000] {logging_mixin.py:151} INFO - Guangzhou
[2023-11-01T23:54:38.375+0000] {logging_mixin.py:151} INFO - Shenzhen
[2023-11-01T23:54:40.027+0000] {logging_mixin.py:151} INFO - Bogota
[2023-11-01T23:54:41.921+0000] {logging_mixin.py:151} INFO - Medellin
[2023-11-01T23:54:43.531+0000] {logging_mixin.py:151} INFO - Cali
[2023-11-01T23:54:45.262+0000] {logging_mixin.py:151} INFO - Cartagena
[2023-11-01T23:54:46.888+0000] {logging_mixin.py:151} INFO - San-Jose
[2023-11-01T23:54:48.525+0000] {logging_mixin.py:151} INFO - Prague
[2023-11-01T23:54:50.197+0000] {logging_mixin.py:151} INFO - Brno
[2023-11-01T23:54:51.843+0000] {logging_mixin.py:151} INFO - Ostrava
[2023-11-01T23:54:53.496+0000] {logging_mixin.py:151} INFO - Copenhagen
[2023-11-01T23:54:55.175+0000] {logging_mixin.py:151} INFO - Aarhus
[2023-11-01T23:54:56.880+0000] {logging_mixin.py:151} INFO - Aalborg
[2023-11-01T23:54:58.555+0000] {logging_mixin.py:151} INFO - Andorra-La-Vella
[2023-11-01T23:55:00.185+0000] {logging_mixin.py:151} INFO - Vienna
[2023-11-01T23:55:01.813+0000] {logging_mixin.py:151} INFO - Salzburg
[2023-11-01T23:55:03.188+0000] {logging_mixin.py:151} INFO - Graz
[2023-11-01T23:55:04.896+0000] {logging_mixin.py:151} INFO - Linz
[2023-11-01T23:55:06.553+0000] {logging_mixin.py:151} INFO - Innsbruck
[2023-11-01T23:55:08.015+0000] {logging_mixin.py:151} INFO - Brussels
[2023-11-01T23:55:09.684+0000] {logging_mixin.py:151} INFO - Antwerp
[2023-11-01T23:55:11.310+0000] {logging_mixin.py:151} INFO - Gent
[2023-11-01T23:55:12.992+0000] {logging_mixin.py:151} INFO - Liege
[2023-11-01T23:55:14.295+0000] {logging_mixin.py:151} INFO - Brugge
[2023-11-01T23:55:16.092+0000] {logging_mixin.py:151} INFO - Zagreb
[2023-11-01T23:55:17.733+0000] {logging_mixin.py:151} INFO - Split
[2023-11-01T23:55:19.041+0000] {logging_mixin.py:151} INFO - Dubrovnik
[2023-11-01T23:55:20.387+0000] {logging_mixin.py:151} INFO - Nicosia
[2023-11-01T23:55:21.740+0000] {logging_mixin.py:151} INFO - Tallinn
[2023-11-01T23:55:23.544+0000] {logging_mixin.py:151} INFO - Tartu
[2023-11-01T23:55:25.054+0000] {logging_mixin.py:151} INFO - Helsinki
[2023-11-01T23:55:26.349+0000] {logging_mixin.py:151} INFO - Turku
[2023-11-01T23:55:27.966+0000] {logging_mixin.py:151} INFO - Tampere
[2023-11-01T23:55:29.271+0000] {logging_mixin.py:151} INFO - Oulu
[2023-11-01T23:55:30.929+0000] {logging_mixin.py:151} INFO - Paris
[2023-11-01T23:55:32.663+0000] {logging_mixin.py:151} INFO - Marseille
[2023-11-01T23:55:34.397+0000] {logging_mixin.py:151} INFO - Lyon
[2023-11-01T23:55:35.698+0000] {logging_mixin.py:151} INFO - Toulouse
[2023-11-01T23:55:37.025+0000] {logging_mixin.py:151} INFO - Nice
[2023-11-01T23:55:38.390+0000] {logging_mixin.py:151} INFO - Nantes
[2023-11-01T23:55:40.402+0000] {logging_mixin.py:151} INFO - Montpellier
[2023-11-01T23:55:41.921+0000] {logging_mixin.py:151} INFO - Berlin
[2023-11-01T23:55:43.530+0000] {logging_mixin.py:151} INFO - Hamburg
[2023-11-01T23:55:45.179+0000] {logging_mixin.py:151} INFO - Munich
[2023-11-01T23:55:47.014+0000] {logging_mixin.py:151} INFO - Stuttgart
[2023-11-01T23:55:48.692+0000] {logging_mixin.py:151} INFO - Frankfurt
[2023-11-01T23:55:50.370+0000] {logging_mixin.py:151} INFO - Cologne
[2023-11-01T23:55:51.965+0000] {logging_mixin.py:151} INFO - Dusseldorf
[2023-11-01T23:55:53.650+0000] {logging_mixin.py:151} INFO - Hanover
[2023-11-01T23:55:55.575+0000] {logging_mixin.py:151} INFO - Dresden
[2023-11-01T23:55:57.196+0000] {logging_mixin.py:151} INFO - Leipzig
[2023-11-01T23:55:58.547+0000] {logging_mixin.py:151} INFO - Athens
[2023-11-01T23:56:00.210+0000] {logging_mixin.py:151} INFO - Crete
[2023-11-01T23:56:01.534+0000] {logging_mixin.py:151} INFO - Thessaloniki
[2023-11-01T23:56:03.149+0000] {logging_mixin.py:151} INFO - Dublin
[2023-11-01T23:56:04.884+0000] {logging_mixin.py:151} INFO - Cork
[2023-11-01T23:56:06.201+0000] {logging_mixin.py:151} INFO - Galway
[2023-11-01T23:56:07.806+0000] {logging_mixin.py:151} INFO - Limerick
[2023-11-01T23:56:09.679+0000] {logging_mixin.py:151} INFO - Rome
[2023-11-01T23:56:11.553+0000] {logging_mixin.py:151} INFO - Milan
[2023-11-01T23:56:13.209+0000] {logging_mixin.py:151} INFO - Naples
[2023-11-01T23:56:14.540+0000] {logging_mixin.py:151} INFO - Turin
[2023-11-01T23:56:16.170+0000] {logging_mixin.py:151} INFO - Palermo
[2023-11-01T23:56:17.489+0000] {logging_mixin.py:151} INFO - Genoa
[2023-11-01T23:56:19.188+0000] {logging_mixin.py:151} INFO - Bologna
[2023-11-01T23:56:20.547+0000] {logging_mixin.py:151} INFO - Florence
[2023-11-01T23:56:22.324+0000] {logging_mixin.py:151} INFO - Venice
[2023-11-01T23:56:23.809+0000] {logging_mixin.py:151} INFO - Riga
[2023-11-01T23:56:25.449+0000] {logging_mixin.py:151} INFO - Vilnius
[2023-11-01T23:56:27.159+0000] {logging_mixin.py:151} INFO - Luxembourg
[2023-11-01T23:56:28.795+0000] {logging_mixin.py:151} INFO - Valletta
[2023-11-01T23:56:30.110+0000] {logging_mixin.py:151} INFO - Podgorica
[2023-11-01T23:56:31.707+0000] {logging_mixin.py:151} INFO - Monaco
[2023-11-01T23:56:33.012+0000] {logging_mixin.py:151} INFO - Amsterdam
[2023-11-01T23:56:34.632+0000] {logging_mixin.py:151} INFO - Rotterdam
[2023-11-01T23:56:36.260+0000] {logging_mixin.py:151} INFO - Eindhoven
[2023-11-01T23:56:37.858+0000] {logging_mixin.py:151} INFO - The-Hague
[2023-11-01T23:56:39.852+0000] {logging_mixin.py:151} INFO - Groningen
[2023-11-01T23:56:41.567+0000] {logging_mixin.py:151} INFO - Tilburg
[2023-11-01T23:56:42.904+0000] {logging_mixin.py:151} INFO - Lisbon
[2023-11-01T23:56:44.557+0000] {logging_mixin.py:151} INFO - Porto
[2023-11-01T23:56:46.153+0000] {logging_mixin.py:151} INFO - Braga
[2023-11-01T23:56:47.553+0000] {logging_mixin.py:151} INFO - Funchal
[2023-11-01T23:56:48.942+0000] {logging_mixin.py:151} INFO - San-Marino
[2023-11-01T23:56:50.414+0000] {logging_mixin.py:151} INFO - Bratislava
[2023-11-01T23:56:52.147+0000] {logging_mixin.py:151} INFO - Ljubljana
[2023-11-01T23:56:53.783+0000] {logging_mixin.py:151} INFO - Madrid
[2023-11-01T23:56:55.406+0000] {logging_mixin.py:151} INFO - Barcelona
[2023-11-01T23:56:57.041+0000] {logging_mixin.py:151} INFO - Santa-Cruz-De-Tenerife
[2023-11-01T23:56:58.674+0000] {logging_mixin.py:151} INFO - Valencia
[2023-11-01T23:57:00.368+0000] {logging_mixin.py:151} INFO - Seville
[2023-11-01T23:57:02.048+0000] {logging_mixin.py:151} INFO - Zaragoza
[2023-11-01T23:57:03.641+0000] {logging_mixin.py:151} INFO - Malaga
[2023-11-01T23:57:05.222+0000] {logging_mixin.py:151} INFO - Bilbao
[2023-11-01T23:57:06.536+0000] {logging_mixin.py:151} INFO - Alicante
[2023-11-01T23:57:08.149+0000] {logging_mixin.py:151} INFO - Las-Palmas
[2023-11-01T23:57:09.745+0000] {logging_mixin.py:151} INFO - Tbilisi
[2023-11-01T23:57:11.369+0000] {logging_mixin.py:151} INFO - Hong-Kong
[2023-11-01T23:57:12.990+0000] {logging_mixin.py:151} INFO - Budapest
[2023-11-01T23:57:14.651+0000] {logging_mixin.py:151} INFO - Reykjavik
[2023-11-01T23:57:16.250+0000] {logging_mixin.py:151} INFO - Tel-Aviv
[2023-11-01T23:57:17.928+0000] {logging_mixin.py:151} INFO - Jerusalem
[2023-11-01T23:57:19.423+0000] {logging_mixin.py:151} INFO - Tokyo
[2023-11-01T23:57:21.058+0000] {logging_mixin.py:151} INFO - Osaka
[2023-11-01T23:57:22.457+0000] {logging_mixin.py:151} INFO - Sapporo
[2023-11-01T23:57:23.801+0000] {logging_mixin.py:151} INFO - Yokohama
[2023-11-01T23:57:25.093+0000] {logging_mixin.py:151} INFO - Nagoya
[2023-11-01T23:57:26.806+0000] {logging_mixin.py:151} INFO - Kobe
[2023-11-01T23:57:28.091+0000] {logging_mixin.py:151} INFO - Fukuoka
[2023-11-01T23:57:29.417+0000] {logging_mixin.py:151} INFO - Kawasaki
[2023-11-01T23:57:30.790+0000] {logging_mixin.py:151} INFO - Seoul
[2023-11-01T23:57:32.445+0000] {logging_mixin.py:151} INFO - Busan
[2023-11-01T23:57:33.927+0000] {logging_mixin.py:151} INFO - Incheon
[2023-11-01T23:57:35.258+0000] {logging_mixin.py:151} INFO - Daegu
[2023-11-01T23:57:36.597+0000] {logging_mixin.py:151} INFO - Kuwait-City
[2023-11-01T23:57:38.204+0000] {logging_mixin.py:151} INFO - Macau
[2023-11-01T23:57:39.501+0000] {logging_mixin.py:151} INFO - Kuala-Lumpur
[2023-11-01T23:57:41.195+0000] {logging_mixin.py:151} INFO - Johor-Bahru
[2023-11-01T23:57:42.488+0000] {logging_mixin.py:151} INFO - George-Town
[2023-11-01T23:57:43.938+0000] {logging_mixin.py:151} INFO - Malacca
[2023-11-01T23:57:45.236+0000] {logging_mixin.py:151} INFO - Kota-Kinabalu
[2023-11-01T23:57:46.681+0000] {logging_mixin.py:151} INFO - Ipoh
[2023-11-01T23:57:47.988+0000] {logging_mixin.py:151} INFO - Mexico-City
[2023-11-01T23:57:49.471+0000] {logging_mixin.py:151} INFO - Tijuana
[2023-11-01T23:57:51.206+0000] {logging_mixin.py:151} INFO - Guadalajara
[2023-11-01T23:57:52.540+0000] {logging_mixin.py:151} INFO - Cancun
[2023-11-01T23:57:54.173+0000] {logging_mixin.py:151} INFO - Playa-Del-Carmen
[2023-11-01T23:57:55.476+0000] {logging_mixin.py:151} INFO - Monterrey
[2023-11-01T23:57:57.234+0000] {logging_mixin.py:151} INFO - Auckland
[2023-11-01T23:57:58.996+0000] {logging_mixin.py:151} INFO - Wellington
[2023-11-01T23:58:00.527+0000] {logging_mixin.py:151} INFO - Christchurch
[2023-11-01T23:58:01.836+0000] {logging_mixin.py:151} INFO - Hamilton
[2023-11-01T23:58:03.426+0000] {logging_mixin.py:151} INFO - Oslo
[2023-11-01T23:58:05.157+0000] {logging_mixin.py:151} INFO - Bergen
[2023-11-01T23:58:07.089+0000] {logging_mixin.py:151} INFO - Trondheim
[2023-11-01T23:58:08.715+0000] {logging_mixin.py:151} INFO - Stavanger
[2023-11-01T23:58:10.023+0000] {logging_mixin.py:151} INFO - Tromso
[2023-11-01T23:58:11.394+0000] {logging_mixin.py:151} INFO - Muscat
[2023-11-01T23:58:12.995+0000] {logging_mixin.py:151} INFO - Warsaw
[2023-11-01T23:58:14.627+0000] {logging_mixin.py:151} INFO - Krakow
[2023-11-01T23:58:16.483+0000] {logging_mixin.py:151} INFO - Gdansk
[2023-11-01T23:58:17.791+0000] {logging_mixin.py:151} INFO - Lodz
[2023-11-01T23:58:19.163+0000] {logging_mixin.py:151} INFO - Katowice
[2023-11-01T23:58:20.470+0000] {logging_mixin.py:151} INFO - Wroclaw
[2023-11-01T23:58:22.183+0000] {logging_mixin.py:151} INFO - Poznan
[2023-11-01T23:58:23.890+0000] {logging_mixin.py:151} INFO - Szczecin
[2023-11-01T23:58:25.610+0000] {logging_mixin.py:151} INFO - Bydgoszcz
[2023-11-01T23:58:26.923+0000] {logging_mixin.py:151} INFO - Doha
[2023-11-01T23:58:28.606+0000] {logging_mixin.py:151} INFO - Bucharest
[2023-11-01T23:58:30.487+0000] {logging_mixin.py:151} INFO - Moscow
[2023-11-01T23:58:32.372+0000] {logging_mixin.py:151} INFO - Kazan
[2023-11-01T23:58:34.066+0000] {logging_mixin.py:151} INFO - Yekaterinburg
[2023-11-01T23:58:35.855+0000] {logging_mixin.py:151} INFO - Sochi
[2023-11-01T23:58:37.182+0000] {logging_mixin.py:151} INFO - Vladivostok
[2023-11-01T23:58:38.828+0000] {logging_mixin.py:151} INFO - Riyadh
[2023-11-01T23:58:40.433+0000] {logging_mixin.py:151} INFO - Jeddah
[2023-11-01T23:58:41.754+0000] {logging_mixin.py:151} INFO - Mecca
[2023-11-01T23:58:43.059+0000] {logging_mixin.py:151} INFO - Belgrade
[2023-11-01T23:58:44.869+0000] {logging_mixin.py:151} INFO - Novi-Sad
[2023-11-01T23:58:46.611+0000] {logging_mixin.py:151} INFO - Singapore
[2023-11-01T23:58:48.277+0000] {logging_mixin.py:151} INFO - Stockholm
[2023-11-01T23:58:49.875+0000] {logging_mixin.py:151} INFO - Malmo
[2023-11-01T23:58:51.515+0000] {logging_mixin.py:151} INFO - Gothenburg
[2023-11-01T23:58:53.163+0000] {logging_mixin.py:151} INFO - Uppsala
[2023-11-01T23:58:54.468+0000] {logging_mixin.py:151} INFO - Taipei
[2023-11-01T23:58:56.117+0000] {logging_mixin.py:151} INFO - Kaohsiung
[2023-11-01T23:58:58.044+0000] {logging_mixin.py:151} INFO - Tainan
[2023-11-01T23:58:59.373+0000] {logging_mixin.py:151} INFO - Taoyuan
[2023-11-01T23:59:00.664+0000] {logging_mixin.py:151} INFO - Bangkok
[2023-11-01T23:59:02.601+0000] {logging_mixin.py:151} INFO - Chiang-Mai
[2023-11-01T23:59:04.317+0000] {logging_mixin.py:151} INFO - Phuket
[2023-11-01T23:59:05.615+0000] {logging_mixin.py:151} INFO - Pattaya
[2023-11-01T23:59:07.293+0000] {logging_mixin.py:151} INFO - Istanbul
[2023-11-01T23:59:09.010+0000] {logging_mixin.py:151} INFO - Ankara
[2023-11-01T23:59:10.779+0000] {logging_mixin.py:151} INFO - Antalya
[2023-11-01T23:59:12.848+0000] {logging_mixin.py:151} INFO - Izmir
[2023-11-01T23:59:14.479+0000] {logging_mixin.py:151} INFO - Bursa
[2023-11-01T23:59:16.201+0000] {logging_mixin.py:151} INFO - Kyiv
[2023-11-01T23:59:17.859+0000] {logging_mixin.py:151} INFO - Kharkiv
[2023-11-01T23:59:19.385+0000] {logging_mixin.py:151} INFO - Lviv
[2023-11-01T23:59:21.039+0000] {logging_mixin.py:151} INFO - Donetsk
[2023-11-01T23:59:22.347+0000] {logging_mixin.py:151} INFO - London
[2023-11-01T23:59:24.001+0000] {logging_mixin.py:151} INFO - Birmingham
[2023-11-01T23:59:25.902+0000] {logging_mixin.py:151} INFO - Manchester
[2023-11-01T23:59:27.552+0000] {logging_mixin.py:151} INFO - Edinburgh
[2023-11-01T23:59:29.243+0000] {logging_mixin.py:151} INFO - Glasgow
[2023-11-01T23:59:30.867+0000] {logging_mixin.py:151} INFO - Liverpool
[2023-11-01T23:59:32.474+0000] {logging_mixin.py:151} INFO - Cardiff
[2023-11-01T23:59:33.775+0000] {logging_mixin.py:151} INFO - Sheffield
[2023-11-01T23:59:35.187+0000] {logging_mixin.py:151} INFO - Leeds
[2023-11-01T23:59:36.884+0000] {logging_mixin.py:151} INFO - Leicester
[2023-11-01T23:59:38.625+0000] {logging_mixin.py:151} INFO - Belfast
[2023-11-01T23:59:40.264+0000] {logging_mixin.py:151} INFO - Newcastle-Upon-Tyne
[2023-11-01T23:59:42.148+0000] {logging_mixin.py:151} INFO - Montevideo
[2023-11-01T23:59:43.854+0000] {logging_mixin.py:151} INFO - New-York-City
[2023-11-01T23:59:45.491+0000] {logging_mixin.py:151} INFO - Los-Angeles
[2023-11-01T23:59:48.467+0000] {logging_mixin.py:151} INFO - Chicago
[2023-11-01T23:59:49.911+0000] {logging_mixin.py:151} INFO - Houston
[2023-11-01T23:59:51.554+0000] {logging_mixin.py:151} INFO - Phoenix
[2023-11-01T23:59:54.190+0000] {logging_mixin.py:151} INFO - Dallas
[2023-11-01T23:59:57.445+0000] {logging_mixin.py:151} INFO - Philadelphia
[2023-11-01T23:59:58.768+0000] {logging_mixin.py:151} INFO - San-Antonio
[2023-11-02T00:00:00.724+0000] {logging_mixin.py:151} INFO - San-Diego
[2023-11-02T00:00:02.350+0000] {logging_mixin.py:151} INFO - Dallas
[2023-11-02T00:00:04.165+0000] {logging_mixin.py:151} INFO - San-Jose
[2023-11-02T00:00:05.509+0000] {logging_mixin.py:151} INFO - Austin
[2023-11-02T00:00:06.813+0000] {logging_mixin.py:151} INFO - Jacksonville
[2023-11-02T00:00:08.145+0000] {logging_mixin.py:151} INFO - Miami
[2023-11-02T00:00:09.865+0000] {logging_mixin.py:151} INFO - Columbus
[2023-11-02T00:00:11.506+0000] {logging_mixin.py:151} INFO - Indianapolis
[2023-11-02T00:00:13.158+0000] {logging_mixin.py:151} INFO - Charlotte
[2023-11-02T00:00:14.725+0000] {logging_mixin.py:151} INFO - San-Francisco
[2023-11-02T00:00:16.420+0000] {logging_mixin.py:151} INFO - Seattle
[2023-11-02T00:00:18.064+0000] {logging_mixin.py:151} INFO - Denver
[2023-11-02T00:00:19.699+0000] {logging_mixin.py:151} INFO - Washington
[2023-11-02T00:00:22.256+0000] {logging_mixin.py:151} INFO - Nashville
[2023-11-02T00:00:23.888+0000] {logging_mixin.py:151} INFO - Boston
[2023-11-02T00:00:25.227+0000] {logging_mixin.py:151} INFO - Portland
[2023-11-02T00:00:26.832+0000] {logging_mixin.py:151} INFO - Las-Vegas
[2023-11-02T00:00:28.603+0000] {logging_mixin.py:151} INFO - Detroit
[2023-11-02T00:00:29.906+0000] {logging_mixin.py:151} INFO - Memphis
[2023-11-02T00:00:31.548+0000] {logging_mixin.py:151} INFO - Louisville
[2023-11-02T00:00:33.008+0000] {logging_mixin.py:151} INFO - Baltimore
[2023-11-02T00:00:34.302+0000] {logging_mixin.py:151} INFO - Milwaukee
[2023-11-02T00:00:35.898+0000] {logging_mixin.py:151} INFO - Kansas
[2023-11-02T00:00:37.537+0000] {logging_mixin.py:151} INFO - Albuquerque
[2023-11-02T00:00:38.850+0000] {logging_mixin.py:151} INFO - Sacramento
[2023-11-02T00:00:40.481+0000] {logging_mixin.py:151} INFO - Atlanta
[2023-11-02T00:00:42.131+0000] {logging_mixin.py:151} INFO - Omaha
[2023-11-02T00:00:44.021+0000] {logging_mixin.py:151} INFO - Virginia-Beach
[2023-11-02T00:00:45.325+0000] {logging_mixin.py:151} INFO - Minneapolis
[2023-11-02T00:00:46.974+0000] {logging_mixin.py:151} INFO - Quito
[2023-11-02T00:00:48.686+0000] {logging_mixin.py:151} INFO - Guayaquil
[2023-11-02T00:00:50.323+0000] {logging_mixin.py:151} INFO - Asuncion
[2023-11-02T00:00:51.748+0000] {logging_mixin.py:151} INFO - Panama-City
[2023-11-02T00:00:53.401+0000] {logging_mixin.py:151} INFO - Buenos-Aires
[2023-11-02T00:00:55.074+0000] {logging_mixin.py:151} INFO - Cordoba
[2023-11-02T00:00:56.403+0000] {logging_mixin.py:151} INFO - Mar-Del-Plata
[2023-11-02T00:00:57.952+0000] {logging_mixin.py:151} INFO - Rosario
[2023-11-02T00:01:02.655+0000] {python.py:194} INFO - Done. Returned value was: None
[2023-11-02T00:01:02.665+0000] {taskinstance.py:1400} INFO - Marking task as SUCCESS. dag_id=col_api_etl, task_id=extract_numbeo_prices_from_city, execution_date=20231101T235320, start_date=20231101T235333, end_date=20231102T000102
[2023-11-02T00:01:02.708+0000] {local_task_job_runner.py:228} INFO - Task exited with return code 0
