[2023-10-29T07:29:05.165+0000] {logging_mixin.py:151} INFO - Changing /opt/***/logs/dag_id=col_api_etl/run_id=manual__2023-10-29T07:28:53.377977+00:00/task_id=extract_numbeo_prices_from_city permission to 509
[2023-10-29T07:29:05.166+0000] {logging_mixin.py:151} INFO - Failed to change /opt/***/logs/dag_id=col_api_etl/run_id=manual__2023-10-29T07:28:53.377977+00:00/task_id=extract_numbeo_prices_from_city permission to 509: [Errno 1] Operation not permitted: '/opt/***/logs/dag_id=col_api_etl/run_id=manual__2023-10-29T07:28:53.377977+00:00/task_id=extract_numbeo_prices_from_city'
[2023-10-29T07:29:05.190+0000] {logging_mixin.py:151} INFO - Changing /opt/***/logs/dag_id=col_api_etl/run_id=manual__2023-10-29T07:28:53.377977+00:00/task_id=extract_numbeo_prices_from_city permission to 509
[2023-10-29T07:29:05.191+0000] {logging_mixin.py:151} INFO - Failed to change /opt/***/logs/dag_id=col_api_etl/run_id=manual__2023-10-29T07:28:53.377977+00:00/task_id=extract_numbeo_prices_from_city permission to 509: [Errno 1] Operation not permitted: '/opt/***/logs/dag_id=col_api_etl/run_id=manual__2023-10-29T07:28:53.377977+00:00/task_id=extract_numbeo_prices_from_city'
[2023-10-29T07:29:05.221+0000] {taskinstance.py:1159} INFO - Dependencies all met for dep_context=non-requeueable deps ti=<TaskInstance: col_api_etl.extract_numbeo_prices_from_city manual__2023-10-29T07:28:53.377977+00:00 [queued]>
[2023-10-29T07:29:05.229+0000] {taskinstance.py:1159} INFO - Dependencies all met for dep_context=requeueable deps ti=<TaskInstance: col_api_etl.extract_numbeo_prices_from_city manual__2023-10-29T07:28:53.377977+00:00 [queued]>
[2023-10-29T07:29:05.230+0000] {taskinstance.py:1361} INFO - Starting attempt 1 of 2
[2023-10-29T07:29:05.241+0000] {taskinstance.py:1382} INFO - Executing <Task(PythonOperator): extract_numbeo_prices_from_city> on 2023-10-29 07:28:53.377977+00:00
[2023-10-29T07:29:05.246+0000] {standard_task_runner.py:57} INFO - Started process 120069 to run task
[2023-10-29T07:29:05.246+0000] {clientserver.py:543} INFO - Closing down clientserver connection
[2023-10-29T07:29:05.249+0000] {standard_task_runner.py:84} INFO - Running: ['***', 'tasks', 'run', 'col_api_etl', 'extract_numbeo_prices_from_city', 'manual__2023-10-29T07:28:53.377977+00:00', '--job-id', '1129', '--raw', '--subdir', 'DAGS_FOLDER/col_api_etl.py', '--cfg-path', '/tmp/tmp78iant0b']
[2023-10-29T07:29:05.251+0000] {standard_task_runner.py:85} INFO - Job 1129: Subtask extract_numbeo_prices_from_city
[2023-10-29T07:29:05.289+0000] {logging_mixin.py:151} INFO - Changing /opt/***/logs/dag_id=col_api_etl/run_id=manual__2023-10-29T07:28:53.377977+00:00/task_id=extract_numbeo_prices_from_city permission to 509
[2023-10-29T07:29:05.289+0000] {logging_mixin.py:151} INFO - Failed to change /opt/***/logs/dag_id=col_api_etl/run_id=manual__2023-10-29T07:28:53.377977+00:00/task_id=extract_numbeo_prices_from_city permission to 509: [Errno 1] Operation not permitted: '/opt/***/logs/dag_id=col_api_etl/run_id=manual__2023-10-29T07:28:53.377977+00:00/task_id=extract_numbeo_prices_from_city'
[2023-10-29T07:29:05.291+0000] {task_command.py:415} INFO - Running <TaskInstance: col_api_etl.extract_numbeo_prices_from_city manual__2023-10-29T07:28:53.377977+00:00 [running]> on host ea85de3a6109
[2023-10-29T07:29:05.365+0000] {taskinstance.py:1660} INFO - Exporting env vars: AIRFLOW_CTX_DAG_OWNER='***' AIRFLOW_CTX_DAG_ID='col_api_etl' AIRFLOW_CTX_TASK_ID='extract_numbeo_prices_from_city' AIRFLOW_CTX_EXECUTION_DATE='2023-10-29T07:28:53.377977+00:00' AIRFLOW_CTX_TRY_NUMBER='1' AIRFLOW_CTX_DAG_RUN_ID='manual__2023-10-29T07:28:53.377977+00:00'
[2023-10-29T07:29:07.079+0000] {logging_mixin.py:151} INFO - Dubai
[2023-10-29T07:29:12.686+0000] {logging_mixin.py:151} INFO - Abu-Dhabi
[2023-10-29T07:29:18.289+0000] {logging_mixin.py:151} INFO - Sharjah
[2023-10-29T07:29:23.913+0000] {logging_mixin.py:151} INFO - Perth
[2023-10-29T07:29:29.523+0000] {logging_mixin.py:151} INFO - Melbourne
[2023-10-29T07:29:35.256+0000] {logging_mixin.py:151} INFO - Sydney
[2023-10-29T07:29:40.912+0000] {logging_mixin.py:151} INFO - Brisbane
[2023-10-29T07:29:46.398+0000] {logging_mixin.py:151} INFO - Hobart
[2023-10-29T07:29:51.631+0000] {logging_mixin.py:151} INFO - Adelaide
[2023-10-29T07:29:57.302+0000] {logging_mixin.py:151} INFO - Canberra
[2023-10-29T07:30:02.580+0000] {logging_mixin.py:151} INFO - Darwin
[2023-10-29T07:30:07.952+0000] {logging_mixin.py:151} INFO - Sarajevo
[2023-10-29T07:30:13.744+0000] {logging_mixin.py:151} INFO - Manama
[2023-10-29T07:30:19.165+0000] {logging_mixin.py:151} INFO - Sofia
[2023-10-29T07:30:25.089+0000] {logging_mixin.py:151} INFO - Sao-Paulo
[2023-10-29T07:30:30.954+0000] {logging_mixin.py:151} INFO - Rio-De-Janeiro
[2023-10-29T07:30:36.529+0000] {logging_mixin.py:151} INFO - Brasilia
[2023-10-29T07:30:41.796+0000] {logging_mixin.py:151} INFO - Toronto
[2023-10-29T07:30:47.871+0000] {logging_mixin.py:151} INFO - Montreal
[2023-10-29T07:30:53.836+0000] {logging_mixin.py:151} INFO - Vancouver
[2023-10-29T07:30:59.463+0000] {logging_mixin.py:151} INFO - Ottawa
[2023-10-29T07:31:05.092+0000] {logging_mixin.py:151} INFO - Calgary
[2023-10-29T07:31:10.737+0000] {logging_mixin.py:151} INFO - Edmonton
[2023-10-29T07:31:16.529+0000] {logging_mixin.py:151} INFO - Halifax
[2023-10-29T07:31:22.199+0000] {logging_mixin.py:151} INFO - Quebec-City
[2023-10-29T07:31:27.790+0000] {logging_mixin.py:151} INFO - Zurich
[2023-10-29T07:31:33.370+0000] {logging_mixin.py:151} INFO - Geneva
[2023-10-29T07:31:38.929+0000] {logging_mixin.py:151} INFO - Zug
[2023-10-29T07:31:44.468+0000] {logging_mixin.py:151} INFO - Basel
[2023-10-29T07:31:50.031+0000] {logging_mixin.py:151} INFO - Bern
[2023-10-29T07:31:55.411+0000] {logging_mixin.py:151} INFO - Lausanne
[2023-10-29T07:32:00.727+0000] {logging_mixin.py:151} INFO - Lugano
[2023-10-29T07:32:06.157+0000] {logging_mixin.py:151} INFO - Vaduz
[2023-10-29T07:32:11.805+0000] {logging_mixin.py:151} INFO - Santiago
[2023-10-29T07:32:17.352+0000] {logging_mixin.py:151} INFO - Chongqing
[2023-10-29T07:32:22.663+0000] {logging_mixin.py:151} INFO - Shanghai
[2023-10-29T07:32:28.369+0000] {logging_mixin.py:151} INFO - Beijing
[2023-10-29T07:32:34.224+0000] {logging_mixin.py:151} INFO - Chengdu
[2023-10-29T07:32:39.527+0000] {logging_mixin.py:151} INFO - Guangzhou
[2023-10-29T07:32:45.085+0000] {logging_mixin.py:151} INFO - Shenzhen
[2023-10-29T07:32:50.589+0000] {logging_mixin.py:151} INFO - Bogota
[2023-10-29T07:32:56.348+0000] {logging_mixin.py:151} INFO - Medellin
[2023-10-29T07:33:02.053+0000] {logging_mixin.py:151} INFO - Cali
[2023-10-29T07:33:07.710+0000] {logging_mixin.py:151} INFO - Cartagena
[2023-10-29T07:33:13.302+0000] {logging_mixin.py:151} INFO - San-Jose
[2023-10-29T07:33:18.622+0000] {logging_mixin.py:151} INFO - Prague
[2023-10-29T07:33:24.579+0000] {logging_mixin.py:151} INFO - Brno
[2023-10-29T07:33:30.182+0000] {logging_mixin.py:151} INFO - Ostrava
[2023-10-29T07:33:35.429+0000] {logging_mixin.py:151} INFO - Copenhagen
[2023-10-29T07:33:40.947+0000] {logging_mixin.py:151} INFO - Aarhus
[2023-10-29T07:33:46.732+0000] {logging_mixin.py:151} INFO - Aalborg
[2023-10-29T07:33:52.246+0000] {logging_mixin.py:151} INFO - Andorra-La-Vella
[2023-10-29T07:33:57.568+0000] {logging_mixin.py:151} INFO - Vienna
[2023-10-29T07:34:03.169+0000] {logging_mixin.py:151} INFO - Salzburg
[2023-10-29T07:34:08.424+0000] {logging_mixin.py:151} INFO - Graz
[2023-10-29T07:34:13.940+0000] {logging_mixin.py:151} INFO - Linz
[2023-10-29T07:34:19.464+0000] {logging_mixin.py:151} INFO - Innsbruck
[2023-10-29T07:34:25.032+0000] {logging_mixin.py:151} INFO - Brussels
[2023-10-29T07:34:30.686+0000] {logging_mixin.py:151} INFO - Antwerp
[2023-10-29T07:34:36.091+0000] {logging_mixin.py:151} INFO - Gent
[2023-10-29T07:34:41.385+0000] {logging_mixin.py:151} INFO - Liege
[2023-10-29T07:34:46.800+0000] {logging_mixin.py:151} INFO - Brugge
[2023-10-29T07:34:52.104+0000] {logging_mixin.py:151} INFO - Zagreb
[2023-10-29T07:34:57.676+0000] {logging_mixin.py:151} INFO - Split
[2023-10-29T07:35:02.932+0000] {logging_mixin.py:151} INFO - Dubrovnik
[2023-10-29T07:35:08.491+0000] {logging_mixin.py:151} INFO - Nicosia
[2023-10-29T07:35:13.744+0000] {logging_mixin.py:151} INFO - Tallinn
[2023-10-29T07:35:19.325+0000] {logging_mixin.py:151} INFO - Tartu
[2023-10-29T07:35:25.047+0000] {logging_mixin.py:151} INFO - Helsinki
[2023-10-29T07:35:30.696+0000] {logging_mixin.py:151} INFO - Turku
[2023-10-29T07:35:36.350+0000] {logging_mixin.py:151} INFO - Tampere
[2023-10-29T07:35:41.947+0000] {logging_mixin.py:151} INFO - Oulu
[2023-10-29T07:35:47.511+0000] {logging_mixin.py:151} INFO - Paris
[2023-10-29T07:35:53.258+0000] {logging_mixin.py:151} INFO - Marseille
[2023-10-29T07:35:58.507+0000] {logging_mixin.py:151} INFO - Lyon
[2023-10-29T07:36:04.103+0000] {logging_mixin.py:151} INFO - Toulouse
[2023-10-29T07:36:09.610+0000] {logging_mixin.py:151} INFO - Nice
[2023-10-29T07:36:15.208+0000] {logging_mixin.py:151} INFO - Nantes
[2023-10-29T07:36:20.778+0000] {logging_mixin.py:151} INFO - Montpellier
[2023-10-29T07:36:26.128+0000] {logging_mixin.py:151} INFO - Berlin
[2023-10-29T07:36:31.858+0000] {logging_mixin.py:151} INFO - Hamburg
[2023-10-29T07:36:37.452+0000] {logging_mixin.py:151} INFO - Munich
[2023-10-29T07:36:43.163+0000] {logging_mixin.py:151} INFO - Stuttgart
[2023-10-29T07:36:48.672+0000] {logging_mixin.py:151} INFO - Frankfurt
[2023-10-29T07:36:54.254+0000] {logging_mixin.py:151} INFO - Cologne
[2023-10-29T07:36:59.887+0000] {logging_mixin.py:151} INFO - Dusseldorf
[2023-10-29T07:37:05.132+0000] {logging_mixin.py:151} INFO - Hanover
[2023-10-29T07:37:10.852+0000] {logging_mixin.py:151} INFO - Dresden
[2023-10-29T07:37:16.503+0000] {logging_mixin.py:151} INFO - Leipzig
[2023-10-29T07:37:21.827+0000] {logging_mixin.py:151} INFO - Athens
[2023-10-29T07:37:27.364+0000] {logging_mixin.py:151} INFO - Crete
[2023-10-29T07:37:32.594+0000] {logging_mixin.py:151} INFO - Thessaloniki
[2023-10-29T07:37:38.328+0000] {logging_mixin.py:151} INFO - Dublin
[2023-10-29T07:37:44.219+0000] {logging_mixin.py:151} INFO - Cork
[2023-10-29T07:37:49.740+0000] {logging_mixin.py:151} INFO - Galway
[2023-10-29T07:37:55.429+0000] {logging_mixin.py:151} INFO - Limerick
[2023-10-29T07:38:00.722+0000] {logging_mixin.py:151} INFO - Rome
[2023-10-29T07:38:06.235+0000] {logging_mixin.py:151} INFO - Milan
[2023-10-29T07:38:12.009+0000] {logging_mixin.py:151} INFO - Naples
[2023-10-29T07:38:17.582+0000] {logging_mixin.py:151} INFO - Turin
[2023-10-29T07:38:23.110+0000] {logging_mixin.py:151} INFO - Palermo
[2023-10-29T07:38:28.463+0000] {logging_mixin.py:151} INFO - Genoa
[2023-10-29T07:38:34.047+0000] {logging_mixin.py:151} INFO - Bologna
[2023-10-29T07:38:39.617+0000] {logging_mixin.py:151} INFO - Florence
[2023-10-29T07:38:45.284+0000] {logging_mixin.py:151} INFO - Venice
[2023-10-29T07:38:51.007+0000] {logging_mixin.py:151} INFO - Riga
[2023-10-29T07:38:56.634+0000] {logging_mixin.py:151} INFO - Vilnius
[2023-10-29T07:39:02.211+0000] {logging_mixin.py:151} INFO - Luxembourg
[2023-10-29T07:39:07.849+0000] {logging_mixin.py:151} INFO - Valletta
[2023-10-29T07:39:13.110+0000] {logging_mixin.py:151} INFO - Podgorica
[2023-10-29T07:39:18.359+0000] {logging_mixin.py:151} INFO - Monaco
[2023-10-29T07:39:23.595+0000] {logging_mixin.py:151} INFO - Amsterdam
[2023-10-29T07:39:29.228+0000] {logging_mixin.py:151} INFO - Rotterdam
[2023-10-29T07:39:34.698+0000] {logging_mixin.py:151} INFO - Eindhoven
[2023-10-29T07:39:40.228+0000] {logging_mixin.py:151} INFO - The-Hague
[2023-10-29T07:39:45.890+0000] {logging_mixin.py:151} INFO - Groningen
[2023-10-29T07:39:51.165+0000] {logging_mixin.py:151} INFO - Tilburg
[2023-10-29T07:39:56.433+0000] {logging_mixin.py:151} INFO - Lisbon
[2023-10-29T07:40:02.053+0000] {logging_mixin.py:151} INFO - Porto
[2023-10-29T07:40:07.605+0000] {logging_mixin.py:151} INFO - Braga
[2023-10-29T07:40:13.248+0000] {logging_mixin.py:151} INFO - Funchal
[2023-10-29T07:40:18.647+0000] {logging_mixin.py:151} INFO - San-Marino
[2023-10-29T07:40:24.138+0000] {logging_mixin.py:151} INFO - Bratislava
[2023-10-29T07:40:29.691+0000] {logging_mixin.py:151} INFO - Ljubljana
[2023-10-29T07:40:35.367+0000] {logging_mixin.py:151} INFO - Madrid
[2023-10-29T07:40:40.960+0000] {logging_mixin.py:151} INFO - Barcelona
[2023-10-29T07:40:46.633+0000] {logging_mixin.py:151} INFO - Santa-Cruz-De-Tenerife
[2023-10-29T07:40:51.941+0000] {logging_mixin.py:151} INFO - Valencia
[2023-10-29T07:40:57.544+0000] {logging_mixin.py:151} INFO - Seville
[2023-10-29T07:41:03.213+0000] {logging_mixin.py:151} INFO - Zaragoza
[2023-10-29T07:41:08.749+0000] {logging_mixin.py:151} INFO - Malaga
[2023-10-29T07:41:14.320+0000] {logging_mixin.py:151} INFO - Bilbao
[2023-10-29T07:41:20.009+0000] {logging_mixin.py:151} INFO - Alicante
[2023-10-29T07:41:25.612+0000] {logging_mixin.py:151} INFO - Las-Palmas
[2023-10-29T07:41:31.223+0000] {logging_mixin.py:151} INFO - Tbilisi
[2023-10-29T07:41:36.837+0000] {logging_mixin.py:151} INFO - Hong-Kong
[2023-10-29T07:41:42.488+0000] {logging_mixin.py:151} INFO - Budapest
[2023-10-29T07:41:48.324+0000] {logging_mixin.py:151} INFO - Reykjavik
[2023-10-29T07:41:53.578+0000] {logging_mixin.py:151} INFO - Tel-Aviv
[2023-10-29T07:41:59.171+0000] {logging_mixin.py:151} INFO - Jerusalem
[2023-10-29T07:42:04.624+0000] {logging_mixin.py:151} INFO - Tokyo
[2023-10-29T07:42:10.262+0000] {logging_mixin.py:151} INFO - Osaka
[2023-10-29T07:42:15.593+0000] {logging_mixin.py:151} INFO - Sapporo
[2023-10-29T07:42:20.941+0000] {logging_mixin.py:151} INFO - Yokohama
[2023-10-29T07:42:26.330+0000] {logging_mixin.py:151} INFO - Nagoya
[2023-10-29T07:42:31.626+0000] {logging_mixin.py:151} INFO - Kobe
[2023-10-29T07:42:36.944+0000] {logging_mixin.py:151} INFO - Fukuoka
[2023-10-29T07:42:42.200+0000] {logging_mixin.py:151} INFO - Kawasaki
[2023-10-29T07:42:47.564+0000] {logging_mixin.py:151} INFO - Seoul
[2023-10-29T07:42:53.109+0000] {logging_mixin.py:151} INFO - Busan
[2023-10-29T07:42:58.508+0000] {logging_mixin.py:151} INFO - Incheon
[2023-10-29T07:43:04.090+0000] {logging_mixin.py:151} INFO - Daegu
[2023-10-29T07:43:09.550+0000] {logging_mixin.py:151} INFO - Kuwait-City
[2023-10-29T07:43:15.091+0000] {logging_mixin.py:151} INFO - Macau
[2023-10-29T07:43:20.331+0000] {logging_mixin.py:151} INFO - Kuala-Lumpur
[2023-10-29T07:43:25.953+0000] {logging_mixin.py:151} INFO - Johor-Bahru
[2023-10-29T07:43:31.250+0000] {logging_mixin.py:151} INFO - George-Town
[2023-10-29T07:43:36.589+0000] {logging_mixin.py:151} INFO - Malacca
[2023-10-29T07:43:41.901+0000] {logging_mixin.py:151} INFO - Kota-Kinabalu
[2023-10-29T07:43:47.352+0000] {logging_mixin.py:151} INFO - Ipoh
[2023-10-29T07:43:52.600+0000] {logging_mixin.py:151} INFO - Mexico-City
[2023-10-29T07:43:57.879+0000] {logging_mixin.py:151} INFO - Tijuana
[2023-10-29T07:44:03.224+0000] {logging_mixin.py:151} INFO - Guadalajara
[2023-10-29T07:44:08.833+0000] {logging_mixin.py:151} INFO - Cancun
[2023-10-29T07:44:14.429+0000] {logging_mixin.py:151} INFO - Playa-Del-Carmen
[2023-10-29T07:44:19.685+0000] {taskinstance.py:1943} ERROR - Task failed with exception
Traceback (most recent call last):
  File "/home/airflow/.local/lib/python3.8/site-packages/airflow/operators/python.py", line 192, in execute
    return_value = self.execute_callable()
  File "/home/airflow/.local/lib/python3.8/site-packages/airflow/operators/python.py", line 209, in execute_callable
    return self.python_callable(*self.op_args, **self.op_kwargs)
  File "/opt/airflow/dags/scripts/extraction.py", line 158, in extract_numbeo_prices_from_city
    prices_table = numbeo_prices_city_html.find('table', {'class': 'data_wide_table new_bar_table'}).find_all('tr')
AttributeError: 'NoneType' object has no attribute 'find_all'
[2023-10-29T07:44:19.701+0000] {taskinstance.py:1400} INFO - Marking task as UP_FOR_RETRY. dag_id=col_api_etl, task_id=extract_numbeo_prices_from_city, execution_date=20231029T072853, start_date=20231029T072905, end_date=20231029T074419
[2023-10-29T07:44:19.713+0000] {standard_task_runner.py:104} ERROR - Failed to execute job 1129 for task extract_numbeo_prices_from_city ('NoneType' object has no attribute 'find_all'; 120069)
[2023-10-29T07:44:19.740+0000] {local_task_job_runner.py:228} INFO - Task exited with return code 1
