[2023-10-29T07:44:53.440+0000] {logging_mixin.py:151} INFO - Changing /opt/***/logs/dag_id=col_api_etl/run_id=manual__2023-10-29T07:28:53.377977+00:00/task_id=extract_numbeo_prices_from_city permission to 509
[2023-10-29T07:44:53.441+0000] {logging_mixin.py:151} INFO - Failed to change /opt/***/logs/dag_id=col_api_etl/run_id=manual__2023-10-29T07:28:53.377977+00:00/task_id=extract_numbeo_prices_from_city permission to 509: [Errno 1] Operation not permitted: '/opt/***/logs/dag_id=col_api_etl/run_id=manual__2023-10-29T07:28:53.377977+00:00/task_id=extract_numbeo_prices_from_city'
[2023-10-29T07:44:53.475+0000] {logging_mixin.py:151} INFO - Changing /opt/***/logs/dag_id=col_api_etl/run_id=manual__2023-10-29T07:28:53.377977+00:00/task_id=extract_numbeo_prices_from_city permission to 509
[2023-10-29T07:44:53.476+0000] {logging_mixin.py:151} INFO - Failed to change /opt/***/logs/dag_id=col_api_etl/run_id=manual__2023-10-29T07:28:53.377977+00:00/task_id=extract_numbeo_prices_from_city permission to 509: [Errno 1] Operation not permitted: '/opt/***/logs/dag_id=col_api_etl/run_id=manual__2023-10-29T07:28:53.377977+00:00/task_id=extract_numbeo_prices_from_city'
[2023-10-29T07:44:53.506+0000] {taskinstance.py:1159} INFO - Dependencies all met for dep_context=non-requeueable deps ti=<TaskInstance: col_api_etl.extract_numbeo_prices_from_city manual__2023-10-29T07:28:53.377977+00:00 [queued]>
[2023-10-29T07:44:53.514+0000] {taskinstance.py:1159} INFO - Dependencies all met for dep_context=requeueable deps ti=<TaskInstance: col_api_etl.extract_numbeo_prices_from_city manual__2023-10-29T07:28:53.377977+00:00 [queued]>
[2023-10-29T07:44:53.515+0000] {taskinstance.py:1361} INFO - Starting attempt 2 of 2
[2023-10-29T07:44:53.529+0000] {taskinstance.py:1382} INFO - Executing <Task(PythonOperator): extract_numbeo_prices_from_city> on 2023-10-29 07:28:53.377977+00:00
[2023-10-29T07:44:53.536+0000] {standard_task_runner.py:57} INFO - Started process 124650 to run task
[2023-10-29T07:44:53.536+0000] {clientserver.py:543} INFO - Closing down clientserver connection
[2023-10-29T07:44:53.539+0000] {standard_task_runner.py:84} INFO - Running: ['***', 'tasks', 'run', 'col_api_etl', 'extract_numbeo_prices_from_city', 'manual__2023-10-29T07:28:53.377977+00:00', '--job-id', '1130', '--raw', '--subdir', 'DAGS_FOLDER/col_api_etl.py', '--cfg-path', '/tmp/tmpdf9ntmeh']
[2023-10-29T07:44:53.541+0000] {standard_task_runner.py:85} INFO - Job 1130: Subtask extract_numbeo_prices_from_city
[2023-10-29T07:44:53.582+0000] {logging_mixin.py:151} INFO - Changing /opt/***/logs/dag_id=col_api_etl/run_id=manual__2023-10-29T07:28:53.377977+00:00/task_id=extract_numbeo_prices_from_city permission to 509
[2023-10-29T07:44:53.583+0000] {logging_mixin.py:151} INFO - Failed to change /opt/***/logs/dag_id=col_api_etl/run_id=manual__2023-10-29T07:28:53.377977+00:00/task_id=extract_numbeo_prices_from_city permission to 509: [Errno 1] Operation not permitted: '/opt/***/logs/dag_id=col_api_etl/run_id=manual__2023-10-29T07:28:53.377977+00:00/task_id=extract_numbeo_prices_from_city'
[2023-10-29T07:44:53.585+0000] {task_command.py:415} INFO - Running <TaskInstance: col_api_etl.extract_numbeo_prices_from_city manual__2023-10-29T07:28:53.377977+00:00 [running]> on host ea85de3a6109
[2023-10-29T07:44:53.659+0000] {taskinstance.py:1660} INFO - Exporting env vars: AIRFLOW_CTX_DAG_OWNER='***' AIRFLOW_CTX_DAG_ID='col_api_etl' AIRFLOW_CTX_TASK_ID='extract_numbeo_prices_from_city' AIRFLOW_CTX_EXECUTION_DATE='2023-10-29T07:28:53.377977+00:00' AIRFLOW_CTX_TRY_NUMBER='2' AIRFLOW_CTX_DAG_RUN_ID='manual__2023-10-29T07:28:53.377977+00:00'
[2023-10-29T07:44:55.438+0000] {logging_mixin.py:151} INFO - Dubai
[2023-10-29T07:45:01.122+0000] {logging_mixin.py:151} INFO - Abu-Dhabi
[2023-10-29T07:45:06.772+0000] {logging_mixin.py:151} INFO - Sharjah
[2023-10-29T07:45:12.078+0000] {logging_mixin.py:151} INFO - Perth
[2023-10-29T07:45:17.629+0000] {logging_mixin.py:151} INFO - Melbourne
[2023-10-29T07:45:23.215+0000] {logging_mixin.py:151} INFO - Sydney
[2023-10-29T07:45:28.938+0000] {logging_mixin.py:151} INFO - Brisbane
[2023-10-29T07:45:34.464+0000] {logging_mixin.py:151} INFO - Hobart
[2023-10-29T07:45:39.760+0000] {logging_mixin.py:151} INFO - Adelaide
[2023-10-29T07:45:45.404+0000] {logging_mixin.py:151} INFO - Canberra
[2023-10-29T07:45:50.974+0000] {logging_mixin.py:151} INFO - Darwin
[2023-10-29T07:45:56.495+0000] {logging_mixin.py:151} INFO - Sarajevo
[2023-10-29T07:46:02.103+0000] {logging_mixin.py:151} INFO - Manama
[2023-10-29T07:46:07.402+0000] {logging_mixin.py:151} INFO - Sofia
[2023-10-29T07:46:13.305+0000] {logging_mixin.py:151} INFO - Sao-Paulo
[2023-10-29T07:46:19.067+0000] {logging_mixin.py:151} INFO - Rio-De-Janeiro
[2023-10-29T07:46:24.662+0000] {logging_mixin.py:151} INFO - Brasilia
[2023-10-29T07:46:29.962+0000] {logging_mixin.py:151} INFO - Toronto
[2023-10-29T07:46:35.915+0000] {logging_mixin.py:151} INFO - Montreal
[2023-10-29T07:46:41.866+0000] {logging_mixin.py:151} INFO - Vancouver
[2023-10-29T07:46:47.497+0000] {logging_mixin.py:151} INFO - Ottawa
[2023-10-29T07:46:53.039+0000] {logging_mixin.py:151} INFO - Calgary
[2023-10-29T07:46:58.556+0000] {logging_mixin.py:151} INFO - Edmonton
[2023-10-29T07:47:04.252+0000] {logging_mixin.py:151} INFO - Halifax
[2023-10-29T07:47:09.775+0000] {logging_mixin.py:151} INFO - Quebec-City
[2023-10-29T07:47:15.330+0000] {logging_mixin.py:151} INFO - Zurich
[2023-10-29T07:47:20.847+0000] {logging_mixin.py:151} INFO - Geneva
[2023-10-29T07:47:26.131+0000] {logging_mixin.py:151} INFO - Zug
[2023-10-29T07:47:31.541+0000] {logging_mixin.py:151} INFO - Basel
[2023-10-29T07:47:37.078+0000] {logging_mixin.py:151} INFO - Bern
[2023-10-29T07:47:42.616+0000] {logging_mixin.py:151} INFO - Lausanne
[2023-10-29T07:47:47.917+0000] {logging_mixin.py:151} INFO - Lugano
[2023-10-29T07:47:53.361+0000] {logging_mixin.py:151} INFO - Vaduz
[2023-10-29T07:47:58.673+0000] {logging_mixin.py:151} INFO - Santiago
[2023-10-29T07:48:04.273+0000] {logging_mixin.py:151} INFO - Chongqing
[2023-10-29T07:48:09.534+0000] {logging_mixin.py:151} INFO - Shanghai
[2023-10-29T07:48:15.090+0000] {logging_mixin.py:151} INFO - Beijing
[2023-10-29T07:48:21.011+0000] {logging_mixin.py:151} INFO - Chengdu
[2023-10-29T07:48:26.718+0000] {logging_mixin.py:151} INFO - Guangzhou
[2023-10-29T07:48:32.513+0000] {logging_mixin.py:151} INFO - Shenzhen
[2023-10-29T07:48:38.033+0000] {logging_mixin.py:151} INFO - Bogota
[2023-10-29T07:48:43.756+0000] {logging_mixin.py:151} INFO - Medellin
[2023-10-29T07:48:49.358+0000] {logging_mixin.py:151} INFO - Cali
[2023-10-29T07:48:55.001+0000] {logging_mixin.py:151} INFO - Cartagena
[2023-10-29T07:49:00.631+0000] {logging_mixin.py:151} INFO - San-Jose
[2023-10-29T07:49:06.134+0000] {logging_mixin.py:151} INFO - Prague
[2023-10-29T07:49:11.771+0000] {logging_mixin.py:151} INFO - Brno
[2023-10-29T07:49:17.267+0000] {logging_mixin.py:151} INFO - Ostrava
[2023-10-29T07:49:22.837+0000] {logging_mixin.py:151} INFO - Copenhagen
[2023-10-29T07:49:28.372+0000] {logging_mixin.py:151} INFO - Aarhus
[2023-10-29T07:49:34.067+0000] {logging_mixin.py:151} INFO - Aalborg
[2023-10-29T07:49:39.676+0000] {logging_mixin.py:151} INFO - Andorra-La-Vella
[2023-10-29T07:49:44.976+0000] {logging_mixin.py:151} INFO - Vienna
[2023-10-29T07:49:50.572+0000] {logging_mixin.py:151} INFO - Salzburg
[2023-10-29T07:49:55.913+0000] {logging_mixin.py:151} INFO - Graz
[2023-10-29T07:50:01.199+0000] {logging_mixin.py:151} INFO - Linz
[2023-10-29T07:50:06.895+0000] {logging_mixin.py:151} INFO - Innsbruck
[2023-10-29T07:50:12.274+0000] {logging_mixin.py:151} INFO - Brussels
[2023-10-29T07:50:17.854+0000] {logging_mixin.py:151} INFO - Antwerp
[2023-10-29T07:50:23.522+0000] {logging_mixin.py:151} INFO - Gent
[2023-10-29T07:50:29.094+0000] {logging_mixin.py:151} INFO - Liege
[2023-10-29T07:50:34.364+0000] {logging_mixin.py:151} INFO - Brugge
[2023-10-29T07:50:39.639+0000] {logging_mixin.py:151} INFO - Zagreb
[2023-10-29T07:50:45.138+0000] {logging_mixin.py:151} INFO - Split
[2023-10-29T07:50:50.728+0000] {logging_mixin.py:151} INFO - Dubrovnik
[2023-10-29T07:50:55.997+0000] {logging_mixin.py:151} INFO - Nicosia
[2023-10-29T07:51:01.657+0000] {logging_mixin.py:151} INFO - Tallinn
[2023-10-29T07:51:07.865+0000] {logging_mixin.py:151} INFO - Tartu
[2023-10-29T07:51:13.567+0000] {logging_mixin.py:151} INFO - Helsinki
[2023-10-29T07:51:18.840+0000] {logging_mixin.py:151} INFO - Turku
[2023-10-29T07:51:24.123+0000] {logging_mixin.py:151} INFO - Tampere
[2023-10-29T07:51:29.593+0000] {logging_mixin.py:151} INFO - Oulu
[2023-10-29T07:51:35.153+0000] {logging_mixin.py:151} INFO - Paris
[2023-10-29T07:51:40.733+0000] {logging_mixin.py:151} INFO - Marseille
[2023-10-29T07:51:46.404+0000] {logging_mixin.py:151} INFO - Lyon
[2023-10-29T07:51:51.733+0000] {logging_mixin.py:151} INFO - Toulouse
[2023-10-29T07:51:56.977+0000] {logging_mixin.py:151} INFO - Nice
[2023-10-29T07:52:02.573+0000] {logging_mixin.py:151} INFO - Nantes
[2023-10-29T07:52:08.392+0000] {logging_mixin.py:151} INFO - Montpellier
[2023-10-29T07:52:13.633+0000] {logging_mixin.py:151} INFO - Berlin
[2023-10-29T07:52:19.327+0000] {logging_mixin.py:151} INFO - Hamburg
[2023-10-29T07:52:24.849+0000] {logging_mixin.py:151} INFO - Munich
[2023-10-29T07:52:30.445+0000] {logging_mixin.py:151} INFO - Stuttgart
[2023-10-29T07:52:36.039+0000] {logging_mixin.py:151} INFO - Frankfurt
[2023-10-29T07:52:41.614+0000] {logging_mixin.py:151} INFO - Cologne
[2023-10-29T07:52:47.154+0000] {logging_mixin.py:151} INFO - Dusseldorf
[2023-10-29T07:52:52.418+0000] {logging_mixin.py:151} INFO - Hanover
[2023-10-29T07:52:57.812+0000] {logging_mixin.py:151} INFO - Dresden
[2023-10-29T07:53:03.437+0000] {logging_mixin.py:151} INFO - Leipzig
[2023-10-29T07:53:08.843+0000] {logging_mixin.py:151} INFO - Athens
[2023-10-29T07:53:14.384+0000] {logging_mixin.py:151} INFO - Crete
[2023-10-29T07:53:19.606+0000] {logging_mixin.py:151} INFO - Thessaloniki
[2023-10-29T07:53:25.188+0000] {logging_mixin.py:151} INFO - Dublin
[2023-10-29T07:53:31.179+0000] {logging_mixin.py:151} INFO - Cork
[2023-10-29T07:53:36.490+0000] {logging_mixin.py:151} INFO - Galway
[2023-10-29T07:53:42.161+0000] {logging_mixin.py:151} INFO - Limerick
[2023-10-29T07:53:47.417+0000] {logging_mixin.py:151} INFO - Rome
[2023-10-29T07:53:52.951+0000] {logging_mixin.py:151} INFO - Milan
[2023-10-29T07:53:58.563+0000] {logging_mixin.py:151} INFO - Naples
[2023-10-29T07:54:03.937+0000] {logging_mixin.py:151} INFO - Turin
[2023-10-29T07:54:09.205+0000] {logging_mixin.py:151} INFO - Palermo
[2023-10-29T07:54:14.597+0000] {logging_mixin.py:151} INFO - Genoa
[2023-10-29T07:54:20.231+0000] {logging_mixin.py:151} INFO - Bologna
[2023-10-29T07:54:25.932+0000] {logging_mixin.py:151} INFO - Florence
[2023-10-29T07:54:31.469+0000] {logging_mixin.py:151} INFO - Venice
[2023-10-29T07:54:36.865+0000] {logging_mixin.py:151} INFO - Riga
[2023-10-29T07:54:42.406+0000] {logging_mixin.py:151} INFO - Vilnius
[2023-10-29T07:54:48.012+0000] {logging_mixin.py:151} INFO - Luxembourg
[2023-10-29T07:54:53.687+0000] {logging_mixin.py:151} INFO - Valletta
[2023-10-29T07:54:59.015+0000] {logging_mixin.py:151} INFO - Podgorica
[2023-10-29T07:55:04.350+0000] {logging_mixin.py:151} INFO - Monaco
[2023-10-29T07:55:09.649+0000] {logging_mixin.py:151} INFO - Amsterdam
[2023-10-29T07:55:15.229+0000] {logging_mixin.py:151} INFO - Rotterdam
[2023-10-29T07:55:20.862+0000] {logging_mixin.py:151} INFO - Eindhoven
[2023-10-29T07:55:26.457+0000] {logging_mixin.py:151} INFO - The-Hague
[2023-10-29T07:55:32.351+0000] {logging_mixin.py:151} INFO - Groningen
[2023-10-29T07:55:37.858+0000] {logging_mixin.py:151} INFO - Tilburg
[2023-10-29T07:55:43.437+0000] {logging_mixin.py:151} INFO - Lisbon
[2023-10-29T07:55:49.063+0000] {logging_mixin.py:151} INFO - Porto
[2023-10-29T07:55:54.728+0000] {logging_mixin.py:151} INFO - Braga
[2023-10-29T07:56:00.245+0000] {logging_mixin.py:151} INFO - Funchal
[2023-10-29T07:56:05.584+0000] {logging_mixin.py:151} INFO - San-Marino
[2023-10-29T07:56:11.266+0000] {logging_mixin.py:151} INFO - Bratislava
[2023-10-29T07:56:16.893+0000] {logging_mixin.py:151} INFO - Ljubljana
[2023-10-29T07:56:22.512+0000] {logging_mixin.py:151} INFO - Madrid
[2023-10-29T07:56:28.152+0000] {logging_mixin.py:151} INFO - Barcelona
[2023-10-29T07:56:33.729+0000] {logging_mixin.py:151} INFO - Santa-Cruz-De-Tenerife
[2023-10-29T07:56:39.033+0000] {logging_mixin.py:151} INFO - Valencia
[2023-10-29T07:56:44.636+0000] {logging_mixin.py:151} INFO - Seville
[2023-10-29T07:56:50.231+0000] {logging_mixin.py:151} INFO - Zaragoza
[2023-10-29T07:56:55.573+0000] {logging_mixin.py:151} INFO - Malaga
[2023-10-29T07:57:01.329+0000] {logging_mixin.py:151} INFO - Bilbao
[2023-10-29T07:57:06.620+0000] {logging_mixin.py:151} INFO - Alicante
[2023-10-29T07:57:11.930+0000] {logging_mixin.py:151} INFO - Las-Palmas
[2023-10-29T07:57:17.464+0000] {logging_mixin.py:151} INFO - Tbilisi
[2023-10-29T07:57:23.302+0000] {logging_mixin.py:151} INFO - Hong-Kong
[2023-10-29T07:57:28.862+0000] {logging_mixin.py:151} INFO - Budapest
[2023-10-29T07:57:34.460+0000] {logging_mixin.py:151} INFO - Reykjavik
[2023-10-29T07:57:39.980+0000] {logging_mixin.py:151} INFO - Tel-Aviv
[2023-10-29T07:57:45.636+0000] {logging_mixin.py:151} INFO - Jerusalem
[2023-10-29T07:57:51.368+0000] {logging_mixin.py:151} INFO - Tokyo
[2023-10-29T07:57:56.948+0000] {logging_mixin.py:151} INFO - Osaka
[2023-10-29T07:58:02.529+0000] {logging_mixin.py:151} INFO - Sapporo
[2023-10-29T07:58:07.804+0000] {logging_mixin.py:151} INFO - Yokohama
[2023-10-29T07:58:13.101+0000] {logging_mixin.py:151} INFO - Nagoya
[2023-10-29T07:58:18.472+0000] {logging_mixin.py:151} INFO - Kobe
[2023-10-29T07:58:23.802+0000] {logging_mixin.py:151} INFO - Fukuoka
[2023-10-29T07:58:29.048+0000] {logging_mixin.py:151} INFO - Kawasaki
[2023-10-29T07:58:34.352+0000] {logging_mixin.py:151} INFO - Seoul
[2023-10-29T07:58:40.013+0000] {logging_mixin.py:151} INFO - Busan
[2023-10-29T07:58:45.462+0000] {logging_mixin.py:151} INFO - Incheon
[2023-10-29T07:58:50.860+0000] {logging_mixin.py:151} INFO - Daegu
[2023-10-29T07:58:56.107+0000] {logging_mixin.py:151} INFO - Kuwait-City
[2023-10-29T07:59:01.740+0000] {logging_mixin.py:151} INFO - Macau
[2023-10-29T07:59:07.031+0000] {logging_mixin.py:151} INFO - Kuala-Lumpur
[2023-10-29T07:59:12.559+0000] {logging_mixin.py:151} INFO - Johor-Bahru
[2023-10-29T07:59:17.900+0000] {logging_mixin.py:151} INFO - George-Town
[2023-10-29T07:59:23.406+0000] {logging_mixin.py:151} INFO - Malacca
[2023-10-29T07:59:28.761+0000] {logging_mixin.py:151} INFO - Kota-Kinabalu
[2023-10-29T07:59:34.183+0000] {logging_mixin.py:151} INFO - Ipoh
[2023-10-29T07:59:39.501+0000] {logging_mixin.py:151} INFO - Mexico-City
[2023-10-29T07:59:45.077+0000] {logging_mixin.py:151} INFO - Tijuana
[2023-10-29T07:59:50.362+0000] {logging_mixin.py:151} INFO - Guadalajara
[2023-10-29T07:59:55.906+0000] {logging_mixin.py:151} INFO - Cancun
[2023-10-29T08:00:01.465+0000] {logging_mixin.py:151} INFO - Playa-Del-Carmen
[2023-10-29T08:00:06.674+0000] {taskinstance.py:1943} ERROR - Task failed with exception
Traceback (most recent call last):
  File "/home/airflow/.local/lib/python3.8/site-packages/airflow/operators/python.py", line 192, in execute
    return_value = self.execute_callable()
  File "/home/airflow/.local/lib/python3.8/site-packages/airflow/operators/python.py", line 209, in execute_callable
    return self.python_callable(*self.op_args, **self.op_kwargs)
  File "/opt/airflow/dags/scripts/extraction.py", line 158, in extract_numbeo_prices_from_city
    prices_table = numbeo_prices_city_html.find('table', {'class': 'data_wide_table new_bar_table'}).find_all('tr')
AttributeError: 'NoneType' object has no attribute 'find_all'
[2023-10-29T08:00:06.690+0000] {taskinstance.py:1400} INFO - Marking task as FAILED. dag_id=col_api_etl, task_id=extract_numbeo_prices_from_city, execution_date=20231029T072853, start_date=20231029T074453, end_date=20231029T080006
[2023-10-29T08:00:06.702+0000] {standard_task_runner.py:104} ERROR - Failed to execute job 1130 for task extract_numbeo_prices_from_city ('NoneType' object has no attribute 'find_all'; 124650)
[2023-10-29T08:00:06.746+0000] {local_task_job_runner.py:228} INFO - Task exited with return code 1
