[2023-10-29T03:04:37.968+0000] {logging_mixin.py:151} INFO - Changing /opt/***/logs/dag_id=col_api_etl/run_id=manual__2023-10-29T02:58:18.529946+00:00/task_id=extract_numbeo_prices_from_city permission to 509
[2023-10-29T03:04:37.969+0000] {logging_mixin.py:151} INFO - Failed to change /opt/***/logs/dag_id=col_api_etl/run_id=manual__2023-10-29T02:58:18.529946+00:00/task_id=extract_numbeo_prices_from_city permission to 509: [Errno 1] Operation not permitted: '/opt/***/logs/dag_id=col_api_etl/run_id=manual__2023-10-29T02:58:18.529946+00:00/task_id=extract_numbeo_prices_from_city'
[2023-10-29T03:04:37.994+0000] {logging_mixin.py:151} INFO - Changing /opt/***/logs/dag_id=col_api_etl/run_id=manual__2023-10-29T02:58:18.529946+00:00/task_id=extract_numbeo_prices_from_city permission to 509
[2023-10-29T03:04:37.994+0000] {logging_mixin.py:151} INFO - Failed to change /opt/***/logs/dag_id=col_api_etl/run_id=manual__2023-10-29T02:58:18.529946+00:00/task_id=extract_numbeo_prices_from_city permission to 509: [Errno 1] Operation not permitted: '/opt/***/logs/dag_id=col_api_etl/run_id=manual__2023-10-29T02:58:18.529946+00:00/task_id=extract_numbeo_prices_from_city'
[2023-10-29T03:04:38.024+0000] {taskinstance.py:1159} INFO - Dependencies all met for dep_context=non-requeueable deps ti=<TaskInstance: col_api_etl.extract_numbeo_prices_from_city manual__2023-10-29T02:58:18.529946+00:00 [queued]>
[2023-10-29T03:04:38.032+0000] {taskinstance.py:1159} INFO - Dependencies all met for dep_context=requeueable deps ti=<TaskInstance: col_api_etl.extract_numbeo_prices_from_city manual__2023-10-29T02:58:18.529946+00:00 [queued]>
[2023-10-29T03:04:38.032+0000] {taskinstance.py:1361} INFO - Starting attempt 2 of 2
[2023-10-29T03:04:38.044+0000] {taskinstance.py:1382} INFO - Executing <Task(PythonOperator): extract_numbeo_prices_from_city> on 2023-10-29 02:58:18.529946+00:00
[2023-10-29T03:04:38.049+0000] {standard_task_runner.py:57} INFO - Started process 40958 to run task
[2023-10-29T03:04:38.049+0000] {clientserver.py:543} INFO - Closing down clientserver connection
[2023-10-29T03:04:38.052+0000] {standard_task_runner.py:84} INFO - Running: ['***', 'tasks', 'run', 'col_api_etl', 'extract_numbeo_prices_from_city', 'manual__2023-10-29T02:58:18.529946+00:00', '--job-id', '1108', '--raw', '--subdir', 'DAGS_FOLDER/col_api_etl.py', '--cfg-path', '/tmp/tmp389solp0']
[2023-10-29T03:04:38.054+0000] {standard_task_runner.py:85} INFO - Job 1108: Subtask extract_numbeo_prices_from_city
[2023-10-29T03:04:38.091+0000] {logging_mixin.py:151} INFO - Changing /opt/***/logs/dag_id=col_api_etl/run_id=manual__2023-10-29T02:58:18.529946+00:00/task_id=extract_numbeo_prices_from_city permission to 509
[2023-10-29T03:04:38.091+0000] {logging_mixin.py:151} INFO - Failed to change /opt/***/logs/dag_id=col_api_etl/run_id=manual__2023-10-29T02:58:18.529946+00:00/task_id=extract_numbeo_prices_from_city permission to 509: [Errno 1] Operation not permitted: '/opt/***/logs/dag_id=col_api_etl/run_id=manual__2023-10-29T02:58:18.529946+00:00/task_id=extract_numbeo_prices_from_city'
[2023-10-29T03:04:38.094+0000] {task_command.py:415} INFO - Running <TaskInstance: col_api_etl.extract_numbeo_prices_from_city manual__2023-10-29T02:58:18.529946+00:00 [running]> on host ea85de3a6109
[2023-10-29T03:04:38.161+0000] {taskinstance.py:1660} INFO - Exporting env vars: AIRFLOW_CTX_DAG_OWNER='***' AIRFLOW_CTX_DAG_ID='col_api_etl' AIRFLOW_CTX_TASK_ID='extract_numbeo_prices_from_city' AIRFLOW_CTX_EXECUTION_DATE='2023-10-29T02:58:18.529946+00:00' AIRFLOW_CTX_TRY_NUMBER='2' AIRFLOW_CTX_DAG_RUN_ID='manual__2023-10-29T02:58:18.529946+00:00'
[2023-10-29T03:04:39.851+0000] {logging_mixin.py:151} INFO - Dubai
[2023-10-29T03:04:45.659+0000] {logging_mixin.py:151} INFO - Abu-Dhabi
[2023-10-29T03:04:51.187+0000] {logging_mixin.py:151} INFO - Sharjah
[2023-10-29T03:04:56.717+0000] {logging_mixin.py:151} INFO - Perth
[2023-10-29T03:05:02.287+0000] {logging_mixin.py:151} INFO - Melbourne
[2023-10-29T03:05:07.955+0000] {logging_mixin.py:151} INFO - Sydney
[2023-10-29T03:05:13.754+0000] {logging_mixin.py:151} INFO - Brisbane
[2023-10-29T03:05:19.273+0000] {logging_mixin.py:151} INFO - Hobart
[2023-10-29T03:05:24.574+0000] {logging_mixin.py:151} INFO - Adelaide
[2023-10-29T03:05:30.108+0000] {logging_mixin.py:151} INFO - Canberra
[2023-10-29T03:05:35.627+0000] {logging_mixin.py:151} INFO - Darwin
[2023-10-29T03:05:41.042+0000] {logging_mixin.py:151} INFO - Sarajevo
[2023-10-29T03:05:46.898+0000] {logging_mixin.py:151} INFO - Manama
[2023-10-29T03:05:52.473+0000] {logging_mixin.py:151} INFO - Sofia
[2023-10-29T03:05:58.485+0000] {logging_mixin.py:151} INFO - Sao-Paulo
[2023-10-29T03:06:04.255+0000] {logging_mixin.py:151} INFO - Rio-De-Janeiro
[2023-10-29T03:06:09.790+0000] {logging_mixin.py:151} INFO - Brasilia
[2023-10-29T03:06:15.079+0000] {logging_mixin.py:151} INFO - Toronto
[2023-10-29T03:06:20.891+0000] {logging_mixin.py:151} INFO - Montreal
[2023-10-29T03:06:26.723+0000] {logging_mixin.py:151} INFO - Vancouver
[2023-10-29T03:06:32.409+0000] {logging_mixin.py:151} INFO - Ottawa
[2023-10-29T03:06:38.027+0000] {logging_mixin.py:151} INFO - Calgary
[2023-10-29T03:06:43.562+0000] {logging_mixin.py:151} INFO - Edmonton
[2023-10-29T03:06:49.254+0000] {logging_mixin.py:151} INFO - Halifax
[2023-10-29T03:06:54.818+0000] {logging_mixin.py:151} INFO - Quebec-City
[2023-10-29T03:07:00.314+0000] {logging_mixin.py:151} INFO - Zurich
[2023-10-29T03:07:05.826+0000] {logging_mixin.py:151} INFO - Geneva
[2023-10-29T03:07:11.082+0000] {logging_mixin.py:151} INFO - Zug
[2023-10-29T03:07:16.603+0000] {logging_mixin.py:151} INFO - Basel
[2023-10-29T03:07:22.133+0000] {logging_mixin.py:151} INFO - Bern
[2023-10-29T03:07:27.732+0000] {logging_mixin.py:151} INFO - Lausanne
[2023-10-29T03:07:32.974+0000] {logging_mixin.py:151} INFO - Lugano
[2023-10-29T03:07:38.669+0000] {logging_mixin.py:151} INFO - Vaduz
[2023-10-29T03:07:43.888+0000] {logging_mixin.py:151} INFO - Santiago
[2023-10-29T03:07:49.477+0000] {logging_mixin.py:151} INFO - Chongqing
[2023-10-29T03:07:54.808+0000] {logging_mixin.py:151} INFO - Shanghai
[2023-10-29T03:08:00.590+0000] {logging_mixin.py:151} INFO - Beijing
[2023-10-29T03:08:06.552+0000] {logging_mixin.py:151} INFO - Chengdu
[2023-10-29T03:08:12.099+0000] {logging_mixin.py:151} INFO - Guangzhou
[2023-10-29T03:08:17.493+0000] {logging_mixin.py:151} INFO - Shenzhen
[2023-10-29T03:08:23.130+0000] {logging_mixin.py:151} INFO - Bogota
[2023-10-29T03:08:28.893+0000] {logging_mixin.py:151} INFO - Medellin
[2023-10-29T03:08:34.532+0000] {logging_mixin.py:151} INFO - Cali
[2023-10-29T03:08:40.242+0000] {logging_mixin.py:151} INFO - Cartagena
[2023-10-29T03:08:45.551+0000] {logging_mixin.py:151} INFO - San-Jose
[2023-10-29T03:08:50.794+0000] {logging_mixin.py:151} INFO - Prague
[2023-10-29T03:08:56.708+0000] {logging_mixin.py:151} INFO - Brno
[2023-10-29T03:09:02.354+0000] {logging_mixin.py:151} INFO - Ostrava
[2023-10-29T03:09:07.710+0000] {logging_mixin.py:151} INFO - Copenhagen
[2023-10-29T03:09:13.296+0000] {logging_mixin.py:151} INFO - Aarhus
[2023-10-29T03:09:19.060+0000] {logging_mixin.py:151} INFO - Aalborg
[2023-10-29T03:09:24.352+0000] {logging_mixin.py:151} INFO - Andorra-La-Vella
[2023-10-29T03:09:29.868+0000] {logging_mixin.py:151} INFO - Vienna
[2023-10-29T03:09:35.471+0000] {logging_mixin.py:151} INFO - Salzburg
[2023-10-29T03:09:40.702+0000] {logging_mixin.py:151} INFO - Graz
[2023-10-29T03:09:45.980+0000] {logging_mixin.py:151} INFO - Linz
[2023-10-29T03:09:51.623+0000] {logging_mixin.py:151} INFO - Innsbruck
[2023-10-29T03:09:56.862+0000] {logging_mixin.py:151} INFO - Brussels
[2023-10-29T03:10:02.497+0000] {logging_mixin.py:151} INFO - Antwerp
[2023-10-29T03:10:08.244+0000] {logging_mixin.py:151} INFO - Ghent
[2023-10-29T03:10:13.476+0000] {taskinstance.py:1943} ERROR - Task failed with exception
Traceback (most recent call last):
  File "/home/airflow/.local/lib/python3.8/site-packages/airflow/operators/python.py", line 192, in execute
    return_value = self.execute_callable()
  File "/home/airflow/.local/lib/python3.8/site-packages/airflow/operators/python.py", line 209, in execute_callable
    return self.python_callable(*self.op_args, **self.op_kwargs)
  File "/opt/airflow/dags/scripts/extraction.py", line 144, in extract_numbeo_prices_from_city
    prices_table = numbeo_prices_city_html.find('table', {'class': 'data_wide_table new_bar_table'}).find_all('tr')
AttributeError: 'NoneType' object has no attribute 'find_all'
[2023-10-29T03:10:13.491+0000] {taskinstance.py:1400} INFO - Marking task as FAILED. dag_id=col_api_etl, task_id=extract_numbeo_prices_from_city, execution_date=20231029T025818, start_date=20231029T030438, end_date=20231029T031013
[2023-10-29T03:10:13.510+0000] {standard_task_runner.py:104} ERROR - Failed to execute job 1108 for task extract_numbeo_prices_from_city ('NoneType' object has no attribute 'find_all'; 40958)
[2023-10-29T03:10:13.560+0000] {local_task_job_runner.py:228} INFO - Task exited with return code 1
