[2023-10-29T08:51:24.208+0000] {logging_mixin.py:151} INFO - Changing /opt/***/logs/dag_id=col_api_etl/run_id=manual__2023-10-29T08:51:07.580922+00:00/task_id=extract_numbeo_prices_from_city permission to 509
[2023-10-29T08:51:24.209+0000] {logging_mixin.py:151} INFO - Failed to change /opt/***/logs/dag_id=col_api_etl/run_id=manual__2023-10-29T08:51:07.580922+00:00/task_id=extract_numbeo_prices_from_city permission to 509: [Errno 1] Operation not permitted: '/opt/***/logs/dag_id=col_api_etl/run_id=manual__2023-10-29T08:51:07.580922+00:00/task_id=extract_numbeo_prices_from_city'
[2023-10-29T08:51:24.242+0000] {logging_mixin.py:151} INFO - Changing /opt/***/logs/dag_id=col_api_etl/run_id=manual__2023-10-29T08:51:07.580922+00:00/task_id=extract_numbeo_prices_from_city permission to 509
[2023-10-29T08:51:24.243+0000] {logging_mixin.py:151} INFO - Failed to change /opt/***/logs/dag_id=col_api_etl/run_id=manual__2023-10-29T08:51:07.580922+00:00/task_id=extract_numbeo_prices_from_city permission to 509: [Errno 1] Operation not permitted: '/opt/***/logs/dag_id=col_api_etl/run_id=manual__2023-10-29T08:51:07.580922+00:00/task_id=extract_numbeo_prices_from_city'
[2023-10-29T08:51:24.287+0000] {taskinstance.py:1159} INFO - Dependencies all met for dep_context=non-requeueable deps ti=<TaskInstance: col_api_etl.extract_numbeo_prices_from_city manual__2023-10-29T08:51:07.580922+00:00 [queued]>
[2023-10-29T08:51:24.298+0000] {taskinstance.py:1159} INFO - Dependencies all met for dep_context=requeueable deps ti=<TaskInstance: col_api_etl.extract_numbeo_prices_from_city manual__2023-10-29T08:51:07.580922+00:00 [queued]>
[2023-10-29T08:51:24.299+0000] {taskinstance.py:1361} INFO - Starting attempt 1 of 2
[2023-10-29T08:51:24.314+0000] {taskinstance.py:1382} INFO - Executing <Task(PythonOperator): extract_numbeo_prices_from_city> on 2023-10-29 08:51:07.580922+00:00
[2023-10-29T08:51:24.320+0000] {standard_task_runner.py:57} INFO - Started process 143556 to run task
[2023-10-29T08:51:24.320+0000] {clientserver.py:543} INFO - Closing down clientserver connection
[2023-10-29T08:51:24.324+0000] {standard_task_runner.py:84} INFO - Running: ['***', 'tasks', 'run', 'col_api_etl', 'extract_numbeo_prices_from_city', 'manual__2023-10-29T08:51:07.580922+00:00', '--job-id', '1132', '--raw', '--subdir', 'DAGS_FOLDER/col_api_etl.py', '--cfg-path', '/tmp/tmpt756sagq']
[2023-10-29T08:51:24.326+0000] {standard_task_runner.py:85} INFO - Job 1132: Subtask extract_numbeo_prices_from_city
[2023-10-29T08:51:24.360+0000] {clientserver.py:505} INFO - Error while sending or receiving.
Traceback (most recent call last):
  File "/home/airflow/.local/lib/python3.8/site-packages/py4j/clientserver.py", line 503, in send_command
    self.socket.sendall(command.encode("utf-8"))
ConnectionResetError: [Errno 104] Connection reset by peer
[2023-10-29T08:51:24.363+0000] {clientserver.py:543} INFO - Closing down clientserver connection
[2023-10-29T08:51:24.363+0000] {java_gateway.py:1052} INFO - Exception while sending command.
Traceback (most recent call last):
  File "/home/airflow/.local/lib/python3.8/site-packages/py4j/clientserver.py", line 503, in send_command
    self.socket.sendall(command.encode("utf-8"))
ConnectionResetError: [Errno 104] Connection reset by peer

During handling of the above exception, another exception occurred:

Traceback (most recent call last):
  File "/home/airflow/.local/lib/python3.8/site-packages/py4j/java_gateway.py", line 1038, in send_command
    response = connection.send_command(command)
  File "/home/airflow/.local/lib/python3.8/site-packages/py4j/clientserver.py", line 506, in send_command
    raise Py4JNetworkError(
py4j.protocol.Py4JNetworkError: Error while sending
[2023-10-29T08:51:24.367+0000] {clientserver.py:543} INFO - Closing down clientserver connection
[2023-10-29T08:51:24.373+0000] {logging_mixin.py:151} INFO - Changing /opt/***/logs/dag_id=col_api_etl/run_id=manual__2023-10-29T08:51:07.580922+00:00/task_id=extract_numbeo_prices_from_city permission to 509
[2023-10-29T08:51:24.374+0000] {logging_mixin.py:151} INFO - Failed to change /opt/***/logs/dag_id=col_api_etl/run_id=manual__2023-10-29T08:51:07.580922+00:00/task_id=extract_numbeo_prices_from_city permission to 509: [Errno 1] Operation not permitted: '/opt/***/logs/dag_id=col_api_etl/run_id=manual__2023-10-29T08:51:07.580922+00:00/task_id=extract_numbeo_prices_from_city'
[2023-10-29T08:51:24.376+0000] {task_command.py:415} INFO - Running <TaskInstance: col_api_etl.extract_numbeo_prices_from_city manual__2023-10-29T08:51:07.580922+00:00 [running]> on host ea85de3a6109
[2023-10-29T08:51:24.470+0000] {taskinstance.py:1660} INFO - Exporting env vars: AIRFLOW_CTX_DAG_OWNER='***' AIRFLOW_CTX_DAG_ID='col_api_etl' AIRFLOW_CTX_TASK_ID='extract_numbeo_prices_from_city' AIRFLOW_CTX_EXECUTION_DATE='2023-10-29T08:51:07.580922+00:00' AIRFLOW_CTX_TRY_NUMBER='1' AIRFLOW_CTX_DAG_RUN_ID='manual__2023-10-29T08:51:07.580922+00:00'
[2023-10-29T08:51:25.940+0000] {logging_mixin.py:151} INFO - Dubai
[2023-10-29T08:51:31.858+0000] {logging_mixin.py:151} INFO - Abu-Dhabi
[2023-10-29T08:51:37.612+0000] {logging_mixin.py:151} INFO - Sharjah
[2023-10-29T08:51:43.181+0000] {logging_mixin.py:151} INFO - Perth
[2023-10-29T08:51:48.856+0000] {logging_mixin.py:151} INFO - Melbourne
[2023-10-29T08:51:54.472+0000] {logging_mixin.py:151} INFO - Sydney
[2023-10-29T08:52:00.364+0000] {logging_mixin.py:151} INFO - Brisbane
[2023-10-29T08:52:05.943+0000] {logging_mixin.py:151} INFO - Hobart
[2023-10-29T08:52:11.286+0000] {logging_mixin.py:151} INFO - Adelaide
[2023-10-29T08:52:16.997+0000] {logging_mixin.py:151} INFO - Canberra
[2023-10-29T08:52:22.430+0000] {logging_mixin.py:151} INFO - Darwin
[2023-10-29T08:52:27.761+0000] {logging_mixin.py:151} INFO - Sarajevo
[2023-10-29T08:52:33.343+0000] {logging_mixin.py:151} INFO - Manama
[2023-10-29T08:52:38.695+0000] {logging_mixin.py:151} INFO - Sofia
[2023-10-29T08:52:44.818+0000] {logging_mixin.py:151} INFO - Sao-Paulo
[2023-10-29T08:52:50.782+0000] {logging_mixin.py:151} INFO - Rio-De-Janeiro
[2023-10-29T08:52:56.524+0000] {logging_mixin.py:151} INFO - Brasilia
[2023-10-29T08:53:01.955+0000] {logging_mixin.py:151} INFO - Toronto
[2023-10-29T08:53:08.000+0000] {logging_mixin.py:151} INFO - Montreal
[2023-10-29T08:53:13.967+0000] {logging_mixin.py:151} INFO - Vancouver
[2023-10-29T08:53:19.679+0000] {logging_mixin.py:151} INFO - Ottawa
[2023-10-29T08:53:25.357+0000] {logging_mixin.py:151} INFO - Calgary
[2023-10-29T08:53:31.069+0000] {logging_mixin.py:151} INFO - Edmonton
[2023-10-29T08:53:36.935+0000] {logging_mixin.py:151} INFO - Halifax
[2023-10-29T08:53:42.790+0000] {logging_mixin.py:151} INFO - Quebec-City
[2023-10-29T08:53:48.478+0000] {logging_mixin.py:151} INFO - Zurich
[2023-10-29T08:53:54.144+0000] {logging_mixin.py:151} INFO - Geneva
[2023-10-29T08:53:59.692+0000] {logging_mixin.py:151} INFO - Zug
[2023-10-29T08:54:05.374+0000] {logging_mixin.py:151} INFO - Basel
[2023-10-29T08:54:11.122+0000] {logging_mixin.py:151} INFO - Bern
[2023-10-29T08:54:16.702+0000] {logging_mixin.py:151} INFO - Lausanne
[2023-10-29T08:54:22.058+0000] {logging_mixin.py:151} INFO - Lugano
[2023-10-29T08:54:27.895+0000] {logging_mixin.py:151} INFO - Vaduz
[2023-10-29T08:54:33.278+0000] {logging_mixin.py:151} INFO - Santiago
[2023-10-29T08:54:38.925+0000] {logging_mixin.py:151} INFO - Chongqing
[2023-10-29T08:54:44.230+0000] {logging_mixin.py:151} INFO - Shanghai
[2023-10-29T08:54:49.884+0000] {logging_mixin.py:151} INFO - Beijing
[2023-10-29T08:54:55.946+0000] {logging_mixin.py:151} INFO - Chengdu
[2023-10-29T08:55:01.679+0000] {logging_mixin.py:151} INFO - Guangzhou
[2023-10-29T08:55:07.287+0000] {logging_mixin.py:151} INFO - Shenzhen
[2023-10-29T08:55:12.975+0000] {logging_mixin.py:151} INFO - Bogota
[2023-10-29T08:55:18.887+0000] {logging_mixin.py:151} INFO - Medellin
[2023-10-29T08:55:24.588+0000] {logging_mixin.py:151} INFO - Cali
[2023-10-29T08:55:30.404+0000] {logging_mixin.py:151} INFO - Cartagena
[2023-10-29T08:55:35.724+0000] {logging_mixin.py:151} INFO - San-Jose
[2023-10-29T08:55:41.399+0000] {logging_mixin.py:151} INFO - Prague
[2023-10-29T08:55:47.377+0000] {logging_mixin.py:151} INFO - Brno
[2023-10-29T08:55:53.063+0000] {logging_mixin.py:151} INFO - Ostrava
[2023-10-29T08:55:58.416+0000] {logging_mixin.py:151} INFO - Copenhagen
[2023-10-29T08:56:04.149+0000] {logging_mixin.py:151} INFO - Aarhus
[2023-10-29T08:56:09.743+0000] {logging_mixin.py:151} INFO - Aalborg
[2023-10-29T08:56:15.164+0000] {logging_mixin.py:151} INFO - Andorra-La-Vella
[2023-10-29T08:56:20.485+0000] {logging_mixin.py:151} INFO - Vienna
[2023-10-29T08:56:27.990+0000] {logging_mixin.py:151} INFO - Salzburg
[2023-10-29T08:56:33.601+0000] {logging_mixin.py:151} INFO - Graz
[2023-10-29T08:56:38.970+0000] {logging_mixin.py:151} INFO - Linz
[2023-10-29T08:56:44.280+0000] {logging_mixin.py:151} INFO - Innsbruck
[2023-10-29T08:56:50.130+0000] {logging_mixin.py:151} INFO - Brussels
[2023-10-29T08:56:55.775+0000] {logging_mixin.py:151} INFO - Antwerp
[2023-10-29T08:57:01.499+0000] {logging_mixin.py:151} INFO - Gent
[2023-10-29T08:57:06.803+0000] {logging_mixin.py:151} INFO - Liege
[2023-10-29T08:57:12.162+0000] {logging_mixin.py:151} INFO - Brugge
[2023-10-29T08:57:17.583+0000] {logging_mixin.py:151} INFO - Zagreb
[2023-10-29T08:57:23.167+0000] {logging_mixin.py:151} INFO - Split
[2023-10-29T08:57:28.601+0000] {logging_mixin.py:151} INFO - Dubrovnik
[2023-10-29T08:57:34.195+0000] {logging_mixin.py:151} INFO - Nicosia
[2023-10-29T08:57:39.886+0000] {logging_mixin.py:151} INFO - Tallinn
[2023-10-29T08:57:45.583+0000] {logging_mixin.py:151} INFO - Tartu
[2023-10-29T08:57:51.116+0000] {logging_mixin.py:151} INFO - Helsinki
[2023-10-29T08:57:56.416+0000] {logging_mixin.py:151} INFO - Turku
[2023-10-29T08:58:01.736+0000] {logging_mixin.py:151} INFO - Tampere
[2023-10-29T08:58:07.394+0000] {logging_mixin.py:151} INFO - Oulu
[2023-10-29T08:58:12.704+0000] {logging_mixin.py:151} INFO - Paris
[2023-10-29T08:58:18.356+0000] {logging_mixin.py:151} INFO - Marseille
[2023-10-29T08:58:23.963+0000] {logging_mixin.py:151} INFO - Lyon
[2023-10-29T08:58:29.370+0000] {logging_mixin.py:151} INFO - Toulouse
[2023-10-29T08:58:35.052+0000] {logging_mixin.py:151} INFO - Nice
[2023-10-29T08:58:40.419+0000] {logging_mixin.py:151} INFO - Nantes
[2023-10-29T08:58:46.341+0000] {logging_mixin.py:151} INFO - Montpellier
[2023-10-29T08:58:51.719+0000] {logging_mixin.py:151} INFO - Berlin
[2023-10-29T08:58:57.414+0000] {logging_mixin.py:151} INFO - Hamburg
[2023-10-29T08:59:03.000+0000] {logging_mixin.py:151} INFO - Munich
[2023-10-29T08:59:08.618+0000] {logging_mixin.py:151} INFO - Stuttgart
[2023-10-29T08:59:13.940+0000] {logging_mixin.py:151} INFO - Frankfurt
[2023-10-29T08:59:19.545+0000] {logging_mixin.py:151} INFO - Cologne
[2023-10-29T08:59:25.282+0000] {logging_mixin.py:151} INFO - Dusseldorf
[2023-10-29T08:59:30.587+0000] {logging_mixin.py:151} INFO - Hanover
[2023-10-29T08:59:36.409+0000] {logging_mixin.py:151} INFO - Dresden
[2023-10-29T08:59:42.088+0000] {logging_mixin.py:151} INFO - Leipzig
[2023-10-29T08:59:47.473+0000] {logging_mixin.py:151} INFO - Athens
[2023-10-29T08:59:53.080+0000] {logging_mixin.py:151} INFO - Crete
[2023-10-29T08:59:58.545+0000] {logging_mixin.py:151} INFO - Thessaloniki
[2023-10-29T09:00:04.146+0000] {logging_mixin.py:151} INFO - Dublin
[2023-10-29T09:00:10.142+0000] {logging_mixin.py:151} INFO - Cork
[2023-10-29T09:00:15.465+0000] {logging_mixin.py:151} INFO - Galway
[2023-10-29T09:00:21.457+0000] {logging_mixin.py:151} INFO - Limerick
[2023-10-29T09:00:27.088+0000] {logging_mixin.py:151} INFO - Rome
[2023-10-29T09:00:32.706+0000] {logging_mixin.py:151} INFO - Milan
[2023-10-29T09:00:38.361+0000] {logging_mixin.py:151} INFO - Naples
[2023-10-29T09:00:44.314+0000] {logging_mixin.py:151} INFO - Turin
[2023-10-29T09:00:49.963+0000] {logging_mixin.py:151} INFO - Palermo
[2023-10-29T09:00:55.387+0000] {logging_mixin.py:151} INFO - Genoa
[2023-10-29T09:01:00.731+0000] {logging_mixin.py:151} INFO - Bologna
[2023-10-29T09:01:06.081+0000] {logging_mixin.py:151} INFO - Florence
[2023-10-29T09:01:11.413+0000] {logging_mixin.py:151} INFO - Venice
[2023-10-29T09:01:17.093+0000] {logging_mixin.py:151} INFO - Riga
[2023-10-29T09:01:22.736+0000] {logging_mixin.py:151} INFO - Vilnius
[2023-10-29T09:01:28.350+0000] {logging_mixin.py:151} INFO - Luxembourg
[2023-10-29T09:01:34.088+0000] {logging_mixin.py:151} INFO - Valletta
[2023-10-29T09:01:39.444+0000] {logging_mixin.py:151} INFO - Podgorica
[2023-10-29T09:01:44.914+0000] {logging_mixin.py:151} INFO - Monaco
[2023-10-29T09:01:50.225+0000] {logging_mixin.py:151} INFO - Amsterdam
[2023-10-29T09:01:55.956+0000] {logging_mixin.py:151} INFO - Rotterdam
[2023-10-29T09:02:01.861+0000] {logging_mixin.py:151} INFO - Eindhoven
[2023-10-29T09:02:07.600+0000] {logging_mixin.py:151} INFO - The-Hague
[2023-10-29T09:02:13.227+0000] {logging_mixin.py:151} INFO - Groningen
[2023-10-29T09:02:18.746+0000] {logging_mixin.py:151} INFO - Tilburg
[2023-10-29T09:02:24.451+0000] {logging_mixin.py:151} INFO - Lisbon
[2023-10-29T09:02:30.080+0000] {logging_mixin.py:151} INFO - Porto
[2023-10-29T09:02:35.663+0000] {logging_mixin.py:151} INFO - Braga
[2023-10-29T09:02:41.351+0000] {logging_mixin.py:151} INFO - Funchal
[2023-10-29T09:02:46.709+0000] {logging_mixin.py:151} INFO - San-Marino
[2023-10-29T09:02:52.325+0000] {logging_mixin.py:151} INFO - Bratislava
[2023-10-29T09:02:57.924+0000] {logging_mixin.py:151} INFO - Ljubljana
[2023-10-29T09:03:03.621+0000] {logging_mixin.py:151} INFO - Madrid
[2023-10-29T09:03:09.319+0000] {logging_mixin.py:151} INFO - Barcelona
[2023-10-29T09:03:15.124+0000] {logging_mixin.py:151} INFO - Santa-Cruz-De-Tenerife
[2023-10-29T09:03:20.490+0000] {logging_mixin.py:151} INFO - Valencia
[2023-10-29T09:03:26.236+0000] {logging_mixin.py:151} INFO - Seville
[2023-10-29T09:03:31.912+0000] {logging_mixin.py:151} INFO - Zaragoza
[2023-10-29T09:03:37.258+0000] {logging_mixin.py:151} INFO - Malaga
[2023-10-29T09:03:43.113+0000] {logging_mixin.py:151} INFO - Bilbao
[2023-10-29T09:03:48.775+0000] {logging_mixin.py:151} INFO - Alicante
[2023-10-29T09:03:54.149+0000] {logging_mixin.py:151} INFO - Las-Palmas
[2023-10-29T09:03:59.749+0000] {logging_mixin.py:151} INFO - Tbilisi
[2023-10-29T09:04:05.699+0000] {logging_mixin.py:151} INFO - Hong-Kong
[2023-10-29T09:04:11.405+0000] {logging_mixin.py:151} INFO - Budapest
[2023-10-29T09:04:17.446+0000] {logging_mixin.py:151} INFO - Reykjavik
[2023-10-29T09:04:23.122+0000] {logging_mixin.py:151} INFO - Tel-Aviv
[2023-10-29T09:04:28.856+0000] {logging_mixin.py:151} INFO - Jerusalem
[2023-10-29T09:04:34.800+0000] {logging_mixin.py:151} INFO - Tokyo
[2023-10-29T09:04:40.478+0000] {logging_mixin.py:151} INFO - Osaka
[2023-10-29T09:04:45.859+0000] {logging_mixin.py:151} INFO - Sapporo
[2023-10-29T09:04:51.203+0000] {logging_mixin.py:151} INFO - Yokohama
[2023-10-29T09:04:56.551+0000] {logging_mixin.py:151} INFO - Nagoya
[2023-10-29T09:05:02.215+0000] {logging_mixin.py:151} INFO - Kobe
[2023-10-29T09:05:07.568+0000] {logging_mixin.py:151} INFO - Fukuoka
[2023-10-29T09:05:12.927+0000] {logging_mixin.py:151} INFO - Kawasaki
[2023-10-29T09:05:18.373+0000] {logging_mixin.py:151} INFO - Seoul
[2023-10-29T09:05:24.311+0000] {logging_mixin.py:151} INFO - Busan
[2023-10-29T09:05:29.857+0000] {logging_mixin.py:151} INFO - Incheon
[2023-10-29T09:05:35.166+0000] {logging_mixin.py:151} INFO - Daegu
[2023-10-29T09:05:40.459+0000] {logging_mixin.py:151} INFO - Kuwait-City
[2023-10-29T09:05:46.152+0000] {logging_mixin.py:151} INFO - Macau
[2023-10-29T09:05:51.523+0000] {logging_mixin.py:151} INFO - Kuala-Lumpur
[2023-10-29T09:05:57.238+0000] {logging_mixin.py:151} INFO - Johor-Bahru
[2023-10-29T09:06:02.701+0000] {logging_mixin.py:151} INFO - George-Town
[2023-10-29T09:06:08.137+0000] {logging_mixin.py:151} INFO - Malacca
[2023-10-29T09:06:13.614+0000] {logging_mixin.py:151} INFO - Kota-Kinabalu
[2023-10-29T09:06:19.348+0000] {logging_mixin.py:151} INFO - Ipoh
[2023-10-29T09:06:24.686+0000] {logging_mixin.py:151} INFO - Mexico-City
[2023-10-29T09:06:30.317+0000] {logging_mixin.py:151} INFO - Tijuana
[2023-10-29T09:06:36.077+0000] {logging_mixin.py:151} INFO - Guadalajara
[2023-10-29T09:06:41.735+0000] {logging_mixin.py:151} INFO - Cancun
[2023-10-29T09:06:47.566+0000] {logging_mixin.py:151} INFO - Playa-Del-Carmen
[2023-10-29T09:06:52.888+0000] {taskinstance.py:1943} ERROR - Task failed with exception
Traceback (most recent call last):
  File "/home/airflow/.local/lib/python3.8/site-packages/airflow/operators/python.py", line 192, in execute
    return_value = self.execute_callable()
  File "/home/airflow/.local/lib/python3.8/site-packages/airflow/operators/python.py", line 209, in execute_callable
    return self.python_callable(*self.op_args, **self.op_kwargs)
  File "/opt/airflow/dags/scripts/extraction.py", line 160, in extract_numbeo_prices_from_city
    prices_table = numbeo_prices_city_html.find('table', {'class': 'data_wide_table new_bar_table'}).find_all('tr')
AttributeError: 'NoneType' object has no attribute 'find_all'
[2023-10-29T09:06:52.914+0000] {taskinstance.py:1400} INFO - Marking task as UP_FOR_RETRY. dag_id=col_api_etl, task_id=extract_numbeo_prices_from_city, execution_date=20231029T085107, start_date=20231029T085124, end_date=20231029T090652
[2023-10-29T09:06:52.948+0000] {standard_task_runner.py:104} ERROR - Failed to execute job 1132 for task extract_numbeo_prices_from_city ('NoneType' object has no attribute 'find_all'; 143556)
[2023-10-29T09:06:52.983+0000] {local_task_job_runner.py:228} INFO - Task exited with return code 1
