[2023-11-01T01:06:56.510+0000] {logging_mixin.py:151} INFO - Changing /opt/***/logs/dag_id=col_api_etl/run_id=manual__2023-11-01T01:06:40.364840+00:00/task_id=extract_numbeo_prices_from_city permission to 509
[2023-11-01T01:06:56.511+0000] {logging_mixin.py:151} INFO - Failed to change /opt/***/logs/dag_id=col_api_etl/run_id=manual__2023-11-01T01:06:40.364840+00:00/task_id=extract_numbeo_prices_from_city permission to 509: [Errno 1] Operation not permitted: '/opt/***/logs/dag_id=col_api_etl/run_id=manual__2023-11-01T01:06:40.364840+00:00/task_id=extract_numbeo_prices_from_city'
[2023-11-01T01:06:56.543+0000] {logging_mixin.py:151} INFO - Changing /opt/***/logs/dag_id=col_api_etl/run_id=manual__2023-11-01T01:06:40.364840+00:00/task_id=extract_numbeo_prices_from_city permission to 509
[2023-11-01T01:06:56.544+0000] {logging_mixin.py:151} INFO - Failed to change /opt/***/logs/dag_id=col_api_etl/run_id=manual__2023-11-01T01:06:40.364840+00:00/task_id=extract_numbeo_prices_from_city permission to 509: [Errno 1] Operation not permitted: '/opt/***/logs/dag_id=col_api_etl/run_id=manual__2023-11-01T01:06:40.364840+00:00/task_id=extract_numbeo_prices_from_city'
[2023-11-01T01:06:56.582+0000] {taskinstance.py:1159} INFO - Dependencies all met for dep_context=non-requeueable deps ti=<TaskInstance: col_api_etl.extract_numbeo_prices_from_city manual__2023-11-01T01:06:40.364840+00:00 [queued]>
[2023-11-01T01:06:56.591+0000] {taskinstance.py:1159} INFO - Dependencies all met for dep_context=requeueable deps ti=<TaskInstance: col_api_etl.extract_numbeo_prices_from_city manual__2023-11-01T01:06:40.364840+00:00 [queued]>
[2023-11-01T01:06:56.592+0000] {taskinstance.py:1361} INFO - Starting attempt 1 of 1
[2023-11-01T01:06:56.608+0000] {taskinstance.py:1382} INFO - Executing <Task(PythonOperator): extract_numbeo_prices_from_city> on 2023-11-01 01:06:40.364840+00:00
[2023-11-01T01:06:56.614+0000] {standard_task_runner.py:57} INFO - Started process 22815 to run task
[2023-11-01T01:06:56.614+0000] {clientserver.py:543} INFO - Closing down clientserver connection
[2023-11-01T01:06:56.618+0000] {standard_task_runner.py:84} INFO - Running: ['***', 'tasks', 'run', 'col_api_etl', 'extract_numbeo_prices_from_city', 'manual__2023-11-01T01:06:40.364840+00:00', '--job-id', '1154', '--raw', '--subdir', 'DAGS_FOLDER/col_api_etl.py', '--cfg-path', '/tmp/tmpazspnxu6']
[2023-11-01T01:06:56.620+0000] {standard_task_runner.py:85} INFO - Job 1154: Subtask extract_numbeo_prices_from_city
[2023-11-01T01:06:56.669+0000] {logging_mixin.py:151} INFO - Changing /opt/***/logs/dag_id=col_api_etl/run_id=manual__2023-11-01T01:06:40.364840+00:00/task_id=extract_numbeo_prices_from_city permission to 509
[2023-11-01T01:06:56.671+0000] {logging_mixin.py:151} INFO - Failed to change /opt/***/logs/dag_id=col_api_etl/run_id=manual__2023-11-01T01:06:40.364840+00:00/task_id=extract_numbeo_prices_from_city permission to 509: [Errno 1] Operation not permitted: '/opt/***/logs/dag_id=col_api_etl/run_id=manual__2023-11-01T01:06:40.364840+00:00/task_id=extract_numbeo_prices_from_city'
[2023-11-01T01:06:56.673+0000] {task_command.py:415} INFO - Running <TaskInstance: col_api_etl.extract_numbeo_prices_from_city manual__2023-11-01T01:06:40.364840+00:00 [running]> on host 65ec58942685
[2023-11-01T01:06:56.907+0000] {taskinstance.py:1660} INFO - Exporting env vars: AIRFLOW_CTX_DAG_OWNER='***' AIRFLOW_CTX_DAG_ID='col_api_etl' AIRFLOW_CTX_TASK_ID='extract_numbeo_prices_from_city' AIRFLOW_CTX_EXECUTION_DATE='2023-11-01T01:06:40.364840+00:00' AIRFLOW_CTX_TRY_NUMBER='1' AIRFLOW_CTX_DAG_RUN_ID='manual__2023-11-01T01:06:40.364840+00:00'
[2023-11-01T01:06:57.115+0000] {clientserver.py:505} INFO - Error while sending or receiving.
Traceback (most recent call last):
  File "/home/airflow/.local/lib/python3.8/site-packages/py4j/clientserver.py", line 503, in send_command
    self.socket.sendall(command.encode("utf-8"))
ConnectionResetError: [Errno 104] Connection reset by peer
[2023-11-01T01:06:57.117+0000] {clientserver.py:543} INFO - Closing down clientserver connection
[2023-11-01T01:06:57.118+0000] {java_gateway.py:1052} INFO - Exception while sending command.
Traceback (most recent call last):
  File "/home/airflow/.local/lib/python3.8/site-packages/py4j/clientserver.py", line 503, in send_command
    self.socket.sendall(command.encode("utf-8"))
ConnectionResetError: [Errno 104] Connection reset by peer

During handling of the above exception, another exception occurred:

Traceback (most recent call last):
  File "/home/airflow/.local/lib/python3.8/site-packages/py4j/java_gateway.py", line 1038, in send_command
    response = connection.send_command(command)
  File "/home/airflow/.local/lib/python3.8/site-packages/py4j/clientserver.py", line 506, in send_command
    raise Py4JNetworkError(
py4j.protocol.Py4JNetworkError: Error while sending
[2023-11-01T01:06:57.120+0000] {clientserver.py:543} INFO - Closing down clientserver connection
[2023-11-01T01:06:58.220+0000] {logging_mixin.py:151} INFO - Dubai
[2023-11-01T01:07:03.997+0000] {logging_mixin.py:151} INFO - Abu-Dhabi
[2023-11-01T01:07:09.761+0000] {logging_mixin.py:151} INFO - Sharjah
[2023-11-01T01:07:15.198+0000] {logging_mixin.py:151} INFO - Perth
[2023-11-01T01:07:21.042+0000] {logging_mixin.py:151} INFO - Melbourne
[2023-11-01T01:07:26.910+0000] {logging_mixin.py:151} INFO - Sydney
[2023-11-01T01:07:32.948+0000] {logging_mixin.py:151} INFO - Brisbane
[2023-11-01T01:07:38.654+0000] {logging_mixin.py:151} INFO - Hobart
[2023-11-01T01:07:44.070+0000] {logging_mixin.py:151} INFO - Adelaide
[2023-11-01T01:07:50.033+0000] {logging_mixin.py:151} INFO - Canberra
[2023-11-01T01:07:56.173+0000] {logging_mixin.py:151} INFO - Darwin
[2023-11-01T01:08:01.744+0000] {logging_mixin.py:151} INFO - Sarajevo
[2023-11-01T01:08:07.534+0000] {logging_mixin.py:151} INFO - Manama
[2023-11-01T01:08:13.288+0000] {logging_mixin.py:151} INFO - Sofia
[2023-11-01T01:08:19.477+0000] {logging_mixin.py:151} INFO - Sao-Paulo
[2023-11-01T01:08:25.723+0000] {logging_mixin.py:151} INFO - Rio-De-Janeiro
[2023-11-01T01:08:31.492+0000] {logging_mixin.py:151} INFO - Brasilia
[2023-11-01T01:08:37.416+0000] {logging_mixin.py:151} INFO - Toronto
[2023-11-01T01:08:43.729+0000] {logging_mixin.py:151} INFO - Montreal
[2023-11-01T01:08:50.054+0000] {logging_mixin.py:151} INFO - Vancouver
[2023-11-01T01:08:55.852+0000] {logging_mixin.py:151} INFO - Ottawa
[2023-11-01T01:09:01.606+0000] {logging_mixin.py:151} INFO - Calgary
[2023-11-01T01:09:07.434+0000] {logging_mixin.py:151} INFO - Edmonton
[2023-11-01T01:09:13.376+0000] {logging_mixin.py:151} INFO - Halifax
[2023-11-01T01:09:19.212+0000] {logging_mixin.py:151} INFO - Quebec-City
[2023-11-01T01:09:25.148+0000] {logging_mixin.py:151} INFO - Zurich
[2023-11-01T01:09:31.007+0000] {logging_mixin.py:151} INFO - Geneva
[2023-11-01T01:09:36.626+0000] {logging_mixin.py:151} INFO - Zug
[2023-11-01T01:09:42.204+0000] {logging_mixin.py:151} INFO - Basel
[2023-11-01T01:09:48.228+0000] {logging_mixin.py:151} INFO - Bern
[2023-11-01T01:09:53.830+0000] {logging_mixin.py:151} INFO - Lausanne
[2023-11-01T01:09:59.676+0000] {logging_mixin.py:151} INFO - Lugano
[2023-11-01T01:10:05.549+0000] {logging_mixin.py:151} INFO - Vaduz
[2023-11-01T01:10:11.020+0000] {logging_mixin.py:151} INFO - Santiago
[2023-11-01T01:10:16.801+0000] {logging_mixin.py:151} INFO - Chongqing
[2023-11-01T01:10:22.390+0000] {logging_mixin.py:151} INFO - Shanghai
[2023-11-01T01:10:28.147+0000] {logging_mixin.py:151} INFO - Beijing
[2023-11-01T01:10:34.372+0000] {logging_mixin.py:151} INFO - Chengdu
[2023-11-01T01:10:39.889+0000] {logging_mixin.py:151} INFO - Guangzhou
[2023-11-01T01:10:45.675+0000] {logging_mixin.py:151} INFO - Shenzhen
[2023-11-01T01:10:51.573+0000] {logging_mixin.py:151} INFO - Bogota
[2023-11-01T01:10:57.616+0000] {logging_mixin.py:151} INFO - Medellin
[2023-11-01T01:11:03.545+0000] {logging_mixin.py:151} INFO - Cali
[2023-11-01T01:11:09.377+0000] {logging_mixin.py:151} INFO - Cartagena
[2023-11-01T01:11:15.218+0000] {logging_mixin.py:151} INFO - San-Jose
[2023-11-01T01:11:21.247+0000] {logging_mixin.py:151} INFO - Prague
[2023-11-01T01:11:27.417+0000] {logging_mixin.py:151} INFO - Brno
[2023-11-01T01:11:33.279+0000] {logging_mixin.py:151} INFO - Ostrava
[2023-11-01T01:11:39.119+0000] {logging_mixin.py:151} INFO - Copenhagen
[2023-11-01T01:11:45.049+0000] {logging_mixin.py:151} INFO - Aarhus
[2023-11-01T01:11:51.308+0000] {logging_mixin.py:151} INFO - Aalborg
[2023-11-01T01:11:56.901+0000] {logging_mixin.py:151} INFO - Andorra-La-Vella
[2023-11-01T01:12:02.445+0000] {logging_mixin.py:151} INFO - Vienna
[2023-11-01T01:12:08.303+0000] {logging_mixin.py:151} INFO - Salzburg
[2023-11-01T01:12:13.930+0000] {logging_mixin.py:151} INFO - Graz
[2023-11-01T01:12:19.304+0000] {logging_mixin.py:151} INFO - Linz
[2023-11-01T01:12:24.863+0000] {logging_mixin.py:151} INFO - Innsbruck
[2023-11-01T01:12:30.785+0000] {logging_mixin.py:151} INFO - Brussels
[2023-11-01T01:12:36.640+0000] {logging_mixin.py:151} INFO - Antwerp
[2023-11-01T01:12:42.413+0000] {logging_mixin.py:151} INFO - Gent
[2023-11-01T01:12:48.307+0000] {logging_mixin.py:151} INFO - Liege
[2023-11-01T01:12:53.726+0000] {logging_mixin.py:151} INFO - Brugge
[2023-11-01T01:12:59.575+0000] {logging_mixin.py:151} INFO - Zagreb
[2023-11-01T01:13:05.517+0000] {logging_mixin.py:151} INFO - Split
[2023-11-01T01:13:11.146+0000] {logging_mixin.py:151} INFO - Dubrovnik
[2023-11-01T01:13:16.688+0000] {logging_mixin.py:151} INFO - Nicosia
[2023-11-01T01:13:22.474+0000] {logging_mixin.py:151} INFO - Tallinn
[2023-11-01T01:13:28.357+0000] {logging_mixin.py:151} INFO - Tartu
[2023-11-01T01:13:34.666+0000] {logging_mixin.py:151} INFO - Helsinki
[2023-11-01T01:13:40.331+0000] {logging_mixin.py:151} INFO - Turku
[2023-11-01T01:13:46.150+0000] {logging_mixin.py:151} INFO - Tampere
[2023-11-01T01:13:51.724+0000] {logging_mixin.py:151} INFO - Oulu
[2023-11-01T01:13:57.694+0000] {logging_mixin.py:151} INFO - Paris
[2023-11-01T01:14:03.692+0000] {logging_mixin.py:151} INFO - Marseille
[2023-11-01T01:14:09.379+0000] {logging_mixin.py:151} INFO - Lyon
[2023-11-01T01:14:14.942+0000] {logging_mixin.py:151} INFO - Toulouse
[2023-11-01T01:14:20.813+0000] {logging_mixin.py:151} INFO - Nice
[2023-11-01T01:14:27.203+0000] {logging_mixin.py:151} INFO - Nantes
[2023-11-01T01:14:32.975+0000] {logging_mixin.py:151} INFO - Montpellier
[2023-11-01T01:14:38.694+0000] {logging_mixin.py:151} INFO - Berlin
[2023-11-01T01:14:44.537+0000] {logging_mixin.py:151} INFO - Hamburg
[2023-11-01T01:14:50.388+0000] {logging_mixin.py:151} INFO - Munich
[2023-11-01T01:14:56.448+0000] {logging_mixin.py:151} INFO - Stuttgart
[2023-11-01T01:15:02.061+0000] {logging_mixin.py:151} INFO - Frankfurt
[2023-11-01T01:15:07.993+0000] {logging_mixin.py:151} INFO - Cologne
[2023-11-01T01:15:13.859+0000] {logging_mixin.py:151} INFO - Dusseldorf
[2023-11-01T01:15:19.776+0000] {logging_mixin.py:151} INFO - Hanover
[2023-11-01T01:15:25.425+0000] {logging_mixin.py:151} INFO - Dresden
[2023-11-01T01:15:31.346+0000] {logging_mixin.py:151} INFO - Leipzig
[2023-11-01T01:15:37.178+0000] {logging_mixin.py:151} INFO - Athens
[2023-11-01T01:15:42.922+0000] {logging_mixin.py:151} INFO - Crete
[2023-11-01T01:15:48.554+0000] {logging_mixin.py:151} INFO - Thessaloniki
[2023-11-01T01:15:54.370+0000] {logging_mixin.py:151} INFO - Dublin
[2023-11-01T01:16:00.652+0000] {logging_mixin.py:151} INFO - Cork
[2023-11-01T01:16:06.250+0000] {logging_mixin.py:151} INFO - Galway
[2023-11-01T01:16:12.649+0000] {logging_mixin.py:151} INFO - Limerick
[2023-11-01T01:16:18.142+0000] {logging_mixin.py:151} INFO - Rome
[2023-11-01T01:16:24.112+0000] {logging_mixin.py:151} INFO - Milan
[2023-11-01T01:16:29.887+0000] {logging_mixin.py:151} INFO - Naples
[2023-11-01T01:16:35.539+0000] {logging_mixin.py:151} INFO - Turin
[2023-11-01T01:16:41.182+0000] {logging_mixin.py:151} INFO - Palermo
[2023-11-01T01:16:46.918+0000] {logging_mixin.py:151} INFO - Genoa
[2023-11-01T01:16:52.861+0000] {logging_mixin.py:151} INFO - Bologna
[2023-11-01T01:16:58.605+0000] {logging_mixin.py:151} INFO - Florence
[2023-11-01T01:17:04.397+0000] {logging_mixin.py:151} INFO - Venice
[2023-11-01T01:17:09.937+0000] {logging_mixin.py:151} INFO - Riga
[2023-11-01T01:17:15.957+0000] {logging_mixin.py:151} INFO - Vilnius
[2023-11-01T01:17:21.866+0000] {logging_mixin.py:151} INFO - Luxembourg
[2023-11-01T01:17:27.865+0000] {logging_mixin.py:151} INFO - Valletta
[2023-11-01T01:17:33.685+0000] {logging_mixin.py:151} INFO - Podgorica
[2023-11-01T01:17:39.248+0000] {logging_mixin.py:151} INFO - Monaco
[2023-11-01T01:17:44.846+0000] {logging_mixin.py:151} INFO - Amsterdam
[2023-11-01T01:17:50.802+0000] {logging_mixin.py:151} INFO - Rotterdam
[2023-11-01T01:17:57.091+0000] {logging_mixin.py:151} INFO - Eindhoven
[2023-11-01T01:18:02.840+0000] {logging_mixin.py:151} INFO - The-Hague
[2023-11-01T01:18:08.727+0000] {logging_mixin.py:151} INFO - Groningen
[2023-11-01T01:18:14.457+0000] {logging_mixin.py:151} INFO - Tilburg
[2023-11-01T01:18:20.187+0000] {logging_mixin.py:151} INFO - Lisbon
[2023-11-01T01:18:25.991+0000] {logging_mixin.py:151} INFO - Porto
[2023-11-01T01:18:31.464+0000] {logging_mixin.py:151} INFO - Braga
[2023-11-01T01:18:37.307+0000] {logging_mixin.py:151} INFO - Funchal
[2023-11-01T01:18:42.922+0000] {logging_mixin.py:151} INFO - San-Marino
[2023-11-01T01:18:48.851+0000] {logging_mixin.py:151} INFO - Bratislava
[2023-11-01T01:18:54.853+0000] {logging_mixin.py:151} INFO - Ljubljana
[2023-11-01T01:19:00.639+0000] {logging_mixin.py:151} INFO - Madrid
[2023-11-01T01:19:06.513+0000] {logging_mixin.py:151} INFO - Barcelona
[2023-11-01T01:19:12.417+0000] {logging_mixin.py:151} INFO - Santa-Cruz-De-Tenerife
[2023-11-01T01:19:18.075+0000] {logging_mixin.py:151} INFO - Valencia
[2023-11-01T01:19:23.871+0000] {logging_mixin.py:151} INFO - Seville
[2023-11-01T01:19:29.617+0000] {logging_mixin.py:151} INFO - Zaragoza
[2023-11-01T01:19:35.363+0000] {logging_mixin.py:151} INFO - Malaga
[2023-11-01T01:19:41.652+0000] {logging_mixin.py:151} INFO - Bilbao
[2023-11-01T01:19:47.507+0000] {logging_mixin.py:151} INFO - Alicante
[2023-11-01T01:19:53.407+0000] {logging_mixin.py:151} INFO - Las-Palmas
[2023-11-01T01:19:59.022+0000] {logging_mixin.py:151} INFO - Tbilisi
[2023-11-01T01:20:05.373+0000] {logging_mixin.py:151} INFO - Hong-Kong
[2023-11-01T01:20:11.203+0000] {logging_mixin.py:151} INFO - Budapest
[2023-11-01T01:20:17.387+0000] {logging_mixin.py:151} INFO - Reykjavik
[2023-11-01T01:20:22.886+0000] {logging_mixin.py:151} INFO - Tel-Aviv
[2023-11-01T01:20:28.808+0000] {logging_mixin.py:151} INFO - Jerusalem
[2023-11-01T01:20:34.990+0000] {logging_mixin.py:151} INFO - Tokyo
[2023-11-01T01:20:40.901+0000] {logging_mixin.py:151} INFO - Osaka
[2023-11-01T01:20:46.633+0000] {logging_mixin.py:151} INFO - Sapporo
[2023-11-01T01:20:52.255+0000] {logging_mixin.py:151} INFO - Yokohama
[2023-11-01T01:20:57.807+0000] {logging_mixin.py:151} INFO - Nagoya
[2023-11-01T01:21:03.855+0000] {logging_mixin.py:151} INFO - Kobe
[2023-11-01T01:21:09.464+0000] {logging_mixin.py:151} INFO - Fukuoka
[2023-11-01T01:21:14.990+0000] {logging_mixin.py:151} INFO - Kawasaki
[2023-11-01T01:21:20.516+0000] {logging_mixin.py:151} INFO - Seoul
[2023-11-01T01:21:26.795+0000] {logging_mixin.py:151} INFO - Busan
[2023-11-01T01:21:32.334+0000] {logging_mixin.py:151} INFO - Incheon
[2023-11-01T01:21:38.257+0000] {logging_mixin.py:151} INFO - Daegu
[2023-11-01T01:21:43.661+0000] {logging_mixin.py:151} INFO - Kuwait-City
[2023-11-01T01:21:49.380+0000] {logging_mixin.py:151} INFO - Macau
[2023-11-01T01:21:54.841+0000] {logging_mixin.py:151} INFO - Kuala-Lumpur
[2023-11-01T01:22:00.769+0000] {logging_mixin.py:151} INFO - Johor-Bahru
[2023-11-01T01:22:06.377+0000] {logging_mixin.py:151} INFO - George-Town
[2023-11-01T01:22:11.930+0000] {logging_mixin.py:151} INFO - Malacca
[2023-11-01T01:22:17.478+0000] {logging_mixin.py:151} INFO - Kota-Kinabalu
[2023-11-01T01:22:23.385+0000] {logging_mixin.py:151} INFO - Ipoh
[2023-11-01T01:22:28.931+0000] {logging_mixin.py:151} INFO - Mexico-City
[2023-11-01T01:22:34.878+0000] {logging_mixin.py:151} INFO - Tijuana
[2023-11-01T01:22:40.791+0000] {logging_mixin.py:151} INFO - Guadalajara
[2023-11-01T01:22:46.502+0000] {logging_mixin.py:151} INFO - Cancun
[2023-11-01T01:22:52.090+0000] {logging_mixin.py:151} INFO - Playa-Del-Carmen
[2023-11-01T01:22:58.026+0000] {logging_mixin.py:151} INFO - Monterrey
[2023-11-01T01:23:03.843+0000] {logging_mixin.py:151} INFO - Auckland
[2023-11-01T01:23:09.675+0000] {logging_mixin.py:151} INFO - Wellington
[2023-11-01T01:23:15.538+0000] {logging_mixin.py:151} INFO - Christchurch
[2023-11-01T01:23:21.070+0000] {logging_mixin.py:151} INFO - Hamilton
[2023-11-01T01:23:26.763+0000] {logging_mixin.py:151} INFO - Oslo
[2023-11-01T01:23:32.641+0000] {logging_mixin.py:151} INFO - Bergen
[2023-11-01T01:23:38.362+0000] {logging_mixin.py:151} INFO - Trondheim
[2023-11-01T01:23:44.280+0000] {logging_mixin.py:151} INFO - Stavanger
[2023-11-01T01:23:50.121+0000] {logging_mixin.py:151} INFO - Tromso
[2023-11-01T01:23:55.805+0000] {logging_mixin.py:151} INFO - Muscat
[2023-11-01T01:24:01.717+0000] {logging_mixin.py:151} INFO - Warsaw
[2023-11-01T01:24:07.847+0000] {logging_mixin.py:151} INFO - Krakow
[2023-11-01T01:24:13.896+0000] {logging_mixin.py:151} INFO - Gdansk
[2023-11-01T01:24:19.849+0000] {logging_mixin.py:151} INFO - Lodz
[2023-11-01T01:24:25.876+0000] {logging_mixin.py:151} INFO - Katowice
[2023-11-01T01:24:31.769+0000] {logging_mixin.py:151} INFO - Wroclaw
[2023-11-01T01:24:37.357+0000] {logging_mixin.py:151} INFO - Poznan
[2023-11-01T01:24:43.283+0000] {logging_mixin.py:151} INFO - Szczecin
[2023-11-01T01:24:49.123+0000] {logging_mixin.py:151} INFO - Bydgoszcz
[2023-11-01T01:24:54.649+0000] {logging_mixin.py:151} INFO - Doha
[2023-11-01T01:25:00.599+0000] {logging_mixin.py:151} INFO - Bucharest
[2023-11-01T01:25:06.818+0000] {logging_mixin.py:151} INFO - Moscow
[2023-11-01T01:25:13.001+0000] {logging_mixin.py:151} INFO - Kazan
[2023-11-01T01:25:18.917+0000] {logging_mixin.py:151} INFO - Yekaterinburg
[2023-11-01T01:25:24.357+0000] {logging_mixin.py:151} INFO - Sochi
[2023-11-01T01:25:29.967+0000] {logging_mixin.py:151} INFO - Vladivostok
[2023-11-01T01:25:35.520+0000] {logging_mixin.py:151} INFO - Riyadh
[2023-11-01T01:25:41.444+0000] {logging_mixin.py:151} INFO - Jeddah
[2023-11-01T01:25:46.877+0000] {logging_mixin.py:151} INFO - Mecca
[2023-11-01T01:25:52.709+0000] {logging_mixin.py:151} INFO - Belgrade
[2023-11-01T01:25:58.536+0000] {logging_mixin.py:151} INFO - Novi-Sad
[2023-11-01T01:26:04.493+0000] {logging_mixin.py:151} INFO - Singapore
[2023-11-01T01:26:10.340+0000] {logging_mixin.py:151} INFO - Stockholm
[2023-11-01T01:26:16.082+0000] {logging_mixin.py:151} INFO - Malmo
[2023-11-01T01:26:21.920+0000] {logging_mixin.py:151} INFO - Gothenburg
[2023-11-01T01:26:27.750+0000] {logging_mixin.py:151} INFO - Uppsala
[2023-11-01T01:26:33.651+0000] {logging_mixin.py:151} INFO - Taipei
[2023-11-01T01:26:39.821+0000] {logging_mixin.py:151} INFO - Kaohsiung
[2023-11-01T01:26:45.672+0000] {logging_mixin.py:151} INFO - Tainan
[2023-11-01T01:26:51.417+0000] {logging_mixin.py:151} INFO - Taoyuan
[2023-11-01T01:26:57.021+0000] {logging_mixin.py:151} INFO - Bangkok
[2023-11-01T01:27:02.899+0000] {logging_mixin.py:151} INFO - Chiang-Mai
[2023-11-01T01:27:08.793+0000] {logging_mixin.py:151} INFO - Phuket
[2023-11-01T01:27:14.436+0000] {logging_mixin.py:151} INFO - Pattaya
[2023-11-01T01:27:20.145+0000] {logging_mixin.py:151} INFO - Istanbul
[2023-11-01T01:27:26.549+0000] {logging_mixin.py:151} INFO - Ankara
[2023-11-01T01:27:32.482+0000] {logging_mixin.py:151} INFO - Antalya
[2023-11-01T01:27:38.692+0000] {logging_mixin.py:151} INFO - Izmir
[2023-11-01T01:27:44.647+0000] {logging_mixin.py:151} INFO - Bursa
[2023-11-01T01:27:50.480+0000] {logging_mixin.py:151} INFO - Kyiv
[2023-11-01T01:27:56.366+0000] {logging_mixin.py:151} INFO - Kharkiv
[2023-11-01T01:28:01.763+0000] {logging_mixin.py:151} INFO - Lviv
[2023-11-01T01:28:07.261+0000] {logging_mixin.py:151} INFO - Donetsk
[2023-11-01T01:28:12.676+0000] {logging_mixin.py:151} INFO - London
[2023-11-01T01:28:18.912+0000] {logging_mixin.py:151} INFO - Birmingham
[2023-11-01T01:28:24.970+0000] {logging_mixin.py:151} INFO - Manchester
[2023-11-01T01:28:30.820+0000] {logging_mixin.py:151} INFO - Edinburgh
[2023-11-01T01:28:36.748+0000] {logging_mixin.py:151} INFO - Glasgow
[2023-11-01T01:28:42.785+0000] {logging_mixin.py:151} INFO - Liverpool
[2023-11-01T01:28:48.646+0000] {logging_mixin.py:151} INFO - Cardiff
[2023-11-01T01:28:54.569+0000] {logging_mixin.py:151} INFO - Sheffield
[2023-11-01T01:29:00.407+0000] {logging_mixin.py:151} INFO - Leeds
[2023-11-01T01:29:06.324+0000] {logging_mixin.py:151} INFO - Leicester
[2023-11-01T01:29:12.113+0000] {logging_mixin.py:151} INFO - Belfast
[2023-11-01T01:29:18.215+0000] {logging_mixin.py:151} INFO - Newcastle-Upon-Tyne
[2023-11-01T01:29:24.054+0000] {logging_mixin.py:151} INFO - Montevideo
[2023-11-01T01:29:29.921+0000] {logging_mixin.py:151} INFO - New-York-City
[2023-11-01T01:29:35.753+0000] {logging_mixin.py:151} INFO - Los-Angeles
[2023-11-01T01:29:41.690+0000] {logging_mixin.py:151} INFO - Chicago
[2023-11-01T01:29:47.523+0000] {logging_mixin.py:151} INFO - Houston
[2023-11-01T01:29:53.344+0000] {logging_mixin.py:151} INFO - Phoenix
[2023-11-01T01:29:59.178+0000] {logging_mixin.py:151} INFO - Dallas
[2023-11-01T01:30:04.744+0000] {logging_mixin.py:151} INFO - Philadelphia
[2023-11-01T01:30:10.815+0000] {logging_mixin.py:151} INFO - San-Antonio
[2023-11-01T01:30:16.709+0000] {logging_mixin.py:151} INFO - San-Diego
[2023-11-01T01:30:22.239+0000] {logging_mixin.py:151} INFO - Dallas
[2023-11-01T01:30:27.894+0000] {logging_mixin.py:151} INFO - San-Jose
[2023-11-01T01:30:33.900+0000] {logging_mixin.py:151} INFO - Austin
[2023-11-01T01:30:39.458+0000] {logging_mixin.py:151} INFO - Jacksonville
[2023-11-01T01:30:45.064+0000] {logging_mixin.py:151} INFO - Miami
[2023-11-01T01:30:50.615+0000] {logging_mixin.py:151} INFO - Columbus
[2023-11-01T01:30:56.028+0000] {logging_mixin.py:151} INFO - Indianapolis
[2023-11-01T01:31:01.859+0000] {logging_mixin.py:151} INFO - Charlotte
[2023-11-01T01:31:07.999+0000] {logging_mixin.py:151} INFO - San-Francisco
[2023-11-01T01:31:13.843+0000] {logging_mixin.py:151} INFO - Seattle
[2023-11-01T01:31:19.692+0000] {logging_mixin.py:151} INFO - Denver
[2023-11-01T01:31:25.499+0000] {logging_mixin.py:151} INFO - Washington
[2023-11-01T01:31:32.440+0000] {logging_mixin.py:151} INFO - Nashville
[2023-11-01T01:31:38.000+0000] {logging_mixin.py:151} INFO - Boston
[2023-11-01T01:31:43.550+0000] {logging_mixin.py:151} INFO - Portland
[2023-11-01T01:31:49.399+0000] {logging_mixin.py:151} INFO - Las-Vegas
[2023-11-01T01:31:55.689+0000] {logging_mixin.py:151} INFO - Detroit
[2023-11-01T01:32:01.552+0000] {logging_mixin.py:151} INFO - Memphis
[2023-11-01T01:32:07.497+0000] {logging_mixin.py:151} INFO - Louisville
[2023-11-01T01:32:13.043+0000] {logging_mixin.py:151} INFO - Baltimore
[2023-11-01T01:32:18.578+0000] {logging_mixin.py:151} INFO - Milwaukee
[2023-11-01T01:32:24.008+0000] {logging_mixin.py:151} INFO - Kansas
[2023-11-01T01:32:29.325+0000] {taskinstance.py:1943} ERROR - Task failed with exception
Traceback (most recent call last):
  File "/home/airflow/.local/lib/python3.8/site-packages/airflow/operators/python.py", line 192, in execute
    return_value = self.execute_callable()
  File "/home/airflow/.local/lib/python3.8/site-packages/airflow/operators/python.py", line 209, in execute_callable
    return self.python_callable(*self.op_args, **self.op_kwargs)
  File "/opt/airflow/dags/scripts/extraction.py", line 162, in extract_numbeo_prices_from_city
    prices_table = numbeo_prices_city_html.find('table', {'class': 'data_wide_table new_bar_table'}).find_all('tr')
AttributeError: 'NoneType' object has no attribute 'find_all'
[2023-11-01T01:32:29.355+0000] {taskinstance.py:1400} INFO - Marking task as FAILED. dag_id=col_api_etl, task_id=extract_numbeo_prices_from_city, execution_date=20231101T010640, start_date=20231101T010656, end_date=20231101T013229
[2023-11-01T01:32:29.382+0000] {standard_task_runner.py:104} ERROR - Failed to execute job 1154 for task extract_numbeo_prices_from_city ('NoneType' object has no attribute 'find_all'; 22815)
[2023-11-01T01:32:29.414+0000] {local_task_job_runner.py:228} INFO - Task exited with return code 1
