[2023-10-29T01:52:41.706+0000] {logging_mixin.py:151} INFO - Changing /opt/***/logs/dag_id=col_api_etl/run_id=manual__2023-10-29T01:48:56.632395+00:00/task_id=extract_numbeo_prices_from_city permission to 509
[2023-10-29T01:52:41.707+0000] {logging_mixin.py:151} INFO - Failed to change /opt/***/logs/dag_id=col_api_etl/run_id=manual__2023-10-29T01:48:56.632395+00:00/task_id=extract_numbeo_prices_from_city permission to 509: [Errno 1] Operation not permitted: '/opt/***/logs/dag_id=col_api_etl/run_id=manual__2023-10-29T01:48:56.632395+00:00/task_id=extract_numbeo_prices_from_city'
[2023-10-29T01:52:41.732+0000] {logging_mixin.py:151} INFO - Changing /opt/***/logs/dag_id=col_api_etl/run_id=manual__2023-10-29T01:48:56.632395+00:00/task_id=extract_numbeo_prices_from_city permission to 509
[2023-10-29T01:52:41.733+0000] {logging_mixin.py:151} INFO - Failed to change /opt/***/logs/dag_id=col_api_etl/run_id=manual__2023-10-29T01:48:56.632395+00:00/task_id=extract_numbeo_prices_from_city permission to 509: [Errno 1] Operation not permitted: '/opt/***/logs/dag_id=col_api_etl/run_id=manual__2023-10-29T01:48:56.632395+00:00/task_id=extract_numbeo_prices_from_city'
[2023-10-29T01:52:41.762+0000] {taskinstance.py:1159} INFO - Dependencies all met for dep_context=non-requeueable deps ti=<TaskInstance: col_api_etl.extract_numbeo_prices_from_city manual__2023-10-29T01:48:56.632395+00:00 [queued]>
[2023-10-29T01:52:41.772+0000] {taskinstance.py:1159} INFO - Dependencies all met for dep_context=requeueable deps ti=<TaskInstance: col_api_etl.extract_numbeo_prices_from_city manual__2023-10-29T01:48:56.632395+00:00 [queued]>
[2023-10-29T01:52:41.772+0000] {taskinstance.py:1361} INFO - Starting attempt 2 of 2
[2023-10-29T01:52:41.784+0000] {taskinstance.py:1382} INFO - Executing <Task(PythonOperator): extract_numbeo_prices_from_city> on 2023-10-29 01:48:56.632395+00:00
[2023-10-29T01:52:41.789+0000] {standard_task_runner.py:57} INFO - Started process 18411 to run task
[2023-10-29T01:52:41.789+0000] {clientserver.py:543} INFO - Closing down clientserver connection
[2023-10-29T01:52:41.793+0000] {standard_task_runner.py:84} INFO - Running: ['***', 'tasks', 'run', 'col_api_etl', 'extract_numbeo_prices_from_city', 'manual__2023-10-29T01:48:56.632395+00:00', '--job-id', '1096', '--raw', '--subdir', 'DAGS_FOLDER/col_api_etl.py', '--cfg-path', '/tmp/tmpjvzu27xq']
[2023-10-29T01:52:41.795+0000] {standard_task_runner.py:85} INFO - Job 1096: Subtask extract_numbeo_prices_from_city
[2023-10-29T01:52:41.833+0000] {logging_mixin.py:151} INFO - Changing /opt/***/logs/dag_id=col_api_etl/run_id=manual__2023-10-29T01:48:56.632395+00:00/task_id=extract_numbeo_prices_from_city permission to 509
[2023-10-29T01:52:41.833+0000] {logging_mixin.py:151} INFO - Failed to change /opt/***/logs/dag_id=col_api_etl/run_id=manual__2023-10-29T01:48:56.632395+00:00/task_id=extract_numbeo_prices_from_city permission to 509: [Errno 1] Operation not permitted: '/opt/***/logs/dag_id=col_api_etl/run_id=manual__2023-10-29T01:48:56.632395+00:00/task_id=extract_numbeo_prices_from_city'
[2023-10-29T01:52:41.835+0000] {task_command.py:415} INFO - Running <TaskInstance: col_api_etl.extract_numbeo_prices_from_city manual__2023-10-29T01:48:56.632395+00:00 [running]> on host ea85de3a6109
[2023-10-29T01:52:41.902+0000] {taskinstance.py:1660} INFO - Exporting env vars: AIRFLOW_CTX_DAG_OWNER='***' AIRFLOW_CTX_DAG_ID='col_api_etl' AIRFLOW_CTX_TASK_ID='extract_numbeo_prices_from_city' AIRFLOW_CTX_EXECUTION_DATE='2023-10-29T01:48:56.632395+00:00' AIRFLOW_CTX_TRY_NUMBER='2' AIRFLOW_CTX_DAG_RUN_ID='manual__2023-10-29T01:48:56.632395+00:00'
[2023-10-29T01:52:43.458+0000] {logging_mixin.py:151} INFO - Dubai
[2023-10-29T01:52:49.003+0000] {logging_mixin.py:151} INFO - Abu-Dhabi
[2023-10-29T01:52:54.553+0000] {logging_mixin.py:151} INFO - Sharjah
[2023-10-29T01:52:59.775+0000] {logging_mixin.py:151} INFO - Perth
[2023-10-29T01:53:05.299+0000] {logging_mixin.py:151} INFO - Melbourne
[2023-10-29T01:53:11.028+0000] {logging_mixin.py:151} INFO - Sydney
[2023-10-29T01:53:16.687+0000] {logging_mixin.py:151} INFO - Brisbane
[2023-10-29T01:53:22.196+0000] {logging_mixin.py:151} INFO - Hobart
[2023-10-29T01:53:27.445+0000] {logging_mixin.py:151} INFO - Adelaide
[2023-10-29T01:53:33.108+0000] {logging_mixin.py:151} INFO - Canberra
[2023-10-29T01:53:38.662+0000] {logging_mixin.py:151} INFO - Darwin
[2023-10-29T01:53:43.892+0000] {logging_mixin.py:151} INFO - Sarajevo
[2023-10-29T01:53:49.499+0000] {logging_mixin.py:151} INFO - Manama
[2023-10-29T01:53:54.771+0000] {logging_mixin.py:151} INFO - Sofia
[2023-10-29T01:54:00.612+0000] {logging_mixin.py:151} INFO - Sao-Paulo
[2023-10-29T01:54:06.304+0000] {logging_mixin.py:151} INFO - Rio-De-Janeiro
[2023-10-29T01:54:12.058+0000] {logging_mixin.py:151} INFO - Brasilia
[2023-10-29T01:54:17.623+0000] {logging_mixin.py:151} INFO - Toronto
[2023-10-29T01:54:23.541+0000] {logging_mixin.py:151} INFO - Montreal
[2023-10-29T01:54:29.555+0000] {logging_mixin.py:151} INFO - Vancouver
[2023-10-29T01:54:35.281+0000] {logging_mixin.py:151} INFO - Ottawa
[2023-10-29T01:54:40.787+0000] {logging_mixin.py:151} INFO - Calgary
[2023-10-29T01:54:46.467+0000] {logging_mixin.py:151} INFO - Edmonton
[2023-10-29T01:54:52.244+0000] {logging_mixin.py:151} INFO - Halifax
[2023-10-29T01:54:57.745+0000] {logging_mixin.py:151} INFO - Quebec-City
[2023-10-29T01:55:03.501+0000] {logging_mixin.py:151} INFO - Zurich
[2023-10-29T01:55:09.109+0000] {logging_mixin.py:151} INFO - Geneva
[2023-10-29T01:55:14.726+0000] {logging_mixin.py:151} INFO - Zug
[2023-10-29T01:55:20.405+0000] {logging_mixin.py:151} INFO - Basel
[2023-10-29T01:55:25.931+0000] {logging_mixin.py:151} INFO - Bern
[2023-10-29T01:55:31.627+0000] {logging_mixin.py:151} INFO - Lausanne
[2023-10-29T01:55:36.964+0000] {logging_mixin.py:151} INFO - Ticino
[2023-10-29T01:55:42.175+0000] {taskinstance.py:1943} ERROR - Task failed with exception
Traceback (most recent call last):
  File "/home/airflow/.local/lib/python3.8/site-packages/airflow/operators/python.py", line 192, in execute
    return_value = self.execute_callable()
  File "/home/airflow/.local/lib/python3.8/site-packages/airflow/operators/python.py", line 209, in execute_callable
    return self.python_callable(*self.op_args, **self.op_kwargs)
  File "/opt/airflow/dags/scripts/extraction.py", line 137, in extract_numbeo_prices_from_city
    prices_table = numbeo_prices_city_html.find('table', {'class': 'data_wide_table new_bar_table'}).find_all('tr')
AttributeError: 'NoneType' object has no attribute 'find_all'
[2023-10-29T01:55:42.189+0000] {taskinstance.py:1400} INFO - Marking task as FAILED. dag_id=col_api_etl, task_id=extract_numbeo_prices_from_city, execution_date=20231029T014856, start_date=20231029T015241, end_date=20231029T015542
[2023-10-29T01:55:42.199+0000] {standard_task_runner.py:104} ERROR - Failed to execute job 1096 for task extract_numbeo_prices_from_city ('NoneType' object has no attribute 'find_all'; 18411)
[2023-10-29T01:55:42.212+0000] {local_task_job_runner.py:228} INFO - Task exited with return code 1
