[2023-10-29T09:07:29.067+0000] {logging_mixin.py:151} INFO - Changing /opt/***/logs/dag_id=col_api_etl/run_id=manual__2023-10-29T08:51:07.580922+00:00/task_id=extract_numbeo_prices_from_city permission to 509
[2023-10-29T09:07:29.068+0000] {logging_mixin.py:151} INFO - Failed to change /opt/***/logs/dag_id=col_api_etl/run_id=manual__2023-10-29T08:51:07.580922+00:00/task_id=extract_numbeo_prices_from_city permission to 509: [Errno 1] Operation not permitted: '/opt/***/logs/dag_id=col_api_etl/run_id=manual__2023-10-29T08:51:07.580922+00:00/task_id=extract_numbeo_prices_from_city'
[2023-10-29T09:07:29.114+0000] {logging_mixin.py:151} INFO - Changing /opt/***/logs/dag_id=col_api_etl/run_id=manual__2023-10-29T08:51:07.580922+00:00/task_id=extract_numbeo_prices_from_city permission to 509
[2023-10-29T09:07:29.115+0000] {logging_mixin.py:151} INFO - Failed to change /opt/***/logs/dag_id=col_api_etl/run_id=manual__2023-10-29T08:51:07.580922+00:00/task_id=extract_numbeo_prices_from_city permission to 509: [Errno 1] Operation not permitted: '/opt/***/logs/dag_id=col_api_etl/run_id=manual__2023-10-29T08:51:07.580922+00:00/task_id=extract_numbeo_prices_from_city'
[2023-10-29T09:07:29.167+0000] {taskinstance.py:1159} INFO - Dependencies all met for dep_context=non-requeueable deps ti=<TaskInstance: col_api_etl.extract_numbeo_prices_from_city manual__2023-10-29T08:51:07.580922+00:00 [queued]>
[2023-10-29T09:07:29.181+0000] {taskinstance.py:1159} INFO - Dependencies all met for dep_context=requeueable deps ti=<TaskInstance: col_api_etl.extract_numbeo_prices_from_city manual__2023-10-29T08:51:07.580922+00:00 [queued]>
[2023-10-29T09:07:29.182+0000] {taskinstance.py:1361} INFO - Starting attempt 2 of 2
[2023-10-29T09:07:29.202+0000] {taskinstance.py:1382} INFO - Executing <Task(PythonOperator): extract_numbeo_prices_from_city> on 2023-10-29 08:51:07.580922+00:00
[2023-10-29T09:07:29.209+0000] {standard_task_runner.py:57} INFO - Started process 147962 to run task
[2023-10-29T09:07:29.209+0000] {clientserver.py:543} INFO - Closing down clientserver connection
[2023-10-29T09:07:29.217+0000] {standard_task_runner.py:84} INFO - Running: ['***', 'tasks', 'run', 'col_api_etl', 'extract_numbeo_prices_from_city', 'manual__2023-10-29T08:51:07.580922+00:00', '--job-id', '1133', '--raw', '--subdir', 'DAGS_FOLDER/col_api_etl.py', '--cfg-path', '/tmp/tmphjrt70p2']
[2023-10-29T09:07:29.220+0000] {standard_task_runner.py:85} INFO - Job 1133: Subtask extract_numbeo_prices_from_city
[2023-10-29T09:07:29.267+0000] {clientserver.py:505} INFO - Error while sending or receiving.
Traceback (most recent call last):
  File "/home/airflow/.local/lib/python3.8/site-packages/py4j/clientserver.py", line 503, in send_command
    self.socket.sendall(command.encode("utf-8"))
ConnectionResetError: [Errno 104] Connection reset by peer
[2023-10-29T09:07:29.270+0000] {clientserver.py:543} INFO - Closing down clientserver connection
[2023-10-29T09:07:29.271+0000] {java_gateway.py:1052} INFO - Exception while sending command.
Traceback (most recent call last):
  File "/home/airflow/.local/lib/python3.8/site-packages/py4j/clientserver.py", line 503, in send_command
    self.socket.sendall(command.encode("utf-8"))
ConnectionResetError: [Errno 104] Connection reset by peer

During handling of the above exception, another exception occurred:

Traceback (most recent call last):
  File "/home/airflow/.local/lib/python3.8/site-packages/py4j/java_gateway.py", line 1038, in send_command
    response = connection.send_command(command)
  File "/home/airflow/.local/lib/python3.8/site-packages/py4j/clientserver.py", line 506, in send_command
    raise Py4JNetworkError(
py4j.protocol.Py4JNetworkError: Error while sending
[2023-10-29T09:07:29.274+0000] {clientserver.py:543} INFO - Closing down clientserver connection
[2023-10-29T09:07:29.285+0000] {logging_mixin.py:151} INFO - Changing /opt/***/logs/dag_id=col_api_etl/run_id=manual__2023-10-29T08:51:07.580922+00:00/task_id=extract_numbeo_prices_from_city permission to 509
[2023-10-29T09:07:29.286+0000] {logging_mixin.py:151} INFO - Failed to change /opt/***/logs/dag_id=col_api_etl/run_id=manual__2023-10-29T08:51:07.580922+00:00/task_id=extract_numbeo_prices_from_city permission to 509: [Errno 1] Operation not permitted: '/opt/***/logs/dag_id=col_api_etl/run_id=manual__2023-10-29T08:51:07.580922+00:00/task_id=extract_numbeo_prices_from_city'
[2023-10-29T09:07:29.289+0000] {task_command.py:415} INFO - Running <TaskInstance: col_api_etl.extract_numbeo_prices_from_city manual__2023-10-29T08:51:07.580922+00:00 [running]> on host ea85de3a6109
[2023-10-29T09:07:29.410+0000] {taskinstance.py:1660} INFO - Exporting env vars: AIRFLOW_CTX_DAG_OWNER='***' AIRFLOW_CTX_DAG_ID='col_api_etl' AIRFLOW_CTX_TASK_ID='extract_numbeo_prices_from_city' AIRFLOW_CTX_EXECUTION_DATE='2023-10-29T08:51:07.580922+00:00' AIRFLOW_CTX_TRY_NUMBER='2' AIRFLOW_CTX_DAG_RUN_ID='manual__2023-10-29T08:51:07.580922+00:00'
[2023-10-29T09:07:31.124+0000] {logging_mixin.py:151} INFO - Dubai
[2023-10-29T09:07:36.852+0000] {logging_mixin.py:151} INFO - Abu-Dhabi
[2023-10-29T09:07:42.525+0000] {logging_mixin.py:151} INFO - Sharjah
[2023-10-29T09:07:48.286+0000] {logging_mixin.py:151} INFO - Perth
[2023-10-29T09:07:53.980+0000] {logging_mixin.py:151} INFO - Melbourne
[2023-10-29T09:07:59.622+0000] {logging_mixin.py:151} INFO - Sydney
[2023-10-29T09:08:05.441+0000] {logging_mixin.py:151} INFO - Brisbane
[2023-10-29T09:08:11.216+0000] {logging_mixin.py:151} INFO - Hobart
[2023-10-29T09:08:16.550+0000] {logging_mixin.py:151} INFO - Adelaide
[2023-10-29T09:08:22.383+0000] {logging_mixin.py:151} INFO - Canberra
[2023-10-29T09:08:28.035+0000] {logging_mixin.py:151} INFO - Darwin
[2023-10-29T09:08:33.409+0000] {logging_mixin.py:151} INFO - Sarajevo
[2023-10-29T09:08:39.178+0000] {logging_mixin.py:151} INFO - Manama
[2023-10-29T09:08:44.771+0000] {logging_mixin.py:151} INFO - Sofia
[2023-10-29T09:08:50.891+0000] {logging_mixin.py:151} INFO - Sao-Paulo
[2023-10-29T09:08:56.761+0000] {logging_mixin.py:151} INFO - Rio-De-Janeiro
[2023-10-29T09:09:02.440+0000] {logging_mixin.py:151} INFO - Brasilia
[2023-10-29T09:09:08.096+0000] {logging_mixin.py:151} INFO - Toronto
[2023-10-29T09:09:14.165+0000] {logging_mixin.py:151} INFO - Montreal
[2023-10-29T09:09:20.044+0000] {logging_mixin.py:151} INFO - Vancouver
[2023-10-29T09:09:25.617+0000] {logging_mixin.py:151} INFO - Ottawa
[2023-10-29T09:09:31.268+0000] {logging_mixin.py:151} INFO - Calgary
[2023-10-29T09:09:36.870+0000] {logging_mixin.py:151} INFO - Edmonton
[2023-10-29T09:09:42.665+0000] {logging_mixin.py:151} INFO - Halifax
[2023-10-29T09:09:48.307+0000] {logging_mixin.py:151} INFO - Quebec-City
[2023-10-29T09:09:54.028+0000] {logging_mixin.py:151} INFO - Zurich
[2023-10-29T09:09:59.731+0000] {logging_mixin.py:151} INFO - Geneva
[2023-10-29T09:10:05.319+0000] {logging_mixin.py:151} INFO - Zug
[2023-10-29T09:10:10.688+0000] {logging_mixin.py:151} INFO - Basel
[2023-10-29T09:10:16.410+0000] {logging_mixin.py:151} INFO - Bern
[2023-10-29T09:10:22.002+0000] {logging_mixin.py:151} INFO - Lausanne
[2023-10-29T09:10:27.886+0000] {logging_mixin.py:151} INFO - Lugano
[2023-10-29T09:10:33.709+0000] {logging_mixin.py:151} INFO - Vaduz
[2023-10-29T09:10:39.005+0000] {logging_mixin.py:151} INFO - Santiago
[2023-10-29T09:10:44.746+0000] {logging_mixin.py:151} INFO - Chongqing
[2023-10-29T09:10:50.051+0000] {logging_mixin.py:151} INFO - Shanghai
[2023-10-29T09:10:55.698+0000] {logging_mixin.py:151} INFO - Beijing
[2023-10-29T09:11:01.647+0000] {logging_mixin.py:151} INFO - Chengdu
[2023-10-29T09:11:06.977+0000] {logging_mixin.py:151} INFO - Guangzhou
[2023-10-29T09:11:12.307+0000] {logging_mixin.py:151} INFO - Shenzhen
[2023-10-29T09:11:17.943+0000] {logging_mixin.py:151} INFO - Bogota
[2023-10-29T09:11:23.780+0000] {logging_mixin.py:151} INFO - Medellin
[2023-10-29T09:11:29.672+0000] {logging_mixin.py:151} INFO - Cali
[2023-10-29T09:11:35.378+0000] {logging_mixin.py:151} INFO - Cartagena
[2023-10-29T09:11:40.704+0000] {logging_mixin.py:151} INFO - San-Jose
[2023-10-29T09:11:46.032+0000] {logging_mixin.py:151} INFO - Prague
[2023-10-29T09:11:51.951+0000] {logging_mixin.py:151} INFO - Brno
[2023-10-29T09:11:57.653+0000] {logging_mixin.py:151} INFO - Ostrava
[2023-10-29T09:12:03.213+0000] {logging_mixin.py:151} INFO - Copenhagen
[2023-10-29T09:12:08.887+0000] {logging_mixin.py:151} INFO - Aarhus
[2023-10-29T09:12:14.979+0000] {logging_mixin.py:151} INFO - Aalborg
[2023-10-29T09:12:20.338+0000] {logging_mixin.py:151} INFO - Andorra-La-Vella
[2023-10-29T09:12:25.751+0000] {logging_mixin.py:151} INFO - Vienna
[2023-10-29T09:12:31.372+0000] {logging_mixin.py:151} INFO - Salzburg
[2023-10-29T09:12:36.754+0000] {logging_mixin.py:151} INFO - Graz
[2023-10-29T09:12:42.061+0000] {logging_mixin.py:151} INFO - Linz
[2023-10-29T09:12:47.598+0000] {logging_mixin.py:151} INFO - Innsbruck
[2023-10-29T09:12:53.179+0000] {logging_mixin.py:151} INFO - Brussels
[2023-10-29T09:12:58.799+0000] {logging_mixin.py:151} INFO - Antwerp
[2023-10-29T09:13:04.692+0000] {logging_mixin.py:151} INFO - Gent
[2023-10-29T09:13:10.016+0000] {logging_mixin.py:151} INFO - Liege
[2023-10-29T09:13:15.387+0000] {logging_mixin.py:151} INFO - Brugge
[2023-10-29T09:13:20.841+0000] {logging_mixin.py:151} INFO - Zagreb
[2023-10-29T09:13:26.518+0000] {logging_mixin.py:151} INFO - Split
[2023-10-29T09:13:31.846+0000] {logging_mixin.py:151} INFO - Dubrovnik
[2023-10-29T09:13:37.540+0000] {logging_mixin.py:151} INFO - Nicosia
[2023-10-29T09:13:43.435+0000] {logging_mixin.py:151} INFO - Tallinn
[2023-10-29T09:13:49.355+0000] {logging_mixin.py:151} INFO - Tartu
[2023-10-29T09:13:55.263+0000] {logging_mixin.py:151} INFO - Helsinki
[2023-10-29T09:14:00.865+0000] {logging_mixin.py:151} INFO - Turku
[2023-10-29T09:14:06.349+0000] {logging_mixin.py:151} INFO - Tampere
[2023-10-29T09:14:11.932+0000] {logging_mixin.py:151} INFO - Oulu
[2023-10-29T09:14:17.575+0000] {logging_mixin.py:151} INFO - Paris
[2023-10-29T09:14:23.275+0000] {logging_mixin.py:151} INFO - Marseille
[2023-10-29T09:14:28.941+0000] {logging_mixin.py:151} INFO - Lyon
[2023-10-29T09:14:34.675+0000] {logging_mixin.py:151} INFO - Toulouse
[2023-10-29T09:14:40.337+0000] {logging_mixin.py:151} INFO - Nice
[2023-10-29T09:14:45.730+0000] {logging_mixin.py:151} INFO - Nantes
[2023-10-29T09:14:51.771+0000] {logging_mixin.py:151} INFO - Montpellier
[2023-10-29T09:14:57.448+0000] {logging_mixin.py:151} INFO - Berlin
[2023-10-29T09:15:03.154+0000] {logging_mixin.py:151} INFO - Hamburg
[2023-10-29T09:15:08.794+0000] {logging_mixin.py:151} INFO - Munich
[2023-10-29T09:15:14.421+0000] {logging_mixin.py:151} INFO - Stuttgart
[2023-10-29T09:15:19.771+0000] {logging_mixin.py:151} INFO - Frankfurt
[2023-10-29T09:15:25.496+0000] {logging_mixin.py:151} INFO - Cologne
[2023-10-29T09:15:31.197+0000] {logging_mixin.py:151} INFO - Dusseldorf
[2023-10-29T09:15:36.565+0000] {logging_mixin.py:151} INFO - Hanover
[2023-10-29T09:15:42.542+0000] {logging_mixin.py:151} INFO - Dresden
[2023-10-29T09:15:48.354+0000] {logging_mixin.py:151} INFO - Leipzig
[2023-10-29T09:15:53.722+0000] {logging_mixin.py:151} INFO - Athens
[2023-10-29T09:15:59.495+0000] {logging_mixin.py:151} INFO - Crete
[2023-10-29T09:16:04.809+0000] {logging_mixin.py:151} INFO - Thessaloniki
[2023-10-29T09:16:10.387+0000] {logging_mixin.py:151} INFO - Dublin
[2023-10-29T09:16:16.469+0000] {logging_mixin.py:151} INFO - Cork
[2023-10-29T09:16:22.302+0000] {logging_mixin.py:151} INFO - Galway
[2023-10-29T09:16:27.926+0000] {logging_mixin.py:151} INFO - Limerick
[2023-10-29T09:16:33.500+0000] {logging_mixin.py:151} INFO - Rome
[2023-10-29T09:16:39.218+0000] {logging_mixin.py:151} INFO - Milan
[2023-10-29T09:16:44.810+0000] {logging_mixin.py:151} INFO - Naples
[2023-10-29T09:16:50.391+0000] {logging_mixin.py:151} INFO - Turin
[2023-10-29T09:16:56.213+0000] {logging_mixin.py:151} INFO - Palermo
[2023-10-29T09:17:01.612+0000] {logging_mixin.py:151} INFO - Genoa
[2023-10-29T09:17:07.298+0000] {logging_mixin.py:151} INFO - Bologna
[2023-10-29T09:17:12.974+0000] {logging_mixin.py:151} INFO - Florence
[2023-10-29T09:17:18.303+0000] {logging_mixin.py:151} INFO - Venice
[2023-10-29T09:17:23.976+0000] {logging_mixin.py:151} INFO - Riga
[2023-10-29T09:17:29.655+0000] {logging_mixin.py:151} INFO - Vilnius
[2023-10-29T09:17:35.320+0000] {logging_mixin.py:151} INFO - Luxembourg
[2023-10-29T09:17:41.048+0000] {logging_mixin.py:151} INFO - Valletta
[2023-10-29T09:17:46.676+0000] {logging_mixin.py:151} INFO - Podgorica
[2023-10-29T09:17:52.033+0000] {logging_mixin.py:151} INFO - Monaco
[2023-10-29T09:17:57.420+0000] {logging_mixin.py:151} INFO - Amsterdam
[2023-10-29T09:18:03.179+0000] {logging_mixin.py:151} INFO - Rotterdam
[2023-10-29T09:18:09.219+0000] {logging_mixin.py:151} INFO - Eindhoven
[2023-10-29T09:18:15.250+0000] {logging_mixin.py:151} INFO - The-Hague
[2023-10-29T09:18:21.025+0000] {logging_mixin.py:151} INFO - Groningen
[2023-10-29T09:18:26.726+0000] {logging_mixin.py:151} INFO - Tilburg
[2023-10-29T09:18:32.303+0000] {logging_mixin.py:151} INFO - Lisbon
[2023-10-29T09:18:37.902+0000] {logging_mixin.py:151} INFO - Porto
[2023-10-29T09:18:43.211+0000] {logging_mixin.py:151} INFO - Braga
[2023-10-29T09:18:48.522+0000] {logging_mixin.py:151} INFO - Funchal
[2023-10-29T09:18:53.811+0000] {logging_mixin.py:151} INFO - San-Marino
[2023-10-29T09:18:59.383+0000] {logging_mixin.py:151} INFO - Bratislava
[2023-10-29T09:19:05.051+0000] {logging_mixin.py:151} INFO - Ljubljana
[2023-10-29T09:19:10.635+0000] {logging_mixin.py:151} INFO - Madrid
[2023-10-29T09:19:16.208+0000] {logging_mixin.py:151} INFO - Barcelona
[2023-10-29T09:19:21.817+0000] {logging_mixin.py:151} INFO - Santa-Cruz-De-Tenerife
[2023-10-29T09:19:27.099+0000] {logging_mixin.py:151} INFO - Valencia
[2023-10-29T09:19:32.857+0000] {logging_mixin.py:151} INFO - Seville
[2023-10-29T09:19:38.475+0000] {logging_mixin.py:151} INFO - Zaragoza
[2023-10-29T09:19:44.038+0000] {logging_mixin.py:151} INFO - Malaga
[2023-10-29T09:19:50.063+0000] {logging_mixin.py:151} INFO - Bilbao
[2023-10-29T09:19:55.716+0000] {logging_mixin.py:151} INFO - Alicante
[2023-10-29T09:20:01.164+0000] {logging_mixin.py:151} INFO - Las-Palmas
[2023-10-29T09:20:06.528+0000] {logging_mixin.py:151} INFO - Tbilisi
[2023-10-29T09:20:12.278+0000] {logging_mixin.py:151} INFO - Hong-Kong
[2023-10-29T09:20:17.963+0000] {logging_mixin.py:151} INFO - Budapest
[2023-10-29T09:20:23.641+0000] {logging_mixin.py:151} INFO - Reykjavik
[2023-10-29T09:20:29.410+0000] {logging_mixin.py:151} INFO - Tel-Aviv
[2023-10-29T09:20:35.112+0000] {logging_mixin.py:151} INFO - Jerusalem
[2023-10-29T09:20:41.085+0000] {logging_mixin.py:151} INFO - Tokyo
[2023-10-29T09:20:46.746+0000] {logging_mixin.py:151} INFO - Osaka
[2023-10-29T09:20:52.489+0000] {logging_mixin.py:151} INFO - Sapporo
[2023-10-29T09:20:57.805+0000] {logging_mixin.py:151} INFO - Yokohama
[2023-10-29T09:21:03.082+0000] {logging_mixin.py:151} INFO - Nagoya
[2023-10-29T09:21:08.665+0000] {logging_mixin.py:151} INFO - Kobe
[2023-10-29T09:21:14.082+0000] {logging_mixin.py:151} INFO - Fukuoka
[2023-10-29T09:21:19.423+0000] {logging_mixin.py:151} INFO - Kawasaki
[2023-10-29T09:21:24.837+0000] {logging_mixin.py:151} INFO - Seoul
[2023-10-29T09:21:30.516+0000] {logging_mixin.py:151} INFO - Busan
[2023-10-29T09:21:36.251+0000] {logging_mixin.py:151} INFO - Incheon
[2023-10-29T09:21:41.635+0000] {logging_mixin.py:151} INFO - Daegu
[2023-10-29T09:21:46.994+0000] {logging_mixin.py:151} INFO - Kuwait-City
[2023-10-29T09:21:52.683+0000] {logging_mixin.py:151} INFO - Macau
[2023-10-29T09:21:58.016+0000] {logging_mixin.py:151} INFO - Kuala-Lumpur
[2023-10-29T09:22:03.642+0000] {logging_mixin.py:151} INFO - Johor-Bahru
[2023-10-29T09:22:08.973+0000] {logging_mixin.py:151} INFO - George-Town
[2023-10-29T09:22:14.368+0000] {logging_mixin.py:151} INFO - Malacca
[2023-10-29T09:22:19.689+0000] {logging_mixin.py:151} INFO - Kota-Kinabalu
[2023-10-29T09:22:25.432+0000] {logging_mixin.py:151} INFO - Ipoh
[2023-10-29T09:22:30.744+0000] {logging_mixin.py:151} INFO - Mexico-City
[2023-10-29T09:22:36.410+0000] {logging_mixin.py:151} INFO - Tijuana
[2023-10-29T09:22:41.942+0000] {logging_mixin.py:151} INFO - Guadalajara
[2023-10-29T09:22:47.317+0000] {logging_mixin.py:151} INFO - Cancun
[2023-10-29T09:22:52.995+0000] {logging_mixin.py:151} INFO - Playa-Del-Carmen
[2023-10-29T09:22:58.315+0000] {taskinstance.py:1943} ERROR - Task failed with exception
Traceback (most recent call last):
  File "/home/airflow/.local/lib/python3.8/site-packages/airflow/operators/python.py", line 192, in execute
    return_value = self.execute_callable()
  File "/home/airflow/.local/lib/python3.8/site-packages/airflow/operators/python.py", line 209, in execute_callable
    return self.python_callable(*self.op_args, **self.op_kwargs)
  File "/opt/airflow/dags/scripts/extraction.py", line 160, in extract_numbeo_prices_from_city
    prices_table = numbeo_prices_city_html.find('table', {'class': 'data_wide_table new_bar_table'}).find_all('tr')
AttributeError: 'NoneType' object has no attribute 'find_all'
[2023-10-29T09:22:58.342+0000] {taskinstance.py:1400} INFO - Marking task as FAILED. dag_id=col_api_etl, task_id=extract_numbeo_prices_from_city, execution_date=20231029T085107, start_date=20231029T090729, end_date=20231029T092258
[2023-10-29T09:22:58.372+0000] {standard_task_runner.py:104} ERROR - Failed to execute job 1133 for task extract_numbeo_prices_from_city ('NoneType' object has no attribute 'find_all'; 147962)
[2023-10-29T09:22:58.424+0000] {local_task_job_runner.py:228} INFO - Task exited with return code 1
