[2023-10-28T12:27:29.233+0000] {logging_mixin.py:151} INFO - Changing /opt/***/logs/dag_id=col_api_etl/run_id=manual__2023-10-28T12:18:57.271435+00:00/task_id=extract_numbeo_prices_from_city permission to 509
[2023-10-28T12:27:29.234+0000] {logging_mixin.py:151} INFO - Failed to change /opt/***/logs/dag_id=col_api_etl/run_id=manual__2023-10-28T12:18:57.271435+00:00/task_id=extract_numbeo_prices_from_city permission to 509: [Errno 1] Operation not permitted: '/opt/***/logs/dag_id=col_api_etl/run_id=manual__2023-10-28T12:18:57.271435+00:00/task_id=extract_numbeo_prices_from_city'
[2023-10-28T12:27:29.266+0000] {logging_mixin.py:151} INFO - Changing /opt/***/logs/dag_id=col_api_etl/run_id=manual__2023-10-28T12:18:57.271435+00:00/task_id=extract_numbeo_prices_from_city permission to 509
[2023-10-28T12:27:29.267+0000] {logging_mixin.py:151} INFO - Failed to change /opt/***/logs/dag_id=col_api_etl/run_id=manual__2023-10-28T12:18:57.271435+00:00/task_id=extract_numbeo_prices_from_city permission to 509: [Errno 1] Operation not permitted: '/opt/***/logs/dag_id=col_api_etl/run_id=manual__2023-10-28T12:18:57.271435+00:00/task_id=extract_numbeo_prices_from_city'
[2023-10-28T12:27:29.308+0000] {taskinstance.py:1159} INFO - Dependencies all met for dep_context=non-requeueable deps ti=<TaskInstance: col_api_etl.extract_numbeo_prices_from_city manual__2023-10-28T12:18:57.271435+00:00 [queued]>
[2023-10-28T12:27:29.319+0000] {taskinstance.py:1159} INFO - Dependencies all met for dep_context=requeueable deps ti=<TaskInstance: col_api_etl.extract_numbeo_prices_from_city manual__2023-10-28T12:18:57.271435+00:00 [queued]>
[2023-10-28T12:27:29.319+0000] {taskinstance.py:1361} INFO - Starting attempt 1 of 2
[2023-10-28T12:27:29.333+0000] {taskinstance.py:1382} INFO - Executing <Task(PythonOperator): extract_numbeo_prices_from_city> on 2023-10-28 12:18:57.271435+00:00
[2023-10-28T12:27:29.341+0000] {clientserver.py:543} INFO - Closing down clientserver connection
[2023-10-28T12:27:29.340+0000] {standard_task_runner.py:57} INFO - Started process 10759 to run task
[2023-10-28T12:27:29.345+0000] {standard_task_runner.py:84} INFO - Running: ['***', 'tasks', 'run', 'col_api_etl', 'extract_numbeo_prices_from_city', 'manual__2023-10-28T12:18:57.271435+00:00', '--job-id', '1083', '--raw', '--subdir', 'DAGS_FOLDER/col_api_etl.py', '--cfg-path', '/tmp/tmpxn5w0pk2']
[2023-10-28T12:27:29.347+0000] {standard_task_runner.py:85} INFO - Job 1083: Subtask extract_numbeo_prices_from_city
[2023-10-28T12:27:29.394+0000] {logging_mixin.py:151} INFO - Changing /opt/***/logs/dag_id=col_api_etl/run_id=manual__2023-10-28T12:18:57.271435+00:00/task_id=extract_numbeo_prices_from_city permission to 509
[2023-10-28T12:27:29.395+0000] {logging_mixin.py:151} INFO - Failed to change /opt/***/logs/dag_id=col_api_etl/run_id=manual__2023-10-28T12:18:57.271435+00:00/task_id=extract_numbeo_prices_from_city permission to 509: [Errno 1] Operation not permitted: '/opt/***/logs/dag_id=col_api_etl/run_id=manual__2023-10-28T12:18:57.271435+00:00/task_id=extract_numbeo_prices_from_city'
[2023-10-28T12:27:29.398+0000] {task_command.py:415} INFO - Running <TaskInstance: col_api_etl.extract_numbeo_prices_from_city manual__2023-10-28T12:18:57.271435+00:00 [running]> on host ea85de3a6109
[2023-10-28T12:27:29.482+0000] {taskinstance.py:1660} INFO - Exporting env vars: AIRFLOW_CTX_DAG_OWNER='***' AIRFLOW_CTX_DAG_ID='col_api_etl' AIRFLOW_CTX_TASK_ID='extract_numbeo_prices_from_city' AIRFLOW_CTX_EXECUTION_DATE='2023-10-28T12:18:57.271435+00:00' AIRFLOW_CTX_TRY_NUMBER='1' AIRFLOW_CTX_DAG_RUN_ID='manual__2023-10-28T12:18:57.271435+00:00'
[2023-10-28T12:27:29.875+0000] {clientserver.py:505} INFO - Error while sending or receiving.
Traceback (most recent call last):
  File "/home/airflow/.local/lib/python3.8/site-packages/py4j/clientserver.py", line 503, in send_command
    self.socket.sendall(command.encode("utf-8"))
ConnectionResetError: [Errno 104] Connection reset by peer
[2023-10-28T12:27:29.877+0000] {clientserver.py:543} INFO - Closing down clientserver connection
[2023-10-28T12:27:29.878+0000] {java_gateway.py:1052} INFO - Exception while sending command.
Traceback (most recent call last):
  File "/home/airflow/.local/lib/python3.8/site-packages/py4j/clientserver.py", line 503, in send_command
    self.socket.sendall(command.encode("utf-8"))
ConnectionResetError: [Errno 104] Connection reset by peer

During handling of the above exception, another exception occurred:

Traceback (most recent call last):
  File "/home/airflow/.local/lib/python3.8/site-packages/py4j/java_gateway.py", line 1038, in send_command
    response = connection.send_command(command)
  File "/home/airflow/.local/lib/python3.8/site-packages/py4j/clientserver.py", line 506, in send_command
    raise Py4JNetworkError(
py4j.protocol.Py4JNetworkError: Error while sending
[2023-10-28T12:27:29.881+0000] {clientserver.py:543} INFO - Closing down clientserver connection
[2023-10-28T12:28:22.604+0000] {taskinstance.py:1943} ERROR - Task failed with exception
Traceback (most recent call last):
  File "/home/airflow/.local/lib/python3.8/site-packages/airflow/operators/python.py", line 192, in execute
    return_value = self.execute_callable()
  File "/home/airflow/.local/lib/python3.8/site-packages/airflow/operators/python.py", line 209, in execute_callable
    return self.python_callable(*self.op_args, **self.op_kwargs)
  File "/opt/airflow/dags/scripts/extraction.py", line 134, in extract_numbeo_prices_from_city
    prices_table = numbeo_prices_city_html.find('table', {'class': 'data_wide_table new_bar_table'}).find_all('tr')
AttributeError: 'NoneType' object has no attribute 'find_all'
[2023-10-28T12:28:22.628+0000] {taskinstance.py:1400} INFO - Marking task as UP_FOR_RETRY. dag_id=col_api_etl, task_id=extract_numbeo_prices_from_city, execution_date=20231028T121857, start_date=20231028T122729, end_date=20231028T122822
[2023-10-28T12:28:22.640+0000] {standard_task_runner.py:104} ERROR - Failed to execute job 1083 for task extract_numbeo_prices_from_city ('NoneType' object has no attribute 'find_all'; 10759)
[2023-10-28T12:28:22.672+0000] {local_task_job_runner.py:228} INFO - Task exited with return code 1
