[2023-10-30T00:00:15.956+0000] {logging_mixin.py:151} INFO - Changing /opt/***/logs/dag_id=col_api_etl/run_id=scheduled__2023-10-29T00:00:00+00:00/task_id=extract_numbeo_prices_from_city permission to 509
[2023-10-30T00:00:15.957+0000] {logging_mixin.py:151} INFO - Failed to change /opt/***/logs/dag_id=col_api_etl/run_id=scheduled__2023-10-29T00:00:00+00:00/task_id=extract_numbeo_prices_from_city permission to 509: [Errno 1] Operation not permitted: '/opt/***/logs/dag_id=col_api_etl/run_id=scheduled__2023-10-29T00:00:00+00:00/task_id=extract_numbeo_prices_from_city'
[2023-10-30T00:00:15.988+0000] {logging_mixin.py:151} INFO - Changing /opt/***/logs/dag_id=col_api_etl/run_id=scheduled__2023-10-29T00:00:00+00:00/task_id=extract_numbeo_prices_from_city permission to 509
[2023-10-30T00:00:15.989+0000] {logging_mixin.py:151} INFO - Failed to change /opt/***/logs/dag_id=col_api_etl/run_id=scheduled__2023-10-29T00:00:00+00:00/task_id=extract_numbeo_prices_from_city permission to 509: [Errno 1] Operation not permitted: '/opt/***/logs/dag_id=col_api_etl/run_id=scheduled__2023-10-29T00:00:00+00:00/task_id=extract_numbeo_prices_from_city'
[2023-10-30T00:00:16.026+0000] {taskinstance.py:1159} INFO - Dependencies all met for dep_context=non-requeueable deps ti=<TaskInstance: col_api_etl.extract_numbeo_prices_from_city scheduled__2023-10-29T00:00:00+00:00 [queued]>
[2023-10-30T00:00:16.036+0000] {taskinstance.py:1159} INFO - Dependencies all met for dep_context=requeueable deps ti=<TaskInstance: col_api_etl.extract_numbeo_prices_from_city scheduled__2023-10-29T00:00:00+00:00 [queued]>
[2023-10-30T00:00:16.036+0000] {taskinstance.py:1361} INFO - Starting attempt 1 of 2
[2023-10-30T00:00:16.051+0000] {taskinstance.py:1382} INFO - Executing <Task(PythonOperator): extract_numbeo_prices_from_city> on 2023-10-29 00:00:00+00:00
[2023-10-30T00:00:16.058+0000] {standard_task_runner.py:57} INFO - Started process 24855 to run task
[2023-10-30T00:00:16.058+0000] {clientserver.py:543} INFO - Closing down clientserver connection
[2023-10-30T00:00:16.062+0000] {standard_task_runner.py:84} INFO - Running: ['***', 'tasks', 'run', 'col_api_etl', 'extract_numbeo_prices_from_city', 'scheduled__2023-10-29T00:00:00+00:00', '--job-id', '1136', '--raw', '--subdir', 'DAGS_FOLDER/col_api_etl.py', '--cfg-path', '/tmp/tmpmpylr44_']
[2023-10-30T00:00:16.064+0000] {standard_task_runner.py:85} INFO - Job 1136: Subtask extract_numbeo_prices_from_city
[2023-10-30T00:00:16.106+0000] {logging_mixin.py:151} INFO - Changing /opt/***/logs/dag_id=col_api_etl/run_id=scheduled__2023-10-29T00:00:00+00:00/task_id=extract_numbeo_prices_from_city permission to 509
[2023-10-30T00:00:16.107+0000] {logging_mixin.py:151} INFO - Failed to change /opt/***/logs/dag_id=col_api_etl/run_id=scheduled__2023-10-29T00:00:00+00:00/task_id=extract_numbeo_prices_from_city permission to 509: [Errno 1] Operation not permitted: '/opt/***/logs/dag_id=col_api_etl/run_id=scheduled__2023-10-29T00:00:00+00:00/task_id=extract_numbeo_prices_from_city'
[2023-10-30T00:00:16.109+0000] {task_command.py:415} INFO - Running <TaskInstance: col_api_etl.extract_numbeo_prices_from_city scheduled__2023-10-29T00:00:00+00:00 [running]> on host ea85de3a6109
[2023-10-30T00:00:16.193+0000] {taskinstance.py:1660} INFO - Exporting env vars: AIRFLOW_CTX_DAG_OWNER='***' AIRFLOW_CTX_DAG_ID='col_api_etl' AIRFLOW_CTX_TASK_ID='extract_numbeo_prices_from_city' AIRFLOW_CTX_EXECUTION_DATE='2023-10-29T00:00:00+00:00' AIRFLOW_CTX_TRY_NUMBER='1' AIRFLOW_CTX_DAG_RUN_ID='scheduled__2023-10-29T00:00:00+00:00'
[2023-10-30T00:00:16.454+0000] {clientserver.py:505} INFO - Error while sending or receiving.
Traceback (most recent call last):
  File "/home/airflow/.local/lib/python3.8/site-packages/py4j/clientserver.py", line 503, in send_command
    self.socket.sendall(command.encode("utf-8"))
ConnectionResetError: [Errno 104] Connection reset by peer
[2023-10-30T00:00:16.455+0000] {clientserver.py:543} INFO - Closing down clientserver connection
[2023-10-30T00:00:16.456+0000] {java_gateway.py:1052} INFO - Exception while sending command.
Traceback (most recent call last):
  File "/home/airflow/.local/lib/python3.8/site-packages/py4j/clientserver.py", line 503, in send_command
    self.socket.sendall(command.encode("utf-8"))
ConnectionResetError: [Errno 104] Connection reset by peer

During handling of the above exception, another exception occurred:

Traceback (most recent call last):
  File "/home/airflow/.local/lib/python3.8/site-packages/py4j/java_gateway.py", line 1038, in send_command
    response = connection.send_command(command)
  File "/home/airflow/.local/lib/python3.8/site-packages/py4j/clientserver.py", line 506, in send_command
    raise Py4JNetworkError(
py4j.protocol.Py4JNetworkError: Error while sending
[2023-10-30T00:00:16.458+0000] {clientserver.py:543} INFO - Closing down clientserver connection
[2023-10-30T00:00:17.668+0000] {logging_mixin.py:151} INFO - Dubai
[2023-10-30T00:00:23.310+0000] {logging_mixin.py:151} INFO - Abu-Dhabi
[2023-10-30T00:00:28.958+0000] {logging_mixin.py:151} INFO - Sharjah
[2023-10-30T00:00:34.671+0000] {logging_mixin.py:151} INFO - Perth
[2023-10-30T00:00:40.305+0000] {logging_mixin.py:151} INFO - Melbourne
[2023-10-30T00:00:46.093+0000] {logging_mixin.py:151} INFO - Sydney
[2023-10-30T00:00:51.847+0000] {logging_mixin.py:151} INFO - Brisbane
[2023-10-30T00:00:57.513+0000] {logging_mixin.py:151} INFO - Hobart
[2023-10-30T00:01:02.923+0000] {logging_mixin.py:151} INFO - Adelaide
[2023-10-30T00:01:08.602+0000] {logging_mixin.py:151} INFO - Canberra
[2023-10-30T00:01:14.299+0000] {logging_mixin.py:151} INFO - Darwin
[2023-10-30T00:01:19.661+0000] {logging_mixin.py:151} INFO - Sarajevo
[2023-10-30T00:01:25.321+0000] {logging_mixin.py:151} INFO - Manama
[2023-10-30T00:01:30.675+0000] {logging_mixin.py:151} INFO - Sofia
[2023-10-30T00:01:36.365+0000] {logging_mixin.py:151} INFO - Sao-Paulo
[2023-10-30T00:01:42.287+0000] {logging_mixin.py:151} INFO - Rio-De-Janeiro
[2023-10-30T00:01:48.115+0000] {logging_mixin.py:151} INFO - Brasilia
[2023-10-30T00:01:53.748+0000] {logging_mixin.py:151} INFO - Toronto
[2023-10-30T00:01:59.361+0000] {logging_mixin.py:151} INFO - Montreal
[2023-10-30T00:02:04.954+0000] {logging_mixin.py:151} INFO - Vancouver
[2023-10-30T00:02:10.665+0000] {logging_mixin.py:151} INFO - Ottawa
[2023-10-30T00:02:16.280+0000] {logging_mixin.py:151} INFO - Calgary
[2023-10-30T00:02:21.987+0000] {logging_mixin.py:151} INFO - Edmonton
[2023-10-30T00:02:27.966+0000] {logging_mixin.py:151} INFO - Halifax
[2023-10-30T00:02:33.505+0000] {logging_mixin.py:151} INFO - Quebec-City
[2023-10-30T00:02:39.155+0000] {logging_mixin.py:151} INFO - Zurich
[2023-10-30T00:02:44.790+0000] {logging_mixin.py:151} INFO - Geneva
[2023-10-30T00:02:50.412+0000] {logging_mixin.py:151} INFO - Zug
[2023-10-30T00:02:56.026+0000] {logging_mixin.py:151} INFO - Basel
[2023-10-30T00:03:01.703+0000] {logging_mixin.py:151} INFO - Bern
[2023-10-30T00:03:07.262+0000] {logging_mixin.py:151} INFO - Lausanne
[2023-10-30T00:03:12.580+0000] {logging_mixin.py:151} INFO - Lugano
[2023-10-30T00:03:18.569+0000] {logging_mixin.py:151} INFO - Vaduz
[2023-10-30T00:03:23.895+0000] {logging_mixin.py:151} INFO - Santiago
[2023-10-30T00:03:29.536+0000] {logging_mixin.py:151} INFO - Chongqing
[2023-10-30T00:03:34.908+0000] {logging_mixin.py:151} INFO - Shanghai
[2023-10-30T00:03:40.775+0000] {logging_mixin.py:151} INFO - Beijing
[2023-10-30T00:03:46.372+0000] {logging_mixin.py:151} INFO - Chengdu
[2023-10-30T00:03:52.165+0000] {logging_mixin.py:151} INFO - Guangzhou
[2023-10-30T00:03:57.781+0000] {logging_mixin.py:151} INFO - Shenzhen
[2023-10-30T00:04:03.417+0000] {logging_mixin.py:151} INFO - Bogota
[2023-10-30T00:04:09.192+0000] {logging_mixin.py:151} INFO - Medellin
[2023-10-30T00:04:14.847+0000] {logging_mixin.py:151} INFO - Cali
[2023-10-30T00:04:20.426+0000] {logging_mixin.py:151} INFO - Cartagena
[2023-10-30T00:04:25.803+0000] {logging_mixin.py:151} INFO - San-Jose
[2023-10-30T00:04:32.220+0000] {logging_mixin.py:151} INFO - Prague
[2023-10-30T00:04:38.005+0000] {logging_mixin.py:151} INFO - Brno
[2023-10-30T00:04:43.623+0000] {logging_mixin.py:151} INFO - Ostrava
[2023-10-30T00:04:49.266+0000] {logging_mixin.py:151} INFO - Copenhagen
[2023-10-30T00:04:54.997+0000] {logging_mixin.py:151} INFO - Aarhus
[2023-10-30T00:05:01.105+0000] {logging_mixin.py:151} INFO - Aalborg
[2023-10-30T00:05:06.655+0000] {logging_mixin.py:151} INFO - Andorra-La-Vella
[2023-10-30T00:05:11.960+0000] {logging_mixin.py:151} INFO - Vienna
[2023-10-30T00:05:17.648+0000] {logging_mixin.py:151} INFO - Salzburg
[2023-10-30T00:05:23.356+0000] {logging_mixin.py:151} INFO - Graz
[2023-10-30T00:05:28.938+0000] {logging_mixin.py:151} INFO - Linz
[2023-10-30T00:05:34.487+0000] {logging_mixin.py:151} INFO - Innsbruck
[2023-10-30T00:05:40.058+0000] {logging_mixin.py:151} INFO - Brussels
[2023-10-30T00:05:45.716+0000] {logging_mixin.py:151} INFO - Antwerp
[2023-10-30T00:05:51.222+0000] {logging_mixin.py:151} INFO - Gent
[2023-10-30T00:05:56.951+0000] {logging_mixin.py:151} INFO - Liege
[2023-10-30T00:06:02.268+0000] {logging_mixin.py:151} INFO - Brugge
[2023-10-30T00:06:07.741+0000] {logging_mixin.py:151} INFO - Zagreb
[2023-10-30T00:06:13.428+0000] {logging_mixin.py:151} INFO - Split
[2023-10-30T00:06:19.075+0000] {logging_mixin.py:151} INFO - Dubrovnik
[2023-10-30T00:06:24.385+0000] {logging_mixin.py:151} INFO - Nicosia
[2023-10-30T00:06:30.126+0000] {logging_mixin.py:151} INFO - Tallinn
[2023-10-30T00:06:35.769+0000] {logging_mixin.py:151} INFO - Tartu
[2023-10-30T00:06:41.254+0000] {logging_mixin.py:151} INFO - Helsinki
[2023-10-30T00:06:46.904+0000] {logging_mixin.py:151} INFO - Turku
[2023-10-30T00:06:52.331+0000] {logging_mixin.py:151} INFO - Tampere
[2023-10-30T00:06:57.979+0000] {logging_mixin.py:151} INFO - Oulu
[2023-10-30T00:07:03.389+0000] {logging_mixin.py:151} INFO - Paris
[2023-10-30T00:07:09.029+0000] {logging_mixin.py:151} INFO - Marseille
[2023-10-30T00:07:14.444+0000] {logging_mixin.py:151} INFO - Lyon
[2023-10-30T00:07:19.885+0000] {logging_mixin.py:151} INFO - Toulouse
[2023-10-30T00:07:25.623+0000] {logging_mixin.py:151} INFO - Nice
[2023-10-30T00:07:31.310+0000] {logging_mixin.py:151} INFO - Nantes
[2023-10-30T00:07:36.818+0000] {logging_mixin.py:151} INFO - Montpellier
[2023-10-30T00:07:42.287+0000] {logging_mixin.py:151} INFO - Berlin
[2023-10-30T00:07:47.879+0000] {logging_mixin.py:151} INFO - Hamburg
[2023-10-30T00:07:53.463+0000] {logging_mixin.py:151} INFO - Munich
[2023-10-30T00:07:59.079+0000] {logging_mixin.py:151} INFO - Stuttgart
[2023-10-30T00:08:04.738+0000] {logging_mixin.py:151} INFO - Frankfurt
[2023-10-30T00:08:10.377+0000] {logging_mixin.py:151} INFO - Cologne
[2023-10-30T00:08:15.997+0000] {logging_mixin.py:151} INFO - Dusseldorf
[2023-10-30T00:08:21.283+0000] {logging_mixin.py:151} INFO - Hanover
[2023-10-30T00:08:26.897+0000] {logging_mixin.py:151} INFO - Dresden
[2023-10-30T00:08:32.532+0000] {logging_mixin.py:151} INFO - Leipzig
[2023-10-30T00:08:37.854+0000] {logging_mixin.py:151} INFO - Athens
[2023-10-30T00:08:43.666+0000] {logging_mixin.py:151} INFO - Crete
[2023-10-30T00:08:49.056+0000] {logging_mixin.py:151} INFO - Thessaloniki
[2023-10-30T00:08:54.736+0000] {logging_mixin.py:151} INFO - Dublin
[2023-10-30T00:09:00.774+0000] {logging_mixin.py:151} INFO - Cork
[2023-10-30T00:09:06.432+0000] {logging_mixin.py:151} INFO - Galway
[2023-10-30T00:09:12.235+0000] {logging_mixin.py:151} INFO - Limerick
[2023-10-30T00:09:17.670+0000] {logging_mixin.py:151} INFO - Rome
[2023-10-30T00:09:23.336+0000] {logging_mixin.py:151} INFO - Milan
[2023-10-30T00:09:28.984+0000] {logging_mixin.py:151} INFO - Naples
[2023-10-30T00:09:34.440+0000] {logging_mixin.py:151} INFO - Turin
[2023-10-30T00:09:39.846+0000] {logging_mixin.py:151} INFO - Palermo
[2023-10-30T00:09:45.177+0000] {logging_mixin.py:151} INFO - Genoa
[2023-10-30T00:09:50.632+0000] {logging_mixin.py:151} INFO - Bologna
[2023-10-30T00:09:56.268+0000] {logging_mixin.py:151} INFO - Florence
[2023-10-30T00:10:01.870+0000] {logging_mixin.py:151} INFO - Venice
[2023-10-30T00:10:07.731+0000] {logging_mixin.py:151} INFO - Riga
[2023-10-30T00:10:13.462+0000] {logging_mixin.py:151} INFO - Vilnius
[2023-10-30T00:10:19.185+0000] {logging_mixin.py:151} INFO - Luxembourg
[2023-10-30T00:10:24.848+0000] {logging_mixin.py:151} INFO - Valletta
[2023-10-30T00:10:30.513+0000] {logging_mixin.py:151} INFO - Podgorica
[2023-10-30T00:10:35.829+0000] {logging_mixin.py:151} INFO - Monaco
[2023-10-30T00:10:41.251+0000] {logging_mixin.py:151} INFO - Amsterdam
[2023-10-30T00:10:46.959+0000] {logging_mixin.py:151} INFO - Rotterdam
[2023-10-30T00:10:52.556+0000] {logging_mixin.py:151} INFO - Eindhoven
[2023-10-30T00:10:58.183+0000] {logging_mixin.py:151} INFO - The-Hague
[2023-10-30T00:11:03.844+0000] {logging_mixin.py:151} INFO - Groningen
[2023-10-30T00:11:09.423+0000] {logging_mixin.py:151} INFO - Tilburg
[2023-10-30T00:11:14.739+0000] {logging_mixin.py:151} INFO - Lisbon
[2023-10-30T00:11:20.394+0000] {logging_mixin.py:151} INFO - Porto
[2023-10-30T00:11:26.044+0000] {logging_mixin.py:151} INFO - Braga
[2023-10-30T00:11:31.787+0000] {logging_mixin.py:151} INFO - Funchal
[2023-10-30T00:11:37.095+0000] {logging_mixin.py:151} INFO - San-Marino
[2023-10-30T00:11:42.607+0000] {logging_mixin.py:151} INFO - Bratislava
[2023-10-30T00:11:48.223+0000] {logging_mixin.py:151} INFO - Ljubljana
[2023-10-30T00:11:53.871+0000] {logging_mixin.py:151} INFO - Madrid
[2023-10-30T00:11:59.533+0000] {logging_mixin.py:151} INFO - Barcelona
[2023-10-30T00:12:05.196+0000] {logging_mixin.py:151} INFO - Santa-Cruz-De-Tenerife
[2023-10-30T00:12:10.854+0000] {logging_mixin.py:151} INFO - Valencia
[2023-10-30T00:12:16.471+0000] {logging_mixin.py:151} INFO - Seville
[2023-10-30T00:12:21.871+0000] {logging_mixin.py:151} INFO - Zaragoza
[2023-10-30T00:12:27.172+0000] {logging_mixin.py:151} INFO - Malaga
[2023-10-30T00:12:32.940+0000] {logging_mixin.py:151} INFO - Bilbao
[2023-10-30T00:12:38.329+0000] {logging_mixin.py:151} INFO - Alicante
[2023-10-30T00:12:43.739+0000] {logging_mixin.py:151} INFO - Las-Palmas
[2023-10-30T00:12:49.401+0000] {logging_mixin.py:151} INFO - Tbilisi
[2023-10-30T00:12:55.051+0000] {logging_mixin.py:151} INFO - Hong-Kong
[2023-10-30T00:13:00.673+0000] {logging_mixin.py:151} INFO - Budapest
[2023-10-30T00:13:06.593+0000] {logging_mixin.py:151} INFO - Reykjavik
[2023-10-30T00:13:11.946+0000] {logging_mixin.py:151} INFO - Tel-Aviv
[2023-10-30T00:13:17.694+0000] {logging_mixin.py:151} INFO - Jerusalem
[2023-10-30T00:13:23.259+0000] {logging_mixin.py:151} INFO - Tokyo
[2023-10-30T00:13:28.845+0000] {logging_mixin.py:151} INFO - Osaka
[2023-10-30T00:13:34.410+0000] {logging_mixin.py:151} INFO - Sapporo
[2023-10-30T00:13:39.767+0000] {logging_mixin.py:151} INFO - Yokohama
[2023-10-30T00:13:45.091+0000] {logging_mixin.py:151} INFO - Nagoya
[2023-10-30T00:13:50.545+0000] {logging_mixin.py:151} INFO - Kobe
[2023-10-30T00:13:55.956+0000] {logging_mixin.py:151} INFO - Fukuoka
[2023-10-30T00:14:01.249+0000] {logging_mixin.py:151} INFO - Kawasaki
[2023-10-30T00:14:06.676+0000] {logging_mixin.py:151} INFO - Seoul
[2023-10-30T00:14:12.375+0000] {logging_mixin.py:151} INFO - Busan
[2023-10-30T00:14:17.944+0000] {logging_mixin.py:151} INFO - Incheon
[2023-10-30T00:14:23.239+0000] {logging_mixin.py:151} INFO - Daegu
[2023-10-30T00:14:28.630+0000] {logging_mixin.py:151} INFO - Kuwait-City
[2023-10-30T00:14:34.454+0000] {logging_mixin.py:151} INFO - Macau
[2023-10-30T00:14:40.007+0000] {logging_mixin.py:151} INFO - Kuala-Lumpur
[2023-10-30T00:14:45.743+0000] {logging_mixin.py:151} INFO - Johor-Bahru
[2023-10-30T00:14:51.143+0000] {logging_mixin.py:151} INFO - George-Town
[2023-10-30T00:14:56.480+0000] {logging_mixin.py:151} INFO - Malacca
[2023-10-30T00:15:01.913+0000] {logging_mixin.py:151} INFO - Kota-Kinabalu
[2023-10-30T00:15:07.400+0000] {logging_mixin.py:151} INFO - Ipoh
[2023-10-30T00:15:12.754+0000] {logging_mixin.py:151} INFO - Mexico-City
[2023-10-30T00:15:18.042+0000] {logging_mixin.py:151} INFO - Tijuana
[2023-10-30T00:15:24.226+0000] {logging_mixin.py:151} INFO - Guadalajara
[2023-10-30T00:15:29.820+0000] {logging_mixin.py:151} INFO - Cancun
[2023-10-30T00:15:35.479+0000] {logging_mixin.py:151} INFO - Playa-Del-Carmen
[2023-10-30T00:15:40.871+0000] {taskinstance.py:1943} ERROR - Task failed with exception
Traceback (most recent call last):
  File "/home/airflow/.local/lib/python3.8/site-packages/airflow/operators/python.py", line 192, in execute
    return_value = self.execute_callable()
  File "/home/airflow/.local/lib/python3.8/site-packages/airflow/operators/python.py", line 209, in execute_callable
    return self.python_callable(*self.op_args, **self.op_kwargs)
  File "/opt/airflow/dags/scripts/extraction.py", line 160, in extract_numbeo_prices_from_city
    prices_table = numbeo_prices_city_html.find('table', {'class': 'data_wide_table new_bar_table'}).find_all('tr')
AttributeError: 'NoneType' object has no attribute 'find_all'
[2023-10-30T00:15:40.895+0000] {taskinstance.py:1400} INFO - Marking task as UP_FOR_RETRY. dag_id=col_api_etl, task_id=extract_numbeo_prices_from_city, execution_date=20231029T000000, start_date=20231030T000016, end_date=20231030T001540
[2023-10-30T00:15:40.912+0000] {standard_task_runner.py:104} ERROR - Failed to execute job 1136 for task extract_numbeo_prices_from_city ('NoneType' object has no attribute 'find_all'; 24855)
[2023-10-30T00:15:40.931+0000] {local_task_job_runner.py:228} INFO - Task exited with return code 1
